INFO - [♥] Lovely 0.7.1
INFO - [♥] Game directory is at "E:\\shira\\.local\\share\\Steam\\steamapps\\common\\Balatro"
INFO - [♥] Writing logs to "C:\\users\\steamuser\\AppData\\Roaming\\Balatro\\Mods\\lovely\\log"
INFO - [♥] Using mod directory at "C:\\users\\steamuser\\AppData\\Roaming\\Balatro\\Mods"
WARN - [♥] Unknown key `patches.0.?.match_indent` found in patch file at "C:\\users\\steamuser\\AppData\\Roaming\\Balatro\\Mods\\BalatroMultiplayer-0.1.8.3\\lovely.toml", ignoring it
WARN - [♥] Unknown key `patches.1.?.match_indent` found in patch file at "C:\\users\\steamuser\\AppData\\Roaming\\Balatro\\Mods\\BalatroMultiplayer-0.1.8.3\\lovely.toml", ignoring it
WARN - [♥] Unknown key `patches.9.?.match_indent` found in patch file at "C:\\users\\steamuser\\AppData\\Roaming\\Balatro\\Mods\\BalatroMultiplayer-0.1.8.3\\lovely.toml", ignoring it
WARN - [♥] Unknown key `patches.10.?.match_indent` found in patch file at "C:\\users\\steamuser\\AppData\\Roaming\\Balatro\\Mods\\BalatroMultiplayer-0.1.8.3\\lovely.toml", ignoring it
WARN - [♥] Unknown key `patches.13.?.match_indent` found in patch file at "C:\\users\\steamuser\\AppData\\Roaming\\Balatro\\Mods\\BalatroMultiplayer-0.1.8.3\\lovely.toml", ignoring it
WARN - [♥] Unknown key `patches.15.?.match_indent` found in patch file at "C:\\users\\steamuser\\AppData\\Roaming\\Balatro\\Mods\\HandyBalatro\\lovely.toml", ignoring it
WARN - [♥] Unknown key `patches.15.?.overwrite` found in patch file at "C:\\users\\steamuser\\AppData\\Roaming\\Balatro\\Mods\\HandyBalatro\\lovely.toml", ignoring it
WARN - [♥] Unknown key `patches.49.?.match_indent` found in patch file at "C:\\users\\steamuser\\AppData\\Roaming\\Balatro\\Mods\\Talisman\\lovely.toml", ignoring it
WARN - [♥] Unknown key `patches.52.?.match_indent` found in patch file at "C:\\users\\steamuser\\AppData\\Roaming\\Balatro\\Mods\\Talisman\\lovely.toml", ignoring it
INFO - [♥] Cleaning up dumps directory at "C:\\users\\steamuser\\AppData\\Roaming\\Balatro\\Mods\\lovely\\dump"
INFO - [♥] Initialization complete in 74ms
WARN - [♥] Pattern 'G.ARGS.score_intensity.organ = G.video_organ or G.ARGS.score_intensity.required_score > 0 and math.max(math.min(0.4, 0.1*math.log(G.ARGS.score_intensity.earned_score/(G.ARGS.score_intensity.required_score+1), 5)),0.) or 0' on target 'main.lua' for pattern patch from Talisman\lovely.toml resulted in no matches
WARN - [♥] Pattern 'if type(G.GAME.current_round.current_hand.chips) ~= \'number\' or type(G.GAME.current_round.current_hand.mult) ~= \'number\' then' on target 'main.lua' for pattern patch from Talisman\lovely.toml resulted in no matches
INFO - [♥] Applied 24 patches to 'main.lua'
INFO - [♥] Applied 2 patches to 'engine/string_packer.lua'
INFO - [♥] Applied 6 patches to 'engine/controller.lua'
INFO - [♥] Applied 15 patches to 'back.lua'
INFO - [♥] Applied 7 patches to 'tag.lua'
INFO - [♥] Applied 2 patches to 'engine/moveable.lua'
INFO - [♥] Applied 2 patches to 'engine/sprite.lua'
INFO - [♥] Applied 2 patches to 'engine/animatedsprite.lua'
WARN - [♥] Pattern 'assembled_string = assembled_string..(type(subpart) == \'string\' and subpart or args.vars[tonumber(subpart[1])] or \'ERROR\')' on target 'functions/misc_functions.lua' for pattern patch from Talisman\lovely.toml resulted in no matches
INFO - [♥] Applied 52 patches to 'functions/misc_functions.lua'
INFO - [♥] Applied 47 patches to 'game.lua'
INFO - [♥] Applied 2 patches to 'globals.lua'
INFO - [♥] Applied 6 patches to 'engine/ui.lua'
WARN - [♥] Pattern '{n=G.UIT.T, config={text = G.GAME.hands[handname].chips, scale = 0.45, colour = G.C.UI.TEXT_LIGHT}},' on target 'functions/UI_definitions.lua' for pattern patch from Talisman\lovely.toml resulted in no matches
WARN - [♥] Pattern '{n=G.UIT.T, config={text = G.GAME.hands[handname].mult, scale = 0.45, colour = G.C.UI.TEXT_LIGHT}}' on target 'functions/UI_definitions.lua' for pattern patch from Talisman\lovely.toml resulted in no matches
INFO - [♥] Applied 88 patches to 'functions/UI_definitions.lua'
WARN - [♥] Pattern 'if effects[ii].card then' on target 'functions/state_events.lua' for pattern patch from Talisman\lovely.toml resulted in no matches
WARN - [♥] Pattern 'if effects.jokers.Xmult_mod then mult = mod_mult(mult*effects.jokers.Xmult_mod);extras.mult = true  end' on target 'functions/state_events.lua' for pattern patch from Talisman\lovely.toml resulted in no matches
WARN - [♥] Pattern 'if effect.Xmult_mod then mult = mod_mult(mult*effect.Xmult_mod);extras.mult = true  end' on target 'functions/state_events.lua' for pattern patch from Talisman\lovely.toml resulted in no matches
WARN - [♥] Pattern 'if effects[ii].message then' on target 'functions/state_events.lua' for pattern patch from Talisman\lovely.toml resulted in no matches
WARN - [♥] Pattern '--calculate the card edition effects' on target 'functions/state_events.lua' for pattern patch from Talisman\lovely.toml resulted in no matches
WARN - [♥] Pattern 'if effects[ii].edition.p_dollars_mod then' on target 'functions/state_events.lua' for pattern patch from Talisman\lovely.toml resulted in no matches
WARN - [♥] Pattern 'if edition_effects.jokers.x_mult_mod then' on target 'functions/state_events.lua' for pattern patch from Talisman\lovely.toml resulted in no matches
INFO - [♥] Applied 51 patches to 'functions/state_events.lua'
WARN - [♥] Pattern 'if num_dollars > 60 then' on target 'functions/common_events.lua' for pattern patch from Talisman\lovely.toml resulted in no matches
WARN - [♥] Pattern 'func = (function() if eval_func(card) then if not first or first then card:juice_up(0.1, 0.1) end;juice_card_until(card, eval_func, nil, 0.8) end return true end)' on target 'functions/common_events.lua' for pattern patch from Talisman\lovely.toml resulted in no matches
INFO - [♥] Applied 133 patches to 'functions/common_events.lua'
INFO - [♥] Applied 56 patches to 'functions/button_callbacks.lua'
WARN - [♥] Pattern 'function Card:calculate_seal(context)\n    if self.debuff then return nil end' on target 'card.lua' for pattern patch from SMODS\lovely\can_calculate.toml resulted in no matches
WARN - [♥] Pattern 'function Card:calculate_joker(context)\n    if self.debuff then return nil end\n    if self.ability.set == \"Planet\" and not self.debuff then' on target 'card.lua' for pattern patch from SMODS\lovely\can_calculate.toml resulted in no matches
WARN - [♥] Pattern 'if G.GAME.blind then G.E_MANAGER:add_event(Event({ func = function() G.GAME.blind:set_blind(nil, true, nil); return true end })) end' on target 'card.lua' for pattern patch from Talisman\lovely.toml resulted in no matches
WARN - [♥] Pattern 'x_mult = center.config.Xmult or 1,' on target 'card.lua' for pattern patch from Talisman\lovely.toml resulted in no matches
INFO - [♥] Applied 153 patches to 'card.lua'
INFO - [♥] Applied 8 patches to 'cardarea.lua'
INFO - [♥] Applied 36 patches to 'blind.lua'
INFO - [♥] Applied 5 patches to 'engine/text.lua'
INFO - [G] Failed to connect to the debug server
INFO - [G] 2025-03-23 15:36:51 :: DEBUG :: DebugConsole :: Steamodded Debug Socket started !
INFO - [♥] Applied 9 patches to 'engine/sound_manager.lua'
INFO - [♥] Applied 3 patches to 'engine/save_manager.lua'
INFO - [♥] Applied 2 patches to 'engine/string_packer.lua'
INFO - [G] 2025-03-23 15:36:53 :: INFO  :: DefaultLogger :: Valid JSON file found
INFO - [G] 2025-03-23 15:36:53 :: TRACE :: Loader :: Processing Mod file (Legacy header): steamodded_compat.lua
INFO - [G] 2025-03-23 15:36:53 :: TRACE :: Loader :: Saving Mod Info: Brainstorm
INFO - [G] 2025-03-23 15:36:53 :: TRACE :: Loader :: Processing Mod file (Legacy header): AbsoluteDeck.lua
INFO - [G] 2025-03-23 15:36:53 :: TRACE :: Loader :: Saving Mod Info: AbsoluteDeck
INFO - [G] 2025-03-23 15:36:53 :: TRACE :: Loader :: Processing Mod file (Legacy header): JokerOnlyDeck.lua
INFO - [G] 2025-03-23 15:36:53 :: TRACE :: Loader :: Saving Mod Info: JokerOnlyDeck
INFO - [G] 2025-03-23 15:36:53 :: TRACE :: Loader :: Processing Mod file (Legacy header): PactDeck.lua
INFO - [G] 2025-03-23 15:36:53 :: TRACE :: Loader :: Saving Mod Info: PactDeck
INFO - [G] 2025-03-23 15:36:53 :: TRACE :: Loader :: Processing Mod file (Legacy header): PauperDeck.lua
INFO - [G] 2025-03-23 15:36:53 :: TRACE :: Loader :: Saving Mod Info: pauperdeck
INFO - [G] 2025-03-23 15:36:53 :: TRACE :: Loader :: Processing Mod file (Legacy header): UltimateRandom.lua
INFO - [G] 2025-03-23 15:36:53 :: TRACE :: Loader :: Saving Mod Info: UltimateRandomDeck
INFO - [G] 2025-03-23 15:36:53 :: INFO  :: DefaultLogger :: Valid JSON file found
INFO - [G] 2025-03-23 15:36:53 :: TRACE :: Loader :: Processing Mod file (Legacy header): steamodded.lua
INFO - [G] 2025-03-23 15:36:53 :: WARN  :: Loader :: Duplicate Mod ID: Handy
INFO - [G] 2025-03-23 15:36:53 :: TRACE :: Loader :: Processing Mod file (Legacy header): AntonosStake.lua
INFO - [G] 2025-03-23 15:36:53 :: TRACE :: Loader :: Saving Mod Info: AntonosStake
INFO - [G] 2025-03-23 15:36:53 :: TRACE :: Loader :: Processing Mod file (Legacy header): steamodded_metadata.lua
INFO - [G] 2025-03-23 15:36:53 :: TRACE :: Loader :: Saving Mod Info: Talisman
INFO - [G] 2025-03-23 15:36:53 :: ERROR :: Loader :: Found invalid metadata JSON file at C:\users\steamuser\AppData\Roaming\Balatro\Mods/paperback-0.6.3a/.vscode/settings.json, ignoring: [SMODS _ "src/loader.lua"]:226: id
INFO - [G] 2025-03-23 15:36:53 :: INFO  :: DefaultLogger :: Valid JSON file found
INFO - [G] 2025-03-23 15:36:53 :: WARN  :: Atlas :: Detected duplicate register call on object pactdeck_deck
INFO - [G] 2025-03-23 15:36:53 :: TRACE :: Loader :: Mod paperback was unable to load: Missing Dependencies: 1: Steamodded (>=1.0.0~BETA-0312b)


INFO - [G] 2025-03-23 15:36:53 :: TRACE :: MULTIPLAYER :: Client sent message: connect
INFO - [G] 2025-03-23 15:36:53 :: INFO  :: TIMER :: [0000] Injected Language in 0.007 ms
INFO - [G] 2025-03-23 15:36:53 :: INFO  :: TIMER :: [0000] Injected [INTERNAL] in 6.414 ms
INFO - [G] 2025-03-23 15:36:54 :: INFO  :: TIMER :: [0021] Injected Atlas in 657.849 ms
INFO - [G] 2025-03-23 15:36:54 :: INFO  :: TIMER :: [0008] Injected Sound in 8.510 ms
INFO - [G] 2025-03-23 15:36:54 :: INFO  :: TIMER :: [0026] Injected Stake in 1.084 ms
INFO - [G] 2025-03-23 15:36:54 :: INFO  :: TIMER :: [0004] Injected Rarity in 0.065 ms
INFO - [G] 2025-03-23 15:36:54 :: INFO  :: TIMER :: [0004] Injected ObjectType in 0.058 ms
INFO - [G] 2025-03-23 15:36:54 :: INFO  :: TIMER :: [0061] Injected Center in 1.136 ms
INFO - [G] 2025-03-23 15:36:54 :: INFO  :: TIMER :: [0007] Injected Undiscovered Sprite in 0.009 ms
INFO - [G] 2025-03-23 15:36:54 :: INFO  :: TIMER :: [0003] Injected Blind in 0.043 ms
INFO - [G] 2025-03-23 15:36:54 :: INFO  :: TIMER :: [0004] Injected Seal in 0.148 ms
INFO - [G] 2025-03-23 15:36:54 :: INFO  :: TIMER :: [0004] Injected Suit in 0.106 ms
INFO - [G] 2025-03-23 15:36:54 :: INFO  :: TIMER :: [0013] Injected Rank in 0.076 ms
INFO - [G] 2025-03-23 15:36:54 :: INFO  :: TIMER :: [0028] Injected DeckSkin in 0.398 ms
INFO - [G] 2025-03-23 15:36:54 :: INFO  :: TIMER :: [0012] Injected PokerHand in 0.084 ms
INFO - [G] 2025-03-23 15:36:54 :: INFO  :: TIMER :: [0021] Injected Challenge in 0.055 ms
INFO - [G] 2025-03-23 15:36:54 :: INFO  :: TIMER :: [0000] Injected Tag in 0.001 ms
INFO - [G] 2025-03-23 15:36:54 :: INFO  :: TIMER :: [0005] Injected Sticker in 0.070 ms
INFO - [G] 2025-03-23 15:36:54 :: INFO  :: TIMER :: [0000] Injected Shader in 0.001 ms
INFO - [G] 2025-03-23 15:36:54 :: INFO  :: TIMER :: [0001] Injected Keybind in 0.006 ms
INFO - [G] 2025-03-23 15:36:54 :: INFO  :: TIMER :: [0000] Injected Achievement in 0.042 ms
INFO - [G] 2025-03-23 15:36:54 :: INFO  :: TIMER :: [0002] Injected nil in 0.009 ms
INFO - [G] 2025-03-23 15:36:54 :: INFO  :: TIMER :: [0021] Injected Draw Step in 0.104 ms
INFO - [G] 2025-03-23 15:36:54 :: INFO  :: TIMER :: [0000] Injected [INTERNAL] in 3.559 ms
INFO - [G] 2025-03-23 15:36:54 :: INFO  :: MULTIPLAYER :: Generated Mod Hash: 6865
INFO - [G] 2025-03-23 15:36:54 :: TRACE :: MULTIPLAYER :: Client got connected message:  (action: connected) 
INFO - [G] 2025-03-23 15:36:54 :: TRACE :: MULTIPLAYER :: Client sent message: action:username,username:Shira,modHash:VirtualizedMultiplayer-0.1.8.3;UltimateRandomDeck-0.0.0;JokerOnlyDeck-0.0.0;paperback-0.6.3a;Handy-1.3.2;AntonosStake-1.0-beta;Talisman-2.1.0;PactDeck-0.0.0;AbsoluteDeck-0.0.0;Brainstorm-2.0.0-beta;pauperdeck-1.1;
INFO - [G] 2025-03-23 15:36:54 :: TRACE :: MULTIPLAYER :: Client got version message:  (action: version) 
INFO - [G] 2025-03-23 15:36:54 :: TRACE :: MULTIPLAYER :: Client sent message: action:version,version:0.1.8.3-MULTIPLAYER
INFO - [G] 2025-03-23 15:36:54 :: TRACE :: MULTIPLAYER :: Client got error message:  (message: [WARN] Server expecting version 0.2.0-MULTIPLAYER)  (action: error) 
INFO - [G] 2025-03-23 15:36:54 :: WARN  :: MULTIPLAYER :: [WARN] Server expecting version 0.2.0-MULTIPLAYER
INFO - [G] line not found
INFO - [G] file not found: main.lua: No such file or directory
INFO - [G] file not found: main.lua: No such file or directory
INFO - [G] file not found: main.lua: No such file or directory
INFO - [G] file not found: main.lua: No such file or directory
INFO - [G] 2025-03-23 15:37:15 :: ERROR :: StackTrace :: Oops! The game crashed
card.lua:4305: attempt to index global 'PB_UTIL' (a nil value)
Stack Traceback
===============
(1) Lua local 'handler' at file 'main.lua:612'
	Local variables:
	 msg = string: "card.lua:4305: attempt to index global 'PB_UTIL' (a nil value)"
	 (*temporary) = Lua function '?' (defined at line 31 of chunk [SMODS _ "src/logging.lua"])
	 (*temporary) = string: "Oops! The game crashed\
"
(2) LÖVE metamethod at file 'boot.lua:352'
	Local variables:
	 errhand = Lua function '?' (defined at line 598 of chunk main.lua)
	 handler = Lua function '?' (defined at line 598 of chunk main.lua)
(3) Lua method 'is_suit' at file 'card.lua:4305'
	Local variables:
	 self = table: 0x03e88290  {role:table: 0x04d8fa18, facing:front, click_offset:table: 0x07fad8a0, sell_cost:1, children:table: 0x043d8af0, ambient_tilt:0.2, parent:table: 0x0babe4c8 (more...)}
	 suit = string: "Diamonds"
	 bypass_debuff = nil
	 flush_calc = boolean: true
	 (*temporary) = nil
	 (*temporary) = table: 0x03e88290  {role:table: 0x04d8fa18, facing:front, click_offset:table: 0x07fad8a0, sell_cost:1, children:table: 0x043d8af0, ambient_tilt:0.2, parent:table: 0x0babe4c8 (more...)}
	 (*temporary) = C function: next
	 (*temporary) = string: "attempt to index global 'PB_UTIL' (a nil value)"
(4) Lua field 'func' at file 'functions/misc_functions.lua:592'
	Local variables:
	 hand = table: 0x07faa1e8  {1:table: 0x03e88290, 2:table: 0x040a81f8, 3:table: 0x041c63e8, 4:table: 0x08c43d58, 5:table: 0x03fda268}
	 ret = table: 0x04d23368  {}
	 four_fingers = nil
	 suits = table: 0x04077998  {1:Diamonds, 2:Clubs, 3:Hearts, 4:Spades}
	 (for index) = number: 1
	 (for limit) = number: 4
	 (for step) = number: 1
	 j = number: 1
	 t = table: 0x04d233b8  {}
	 suit = string: "Diamonds"
	 flush_count = number: 0
	 (for index) = number: 1
	 (for limit) = number: 5
	 (for step) = number: 1
	 i = number: 1
(5) Lua global 'evaluate_poker_hand' at Steamodded file 'src/overrides.lua:1229' 
	Local variables:
	 hand = table: 0x07faa1e8  {1:table: 0x03e88290, 2:table: 0x040a81f8, 3:table: 0x041c63e8, 4:table: 0x08c43d58, 5:table: 0x03fda268}
	 results = table: 0x07eeac60  {}
	 parts = table: 0x08261290  {_straight:table: 0x04d23038, _highest:table: 0x082612b8}
	 (for generator) = C function: builtin#6
	 (for state) = table: 0x0449a170  {1:_highest, 2:_straight, 3:_flush, 4:_all_pairs, 5:_2, 6:_3, 7:_4, 8:_5}
	 (for control) = number: 3
	 _ = number: 3
	 v = string: "_flush"
(6) Lua field 'get_poker_hand_info' at Steamodded file 'src/overrides.lua:1079' 
	Local variables:
	 _cards = table: 0x07faa1e8  {1:table: 0x03e88290, 2:table: 0x040a81f8, 3:table: 0x041c63e8, 4:table: 0x08c43d58, 5:table: 0x03fda268}
(7) Lua method 'parse_highlighted' at file 'cardarea.lua:174'
	Local variables:
	 self = table: 0x0babe4c8  {click_offset:table: 0x08c968f8, children:table: 0x07fafaa8, shuffle_amt:0, T:table: 0x07fab358, offset:table: 0x043d5758, role:table: 0x045f9378 (more...)}
(8) Lua method 'add_to_highlighted' at file 'cardarea.lua:167'
	Local variables:
	 self = table: 0x0babe4c8  {click_offset:table: 0x08c968f8, children:table: 0x07fafaa8, shuffle_amt:0, T:table: 0x07fab358, offset:table: 0x043d5758, role:table: 0x045f9378 (more...)}
	 card = table: 0x03fda268  {sell_cost:1, role:table: 0x07ac4420, click_offset:table: 0x07b76d10, facing:front, children:table: 0x0d710ca8, ambient_tilt:0.2, parent:table: 0x0babe4c8 (more...)}
	 silent = nil
(9) Lua method 'click' at file 'card.lua:4879'
	Local variables:
	 self = table: 0x03fda268  {sell_cost:1, role:table: 0x07ac4420, click_offset:table: 0x07b76d10, facing:front, children:table: 0x0d710ca8, ambient_tilt:0.2, parent:table: 0x0babe4c8 (more...)}
(10) Lua method 'update' at file 'engine/controller.lua:375'
	Local variables:
	 self = table: 0x0415db30  {held_button_times:table: 0x040d6e10, focus_cursor_stack_level:1, snap_cursor_to:table: 0x07ac27d0, interrupt:table: 0x030ca4a0, GAMEPAD:table: 0x040e4580 (more...)}
	 dt = number: 0.00785039
(11) Lua upvalue 'gameUpdateRef' at file 'game.lua:2690'
	Local variables:
	 self = table: 0x03e039a8  {F_GUIDE:false, F_CRASH_REPORTS:false, F_QUIT_BUTTON:true, HUD_tags:table: 0x08bf71f0, F_ENGLISH_ONLY:false, viewed_stake:1, HUD:table: 0x0415b9d8 (more...)}
	 dt = number: 0.00785039
(12) Lua upvalue 'update_ref' at Steamodded file 'src/ui.lua:84' 
	Local variables:
	 self = table: 0x03e039a8  {F_GUIDE:false, F_CRASH_REPORTS:false, F_QUIT_BUTTON:true, HUD_tags:table: 0x08bf71f0, F_ENGLISH_ONLY:false, viewed_stake:1, HUD:table: 0x0415b9d8 (more...)}
	 dt = number: 0.00785039
(13) Lua upvalue 'upd' at file 'main.lua:1461'
	Local variables:
	 self = table: 0x03e039a8  {F_GUIDE:false, F_CRASH_REPORTS:false, F_QUIT_BUTTON:true, HUD_tags:table: 0x08bf71f0, F_ENGLISH_ONLY:false, viewed_stake:1, HUD:table: 0x0415b9d8 (more...)}
	 dt = number: 0.00785039
(14) Lua upvalue 'game_update_ref' at file 'main.lua:4805'
	Local variables:
	 self = table: 0x03e039a8  {F_GUIDE:false, F_CRASH_REPORTS:false, F_QUIT_BUTTON:true, HUD_tags:table: 0x08bf71f0, F_ENGLISH_ONLY:false, viewed_stake:1, HUD:table: 0x0415b9d8 (more...)}
	 dt = number: 0.00785039
(15) Lua upvalue 'game_update_ref' at file 'Compatibility/CompatibilityUtils.lua:79' (from mod with id VirtualizedMultiplayer)
	Local variables:
	 self = table: 0x03e039a8  {F_GUIDE:false, F_CRASH_REPORTS:false, F_QUIT_BUTTON:true, HUD_tags:table: 0x08bf71f0, F_ENGLISH_ONLY:false, viewed_stake:1, HUD:table: 0x0415b9d8 (more...)}
	 dt = number: 0.00785039
(16) Lua upvalue 'gameUpdateRef' at file 'Networking/Action_Handlers.lua:405' (from mod with id VirtualizedMultiplayer)
	Local variables:
	 self = table: 0x03e039a8  {F_GUIDE:false, F_CRASH_REPORTS:false, F_QUIT_BUTTON:true, HUD_tags:table: 0x08bf71f0, F_ENGLISH_ONLY:false, viewed_stake:1, HUD:table: 0x0415b9d8 (more...)}
	 dt = number: 0.00785039
(17) Lua upvalue 'game_update_ref' at file 'UI/Lobby_UI.lua:1009' (from mod with id VirtualizedMultiplayer)
	Local variables:
	 self = table: 0x03e039a8  {F_GUIDE:false, F_CRASH_REPORTS:false, F_QUIT_BUTTON:true, HUD_tags:table: 0x08bf71f0, F_ENGLISH_ONLY:false, viewed_stake:1, HUD:table: 0x0415b9d8 (more...)}
	 dt = number: 0.00785039
(18) Lua method 'update' at file 'Misc/Mod_Hash.lua:36' (from mod with id VirtualizedMultiplayer)
	Local variables:
	 self = table: 0x03e039a8  {F_GUIDE:false, F_CRASH_REPORTS:false, F_QUIT_BUTTON:true, HUD_tags:table: 0x08bf71f0, F_ENGLISH_ONLY:false, viewed_stake:1, HUD:table: 0x0415b9d8 (more...)}
	 dt = number: 0.00785039
(19) Lua upvalue 'love_update_ref' at file 'main.lua:995'
	Local variables:
	 dt = number: 0.00785039
(20) Lua upvalue 'oldupd' at file 'main.lua:3514'
	Local variables:
	 dt = number: 0.00785039
(21) Lua field 'update' at file 'main.lua:4834'
	Local variables:
	 dt = number: 0.00785039
(22) Lua function '?' at file 'main.lua:934' (best guess)
(23) global C function 'xpcall'
(24) LÖVE function at file 'boot.lua:377' (best guess)
	Local variables:
	 func = Lua function '?' (defined at line 905 of chunk main.lua)
	 inerror = boolean: true
	 deferErrhand = Lua function '(LÖVE Function)' (defined at line 348 of chunk [love "boot.lua"])
	 earlyinit = Lua function '(LÖVE Function)' (defined at line 355 of chunk [love "boot.lua"])

INFO - [G] file not found: main.lua: No such file or directory
INFO - [G] file not found: main.lua: No such file or directory
INFO - [G] 2025-03-23 15:37:15 :: INFO  :: StackTrace :: Additional Context:
Balatro Version: 1.0.1o-FULL
Modded Version: 1.0.0~BETA-0305c-STEAMODDED
LÖVE Version: 11.5.0
Lovely Version: 0.7.1
Platform: Windows
Steamodded Mods:
    1: Multiplayer by virtualized, TGMM, CUexter [ID: VirtualizedMultiplayer, Priority: 9.007199254741e+15, Version: 0.1.8.3, Uses Lovely]
    2: Ultimate Random Deck by Steamo [ID: UltimateRandomDeck]
    3: Joker Only Deck by Mojimoon [ID: JokerOnlyDeck]
    4: Handy by SleepyG11 [ID: Handy, Version: 1.3.2, Uses Lovely]
    5: Antonos Stakes by Antonos [ID: AntonosStake, Priority: -1, Version: 1.0-beta]
    6: Talisman by MathIsFun_, Mathguy24, jenwalter666, cg-223 [ID: Talisman, Version: 2.1.0, Uses Lovely]
        Break Infinity: omeganum
    7: Pact Deck by Blackbando [ID: PactDeck]
    8: Absolute Deck by Steamo [ID: AbsoluteDeck]
    9: Brainstorm by OceanRamen [ID: Brainstorm, Version: 2.0.0-beta, Uses Lovely]
    10: PauperDeck by Aiksi [ID: pauperdeck, Version: 1.1]
Lovely Mods:
    1: Paperback
        Has Steamodded mod that failed to load.
        Missing Dependencies:
            1. Steamodded (>=1.0.0~BETA-0312b)
