INFO - [♥] Lovely 0.7.1
INFO - [♥] Game directory is at "E:\\shira\\.local\\share\\Steam\\steamapps\\common\\Balatro"
INFO - [♥] Writing logs to "C:\\users\\steamuser\\AppData\\Roaming\\Balatro\\Mods\\lovely\\log"
INFO - [♥] Using mod directory at "C:\\users\\steamuser\\AppData\\Roaming\\Balatro\\Mods"
WARN - [♥] Unknown key `patches.0.?.match_indent` found in patch file at "C:\\users\\steamuser\\AppData\\Roaming\\Balatro\\Mods\\BalatroMultiplayer-0.1.8.3\\lovely.toml", ignoring it
WARN - [♥] Unknown key `patches.1.?.match_indent` found in patch file at "C:\\users\\steamuser\\AppData\\Roaming\\Balatro\\Mods\\BalatroMultiplayer-0.1.8.3\\lovely.toml", ignoring it
WARN - [♥] Unknown key `patches.9.?.match_indent` found in patch file at "C:\\users\\steamuser\\AppData\\Roaming\\Balatro\\Mods\\BalatroMultiplayer-0.1.8.3\\lovely.toml", ignoring it
WARN - [♥] Unknown key `patches.10.?.match_indent` found in patch file at "C:\\users\\steamuser\\AppData\\Roaming\\Balatro\\Mods\\BalatroMultiplayer-0.1.8.3\\lovely.toml", ignoring it
WARN - [♥] Unknown key `patches.13.?.match_indent` found in patch file at "C:\\users\\steamuser\\AppData\\Roaming\\Balatro\\Mods\\BalatroMultiplayer-0.1.8.3\\lovely.toml", ignoring it
WARN - [♥] Unknown key `patches.21.?.match_indent` found in patch file at "C:\\users\\steamuser\\AppData\\Roaming\\Balatro\\Mods\\Cryptid\\lovely\\code.toml", ignoring it
WARN - [♥] Unknown key `patches.15.?.match_indent` found in patch file at "C:\\users\\steamuser\\AppData\\Roaming\\Balatro\\Mods\\HandyBalatro\\lovely.toml", ignoring it
WARN - [♥] Unknown key `patches.15.?.overwrite` found in patch file at "C:\\users\\steamuser\\AppData\\Roaming\\Balatro\\Mods\\HandyBalatro\\lovely.toml", ignoring it
WARN - [♥] Unknown key `patches.49.?.match_indent` found in patch file at "C:\\users\\steamuser\\AppData\\Roaming\\Balatro\\Mods\\Talisman\\lovely.toml", ignoring it
WARN - [♥] Unknown key `patches.52.?.match_indent` found in patch file at "C:\\users\\steamuser\\AppData\\Roaming\\Balatro\\Mods\\Talisman\\lovely.toml", ignoring it
INFO - [♥] Cleaning up dumps directory at "C:\\users\\steamuser\\AppData\\Roaming\\Balatro\\Mods\\lovely\\dump"
INFO - [♥] Initialization complete in 271ms
WARN - [♥] Pattern 'G.ARGS.score_intensity.organ = G.video_organ or G.ARGS.score_intensity.required_score > 0 and math.max(math.min(0.4, 0.1*math.log(G.ARGS.score_intensity.earned_score/(G.ARGS.score_intensity.required_score+1), 5)),0.) or 0' on target 'main.lua' for pattern patch from Talisman\lovely.toml resulted in no matches
WARN - [♥] Pattern 'if type(G.GAME.current_round.current_hand.chips) ~= \'number\' or type(G.GAME.current_round.current_hand.mult) ~= \'number\' then' on target 'main.lua' for pattern patch from Talisman\lovely.toml resulted in no matches
INFO - [♥] Applied 23 patches to 'main.lua'
INFO - [♥] Applied 2 patches to 'engine/string_packer.lua'
INFO - [♥] Applied 8 patches to 'engine/controller.lua'
INFO - [♥] Applied 15 patches to 'back.lua'
INFO - [♥] Applied 18 patches to 'tag.lua'
INFO - [♥] Applied 1 patch to 'engine/node.lua'
INFO - [♥] Applied 2 patches to 'engine/moveable.lua'
INFO - [♥] Applied 2 patches to 'engine/sprite.lua'
INFO - [♥] Applied 2 patches to 'engine/animatedsprite.lua'
WARN - [♥] Pattern 'assembled_string = assembled_string..(type(subpart) == \'string\' and subpart or args.vars[tonumber(subpart[1])] or \'ERROR\')' on target 'functions/misc_functions.lua' for pattern patch from Talisman\lovely.toml resulted in no matches
INFO - [♥] Applied 58 patches to 'functions/misc_functions.lua'
WARN - [♥] Pattern 'for i = 1, 2 do' on target 'game.lua' for pattern patch from Cryptid\lovely\stake.toml resulted in no matches
WARN - [♥] Pattern 'create_shop_card_ui(card, \'Voucher\', G.shop_vouchers)' on target 'game.lua' for pattern patch from Cryptid\lovely\stake.toml resulted in no matches
WARN - [♥] Pattern 'self.GAME.current_round.voucher = G.SETTINGS.tutorial_progress and G.SETTINGS.tutorial_progress.forced_voucher or SMODS.get_next_vouchers()' on target 'game.lua' for pattern patch from Cryptid\lovely\very_fair.toml resulted in no matches
WARN - [♥] Pattern 'self.GAME.current_round.voucher = G.SETTINGS.tutorial_progress and G.SETTINGS.tutorial_progress.forced_voucher or get_next_voucher_key()' on target 'game.lua' for pattern patch from Cryptid\lovely\Voucher.toml resulted in no matches
WARN - [♥] Regex 'card\\:start_materialize\\(\\)\\n\\s+G\\.shop_vouchers\\:emplace\\(card\\)\\n\\s+end' on target 'game.lua' for regex patch from Cryptid\lovely\Voucher.toml resulted in no matches
INFO - [♥] Applied 88 patches to 'game.lua'
INFO - [♥] Applied 1 patch to 'globals.lua'
INFO - [♥] Applied 6 patches to 'engine/ui.lua'
WARN - [♥] Pattern 'G.GAME.shop.joker_max*1.02*G.CARD_W,' on target 'functions/UI_definitions.lua' for pattern patch from Cryptid\lovely\equilibrium.toml resulted in no matches
WARN - [♥] Pattern '{n=G.UIT.T, config={text = G.GAME.hands[handname].chips, scale = 0.45, colour = G.C.UI.TEXT_LIGHT}},' on target 'functions/UI_definitions.lua' for pattern patch from Talisman\lovely.toml resulted in no matches
WARN - [♥] Pattern '{n=G.UIT.T, config={text = G.GAME.hands[handname].mult, scale = 0.45, colour = G.C.UI.TEXT_LIGHT}}' on target 'functions/UI_definitions.lua' for pattern patch from Talisman\lovely.toml resulted in no matches
INFO - [♥] Applied 113 patches to 'functions/UI_definitions.lua'
WARN - [♥] Pattern 'ease_to = G.GAME.chips + math.floor(hand_chips * mult) * (e and e.antiscore and -1 or 1),' on target 'functions/state_events.lua' for pattern patch from Cryptid\lovely\blind.toml resulted in no matches
WARN - [♥] Pattern 'for i = 1, #G.jokers.cards do' on target 'functions/state_events.lua' for pattern patch from Cryptid\lovely\lib_modifiers.toml resulted in no matches
WARN - [♥] Pattern 'if reps[j] ~= 1 then' on target 'functions/state_events.lua' for pattern patch from Cryptid\lovely\misc.toml resulted in no matches
WARN - [♥] Pattern 'for i=1, #G.jokers.cards + #G.consumeables.cards do' on target 'functions/state_events.lua' for pattern patch from Cryptid\lovely\misc.toml resulted in no matches
WARN - [♥] Pattern 'local effects = {[1] = {playing_card = G.hand.cards[i]:get_end_of_round_effect()}}' on target 'functions/state_events.lua' for pattern patch from Cryptid\lovely\stake.toml resulted in no matches
WARN - [♥] Pattern 'G.GAME.current_round.voucher = get_next_voucher_key()' on target 'functions/state_events.lua' for pattern patch from Cryptid\lovely\sticker.toml resulted in no matches
WARN - [♥] Pattern 'G.GAME.current_round.voucher = get_next_voucher_key()' on target 'functions/state_events.lua' for pattern patch from Cryptid\lovely\Voucher.toml resulted in no matches
WARN - [♥] Pattern 'if effects[ii].card then' on target 'functions/state_events.lua' for pattern patch from Talisman\lovely.toml resulted in no matches
WARN - [♥] Pattern 'if effects.jokers.Xmult_mod then mult = mod_mult(mult*effects.jokers.Xmult_mod);extras.mult = true  end' on target 'functions/state_events.lua' for pattern patch from Talisman\lovely.toml resulted in no matches
WARN - [♥] Pattern 'if effect.Xmult_mod then mult = mod_mult(mult*effect.Xmult_mod);extras.mult = true  end' on target 'functions/state_events.lua' for pattern patch from Talisman\lovely.toml resulted in no matches
WARN - [♥] Pattern 'if effects[ii].message then' on target 'functions/state_events.lua' for pattern patch from Talisman\lovely.toml resulted in no matches
WARN - [♥] Pattern '--calculate the card edition effects' on target 'functions/state_events.lua' for pattern patch from Talisman\lovely.toml resulted in no matches
WARN - [♥] Pattern 'if effects[ii].edition.p_dollars_mod then' on target 'functions/state_events.lua' for pattern patch from Talisman\lovely.toml resulted in no matches
WARN - [♥] Pattern 'if edition_effects.jokers.x_mult_mod then' on target 'functions/state_events.lua' for pattern patch from Talisman\lovely.toml resulted in no matches
WARN - [♥] Pattern 'if SMODS.has_enhancement(scoring_hand[i], \'m_glass\') and not scoring_hand[i].debuff and pseudorandom(\'glass\') < G.GAME.probabilities.normal/(scoring_hand[i].ability.name == \'Glass Card\' and scoring_hand[i].ability.extra or G.P_CENTERS.m_glass.config.extra) then' on target 'functions/state_events.lua' for pattern patch from Cryptid\lovely\Probability.toml resulted in no matches
WARN - [♥] Regex '(?<indent>[\\t ]*)if destroyed then \\n' on target 'functions/state_events.lua' for regex patch from Cryptid\lovely\seal.toml resulted in no matches
INFO - [♥] Applied 76 patches to 'functions/state_events.lua'
WARN - [♥] Pattern '{n=G.UIT.T, config={text = localize(\'$\')..config.dollars, scale = 1.2*scale, colour = G.C.WHITE, shadow = true, juice = true}}' on target 'functions/common_events.lua' for pattern patch from Cryptid\lovely\code.toml resulted in no matches
WARN - [♥] Pattern 'G.shop_jokers.T.w = G.GAME.shop.joker_max*1.01*G.CARD_W' on target 'functions/common_events.lua' for pattern patch from Cryptid\lovely\equilibrium.toml resulted in no matches
WARN - [♥] Pattern 'function generate_card_ui(_c, full_UI_table, specific_vars, card_type, badges, hide_desc, main_start, main_end)' on target 'functions/common_events.lua' for pattern patch from Cryptid\lovely\lib_misc.toml resulted in no matches
WARN - [♥] Pattern 'elseif v.boss.showdown and (G.GAME.round_resets.ante)%G.GAME.win_ante == 0 and G.GAME.round_resets.ante >= 2 then' on target 'functions/common_events.lua' for pattern patch from Cryptid\lovely\stake.toml resulted in no matches
WARN - [♥] Pattern 'if num_dollars > 60 then' on target 'functions/common_events.lua' for pattern patch from Talisman\lovely.toml resulted in no matches
WARN - [♥] Pattern 'func = (function() if eval_func(card) then if not first or first then card:juice_up(0.1, 0.1) end;juice_card_until(card, eval_func, nil, 0.8) end return true end)' on target 'functions/common_events.lua' for pattern patch from Talisman\lovely.toml resulted in no matches
INFO - [♥] Applied 173 patches to 'functions/common_events.lua'
WARN - [♥] Pattern 'if ((G.GAME.dollars-G.GAME.bankrupt_at) - 10 >= 0) and' on target 'functions/button_callbacks.lua' for pattern patch from Talisman\lovely.toml resulted in no matches
INFO - [♥] Applied 72 patches to 'functions/button_callbacks.lua'
WARN - [♥] Pattern 'function Card:calculate_seal(context)\n    if self.debuff then return nil end' on target 'card.lua' for pattern patch from SMODS\lovely\can_calculate.toml resulted in no matches
WARN - [♥] Pattern 'function Card:calculate_joker(context)\n    if self.debuff then return nil end\n    if self.ability.set == \"Planet\" and not self.debuff then' on target 'card.lua' for pattern patch from SMODS\lovely\can_calculate.toml resulted in no matches
WARN - [♥] Pattern 'if self.ability.name == \'Campfire\' and G.GAME.blind.boss and not (G.GAME.blind.config and G.GAME.blind.config.bonus) and self.ability.x_mult > 1 then' on target 'card.lua' for pattern patch from Cryptid\lovely\misc.toml resulted in no matches
WARN - [♥] Pattern 'if self.ability.name:find(\'Arcana\') then' on target 'card.lua' for pattern patch from Cryptid\lovely\misprint.toml resulted in no matches
WARN - [♥] Pattern 'if self.ability.name == \'The Hermit\' or self.ability.consumeable.hand_type or self.ability.name == \'Temperance\' or self.ability.name == \'Black Hole\' then' on target 'card.lua' for pattern patch from Cryptid\lovely\stake.toml resulted in no matches
WARN - [♥] Pattern 'if self.ability.queue_negative_removal then' on target 'card.lua' for pattern patch from Cryptid\lovely\sticker.toml resulted in no matches
WARN - [♥] Pattern 'G.GAME.current_round.voucher = nil' on target 'card.lua' for pattern patch from Cryptid\lovely\Voucher.toml resulted in no matches
WARN - [♥] Pattern 'if G.GAME.blind then G.E_MANAGER:add_event(Event({ func = function() G.GAME.blind:set_blind(nil, true, nil); return true end })) end' on target 'card.lua' for pattern patch from Talisman\lovely.toml resulted in no matches
WARN - [♥] Pattern 'x_mult = center.config.Xmult or 1,' on target 'card.lua' for pattern patch from Talisman\lovely.toml resulted in no matches
WARN - [♥] Pattern 'elseif self.ability.name == \'Business Card\' then loc_vars = {\'\'..(G.GAME and G.GAME.probabilities.normal or 1), self.ability.extra}' on target 'card.lua' for pattern patch from Cryptid\lovely\Probability.toml resulted in no matches
WARN - [♥] Pattern 'pseudorandom(\'business\') < G.GAME.probabilities.normal/self.ability.extra then' on target 'card.lua' for pattern patch from Cryptid\lovely\Probability.toml resulted in no matches
INFO - [♥] Applied 243 patches to 'card.lua'
INFO - [♥] Applied 17 patches to 'cardarea.lua'
INFO - [♥] Applied 38 patches to 'blind.lua'
INFO - [♥] Applied 2 patches to 'card_character.lua'
INFO - [♥] Applied 5 patches to 'engine/text.lua'
INFO - [♥] Applied 1 patch to '=[SMODS _ "src/utils.lua"]'
INFO - [♥] Applied 4 patches to '=[SMODS _ "src/overrides.lua"]'
INFO - [♥] Applied 1 patch to '=[SMODS _ "src/game_object.lua"]'
INFO - [G] Failed to connect to the debug server
INFO - [G] 2025-03-16 20:16:41 :: DEBUG :: DebugConsole :: Steamodded Debug Socket started !
INFO - [♥] Applied 9 patches to 'engine/sound_manager.lua'
INFO - [♥] Applied 3 patches to 'engine/save_manager.lua'
INFO - [♥] Applied 2 patches to 'engine/string_packer.lua'
INFO - [♥] Applied 4 patches to '=[SMODS _ "src/card_draw.lua"]'
INFO - [G] 2025-03-16 20:16:43 :: INFO  :: DefaultLogger :: Valid JSON file found
INFO - [G] 2025-03-16 20:16:43 :: INFO  :: DefaultLogger :: Valid JSON file found
INFO - [G] 2025-03-16 20:16:43 :: TRACE :: Loader :: Processing Mod file (Legacy header): AbsoluteDeck.lua
INFO - [G] 2025-03-16 20:16:43 :: TRACE :: Loader :: Saving Mod Info: AbsoluteDeck
INFO - [G] 2025-03-16 20:16:43 :: TRACE :: Loader :: Processing Mod file (Legacy header): JokerOnlyDeck.lua
INFO - [G] 2025-03-16 20:16:43 :: TRACE :: Loader :: Saving Mod Info: JokerOnlyDeck
INFO - [G] 2025-03-16 20:16:43 :: TRACE :: Loader :: Processing Mod file (Legacy header): PactDeck.lua
INFO - [G] 2025-03-16 20:16:43 :: TRACE :: Loader :: Saving Mod Info: PactDeck
INFO - [G] 2025-03-16 20:16:43 :: TRACE :: Loader :: Processing Mod file (Legacy header): PauperDeck.lua
INFO - [G] 2025-03-16 20:16:43 :: TRACE :: Loader :: Saving Mod Info: pauperdeck
INFO - [G] 2025-03-16 20:16:43 :: TRACE :: Loader :: Processing Mod file (Legacy header): UltimateRandom.lua
INFO - [G] 2025-03-16 20:16:43 :: TRACE :: Loader :: Saving Mod Info: UltimateRandomDeck
INFO - [G] 2025-03-16 20:16:43 :: INFO  :: DefaultLogger :: Valid JSON file found
INFO - [G] 2025-03-16 20:16:43 :: TRACE :: Loader :: Processing Mod file (Legacy header): steamodded.lua
INFO - [G] 2025-03-16 20:16:43 :: WARN  :: Loader :: Duplicate Mod ID: Handy
INFO - [G] 2025-03-16 20:16:43 :: TRACE :: Loader :: Processing Mod file (Legacy header): AntonosStake.lua
INFO - [G] 2025-03-16 20:16:43 :: TRACE :: Loader :: Saving Mod Info: AntonosStake
INFO - [G] 2025-03-16 20:16:43 :: TRACE :: Loader :: Processing Mod file (Legacy header): steamodded_metadata.lua
INFO - [G] 2025-03-16 20:16:43 :: TRACE :: Loader :: Saving Mod Info: Talisman
INFO - [G] 2025-03-16 20:16:43 :: WARN  :: Atlas :: Detected duplicate register call on object pactdeck_deck
INFO - [G] [CRYPTID] Loading library file ascended.lua
INFO - [G] [CRYPTID] Loading library file calculate.lua
INFO - [G] [CRYPTID] Loading library file content.lua
INFO - [G] [CRYPTID] Loading library file cross-mod.lua
INFO - [G] [CRYPTID] Loading library file d20.lua
INFO - [G] [CRYPTID] Loading library file event.lua
INFO - [G] [CRYPTID] Loading library file gameset.lua
INFO - [G] [CRYPTID] Loading library file https.lua
INFO - [G] 2025-03-16 20:16:43 :: DEBUG :: SMODS.https :: Using https module backend
INFO - [G] [CRYPTID] Loading library file misc.lua
INFO - [G] [CRYPTID] Loading library file misprintize.lua
INFO - [G] [CRYPTID] Loading library file modifiers.lua
INFO - [G] 2025-03-16 20:16:43 :: WARN  :: Sticker :: Detected duplicate register call on object perishable
INFO - [G] 2025-03-16 20:16:43 :: WARN  :: Sticker :: Detected duplicate register call on object pinned
INFO - [G] 2025-03-16 20:16:43 :: WARN  :: Sticker :: Detected duplicate register call on object eternal
INFO - [G] 2025-03-16 20:16:43 :: WARN  :: Sticker :: Detected duplicate register call on object rental
INFO - [G] [CRYPTID] Loading library file notifications.lua
INFO - [G] [CRYPTID] Loading library file overrides.lua
INFO - [G] [CRYPTID] Loading library file ui.lua
INFO - [G] [CRYPTID] Loading file achievement.lua
INFO - [G] [CRYPTID] Loading file blind.lua
INFO - [G] [CRYPTID] Loading file challenge.lua
INFO - [G] [CRYPTID] Loading file code.lua
INFO - [G] [CRYPTID] Loading file deck.lua
INFO - [G] [CRYPTID] Loading file enhanced.lua
INFO - [G] [CRYPTID] Loading file epic.lua
INFO - [G] [CRYPTID] Loading file exotic.lua
INFO - [G] [CRYPTID] Loading file joker_display.lua
INFO - [G] [CRYPTID] Loading file m.lua
INFO - [G] [CRYPTID] Loading file misc.lua
INFO - [G] [CRYPTID] Loading file misc_joker.lua
INFO - [G] [CRYPTID] Loading file planet.lua
INFO - [G] [CRYPTID] Loading file sleeve.lua
INFO - [G] [CRYPTID] Loading file spectral.lua
INFO - [G] [CRYPTID] Loading file spooky.lua
INFO - [G] [CRYPTID] Loading file stake.lua
INFO - [G] [CRYPTID] Loading file tag.lua
INFO - [G] [CRYPTID] Loading file test.lua
INFO - [G] [CRYPTID] Loading file voucher.lua
INFO - [G] 2025-03-16 20:16:43 :: WARN  :: Atlas :: Object cry_effarcire has the same key as an existing object, not registering.
INFO - [G] 2025-03-16 20:16:43 :: WARN  :: Atlas :: If you want to modify an existing object, use take_ownership()
INFO - [G] 2025-03-16 20:16:43 :: DEBUG :: MULTIPLAYER :: Cryptid compatibility detected
INFO - [G] 2025-03-16 20:16:43 :: TRACE :: MULTIPLAYER :: Client sent message: connect
INFO - [G] 2025-03-16 20:16:43 :: INFO  :: TIMER :: [0000] Injected Language in 0.005 ms
INFO - [G] 2025-03-16 20:16:43 :: INFO  :: TIMER :: [0000] Injected [INTERNAL] in 5.868 ms
INFO - [G] 2025-03-16 20:16:45 :: INFO  :: TIMER :: [0049] Injected Atlas in 1459.699 ms
INFO - [G] 2025-03-16 20:16:45 :: INFO  :: TIMER :: [0029] Injected Sound in 16.139 ms
INFO - [G] 2025-03-16 20:16:45 :: INFO  :: TIMER :: [0050] Injected Stake in 1.552 ms
INFO - [G] 2025-03-16 20:16:45 :: INFO  :: TIMER :: [0008] Injected Rarity in 0.023 ms
INFO - [G] 2025-03-16 20:16:45 :: INFO  :: TIMER :: [0010] Injected ObjectType in 0.190 ms
INFO - [G] 2025-03-16 20:16:45 :: INFO  :: TIMER :: [0401] Injected Center in 1.968 ms
INFO - [G] 2025-03-16 20:16:45 :: INFO  :: TIMER :: [0009] Injected Undiscovered Sprite in 0.011 ms
INFO - [G] 2025-03-16 20:16:45 :: INFO  :: TIMER :: [0029] Injected Blind in 0.051 ms
INFO - [G] 2025-03-16 20:16:45 :: INFO  :: TIMER :: [0006] Injected Seal in 0.455 ms
INFO - [G] 2025-03-16 20:16:45 :: INFO  :: TIMER :: [0004] Injected Suit in 0.090 ms
INFO - [G] 2025-03-16 20:16:45 :: INFO  :: TIMER :: [0013] Injected Rank in 0.070 ms
INFO - [G] 2025-03-16 20:16:45 :: INFO  :: TIMER :: [0028] Injected DeckSkin in 0.281 ms
INFO - [G] 2025-03-16 20:16:45 :: INFO  :: TIMER :: [0016] Injected PokerHand in 0.082 ms
INFO - [G] 2025-03-16 20:16:45 :: INFO  :: TIMER :: [0032] Injected Challenge in 0.030 ms
INFO - [G] 2025-03-16 20:16:45 :: INFO  :: TIMER :: [0028] Injected Tag in 0.030 ms
INFO - [G] 2025-03-16 20:16:45 :: INFO  :: TIMER :: [0011] Injected Sticker in 0.133 ms
INFO - [G] 2025-03-16 20:16:45 :: INFO  :: TIMER :: [0009] Injected Shader in 175.313 ms
INFO - [G] 2025-03-16 20:16:45 :: INFO  :: TIMER :: [0001] Injected Keybind in 0.066 ms
INFO - [G] 2025-03-16 20:16:45 :: INFO  :: TIMER :: [0020] Injected Achievement in 0.527 ms
INFO - [G] 2025-03-16 20:16:45 :: INFO  :: TIMER :: [0002] Injected nil in 0.036 ms
INFO - [G] 2025-03-16 20:16:45 :: INFO  :: TIMER :: [0023] Injected Draw Step in 0.530 ms
INFO - [G] 2025-03-16 20:16:45 :: INFO  :: TIMER :: [0000] Injected [INTERNAL] in 68.777 ms
INFO - [G] 2025-03-16 20:16:45 :: INFO  :: TIMER :: [0011] Injected Other in 0.060 ms
INFO - [G] 2025-03-16 20:16:45 :: TRACE :: MULTIPLAYER :: Setting max stake to 41
INFO - [G] 2025-03-16 20:16:45 :: TRACE :: MULTIPLAYER :: Client got connected message:  (action: connected) 
INFO - [G] 2025-03-16 20:16:45 :: TRACE :: MULTIPLAYER :: Client sent message: action:username,username:Shira,modHash:
INFO - [G] 2025-03-16 20:16:45 :: TRACE :: MULTIPLAYER :: Client got version message:  (action: version) 
INFO - [G] 2025-03-16 20:16:45 :: TRACE :: MULTIPLAYER :: Client sent message: action:version,version:0.1.8.3-MULTIPLAYER
INFO - [G] 2025-03-16 20:16:45 :: INFO  :: MULTIPLAYER :: Generated Mod Hash: 2624
INFO - [G] 2025-03-16 20:16:45 :: TRACE :: MULTIPLAYER :: Client sent message: action:username,username:Shira,modHash:VirtualizedMultiplayer-0.1.8.3;UltimateRandomDeck-0.0.0;JokerOnlyDeck-0.0.0;Cryptid-0.5.5~dev_JSON_arc;AntonosStake-1.0-beta;Talisman-2.1.0;PactDeck-0.0.0;Handy-1.3.2;AbsoluteDeck-0.0.0;pauperdeck-1.1;
INFO - [G] ERROR LOADING GAME: Card area 'shop_jokers' not instantiated before load
INFO - [G] ERROR LOADING GAME: Card area 'shop_vouchers' not instantiated before load
INFO - [G] ERROR LOADING GAME: Card area 'shop_booster' not instantiated before load
INFO - [G] LONG DT @ 16: 0.056131576723346
INFO - [G] LONG DT @ 18: 0.053753437546457
INFO - [♥] Applied 1 patch to '=[SMODS _ "smods-https-thread.lua"]'
INFO - [G] 2025-03-16 20:16:53 :: DEBUG :: SMODS.https(1) :: Using https module backend
INFO - [G] 3	3	3	3
INFO - [G] 3	3	3	3
INFO - [G] 3	3	3	3
INFO - [G] 3	3	3	3
INFO - [G] 14	14	14	14
INFO - [G] 14	14	14	14
INFO - [G] 14	14	14	14
INFO - [G] 14	14	14	14
INFO - [G] 79	79	79	79
INFO - [G] 79	79	79	79
INFO - [G] 79	79	79	79
INFO - [G] 79	79	79	79
INFO - [G] 1	1	1	1
INFO - [G] 1	1	1	1
INFO - [G] 1	1	1	1
INFO - [G] 1	1	1	1
INFO - [G] 1	1	1	1
INFO - [G] 1	1	1	1
INFO - [G] 1	1	1	1
INFO - [G] 1	1	1	1
INFO - [G] 1	1	1	1
INFO - [G] 1	1	1	1
INFO - [G] 1	1	1	1
INFO - [G] 1	1	1	1
INFO - [G] LONG DT @ 19: 0.050534279086117
INFO - [G] LONG DT @ 19: 0.051688663268893
INFO - [G] LONG DT @ 19: 0.052419190615115
INFO - [G] LONG DT @ 19: 0.051796752492092
INFO - [G] 1	1	1	1
INFO - [G] 1	1	1	1
INFO - [G] 1	1	1	1
INFO - [G] 1	1	1	1
INFO - [G] 1	1	1	1
INFO - [G] 1	1	1	1
INFO - [G] 8	8	8	8
INFO - [G] 8	8	8	8
INFO - [G] 8	8	8	8
INFO - [G] 8	8	8	8
INFO - [G] 8	8	8	8
INFO - [G] 8	8	8	8
INFO - [G] 1	1	1	1
INFO - [G] 1	1	1	1
INFO - [G] 1	1	1	1
INFO - [G] 1	1	1	1
INFO - [G] 1	1	1	1
INFO - [G] 1	1	1	1
INFO - [G] 1	1	1	1
INFO - [G] 1	1	1	1
INFO - [G] 1	1	1	1
INFO - [G] 1	1	1	1
INFO - [G] 1	1	1	1
INFO - [G] 1	1	1	1
INFO - [G] 196	196	196	196
INFO - [G] 196	196	196	196
INFO - [G] 196	196	196	196
INFO - [G] 196	196	196	196
INFO - [G] 196	196	196	196
INFO - [G] 196	196	196	196
INFO - [G] 1	1	1	1
INFO - [G] 1	1	1	1
INFO - [G] 1	1	1	1
INFO - [G] 1	1	1	1
INFO - [G] 1	1	1	1
INFO - [G] 1	1	1	1
INFO - [G] 391	391	391	391
INFO - [G] 391	391	391	391
INFO - [G] 391	391	391	391
INFO - [G] 391	391	391	391
INFO - [G] 391	391	391	391
INFO - [G] 391	391	391	391
INFO - [G] 664	664	664	664
INFO - [G] 664	664	664	664
INFO - [G] 664	664	664	664
INFO - [G] 664	664	664	664
INFO - [G] 664	664	664	664
INFO - [G] 664	664	664	664
INFO - [G] 2	2	2	2
INFO - [G] 2	2	2	2
INFO - [G] 2	2	2	2
INFO - [G] 2	2	2	2
INFO - [G] 2	2	2	2
INFO - [G] 2	2	2	2
INFO - [G] 2	2	2	2
INFO - [G] 2	2	2	2
INFO - [G] 2	2	2	2
INFO - [G] 2	2	2	2
INFO - [G] 2	2	2	2
INFO - [G] 2	2	2	2
INFO - [G] 2	2	2	2
INFO - [G] 2	2	2	2
INFO - [G] 2	2	2	2
INFO - [G] 2	2	2	2
INFO - [G] 2	2	2	2
INFO - [G] 2	2	2	2
INFO - [G] 2	2	2	2
INFO - [G] 2	2	2	2
INFO - [G] 2	2	2	2
INFO - [G] 2	2	2	2
INFO - [G] 2	2	2	2
INFO - [G] 2	2	2	2
INFO - [G] 19	19	19	19
INFO - [G] 19	19	19	19
INFO - [G] 19	19	19	19
INFO - [G] 19	19	19	19
INFO - [G] 19	19	19	19
INFO - [G] 19	19	19	19
INFO - [G] 19	19	19	19
INFO - [G] 19	19	19	19
INFO - [G] 2	2	2	2
INFO - [G] 2	2	2	2
INFO - [G] 2	2	2	2
INFO - [G] 2	2	2	2
INFO - [G] 2	2	2	2
INFO - [G] 2	2	2	2
INFO - [G] 2	2	2	2
INFO - [G] 2	2	2	2
INFO - [G] 2	2	2	2
INFO - [G] 2	2	2	2
INFO - [G] 2	2	2	2
INFO - [G] 2	2	2	2
INFO - [G] 2	2	2	2
INFO - [G] 2	2	2	2
INFO - [G] 2	2	2	2
INFO - [G] 2	2	2	2
INFO - [G] 1015	1015	1015	1015
INFO - [G] 1015	1015	1015	1015
INFO - [G] 1015	1015	1015	1015
INFO - [G] 1015	1015	1015	1015
INFO - [G] 1015	1015	1015	1015
INFO - [G] 1015	1015	1015	1015
INFO - [G] 1015	1015	1015	1015
INFO - [G] 1015	1015	1015	1015
INFO - [G] 2	2	2	2
INFO - [G] 2	2	2	2
INFO - [G] 2	2	2	2
INFO - [G] 2	2	2	2
INFO - [G] 2	2	2	2
INFO - [G] 2	2	2	2
INFO - [G] 2	2	2	2
INFO - [G] 2	2	2	2
INFO - [G] 1470	1470	1470	1470
INFO - [G] 1470	1470	1470	1470
INFO - [G] 1470	1470	1470	1470
INFO - [G] 1470	1470	1470	1470
INFO - [G] 1470	1470	1470	1470
INFO - [G] 1470	1470	1470	1470
INFO - [G] 1470	1470	1470	1470
INFO - [G] 1470	1470	1470	1470
INFO - [G] 2029	2029	2029	2029
INFO - [G] 2029	2029	2029	2029
INFO - [G] 2029	2029	2029	2029
INFO - [G] 2029	2029	2029	2029
INFO - [G] 2029	2029	2029	2029
INFO - [G] 2029	2029	2029	2029
INFO - [G] 2029	2029	2029	2029
INFO - [G] 2029	2029	2029	2029
INFO - [G] 2692	2692	2692	2692
INFO - [G] 2692	2692	2692	2692
INFO - [G] 2692	2692	2692	2692
INFO - [G] 2692	2692	2692	2692
INFO - [G] 2692	2692	2692	2692
INFO - [G] 2692	2692	2692	2692
INFO - [G] 2692	2692	2692	2692
INFO - [G] 2692	2692	2692	2692
INFO - [G] 3	3	3	3
INFO - [G] 3	3	3	3
INFO - [G] 3	3	3	3
INFO - [G] 3	3	3	3
INFO - [G] 3	3	3	3
INFO - [G] 3	3	3	3
INFO - [G] 3	3	3	3
INFO - [G] 3	3	3	3
INFO - [G] 3	3	3	3
INFO - [G] 3	3	3	3
INFO - [G] 3	3	3	3
INFO - [G] 3	3	3	3
INFO - [G] 3	3	3	3
INFO - [G] 3	3	3	3
INFO - [G] 3	3	3	3
INFO - [G] 3	3	3	3
INFO - [G] 3	3	3	3
INFO - [G] 3	3	3	3
INFO - [G] 3	3	3	3
INFO - [G] 3	3	3	3
INFO - [G] 3	3	3	3
INFO - [G] 3	3	3	3
INFO - [G] 3	3	3	3
INFO - [G] 3	3	3	3
INFO - [G] 3	3	3	3
INFO - [G] 3	3	3	3
INFO - [G] 3	3	3	3
INFO - [G] 3	3	3	3
INFO - [G] 3	3	3	3
INFO - [G] 3	3	3	3
INFO - [G] 38	38	38	38
INFO - [G] 38	38	38	38
INFO - [G] 38	38	38	38
INFO - [G] 38	38	38	38
INFO - [G] 38	38	38	38
INFO - [G] 38	38	38	38
INFO - [G] 38	38	38	38
INFO - [G] 38	38	38	38
INFO - [G] 38	38	38	38
INFO - [G] 38	38	38	38
INFO - [G] 3	3	3	3
INFO - [G] 3	3	3	3
INFO - [G] 3	3	3	3
INFO - [G] 3	3	3	3
INFO - [G] 3	3	3	3
INFO - [G] 3	3	3	3
INFO - [G] 3	3	3	3
INFO - [G] 3	3	3	3
INFO - [G] 3	3	3	3
INFO - [G] 3	3	3	3
INFO - [G] 3	3	3	3
INFO - [G] 3	3	3	3
INFO - [G] 3	3	3	3
INFO - [G] 3	3	3	3
INFO - [G] 3	3	3	3
INFO - [G] 3	3	3	3
INFO - [G] 3	3	3	3
INFO - [G] 3	3	3	3
INFO - [G] 3	3	3	3
INFO - [G] 3	3	3	3
INFO - [G] 3459	3459	3459	3459
INFO - [G] 3459	3459	3459	3459
INFO - [G] 3459	3459	3459	3459
INFO - [G] 3459	3459	3459	3459
INFO - [G] 3459	3459	3459	3459
INFO - [G] 3459	3459	3459	3459
INFO - [G] 3459	3459	3459	3459
INFO - [G] 3459	3459	3459	3459
INFO - [G] 3459	3459	3459	3459
INFO - [G] 3459	3459	3459	3459
INFO - [G] 3	3	3	3
INFO - [G] 3	3	3	3
INFO - [G] 3	3	3	3
INFO - [G] 3	3	3	3
INFO - [G] 3	3	3	3
INFO - [G] 3	3	3	3
INFO - [G] 3	3	3	3
INFO - [G] 3	3	3	3
INFO - [G] 3	3	3	3
INFO - [G] 3	3	3	3
INFO - [G] 4356	4356	4356	4356
INFO - [G] 4356	4356	4356	4356
INFO - [G] 4356	4356	4356	4356
INFO - [G] 4356	4356	4356	4356
INFO - [G] 4356	4356	4356	4356
INFO - [G] 4356	4356	4356	4356
INFO - [G] 4356	4356	4356	4356
INFO - [G] 4356	4356	4356	4356
INFO - [G] 4356	4356	4356	4356
INFO - [G] 4356	4356	4356	4356
INFO - [G] 5383	5383	5383	5383
INFO - [G] 5383	5383	5383	5383
INFO - [G] 5383	5383	5383	5383
INFO - [G] 5383	5383	5383	5383
INFO - [G] 5383	5383	5383	5383
INFO - [G] 5383	5383	5383	5383
INFO - [G] 5383	5383	5383	5383
INFO - [G] 5383	5383	5383	5383
INFO - [G] 5383	5383	5383	5383
INFO - [G] 5383	5383	5383	5383
INFO - [G] 6540	6540	6540	6540
INFO - [G] 6540	6540	6540	6540
INFO - [G] 6540	6540	6540	6540
INFO - [G] 6540	6540	6540	6540
INFO - [G] 6540	6540	6540	6540
INFO - [G] 6540	6540	6540	6540
INFO - [G] 6540	6540	6540	6540
INFO - [G] 6540	6540	6540	6540
INFO - [G] 6540	6540	6540	6540
INFO - [G] 6540	6540	6540	6540
INFO - [G] 7827	7827	7827	7827
INFO - [G] 7827	7827	7827	7827
INFO - [G] 7827	7827	7827	7827
INFO - [G] 7827	7827	7827	7827
INFO - [G] 7827	7827	7827	7827
INFO - [G] 7827	7827	7827	7827
INFO - [G] 7827	7827	7827	7827
INFO - [G] 7827	7827	7827	7827
INFO - [G] 7827	7827	7827	7827
INFO - [G] 7827	7827	7827	7827
INFO - [G] 4	4	4	4
INFO - [G] 4	4	4	4
INFO - [G] 4	4	4	4
INFO - [G] 4	4	4	4
INFO - [G] 4	4	4	4
INFO - [G] 4	4	4	4
INFO - [G] 4	4	4	4
INFO - [G] 4	4	4	4
INFO - [G] 4	4	4	4
INFO - [G] 4	4	4	4
INFO - [G] 4	4	4	4
INFO - [G] 4	4	4	4
INFO - [G] 4	4	4	4
INFO - [G] 4	4	4	4
INFO - [G] 4	4	4	4
INFO - [G] 4	4	4	4
INFO - [G] 4	4	4	4
INFO - [G] 4	4	4	4
INFO - [G] 4	4	4	4
INFO - [G] 4	4	4	4
INFO - [G] 4	4	4	4
INFO - [G] 4	4	4	4
INFO - [G] 4	4	4	4
INFO - [G] 4	4	4	4
INFO - [G] 4	4	4	4
INFO - [G] 4	4	4	4
INFO - [G] 4	4	4	4
INFO - [G] 4	4	4	4
INFO - [G] 4	4	4	4
INFO - [G] 4	4	4	4
INFO - [G] 4	4	4	4
INFO - [G] 4	4	4	4
INFO - [G] 4	4	4	4
INFO - [G] 4	4	4	4
INFO - [G] 4	4	4	4
INFO - [G] 4	4	4	4
INFO - [G] 67	67	67	67
INFO - [G] 67	67	67	67
INFO - [G] 67	67	67	67
INFO - [G] 67	67	67	67
INFO - [G] 67	67	67	67
INFO - [G] 67	67	67	67
INFO - [G] 67	67	67	67
INFO - [G] 67	67	67	67
INFO - [G] 67	67	67	67
INFO - [G] 67	67	67	67
INFO - [G] 67	67	67	67
INFO - [G] 67	67	67	67
INFO - [G] 4	4	4	4
INFO - [G] 4	4	4	4
INFO - [G] 4	4	4	4
INFO - [G] 4	4	4	4
INFO - [G] 4	4	4	4
INFO - [G] 4	4	4	4
INFO - [G] 4	4	4	4
INFO - [G] 4	4	4	4
INFO - [G] 4	4	4	4
INFO - [G] 4	4	4	4
INFO - [G] 4	4	4	4
INFO - [G] 4	4	4	4
INFO - [G] 4	4	4	4
INFO - [G] 4	4	4	4
INFO - [G] 4	4	4	4
INFO - [G] 4	4	4	4
INFO - [G] 4	4	4	4
INFO - [G] 4	4	4	4
INFO - [G] 4	4	4	4
INFO - [G] 4	4	4	4
INFO - [G] 4	4	4	4
INFO - [G] 4	4	4	4
INFO - [G] 4	4	4	4
INFO - [G] 4	4	4	4
INFO - [G] 9244	9244	9244	9244
INFO - [G] 9244	9244	9244	9244
INFO - [G] 9244	9244	9244	9244
INFO - [G] 9244	9244	9244	9244
INFO - [G] 9244	9244	9244	9244
INFO - [G] 9244	9244	9244	9244
INFO - [G] 9244	9244	9244	9244
INFO - [G] 9244	9244	9244	9244
INFO - [G] 9244	9244	9244	9244
INFO - [G] 9244	9244	9244	9244
INFO - [G] 9244	9244	9244	9244
INFO - [G] 9244	9244	9244	9244
INFO - [G] 4	4	4	4
INFO - [G] 4	4	4	4
INFO - [G] 4	4	4	4
INFO - [G] 4	4	4	4
INFO - [G] 4	4	4	4
INFO - [G] 4	4	4	4
INFO - [G] 4	4	4	4
INFO - [G] 4	4	4	4
INFO - [G] 4	4	4	4
INFO - [G] 4	4	4	4
INFO - [G] 4	4	4	4
INFO - [G] 4	4	4	4
INFO - [G] 10817	10817	10817	10817
INFO - [G] 10817	10817	10817	10817
INFO - [G] 10817	10817	10817	10817
INFO - [G] 10817	10817	10817	10817
INFO - [G] 10817	10817	10817	10817
INFO - [G] 10817	10817	10817	10817
INFO - [G] 10817	10817	10817	10817
INFO - [G] 10817	10817	10817	10817
INFO - [G] 10817	10817	10817	10817
INFO - [G] 10817	10817	10817	10817
INFO - [G] 10817	10817	10817	10817
INFO - [G] 10817	10817	10817	10817
INFO - [G] 12546	12546	12546	12546
INFO - [G] 12546	12546	12546	12546
INFO - [G] 12546	12546	12546	12546
INFO - [G] 12546	12546	12546	12546
INFO - [G] 12546	12546	12546	12546
INFO - [G] 12546	12546	12546	12546
INFO - [G] 12546	12546	12546	12546
INFO - [G] 12546	12546	12546	12546
INFO - [G] 12546	12546	12546	12546
INFO - [G] 12546	12546	12546	12546
INFO - [G] 12546	12546	12546	12546
INFO - [G] 12546	12546	12546	12546
INFO - [G] 14431	14431	14431	14431
INFO - [G] 14431	14431	14431	14431
INFO - [G] 14431	14431	14431	14431
INFO - [G] 14431	14431	14431	14431
INFO - [G] 14431	14431	14431	14431
INFO - [G] 14431	14431	14431	14431
INFO - [G] 14431	14431	14431	14431
INFO - [G] 14431	14431	14431	14431
INFO - [G] 14431	14431	14431	14431
INFO - [G] 14431	14431	14431	14431
INFO - [G] 14431	14431	14431	14431
INFO - [G] 14431	14431	14431	14431
INFO - [G] 16472	16472	16472	16472
INFO - [G] 16472	16472	16472	16472
INFO - [G] 16472	16472	16472	16472
INFO - [G] 16472	16472	16472	16472
INFO - [G] 16472	16472	16472	16472
INFO - [G] 16472	16472	16472	16472
INFO - [G] 16472	16472	16472	16472
INFO - [G] 16472	16472	16472	16472
INFO - [G] 16472	16472	16472	16472
INFO - [G] 16472	16472	16472	16472
INFO - [G] 16472	16472	16472	16472
INFO - [G] 16472	16472	16472	16472
INFO - [G] 18669	18669	18669	18669
INFO - [G] 18669	18669	18669	18669
INFO - [G] 18669	18669	18669	18669
INFO - [G] 18669	18669	18669	18669
INFO - [G] 18669	18669	18669	18669
INFO - [G] 18669	18669	18669	18669
INFO - [G] 18669	18669	18669	18669
INFO - [G] 18669	18669	18669	18669
INFO - [G] 18669	18669	18669	18669
INFO - [G] 18669	18669	18669	18669
INFO - [G] 18669	18669	18669	18669
INFO - [G] 18669	18669	18669	18669
INFO - [G] 5	5	5	5
INFO - [G] 5	5	5	5
INFO - [G] 5	5	5	5
INFO - [G] 5	5	5	5
INFO - [G] 5	5	5	5
INFO - [G] 5	5	5	5
INFO - [G] 5	5	5	5
INFO - [G] 5	5	5	5
INFO - [G] 5	5	5	5
INFO - [G] 5	5	5	5
INFO - [G] 5	5	5	5
INFO - [G] 5	5	5	5
INFO - [G] 5	5	5	5
INFO - [G] 5	5	5	5
INFO - [G] 5	5	5	5
INFO - [G] 5	5	5	5
INFO - [G] 5	5	5	5
INFO - [G] 5	5	5	5
INFO - [G] 5	5	5	5
INFO - [G] 5	5	5	5
INFO - [G] 5	5	5	5
INFO - [G] 5	5	5	5
INFO - [G] 5	5	5	5
INFO - [G] 5	5	5	5
INFO - [G] 5	5	5	5
INFO - [G] 5	5	5	5
INFO - [G] 5	5	5	5
INFO - [G] 5	5	5	5
INFO - [G] LONG DT @ 26: 0.067375793212995
INFO - [G] LONG DT @ 26: 0.064807034570396
INFO - [G] LONG DT @ 26: 0.066074087656317
INFO - [G] LONG DT @ 26: 0.068268210125054
INFO - [G] LONG DT @ 26: 0.071703728100043
INFO - [G] LONG DT @ 27: 0.069159942480034
INFO - [G] LONG DT @ 27: 0.060005093984027
INFO - [G] LONG DT @ 27: 0.052869215187222
INFO - [G] 108	108	108	108
INFO - [G] 108	108	108	108
INFO - [G] 108	108	108	108
INFO - [G] 108	108	108	108
INFO - [G] 21022	21022	21022	21022
INFO - [G] 21022	21022	21022	21022
INFO - [G] 21022	21022	21022	21022
INFO - [G] 21022	21022	21022	21022
INFO - [G] 23427	23427	23427	23427
INFO - [G] 23427	23427	23427	23427
INFO - [G] 23427	23427	23427	23427
INFO - [G] 23427	23427	23427	23427
INFO - [G] 153	153	153	153
INFO - [G] 153	153	153	153
INFO - [G] 153	153	153	153
INFO - [G] 153	153	153	153
INFO - [G] 25884	25884	25884	25884
INFO - [G] 25884	25884	25884	25884
INFO - [G] 25884	25884	25884	25884
INFO - [G] 25884	25884	25884	25884
INFO - [G] 28393	28393	28393	28393
INFO - [G] 28393	28393	28393	28393
INFO - [G] 28393	28393	28393	28393
INFO - [G] 28393	28393	28393	28393
INFO - [G] 202	202	202	202
INFO - [G] 202	202	202	202
INFO - [G] 202	202	202	202
INFO - [G] 202	202	202	202
INFO - [G] 255	255	255	255
INFO - [G] 255	255	255	255
INFO - [G] 255	255	255	255
INFO - [G] 255	255	255	255
INFO - [G] LONG DT @ 39: 0.050891514895802
INFO - [G] LONG DT @ 39: 0.057461731916642
INFO - [G] LONG DT @ 39: 0.060775625533312
INFO - [G] LONG DT @ 39: 0.06260312042665
INFO - [G] LONG DT @ 39: 0.06203173634132
INFO - [G] LONG DT @ 39: 0.062047329073056
INFO - [G] LONG DT @ 39: 0.065853803258445
INFO - [G] LONG DT @ 39: 0.067748922606757
INFO - [G] LONG DT @ 40: 0.065917738085404
INFO - [G] LONG DT @ 40: 0.068495870468323
INFO - [G] LONG DT @ 40: 0.07183921637466
INFO - [G] LONG DT @ 40: 0.071917493099727
INFO - [G] LONG DT @ 40: 0.069780274479781
INFO - [G] LONG DT @ 40: 0.070076819583825
INFO - [G] LONG DT @ 40: 0.07182957566706
INFO - [G] LONG DT @ 40: 0.071797000533648
INFO - [G] 312	312	312	312
INFO - [G] 312	312	312	312
INFO - [G] 312	312	312	312
INFO - [G] 312	312	312	312
INFO - [G] LONG DT @ 40: 0.079508160426919
INFO - [G] LONG DT @ 40: 0.077362288341535
INFO - [G] LONG DT @ 40: 0.075341470673229
INFO - [G] LONG DT @ 40: 0.076207636538583
INFO - [G] LONG DT @ 40: 0.072798629230866
INFO - [G] LONG DT @ 40: 0.074667603384693
INFO - [G] LONG DT @ 41: 0.071595962707754
INFO - [G] LONG DT @ 41: 0.070598950166203
INFO - [G] LONG DT @ 41: 0.070290660132962
INFO - [G] LONG DT @ 41: 0.071174648106371
INFO - [G] LONG DT @ 41: 0.069173498485096
INFO - [G] LONG DT @ 41: 0.069607258788076
INFO - [G] LONG DT @ 41: 0.070968687030462
INFO - [G] LONG DT @ 41: 0.069251049624369
INFO - [G] LONG DT @ 41: 0.068170099699495
INFO - [G] LONG DT @ 41: 0.069852339759597
INFO - [G] LONG DT @ 41: 0.068094291807677
INFO - [G] LONG DT @ 41: 0.068149633446142
INFO - [G] LONG DT @ 41: 0.069235406756913
INFO - [G] LONG DT @ 41: 0.069761245405531
INFO - [G] LONG DT @ 42: 0.070264116324424
INFO - [G] LONG DT @ 42: 0.068664173059539
INFO - [G] LONG DT @ 42: 0.063027738447632
INFO - [G] LONG DT @ 42: 0.054796010758105
INFO - [G] 373	373	373	373
INFO - [G] 373	373	373	373
INFO - [G] 373	373	373	373
INFO - [G] 373	373	373	373
INFO - [G] 438	438	438	438
INFO - [G] 438	438	438	438
INFO - [G] 438	438	438	438
INFO - [G] 438	438	438	438
INFO - [G] 507	507	507	507
INFO - [G] 507	507	507	507
INFO - [G] 507	507	507	507
INFO - [G] 507	507	507	507
INFO - [G] 580	580	580	580
INFO - [G] 580	580	580	580
INFO - [G] 580	580	580	580
INFO - [G] 580	580	580	580
INFO - [G] 657	657	657	657
INFO - [G] 657	657	657	657
INFO - [G] 657	657	657	657
INFO - [G] 657	657	657	657
INFO - [G] 738	738	738	738
INFO - [G] 738	738	738	738
INFO - [G] 738	738	738	738
INFO - [G] 738	738	738	738
INFO - [G] 823	823	823	823
INFO - [G] 823	823	823	823
INFO - [G] 823	823	823	823
INFO - [G] 823	823	823	823
INFO - [G] 912	912	912	912
INFO - [G] 912	912	912	912
INFO - [G] 912	912	912	912
INFO - [G] 912	912	912	912
INFO - [G] 1005	1005	1005	1005
INFO - [G] 1005	1005	1005	1005
INFO - [G] 1005	1005	1005	1005
INFO - [G] 1005	1005	1005	1005
INFO - [♥] Applied 1 patch to '=[SMODS _ "smods-https-thread.lua"]'
INFO - [G] 2025-03-16 20:17:53 :: DEBUG :: SMODS.https(2) :: Using https module backend
INFO - [G] LONG DT @ 112: 0.1
INFO - [G] LONG DT @ 112: 0.1
INFO - [G] LONG DT @ 113: 0.1
INFO - [G] LONG DT @ 113: 0.1
INFO - [G] LONG DT @ 113: 0.1
INFO - [G] LONG DT @ 113: 0.1
INFO - [G] LONG DT @ 113: 0.1
INFO - [♥] Applied 1 patch to '=[SMODS _ "smods-https-thread.lua"]'
INFO - [G] 2025-03-16 20:18:53 :: DEBUG :: SMODS.https(3) :: Using https module backend
INFO - [G] LONG DT @ 113: 0.1
INFO - [G] LONG DT @ 113: 0.1
INFO - [G] LONG DT @ 113: 0.1
INFO - [G] LONG DT @ 113: 0.1
INFO - [G] LONG DT @ 113: 0.1
INFO - [G] LONG DT @ 114: 0.1
INFO - [G] LONG DT @ 114: 0.1
INFO - [G] LONG DT @ 114: 0.1
INFO - [G] LONG DT @ 114: 0.1
INFO - [G] LONG DT @ 114: 0.1
INFO - [G] LONG DT @ 114: 0.1
INFO - [G] LONG DT @ 114: 0.1
INFO - [G] LONG DT @ 114: 0.1
INFO - [G] LONG DT @ 114: 0.1
INFO - [G] 2025-03-16 20:18:55 :: TRACE :: MULTIPLAYER :: Client got disconnected message:  (action: disconnected) 
INFO - [G] LONG DT @ 114: 0.1
INFO - [G] LONG DT @ 115: 0.1
INFO - [G] LONG DT @ 115: 0.1
INFO - [G] LONG DT @ 115: 0.1
INFO - [G] LONG DT @ 115: 0.1
INFO - [G] LONG DT @ 115: 0.1
INFO - [G] LONG DT @ 115: 0.1
INFO - [G] LONG DT @ 115: 0.1
INFO - [G] LONG DT @ 115: 0.1
INFO - [G] LONG DT @ 115: 0.1
INFO - [G] LONG DT @ 115: 0.1
INFO - [G] LONG DT @ 116: 0.1
INFO - [G] LONG DT @ 116: 0.1
INFO - [G] LONG DT @ 116: 0.1
INFO - [G] LONG DT @ 116: 0.1
INFO - [G] LONG DT @ 116: 0.1
INFO - [G] LONG DT @ 116: 0.1
INFO - [G] LONG DT @ 116: 0.1
INFO - [G] LONG DT @ 116: 0.1
INFO - [G] LONG DT @ 116: 0.1
INFO - [G] LONG DT @ 116: 0.1
INFO - [G] LONG DT @ 117: 0.1
INFO - [G] LONG DT @ 117: 0.1
INFO - [G] LONG DT @ 117: 0.1
INFO - [G] LONG DT @ 117: 0.1
INFO - [G] LONG DT @ 117: 0.1
INFO - [G] LONG DT @ 117: 0.1
INFO - [G] LONG DT @ 117: 0.1
INFO - [G] LONG DT @ 117: 0.1
INFO - [G] LONG DT @ 117: 0.1
INFO - [G] LONG DT @ 117: 0.1
INFO - [G] LONG DT @ 118: 0.1
INFO - [G] LONG DT @ 118: 0.1
INFO - [G] LONG DT @ 118: 0.1
INFO - [G] LONG DT @ 118: 0.1
INFO - [G] LONG DT @ 118: 0.1
INFO - [G] LONG DT @ 118: 0.1
INFO - [G] LONG DT @ 118: 0.1
INFO - [G] LONG DT @ 118: 0.1
INFO - [G] LONG DT @ 118: 0.1
INFO - [G] LONG DT @ 118: 0.1
INFO - [G] LONG DT @ 119: 0.1
INFO - [G] LONG DT @ 119: 0.1
INFO - [G] LONG DT @ 119: 0.1
INFO - [G] LONG DT @ 119: 0.1
INFO - [G] LONG DT @ 119: 0.1
INFO - [G] LONG DT @ 119: 0.1
INFO - [G] LONG DT @ 119: 0.1
INFO - [G] LONG DT @ 119: 0.1
INFO - [G] LONG DT @ 119: 0.1
INFO - [G] LONG DT @ 119: 0.1
INFO - [G] LONG DT @ 120: 0.1
INFO - [G] LONG DT @ 120: 0.1
INFO - [G] LONG DT @ 120: 0.1
INFO - [G] LONG DT @ 120: 0.1
INFO - [G] LONG DT @ 120: 0.1
INFO - [G] LONG DT @ 120: 0.1
INFO - [G] LONG DT @ 120: 0.1
INFO - [G] LONG DT @ 120: 0.1
INFO - [G] LONG DT @ 120: 0.1
INFO - [G] LONG DT @ 120: 0.1
INFO - [G] LONG DT @ 121: 0.1
INFO - [G] LONG DT @ 121: 0.1
INFO - [G] LONG DT @ 121: 0.1
INFO - [G] LONG DT @ 121: 0.1
INFO - [G] LONG DT @ 121: 0.1
INFO - [G] LONG DT @ 121: 0.1
INFO - [G] LONG DT @ 121: 0.1
INFO - [G] LONG DT @ 121: 0.1
INFO - [G] LONG DT @ 121: 0.1
INFO - [G] LONG DT @ 121: 0.1
INFO - [G] LONG DT @ 122: 0.1
INFO - [G] LONG DT @ 122: 0.1
INFO - [G] LONG DT @ 122: 0.1
INFO - [G] LONG DT @ 122: 0.1
INFO - [G] LONG DT @ 122: 0.1
INFO - [G] LONG DT @ 122: 0.1
INFO - [G] LONG DT @ 122: 0.1
INFO - [G] LONG DT @ 122: 0.1
INFO - [G] LONG DT @ 122: 0.1
INFO - [G] LONG DT @ 122: 0.1
INFO - [G] LONG DT @ 123: 0.1
INFO - [G] LONG DT @ 123: 0.1
INFO - [G] LONG DT @ 123: 0.1
INFO - [G] LONG DT @ 123: 0.1
INFO - [G] LONG DT @ 123: 0.1
INFO - [G] LONG DT @ 123: 0.1
INFO - [G] LONG DT @ 123: 0.1
INFO - [G] LONG DT @ 123: 0.1
INFO - [G] LONG DT @ 123: 0.1
INFO - [G] LONG DT @ 123: 0.1
INFO - [G] LONG DT @ 124: 0.1
INFO - [G] LONG DT @ 124: 0.1
INFO - [G] LONG DT @ 124: 0.1
INFO - [G] LONG DT @ 124: 0.1
INFO - [G] LONG DT @ 124: 0.1
INFO - [G] LONG DT @ 124: 0.1
INFO - [G] LONG DT @ 124: 0.1
INFO - [G] LONG DT @ 124: 0.1
INFO - [G] LONG DT @ 124: 0.1
INFO - [G] LONG DT @ 124: 0.1
INFO - [G] LONG DT @ 125: 0.1
INFO - [G] LONG DT @ 125: 0.1
INFO - [G] LONG DT @ 125: 0.1
INFO - [G] LONG DT @ 125: 0.1
INFO - [G] LONG DT @ 125: 0.1
INFO - [G] LONG DT @ 125: 0.1
INFO - [G] LONG DT @ 125: 0.1
INFO - [G] LONG DT @ 125: 0.1
INFO - [G] LONG DT @ 125: 0.1
INFO - [G] LONG DT @ 125: 0.1
INFO - [G] LONG DT @ 126: 0.1
INFO - [G] LONG DT @ 126: 0.1
INFO - [G] LONG DT @ 126: 0.1
INFO - [G] LONG DT @ 126: 0.1
INFO - [G] LONG DT @ 126: 0.1
INFO - [G] LONG DT @ 126: 0.1
INFO - [G] LONG DT @ 126: 0.1
INFO - [G] LONG DT @ 126: 0.1
INFO - [G] LONG DT @ 126: 0.1
INFO - [G] LONG DT @ 126: 0.1
INFO - [G] LONG DT @ 127: 0.1
INFO - [G] LONG DT @ 127: 0.1
INFO - [G] LONG DT @ 127: 0.1
INFO - [G] LONG DT @ 127: 0.1
INFO - [G] LONG DT @ 127: 0.1
INFO - [G] LONG DT @ 127: 0.1
INFO - [G] LONG DT @ 127: 0.1
INFO - [G] LONG DT @ 127: 0.1
INFO - [G] LONG DT @ 127: 0.1
INFO - [G] LONG DT @ 127: 0.1
INFO - [G] LONG DT @ 128: 0.1
INFO - [G] LONG DT @ 128: 0.1
INFO - [G] LONG DT @ 128: 0.1
INFO - [G] LONG DT @ 128: 0.1
INFO - [G] LONG DT @ 128: 0.1
INFO - [G] LONG DT @ 128: 0.1
INFO - [G] LONG DT @ 128: 0.1
INFO - [G] LONG DT @ 128: 0.1
INFO - [G] LONG DT @ 128: 0.1
INFO - [G] LONG DT @ 128: 0.1
INFO - [G] LONG DT @ 129: 0.1
INFO - [G] LONG DT @ 129: 0.1
INFO - [G] LONG DT @ 129: 0.1
INFO - [G] LONG DT @ 129: 0.1
INFO - [G] LONG DT @ 129: 0.1
INFO - [G] LONG DT @ 129: 0.1
INFO - [G] LONG DT @ 129: 0.1
INFO - [G] LONG DT @ 129: 0.1
INFO - [G] LONG DT @ 129: 0.1
INFO - [G] LONG DT @ 129: 0.1
INFO - [G] LONG DT @ 130: 0.1
INFO - [G] LONG DT @ 130: 0.1
INFO - [G] LONG DT @ 130: 0.1
INFO - [G] LONG DT @ 130: 0.1
INFO - [G] LONG DT @ 130: 0.1
INFO - [G] LONG DT @ 130: 0.1
INFO - [G] LONG DT @ 130: 0.1
INFO - [G] LONG DT @ 130: 0.1
INFO - [G] LONG DT @ 130: 0.1
INFO - [G] LONG DT @ 130: 0.1
INFO - [G] LONG DT @ 131: 0.1
INFO - [G] LONG DT @ 131: 0.1
INFO - [G] LONG DT @ 131: 0.1
INFO - [G] LONG DT @ 131: 0.1
INFO - [G] LONG DT @ 131: 0.1
INFO - [G] LONG DT @ 131: 0.1
INFO - [G] LONG DT @ 131: 0.1
INFO - [G] LONG DT @ 131: 0.1
INFO - [G] LONG DT @ 131: 0.1
INFO - [G] LONG DT @ 131: 0.1
INFO - [G] LONG DT @ 132: 0.1
INFO - [G] LONG DT @ 132: 0.1
INFO - [G] LONG DT @ 132: 0.1
INFO - [G] LONG DT @ 132: 0.1
INFO - [G] LONG DT @ 132: 0.1
INFO - [G] LONG DT @ 132: 0.1
INFO - [G] LONG DT @ 132: 0.1
INFO - [G] LONG DT @ 132: 0.1
INFO - [G] LONG DT @ 132: 0.1
INFO - [G] LONG DT @ 132: 0.1
INFO - [G] LONG DT @ 133: 0.1
INFO - [G] LONG DT @ 133: 0.1
INFO - [G] LONG DT @ 133: 0.1
INFO - [G] LONG DT @ 133: 0.1
INFO - [G] LONG DT @ 133: 0.1
INFO - [G] LONG DT @ 133: 0.1
INFO - [G] LONG DT @ 133: 0.1
INFO - [G] LONG DT @ 133: 0.1
INFO - [G] LONG DT @ 133: 0.1
INFO - [G] LONG DT @ 133: 0.1
INFO - [G] LONG DT @ 134: 0.1
INFO - [G] LONG DT @ 134: 0.1
INFO - [G] LONG DT @ 134: 0.1
INFO - [G] LONG DT @ 134: 0.1
INFO - [G] LONG DT @ 134: 0.1
INFO - [G] LONG DT @ 134: 0.1
INFO - [G] LONG DT @ 134: 0.1
INFO - [G] LONG DT @ 134: 0.1
INFO - [G] LONG DT @ 134: 0.1
INFO - [G] LONG DT @ 134: 0.1
INFO - [G] LONG DT @ 135: 0.1
INFO - [G] LONG DT @ 135: 0.1
INFO - [G] LONG DT @ 135: 0.1
INFO - [G] LONG DT @ 135: 0.1
INFO - [G] LONG DT @ 135: 0.1
INFO - [G] LONG DT @ 135: 0.1
INFO - [G] LONG DT @ 135: 0.1
INFO - [G] LONG DT @ 135: 0.1
INFO - [G] LONG DT @ 135: 0.1
INFO - [G] LONG DT @ 135: 0.1
INFO - [G] LONG DT @ 136: 0.1
INFO - [G] LONG DT @ 136: 0.1
INFO - [G] LONG DT @ 136: 0.1
INFO - [G] LONG DT @ 136: 0.1
INFO - [G] LONG DT @ 136: 0.1
INFO - [G] LONG DT @ 136: 0.1
INFO - [G] LONG DT @ 136: 0.1
INFO - [G] LONG DT @ 136: 0.1
INFO - [G] LONG DT @ 136: 0.1
INFO - [G] LONG DT @ 136: 0.1
INFO - [G] LONG DT @ 137: 0.1
INFO - [G] LONG DT @ 137: 0.1
INFO - [G] LONG DT @ 137: 0.1
INFO - [G] LONG DT @ 137: 0.1
INFO - [G] LONG DT @ 137: 0.1
INFO - [G] LONG DT @ 137: 0.1
INFO - [G] LONG DT @ 137: 0.1
INFO - [G] LONG DT @ 137: 0.1
INFO - [G] LONG DT @ 137: 0.1
INFO - [G] LONG DT @ 137: 0.1
INFO - [G] LONG DT @ 138: 0.1
INFO - [G] LONG DT @ 138: 0.1
INFO - [G] LONG DT @ 138: 0.1
INFO - [G] LONG DT @ 138: 0.1
INFO - [G] LONG DT @ 138: 0.1
INFO - [G] LONG DT @ 138: 0.1
INFO - [G] LONG DT @ 138: 0.1
INFO - [G] LONG DT @ 138: 0.1
INFO - [G] LONG DT @ 138: 0.1
INFO - [G] LONG DT @ 138: 0.1
INFO - [G] LONG DT @ 139: 0.1
INFO - [G] LONG DT @ 139: 0.1
INFO - [G] LONG DT @ 139: 0.1
INFO - [G] LONG DT @ 139: 0.1
INFO - [G] LONG DT @ 139: 0.1
INFO - [G] LONG DT @ 139: 0.1
INFO - [G] LONG DT @ 139: 0.1
INFO - [G] LONG DT @ 139: 0.1
INFO - [G] LONG DT @ 139: 0.1
INFO - [G] LONG DT @ 139: 0.1
INFO - [G] LONG DT @ 140: 0.1
INFO - [G] LONG DT @ 140: 0.1
INFO - [G] LONG DT @ 140: 0.1
INFO - [G] LONG DT @ 140: 0.1
INFO - [G] LONG DT @ 140: 0.1
INFO - [G] LONG DT @ 140: 0.1
INFO - [G] LONG DT @ 140: 0.1
INFO - [G] LONG DT @ 140: 0.1
INFO - [G] LONG DT @ 140: 0.1
INFO - [G] LONG DT @ 140: 0.1
INFO - [G] LONG DT @ 141: 0.1
INFO - [G] LONG DT @ 141: 0.1
INFO - [G] LONG DT @ 141: 0.1
INFO - [G] LONG DT @ 141: 0.1
INFO - [G] LONG DT @ 141: 0.1
INFO - [G] LONG DT @ 141: 0.1
INFO - [G] LONG DT @ 141: 0.1
INFO - [G] LONG DT @ 141: 0.1
INFO - [G] LONG DT @ 141: 0.1
INFO - [G] LONG DT @ 141: 0.1
INFO - [G] LONG DT @ 142: 0.1
INFO - [G] LONG DT @ 142: 0.1
INFO - [G] LONG DT @ 142: 0.1
INFO - [G] LONG DT @ 142: 0.1
INFO - [G] LONG DT @ 142: 0.1
INFO - [G] LONG DT @ 142: 0.1
INFO - [G] LONG DT @ 142: 0.1
INFO - [G] LONG DT @ 142: 0.1
INFO - [G] LONG DT @ 142: 0.1
INFO - [G] LONG DT @ 142: 0.1
INFO - [G] LONG DT @ 143: 0.1
INFO - [G] LONG DT @ 143: 0.1
INFO - [G] LONG DT @ 143: 0.1
INFO - [G] LONG DT @ 143: 0.1
INFO - [G] LONG DT @ 143: 0.1
INFO - [G] LONG DT @ 143: 0.1
INFO - [G] LONG DT @ 143: 0.1
INFO - [G] LONG DT @ 143: 0.1
INFO - [G] LONG DT @ 143: 0.1
INFO - [G] LONG DT @ 143: 0.1
INFO - [G] LONG DT @ 144: 0.1
INFO - [G] LONG DT @ 144: 0.1
INFO - [G] LONG DT @ 144: 0.1
INFO - [G] LONG DT @ 144: 0.1
INFO - [G] LONG DT @ 144: 0.1
INFO - [G] LONG DT @ 144: 0.1
INFO - [G] LONG DT @ 144: 0.1
INFO - [G] LONG DT @ 144: 0.1
INFO - [G] LONG DT @ 144: 0.1
INFO - [G] LONG DT @ 144: 0.1
INFO - [G] LONG DT @ 145: 0.1
INFO - [G] LONG DT @ 145: 0.1
INFO - [G] LONG DT @ 145: 0.1
INFO - [G] LONG DT @ 145: 0.1
INFO - [G] LONG DT @ 145: 0.1
INFO - [G] LONG DT @ 145: 0.1
INFO - [G] LONG DT @ 145: 0.1
INFO - [G] LONG DT @ 145: 0.1
INFO - [G] LONG DT @ 145: 0.1
INFO - [G] LONG DT @ 145: 0.1
INFO - [G] LONG DT @ 146: 0.1
INFO - [G] LONG DT @ 146: 0.1
INFO - [G] LONG DT @ 146: 0.1
INFO - [G] LONG DT @ 146: 0.1
INFO - [G] LONG DT @ 146: 0.1
INFO - [G] LONG DT @ 146: 0.1
INFO - [G] LONG DT @ 146: 0.1
INFO - [G] LONG DT @ 146: 0.1
INFO - [G] LONG DT @ 146: 0.1
INFO - [G] LONG DT @ 146: 0.1
INFO - [G] LONG DT @ 147: 0.1
INFO - [G] LONG DT @ 147: 0.1
INFO - [G] LONG DT @ 147: 0.1
INFO - [G] LONG DT @ 147: 0.1
INFO - [G] LONG DT @ 147: 0.1
INFO - [G] LONG DT @ 147: 0.1
INFO - [G] LONG DT @ 147: 0.1
INFO - [G] LONG DT @ 147: 0.1
INFO - [G] LONG DT @ 147: 0.1
INFO - [G] LONG DT @ 147: 0.1
INFO - [G] LONG DT @ 148: 0.1
INFO - [G] LONG DT @ 148: 0.1
INFO - [G] LONG DT @ 148: 0.1
INFO - [G] LONG DT @ 148: 0.1
INFO - [G] LONG DT @ 148: 0.1
INFO - [G] LONG DT @ 148: 0.1
INFO - [G] LONG DT @ 148: 0.1
INFO - [G] LONG DT @ 148: 0.1
INFO - [G] LONG DT @ 148: 0.1
INFO - [G] LONG DT @ 148: 0.1
INFO - [G] LONG DT @ 149: 0.1
INFO - [G] LONG DT @ 149: 0.1
INFO - [G] LONG DT @ 149: 0.1
INFO - [G] LONG DT @ 149: 0.1
INFO - [G] LONG DT @ 149: 0.1
INFO - [G] LONG DT @ 149: 0.1
INFO - [G] LONG DT @ 149: 0.1
INFO - [G] LONG DT @ 149: 0.1
INFO - [G] LONG DT @ 149: 0.1
INFO - [G] LONG DT @ 149: 0.1
INFO - [G] LONG DT @ 150: 0.1
INFO - [G] LONG DT @ 150: 0.1
INFO - [G] LONG DT @ 150: 0.1
INFO - [G] LONG DT @ 150: 0.1
INFO - [G] LONG DT @ 150: 0.1
INFO - [G] LONG DT @ 150: 0.1
INFO - [G] LONG DT @ 150: 0.1
INFO - [G] LONG DT @ 150: 0.1
INFO - [G] LONG DT @ 150: 0.1
INFO - [G] LONG DT @ 150: 0.1
INFO - [G] LONG DT @ 151: 0.1
INFO - [G] LONG DT @ 151: 0.1
INFO - [G] LONG DT @ 151: 0.1
INFO - [G] LONG DT @ 151: 0.1
INFO - [G] LONG DT @ 151: 0.1
INFO - [G] LONG DT @ 151: 0.1
INFO - [G] LONG DT @ 151: 0.1
INFO - [G] LONG DT @ 151: 0.1
INFO - [G] LONG DT @ 151: 0.1
INFO - [G] LONG DT @ 151: 0.1
INFO - [G] LONG DT @ 152: 0.1
INFO - [G] LONG DT @ 152: 0.1
INFO - [G] LONG DT @ 152: 0.1
INFO - [G] LONG DT @ 152: 0.1
INFO - [G] LONG DT @ 152: 0.1
INFO - [G] LONG DT @ 152: 0.1
INFO - [G] LONG DT @ 152: 0.1
INFO - [G] LONG DT @ 152: 0.1
INFO - [G] LONG DT @ 152: 0.1
INFO - [G] LONG DT @ 152: 0.1
INFO - [G] LONG DT @ 153: 0.1
INFO - [G] LONG DT @ 153: 0.1
INFO - [G] LONG DT @ 153: 0.1
INFO - [G] LONG DT @ 153: 0.1
INFO - [G] LONG DT @ 153: 0.1
INFO - [G] LONG DT @ 153: 0.1
INFO - [G] LONG DT @ 153: 0.1
INFO - [G] LONG DT @ 153: 0.1
INFO - [G] LONG DT @ 153: 0.1
INFO - [G] LONG DT @ 153: 0.1
INFO - [G] LONG DT @ 154: 0.1
INFO - [G] LONG DT @ 154: 0.1
INFO - [G] LONG DT @ 154: 0.1
INFO - [G] LONG DT @ 154: 0.1
INFO - [G] LONG DT @ 154: 0.1
INFO - [G] LONG DT @ 154: 0.1
INFO - [G] LONG DT @ 154: 0.1
INFO - [G] LONG DT @ 154: 0.1
INFO - [G] LONG DT @ 154: 0.1
INFO - [G] LONG DT @ 154: 0.1
INFO - [G] LONG DT @ 155: 0.1
INFO - [G] LONG DT @ 155: 0.1
INFO - [G] LONG DT @ 155: 0.1
INFO - [G] LONG DT @ 155: 0.1
INFO - [G] LONG DT @ 155: 0.1
INFO - [G] LONG DT @ 155: 0.1
INFO - [G] LONG DT @ 155: 0.1
INFO - [G] LONG DT @ 155: 0.1
INFO - [G] LONG DT @ 155: 0.1
INFO - [G] LONG DT @ 155: 0.1
INFO - [G] LONG DT @ 156: 0.1
INFO - [G] LONG DT @ 156: 0.1
INFO - [G] LONG DT @ 156: 0.1
INFO - [G] LONG DT @ 156: 0.1
INFO - [G] LONG DT @ 156: 0.1
INFO - [G] LONG DT @ 156: 0.1
INFO - [G] LONG DT @ 156: 0.1
INFO - [G] LONG DT @ 156: 0.1
INFO - [G] LONG DT @ 156: 0.1
INFO - [G] LONG DT @ 156: 0.1
INFO - [G] LONG DT @ 157: 0.1
INFO - [G] LONG DT @ 157: 0.1
INFO - [G] LONG DT @ 157: 0.1
INFO - [G] LONG DT @ 157: 0.1
INFO - [G] LONG DT @ 157: 0.1
INFO - [G] LONG DT @ 157: 0.1
INFO - [G] LONG DT @ 157: 0.1
INFO - [G] LONG DT @ 157: 0.1
INFO - [G] LONG DT @ 157: 0.1
INFO - [G] LONG DT @ 157: 0.1
INFO - [G] LONG DT @ 158: 0.1
INFO - [G] LONG DT @ 158: 0.1
INFO - [G] LONG DT @ 158: 0.1
INFO - [G] LONG DT @ 158: 0.1
INFO - [G] LONG DT @ 158: 0.1
INFO - [G] LONG DT @ 158: 0.1
INFO - [G] LONG DT @ 158: 0.1
INFO - [G] LONG DT @ 158: 0.1
INFO - [G] LONG DT @ 158: 0.1
INFO - [G] LONG DT @ 158: 0.1
INFO - [G] LONG DT @ 159: 0.1
INFO - [G] LONG DT @ 159: 0.1
INFO - [G] LONG DT @ 159: 0.1
INFO - [G] LONG DT @ 159: 0.1
INFO - [G] LONG DT @ 159: 0.1
INFO - [G] LONG DT @ 159: 0.1
INFO - [G] LONG DT @ 159: 0.1
INFO - [G] LONG DT @ 159: 0.1
INFO - [G] LONG DT @ 159: 0.1
INFO - [G] LONG DT @ 159: 0.1
INFO - [G] LONG DT @ 160: 0.1
INFO - [G] LONG DT @ 160: 0.1
INFO - [G] LONG DT @ 160: 0.1
INFO - [G] LONG DT @ 160: 0.1
INFO - [G] LONG DT @ 160: 0.1
INFO - [G] LONG DT @ 160: 0.1
INFO - [G] LONG DT @ 160: 0.1
INFO - [G] LONG DT @ 160: 0.1
INFO - [G] LONG DT @ 160: 0.1
INFO - [G] LONG DT @ 160: 0.1
INFO - [G] LONG DT @ 161: 0.1
INFO - [G] LONG DT @ 161: 0.1
INFO - [G] LONG DT @ 161: 0.1
INFO - [G] LONG DT @ 161: 0.1
INFO - [G] LONG DT @ 161: 0.1
INFO - [G] LONG DT @ 161: 0.1
INFO - [G] LONG DT @ 161: 0.1
INFO - [G] LONG DT @ 161: 0.1
INFO - [G] LONG DT @ 161: 0.1
INFO - [G] LONG DT @ 161: 0.1
INFO - [G] LONG DT @ 162: 0.1
INFO - [G] LONG DT @ 162: 0.1
INFO - [G] LONG DT @ 162: 0.1
INFO - [G] LONG DT @ 162: 0.1
INFO - [G] LONG DT @ 162: 0.1
INFO - [G] LONG DT @ 162: 0.1
INFO - [G] LONG DT @ 162: 0.1
INFO - [G] LONG DT @ 162: 0.1
INFO - [G] LONG DT @ 162: 0.1
INFO - [G] LONG DT @ 162: 0.1
INFO - [G] LONG DT @ 163: 0.1
INFO - [G] LONG DT @ 163: 0.1
INFO - [G] LONG DT @ 163: 0.1
INFO - [G] LONG DT @ 163: 0.1
INFO - [G] LONG DT @ 163: 0.1
INFO - [G] LONG DT @ 163: 0.1
INFO - [G] LONG DT @ 163: 0.1
INFO - [G] LONG DT @ 163: 0.1
INFO - [G] LONG DT @ 163: 0.1
INFO - [G] LONG DT @ 163: 0.1
