INFO - [♥] Lovely 0.7.1
INFO - [♥] Game directory is at "E:\\shira\\.local\\share\\Steam\\steamapps\\common\\Balatro"
INFO - [♥] Writing logs to "C:\\users\\steamuser\\AppData\\Roaming\\Balatro\\Mods\\lovely\\log"
INFO - [♥] Using mod directory at "C:\\users\\steamuser\\AppData\\Roaming\\Balatro\\Mods"
WARN - [♥] Unknown key `patches.0.?.match_indent` found in patch file at "C:\\users\\steamuser\\AppData\\Roaming\\Balatro\\Mods\\BalatroMultiplayer-0.1.8.3\\lovely.toml", ignoring it
WARN - [♥] Unknown key `patches.1.?.match_indent` found in patch file at "C:\\users\\steamuser\\AppData\\Roaming\\Balatro\\Mods\\BalatroMultiplayer-0.1.8.3\\lovely.toml", ignoring it
WARN - [♥] Unknown key `patches.9.?.match_indent` found in patch file at "C:\\users\\steamuser\\AppData\\Roaming\\Balatro\\Mods\\BalatroMultiplayer-0.1.8.3\\lovely.toml", ignoring it
WARN - [♥] Unknown key `patches.10.?.match_indent` found in patch file at "C:\\users\\steamuser\\AppData\\Roaming\\Balatro\\Mods\\BalatroMultiplayer-0.1.8.3\\lovely.toml", ignoring it
WARN - [♥] Unknown key `patches.13.?.match_indent` found in patch file at "C:\\users\\steamuser\\AppData\\Roaming\\Balatro\\Mods\\BalatroMultiplayer-0.1.8.3\\lovely.toml", ignoring it
WARN - [♥] Unknown key `patches.15.?.match_indent` found in patch file at "C:\\users\\steamuser\\AppData\\Roaming\\Balatro\\Mods\\HandyBalatro\\lovely.toml", ignoring it
WARN - [♥] Unknown key `patches.15.?.overwrite` found in patch file at "C:\\users\\steamuser\\AppData\\Roaming\\Balatro\\Mods\\HandyBalatro\\lovely.toml", ignoring it
WARN - [♥] Unknown key `patches.49.?.match_indent` found in patch file at "C:\\users\\steamuser\\AppData\\Roaming\\Balatro\\Mods\\Talisman\\lovely.toml", ignoring it
WARN - [♥] Unknown key `patches.52.?.match_indent` found in patch file at "C:\\users\\steamuser\\AppData\\Roaming\\Balatro\\Mods\\Talisman\\lovely.toml", ignoring it
INFO - [♥] Cleaning up dumps directory at "C:\\users\\steamuser\\AppData\\Roaming\\Balatro\\Mods\\lovely\\dump"
INFO - [♥] Initialization complete in 53ms
WARN - [♥] Pattern 'G.ARGS.score_intensity.organ = G.video_organ or G.ARGS.score_intensity.required_score > 0 and math.max(math.min(0.4, 0.1*math.log(G.ARGS.score_intensity.earned_score/(G.ARGS.score_intensity.required_score+1), 5)),0.) or 0' on target 'main.lua' for pattern patch from Talisman\lovely.toml resulted in no matches
WARN - [♥] Pattern 'if type(G.GAME.current_round.current_hand.chips) ~= \'number\' or type(G.GAME.current_round.current_hand.mult) ~= \'number\' then' on target 'main.lua' for pattern patch from Talisman\lovely.toml resulted in no matches
INFO - [♥] Applied 22 patches to 'main.lua'
INFO - [♥] Applied 2 patches to 'engine/string_packer.lua'
INFO - [♥] Applied 6 patches to 'engine/controller.lua'
INFO - [♥] Applied 15 patches to 'back.lua'
INFO - [♥] Applied 7 patches to 'tag.lua'
INFO - [♥] Applied 2 patches to 'engine/moveable.lua'
INFO - [♥] Applied 2 patches to 'engine/sprite.lua'
INFO - [♥] Applied 2 patches to 'engine/animatedsprite.lua'
WARN - [♥] Pattern 'assembled_string = assembled_string..(type(subpart) == \'string\' and subpart or args.vars[tonumber(subpart[1])] or \'ERROR\')' on target 'functions/misc_functions.lua' for pattern patch from Talisman\lovely.toml resulted in no matches
INFO - [♥] Applied 51 patches to 'functions/misc_functions.lua'
INFO - [♥] Applied 44 patches to 'game.lua'
INFO - [♥] Applied 1 patch to 'globals.lua'
INFO - [♥] Applied 6 patches to 'engine/ui.lua'
WARN - [♥] Pattern '{n=G.UIT.T, config={text = G.GAME.hands[handname].chips, scale = 0.45, colour = G.C.UI.TEXT_LIGHT}},' on target 'functions/UI_definitions.lua' for pattern patch from Talisman\lovely.toml resulted in no matches
WARN - [♥] Pattern '{n=G.UIT.T, config={text = G.GAME.hands[handname].mult, scale = 0.45, colour = G.C.UI.TEXT_LIGHT}}' on target 'functions/UI_definitions.lua' for pattern patch from Talisman\lovely.toml resulted in no matches
INFO - [♥] Applied 85 patches to 'functions/UI_definitions.lua'
WARN - [♥] Pattern 'if effects[ii].card then' on target 'functions/state_events.lua' for pattern patch from Talisman\lovely.toml resulted in no matches
WARN - [♥] Pattern 'if effects.jokers.Xmult_mod then mult = mod_mult(mult*effects.jokers.Xmult_mod);extras.mult = true  end' on target 'functions/state_events.lua' for pattern patch from Talisman\lovely.toml resulted in no matches
WARN - [♥] Pattern 'if effect.Xmult_mod then mult = mod_mult(mult*effect.Xmult_mod);extras.mult = true  end' on target 'functions/state_events.lua' for pattern patch from Talisman\lovely.toml resulted in no matches
WARN - [♥] Pattern 'if effects[ii].message then' on target 'functions/state_events.lua' for pattern patch from Talisman\lovely.toml resulted in no matches
WARN - [♥] Pattern '--calculate the card edition effects' on target 'functions/state_events.lua' for pattern patch from Talisman\lovely.toml resulted in no matches
WARN - [♥] Pattern 'if effects[ii].edition.p_dollars_mod then' on target 'functions/state_events.lua' for pattern patch from Talisman\lovely.toml resulted in no matches
WARN - [♥] Pattern 'if edition_effects.jokers.x_mult_mod then' on target 'functions/state_events.lua' for pattern patch from Talisman\lovely.toml resulted in no matches
INFO - [♥] Applied 50 patches to 'functions/state_events.lua'
WARN - [♥] Pattern 'if num_dollars > 60 then' on target 'functions/common_events.lua' for pattern patch from Talisman\lovely.toml resulted in no matches
WARN - [♥] Pattern 'func = (function() if eval_func(card) then if not first or first then card:juice_up(0.1, 0.1) end;juice_card_until(card, eval_func, nil, 0.8) end return true end)' on target 'functions/common_events.lua' for pattern patch from Talisman\lovely.toml resulted in no matches
INFO - [♥] Applied 130 patches to 'functions/common_events.lua'
INFO - [♥] Applied 56 patches to 'functions/button_callbacks.lua'
WARN - [♥] Pattern 'function Card:calculate_seal(context)\n    if self.debuff then return nil end' on target 'card.lua' for pattern patch from SMODS\lovely\can_calculate.toml resulted in no matches
WARN - [♥] Pattern 'function Card:calculate_joker(context)\n    if self.debuff then return nil end\n    if self.ability.set == \"Planet\" and not self.debuff then' on target 'card.lua' for pattern patch from SMODS\lovely\can_calculate.toml resulted in no matches
WARN - [♥] Pattern 'if G.GAME.blind then G.E_MANAGER:add_event(Event({ func = function() G.GAME.blind:set_blind(nil, true, nil); return true end })) end' on target 'card.lua' for pattern patch from Talisman\lovely.toml resulted in no matches
WARN - [♥] Pattern 'x_mult = center.config.Xmult or 1,' on target 'card.lua' for pattern patch from Talisman\lovely.toml resulted in no matches
INFO - [♥] Applied 152 patches to 'card.lua'
INFO - [♥] Applied 8 patches to 'cardarea.lua'
INFO - [♥] Applied 36 patches to 'blind.lua'
INFO - [♥] Applied 5 patches to 'engine/text.lua'
INFO - [G] Failed to connect to the debug server
INFO - [G] 2025-03-16 11:40:20 :: DEBUG :: DebugConsole :: Steamodded Debug Socket started !
INFO - [♥] Applied 9 patches to 'engine/sound_manager.lua'
INFO - [♥] Applied 3 patches to 'engine/save_manager.lua'
INFO - [♥] Applied 2 patches to 'engine/string_packer.lua'
INFO - [G] 2025-03-16 11:40:21 :: INFO  :: DefaultLogger :: Valid JSON file found
INFO - [G] 2025-03-16 11:40:21 :: TRACE :: Loader :: Processing Mod file (Legacy header): AbsoluteDeck.lua
INFO - [G] 2025-03-16 11:40:21 :: TRACE :: Loader :: Saving Mod Info: AbsoluteDeck
INFO - [G] 2025-03-16 11:40:21 :: TRACE :: Loader :: Processing Mod file (Legacy header): JokerOnlyDeck.lua
INFO - [G] 2025-03-16 11:40:21 :: TRACE :: Loader :: Saving Mod Info: JokerOnlyDeck
INFO - [G] 2025-03-16 11:40:21 :: TRACE :: Loader :: Processing Mod file (Legacy header): PactDeck.lua
INFO - [G] 2025-03-16 11:40:21 :: TRACE :: Loader :: Saving Mod Info: PactDeck
INFO - [G] 2025-03-16 11:40:21 :: TRACE :: Loader :: Processing Mod file (Legacy header): PauperDeck.lua
INFO - [G] 2025-03-16 11:40:21 :: TRACE :: Loader :: Saving Mod Info: pauperdeck
INFO - [G] 2025-03-16 11:40:21 :: TRACE :: Loader :: Processing Mod file (Legacy header): UltimateRandom.lua
INFO - [G] 2025-03-16 11:40:21 :: TRACE :: Loader :: Saving Mod Info: UltimateRandomDeck
INFO - [G] 2025-03-16 11:40:21 :: INFO  :: DefaultLogger :: Valid JSON file found
INFO - [G] 2025-03-16 11:40:21 :: TRACE :: Loader :: Processing Mod file (Legacy header): steamodded.lua
INFO - [G] 2025-03-16 11:40:21 :: WARN  :: Loader :: Duplicate Mod ID: Handy
INFO - [G] 2025-03-16 11:40:21 :: INFO  :: DefaultLogger :: Valid JSON file found
INFO - [G] 2025-03-16 11:40:21 :: TRACE :: Loader :: Processing Mod file (Legacy header): steamodded_metadata.lua
INFO - [G] 2025-03-16 11:40:21 :: TRACE :: Loader :: Saving Mod Info: Talisman
INFO - [G] 2025-03-16 11:40:21 :: WARN  :: Atlas :: Detected duplicate register call on object pactdeck_deck
INFO - [G] [CRYPTID] Loading library file ascended.lua
INFO - [G] [CRYPTID] Loading library file calculate.lua
INFO - [G] [CRYPTID] Loading library file content.lua
INFO - [G] [CRYPTID] Loading library file cross-mod.lua
INFO - [G] [CRYPTID] Loading library file d20.lua
INFO - [G] [CRYPTID] Loading library file event.lua
INFO - [G] [CRYPTID] Loading library file gameset.lua
INFO - [G] [CRYPTID] Loading library file https.lua
INFO - [G] 2025-03-16 11:40:21 :: DEBUG :: SMODS.https :: Using https module backend
INFO - [G] [CRYPTID] Loading library file misc.lua
INFO - [G] [CRYPTID] Loading library file misprintize.lua
INFO - [G] [CRYPTID] Loading library file modifiers.lua
INFO - [G] 2025-03-16 11:40:21 :: WARN  :: Sticker :: Detected duplicate register call on object perishable
INFO - [G] 2025-03-16 11:40:21 :: WARN  :: Sticker :: Detected duplicate register call on object pinned
INFO - [G] 2025-03-16 11:40:21 :: WARN  :: Sticker :: Detected duplicate register call on object eternal
INFO - [G] 2025-03-16 11:40:21 :: WARN  :: Sticker :: Detected duplicate register call on object rental
INFO - [G] [CRYPTID] Loading library file notifications.lua
INFO - [G] [CRYPTID] Loading library file overrides.lua
INFO - [G] [CRYPTID] Loading library file ui.lua
INFO - [G] [CRYPTID] Loading file achievement.lua
INFO - [G] [CRYPTID] Loading file blind.lua
INFO - [G] [CRYPTID] Loading file challenge.lua
INFO - [G] [CRYPTID] Loading file code.lua
INFO - [G] line not found
INFO - [G] file not found: main.lua: No such file or directory
INFO - [G] file not found: main.lua: No such file or directory
INFO - [G] line not found
INFO - [G] line not found
INFO - [G] line not found
INFO - [G] file not found: main.lua: No such file or directory
INFO - [G] 2025-03-16 11:40:21 :: ERROR :: StackTrace :: Oops! The game crashed
[SMODS Cryptid "items/code.lua"]:4186: attempt to index field 'aliases' (a nil value)
Stack Traceback
===============
(1) Lua local 'handler' at file 'main.lua:612'
	Local variables:
	 msg = string: "[SMODS Cryptid \"items/code.lua\"]:4186: attempt to index field 'aliases' (a nil value)"
	 (*temporary) = Lua function '?' (defined at line 31 of chunk [SMODS _ "src/logging.lua"])
	 (*temporary) = string: "Oops! The game crashed\
"
(2) LÖVE metamethod at file 'boot.lua:352'
	Local variables:
	 errhand = Lua function '?' (defined at line 598 of chunk main.lua)
	 handler = Lua function '?' (defined at line 598 of chunk main.lua)
(3) Lua method 'init' at file 'items/code.lua:4186' (from mod with id Cryptid)
	Local variables:
	 self = table: 0x0b4cfee0  {order:41, loc_vars:function: 0x0b4d0158, object_type:Consumable, hidden:true, name:cry-Pointer, soul_set:Code, cry_credits:table: 0x0b4cff08 (more...)}
	 aliases = table: 0x0b4d3478  {stencil:joker stencil, gofp:garden of forking paths, likeantennastoheaven:...like antennas to heaven, discofpenury:the disc of penury, square:square joker (more...)}
	 (for generator) = C function: next
	 (for state) = table: 0x0b4d3478  {stencil:joker stencil, gofp:garden of forking paths, likeantennastoheaven:...like antennas to heaven, discofpenury:the disc of penury, square:square joker (more...)}
	 (for control) = number: nan
	 k = string: "stencil"
	 v = string: "joker stencil"
	 (*temporary) = nil
	 (*temporary) = string: "attempt to index field 'aliases' (a nil value)"
(4) Lua local 'process_items' at file 'Cryptid.lua:88' (from mod with id Cryptid)
	Local variables:
	 f = Lua function '?' (defined at line 0 of chunk [SMODS Cryptid "items/code.lua"])
	 mod = nil
	 ret = table: 0x0b4d2160  {init:function: 0x0b4d21f0, name:Code Cards, items:table: 0x0b4d1fd8}
	 (for generator) = C function: builtin#6
	 (for state) = table: 0x0b4d1fd8  {1:table: 0x0b44d728, 2:table: 0x0b44d408, 3:table: 0x04d84780, 4:table: 0x04d84c20, 5:table: 0x04d850c0, 6:table: 0x04d91bc0, 7:table: 0x0b4cec78 (more...)}
	 (for control) = number: 10
	 _ = number: 10
	 item = table: 0x0b4cfee0  {order:41, loc_vars:function: 0x0b4d0158, object_type:Consumable, hidden:true, name:cry-Pointer, soul_set:Code, cry_credits:table: 0x0b4cff08 (more...)}
(5) main chunk of file 'Cryptid.lua' at line 138 (from mod with id Cryptid)
(6) Lua global 'loadMods' at Steamodded file 'src/loader.lua:571' 
	Local variables:
	 modsDirectory = string: "C:\\users\\steamuser\\AppData\\Roaming\\Balatro\\Mods"
	 header_components = table: 0x045bcc00  {version:table: 0x045bd318, id:table: 0x045bcdd8, conflicts:table: 0x045bd208, outdated:table: 0x045bd398, prefix:table: 0x045bd2b8, dump_loc:table: 0x045bd3f8 (more...)}
	 json_spec = table: 0x045bd490  {version:table: 0x045bdbd0, id:table: 0x045bd7c0, main_file:table: 0x045bddb0, __:table: 0x045bde70, badge_colour:table: 0x045bda70, badge_text_colour:table: 0x045bdaf0 (more...)}
	 used_prefixes = table: 0x045bdf70  {pactdeck:PactDeck, ulti:UltimateRandomDeck, talisman:Talisman, abso:AbsoluteDeck, paup:pauperdeck}
	 lovely_directories = table: 0x045bdf98  {1:C:\users\steamuser\AppData\Roaming\Balatro\Mods/BalatroMultiplayer-0.1.8.3/, 2:C:\users\steamuser\AppData\Roaming\Balatro\Mods/HandyBalatro/ (more...)}
	 processDirectory = Lua function '?' (defined at line 185 of chunk [SMODS _ "src/loader.lua"])
	 keyset = table: 0x04d5ce28  {1:0, 2:114, 3:9.007199254741e+15}
	 check_dependencies = Lua function '?' (defined at line 419 of chunk [SMODS _ "src/loader.lua"])
	 (for generator) = C function: builtin#6
	 (for state) = table: 0x04d5ce28  {1:0, 2:114, 3:9.007199254741e+15}
	 (for control) = number: 2
	 _ = number: 2
	 priority = number: 114
	 (for generator) = C function: builtin#6
	 (for state) = table: 0x0b492ce0  {1:table: 0x0b491200}
	 (for control) = number: 1
	 _ = number: 1
	 mod = table: 0x0b491200  {version:0.5.5~dev_JSON_arc, id:Cryptid, main_file:Cryptid.lua, can_load:true, badge_colour:table: 0x0b4919c0, badge_text_colour:table: 0x0b491a10 (more...)}
(7) Lua global 'initSteamodded' at Steamodded file 'src/loader.lua:654' 
(8) Lua upvalue 'su' at file 'game.lua:211'
	Local variables:
	 self = table: 0x03ddc9f8  {F_GUIDE:false, F_CRASH_REPORTS:false, F_QUIT_BUTTON:true, F_ENGLISH_ONLY:false, F_VIDEO_SETTINGS:true, STAGE:1, F_MOBILE_UI:false, F_NO_SAVING:false (more...)}
	 settings = string: "return {[\"version\"]=\"1.0.1o-FULL\",[\"paused\"]=false,[\"QUEUED_CHANGE\"]={},[\"COMP\"]={[\"prev_name\"]=\"\",[\"name\"]=\"\",[\"score\"]=580150259.137,},[\"colourblind_option\"]=false,[\"play_button_pos\"]=2,[\"CUSTOM_DECK\"]={[\"Collabs\"]={[\"Spades\"]=\"default_Spades\",[\"Hearts\"]=\"default_Hearts\",[\"Diamonds\"]=\"default_Diamonds\",[\"Clubs\"]=\"default_Clubs\",},},[\"colour_palettes\"]={[\"Spades\"]=\"lc\",[\"Hearts\"]=\"lc\",[\"Diamonds\"]=\"lc\",[\"Clubs\"]=\"lc\",},[\"crashreports\"]=false,[\"tutorial_progress\"]={[\"completed_parts\"]={[\"first_hand_3\"]=true,[\"shop_1\"]=true,[\"big_blind\"]=true,[\"first_hand_4\"]=true,[\"small_blind\"]=true,[\"first_hand_section\"]=true,[\"first_hand_2\"]=true,[\"first_hand\"]=true,},[\"section\"]=\"big_blind\",[\"hold_parts\"]={},},[\"language\"]=\"en-us\",[\"run_stake_stickers\"]=false,[\"ambient_control\"]={[\"ambientFire3\"]={[\"vol\"]=0,[\"per\"]=1,},[\"ambientFire1\"]={[\"vol\"]=0,[\"per\"]=1.1,},[\"ambientFire2\"]={[\"vol\"]=0,[\"per\"]=1.05,},[\"ambientOrgan1\"]={[\"vol\"]=0,[\"per\"]=0.7,},},[\"WINDOW\"]={[\"vsync\"]=0,[\"display_names\"]={[1]=\"1\",},[\"screenmode\"]=\"Windowed\",[\"DISPLAYS\"]={[2]={[\"DPI_scale\"]=1,[\"screen_resolutions\"]={[\"strings\"]={[1]=\"-\",},[\"values\"]={[1]={[\"h\"]=720,[\"w\"]=1280,},},},[\"MONITOR_DIMS\"]={[\"height\"]=2160,[\"width\"]=3840,},},[1]={[\"DPI_scale\"]=1,[\"screen_res\"]={[\"w\"]=2560,[\"h\"]=1440,},[\"screen_resolutions\"]={[\"strings\"]={[1]=\"-\",},[\"values\"]={[1]={[\"h\"]=720,[\"w\"]=1280,},},},[\"MONITOR_DIMS\"]={[\"height\"]=1080,[\"width\"]=1920,},},},[\"selected_display\"]=1,},[\"screenshake\"]=50,[\"GAMESPEED\"]=4,[\"SOUND\"]={[\"volume\"]=30.213881063598,[\"music_volume\"]=28.36664526879,[\"game_sounds_volume\"]=100,},[\"music_control\"]={[\"current_track\"]=\"\",[\"desired_track\"]=\"\",[\"lerp\"]=1,},[\"ACHIEVEMENTS_EARNED\"]={[\"card_discarder\"]=true,[\"_10k\"]=true,[\"retrograde\"]=true,[\"royale\"]=true,[\"_100000k\"]=true,[\"cartomancy\"]=true,[\"mid_stakes\"]=true,[\"low_stakes\"]=true,[\"ante_upper\"]=true,[\"rule_bender\"]=true,[\"you_get_what_you_get\"]=true,[\"legendary\"]=true,[\"speedrunner\"]=true,[\"heads_up\"]=true,[\"_1000k\"]=true,[\"clairvoyance\"]=true,[\"ante_up\"]=true,[\"card_player\"]=true,},[\"tutorial_complete\"]=true,[\"current_setup\"]=\"New Run\",[\"profile\"]=1,[\"FASTFORWARD\"]=0,[\"DEMO\"]={[\"win_CTA_shown\"]=true,[\"quit_CTA_shown\"]=true,[\"timed_CTA_shown\"]=true,[\"total_uptime\"]=10.011528921789,},[\"GRAPHICS\"]={[\"shadows\"]=\"On\",[\"crt\"]=0,[\"bloom\"]=1,[\"texture_scaling\"]=2,},}"
	 settings_ver = nil
	 new_colour_proto = table: 0x03de4f68  {Spades:table: 0x03de51f0, Hearts:table: 0x03de5060, Diamonds:table: 0x03de5118, Clubs:table: 0x03de5288}
	 sound_files = table: 0x0423e490  {1:ambientFire1.ogg, 2:ambientFire2.ogg, 3:ambientFire3.ogg, 4:ambientOrgan1.ogg, 5:button.ogg, 6:cancel.ogg, 7:card1.ogg, 8:card3.ogg, 9:cardFan2.ogg (more...)}
	 shader_files = table: 0x042423a0  {1:CRT.fs, 2:background.fs, 3:booster.fs, 4:debuff.fs, 5:dissolve.fs, 6:flame.fs, 7:flash.fs, 8:foil.fs, 9:gold_seal.fs, 10:holo.fs, 11:hologram.fs (more...)}
(9) Lua method 'start_up' at file 'main.lua:4694'
	Local variables:
	 self = table: 0x03ddc9f8  {F_GUIDE:false, F_CRASH_REPORTS:false, F_QUIT_BUTTON:true, F_ENGLISH_ONLY:false, F_VIDEO_SETTINGS:true, STAGE:1, F_MOBILE_UI:false, F_NO_SAVING:false (more...)}
(10) Lua field 'load' at file 'main.lua:948'
(11) Lua function '?' at file 'main.lua:895' (best guess)
(12) global C function 'xpcall'
(13) LÖVE function at file 'boot.lua:368' (best guess)
	Local variables:
	 result = boolean: true
	 main = nil
(14) global C function 'xpcall'
(15) LÖVE function at file 'boot.lua:377' (best guess)
	Local variables:
	 func = Lua function '(LÖVE Function)' (defined at line 355 of chunk [love "boot.lua"])
	 inerror = boolean: true
	 deferErrhand = Lua function '(LÖVE Function)' (defined at line 348 of chunk [love "boot.lua"])
	 earlyinit = Lua function '(LÖVE Function)' (defined at line 355 of chunk [love "boot.lua"])

INFO - [G] line not found
INFO - [G] line not found
INFO - [G] line not found
INFO - [G] file not found: main.lua: No such file or directory
INFO - [G] 2025-03-16 11:40:21 :: INFO  :: StackTrace :: Additional Context:
Balatro Version: 1.0.1o-FULL
Modded Version: 1.0.0~BETA-0305c-STEAMODDED
LÖVE Version: 11.5.0
Lovely Version: 0.7.1
Platform: Windows
Steamodded Mods:
    1: Multiplayer by virtualized, TGMM, CUexter [ID: VirtualizedMultiplayer, Priority: 9.007199254741e+15, Version: 0.1.8.3, Uses Lovely]
    2: Ultimate Random Deck by Steamo [ID: UltimateRandomDeck]
    3: Joker Only Deck by Mojimoon [ID: JokerOnlyDeck]
    4: Cryptid by MathIsFun_, Cryptid and Balatro Discords [ID: Cryptid, Priority: 114, Version: 0.5.5~dev_JSON_arc]
    5: Talisman by MathIsFun_, Mathguy24, jenwalter666, cg-223 [ID: Talisman, Version: 2.1.0, Uses Lovely]
        Break Infinity: omeganum
    6: Pact Deck by Blackbando [ID: PactDeck]
    7: Handy by SleepyG11 [ID: Handy, Version: 1.3.2, Uses Lovely]
    8: Absolute Deck by Steamo [ID: AbsoluteDeck]
    9: PauperDeck by Aiksi [ID: pauperdeck, Version: 1.1]
Lovely Mods:
