INFO - [♥] Lovely 0.7.1
INFO - [♥] Game directory is at "E:\\shira\\.local\\share\\Steam\\steamapps\\common\\Balatro"
INFO - [♥] Writing logs to "C:\\users\\steamuser\\AppData\\Roaming\\Balatro\\Mods\\lovely\\log"
INFO - [♥] Using mod directory at "C:\\users\\steamuser\\AppData\\Roaming\\Balatro\\Mods"
WARN - [♥] Unknown key `patches.15.?.match_indent` found in patch file at "C:\\users\\steamuser\\AppData\\Roaming\\Balatro\\Mods\\HandyBalatro\\lovely.toml", ignoring it
WARN - [♥] Unknown key `patches.15.?.overwrite` found in patch file at "C:\\users\\steamuser\\AppData\\Roaming\\Balatro\\Mods\\HandyBalatro\\lovely.toml", ignoring it
INFO - [♥] Cleaning up dumps directory at "C:\\users\\steamuser\\AppData\\Roaming\\Balatro\\Mods\\lovely\\dump"
INFO - [♥] Initialization complete in 231ms
INFO - [♥] Applied 22 patches to 'main.lua'
INFO - [♥] Applied 6 patches to 'engine/controller.lua'
INFO - [♥] Applied 15 patches to 'back.lua'
INFO - [♥] Applied 7 patches to 'tag.lua'
INFO - [♥] Applied 1 patch to 'engine/moveable.lua'
INFO - [♥] Applied 2 patches to 'engine/sprite.lua'
INFO - [♥] Applied 2 patches to 'engine/animatedsprite.lua'
INFO - [♥] Applied 49 patches to 'functions/misc_functions.lua'
INFO - [♥] Applied 41 patches to 'game.lua'
INFO - [♥] Applied 2 patches to 'globals.lua'
INFO - [♥] Applied 3 patches to 'engine/ui.lua'
INFO - [♥] Applied 88 patches to 'functions/UI_definitions.lua'
INFO - [♥] Applied 48 patches to 'functions/state_events.lua'
INFO - [♥] Applied 111 patches to 'functions/common_events.lua'
INFO - [♥] Applied 51 patches to 'functions/button_callbacks.lua'
WARN - [♥] Pattern 'if G.GAME.blind and G.GAME.blind.in_blind then G.E_MANAGER:add_event(Event({ func = function() G.GAME.blind:set_blind(nil, true, nil); return true end })) end' on target 'card.lua' for pattern patch from smods-1.0.0-beta-0323b\lovely\calculate_card_added.toml resulted in 2 matches, wanted 1
WARN - [♥] Ignoring excess matches
WARN - [♥] Pattern 'if next(find_joker(\'Smeared Joker\')) and (self.base.suit == \'Hearts\' or self.base.suit == \'Diamonds\') == (suit == \'Hearts\' or suit == \'Diamonds\') then' on target 'card.lua' for pattern patch from paperback-0.6.4b\lovely\spectrum.toml resulted in no matches
INFO - [♥] Applied 160 patches to 'card.lua'
INFO - [♥] Applied 9 patches to 'cardarea.lua'
INFO - [♥] Applied 36 patches to 'blind.lua'
INFO - [♥] Applied 2 patches to 'engine/text.lua'
INFO - [♥] Applied 2 patches to '=[SMODS _ "src/utils.lua"]'
INFO - [G] Failed to connect to the debug server
INFO - [G] 2025-03-30 21:21:12 :: DEBUG :: DebugConsole :: Steamodded Debug Socket started !
INFO - [♥] Applied 9 patches to 'engine/sound_manager.lua'
INFO - [♥] Applied 1 patch to 'engine/save_manager.lua'
INFO - [G] 2025-03-30 21:21:14 :: TRACE :: Loader :: Processing Mod file (Legacy header): steamodded_compat.lua
INFO - [G] 2025-03-30 21:21:14 :: TRACE :: Loader :: Saving Mod Info: Brainstorm
INFO - [G] 2025-03-30 21:21:14 :: TRACE :: Loader :: Processing Mod file (Legacy header): nihility.lua
INFO - [G] 2025-03-30 21:21:14 :: TRACE :: Loader :: Saving Mod Info: NihilityChallenge
INFO - [G] 2025-03-30 21:21:14 :: TRACE :: Loader :: Processing Mod file (Legacy header): FeedTheVampire.lua
INFO - [G] 2025-03-30 21:21:14 :: TRACE :: Loader :: Saving Mod Info: FTV
INFO - [G] 2025-03-30 21:21:14 :: TRACE :: Loader :: Processing Mod file (Legacy header): LastStand.lua
INFO - [G] 2025-03-30 21:21:14 :: TRACE :: Loader :: Saving Mod Info: LastStand
INFO - [G] 2025-03-30 21:21:14 :: TRACE :: Loader :: Processing Mod file (Legacy header): Riff-Raffling.lua
INFO - [G] 2025-03-30 21:21:14 :: WARN  :: Loader :: Duplicate Mod ID: FTV
INFO - [G] 2025-03-30 21:21:14 :: TRACE :: Loader :: Processing Mod file (Legacy header): StylishSleeves.lua
INFO - [G] 2025-03-30 21:21:14 :: TRACE :: Loader :: Saving Mod Info: StylishSleeves
INFO - [G] 2025-03-30 21:21:14 :: TRACE :: Loader :: Processing Mod file (Legacy header): AbsoluteDeck.lua
INFO - [G] 2025-03-30 21:21:14 :: TRACE :: Loader :: Saving Mod Info: AbsoluteDeck
INFO - [G] 2025-03-30 21:21:14 :: TRACE :: Loader :: Processing Mod file (Legacy header): JokerOnlyDeck.lua
INFO - [G] 2025-03-30 21:21:14 :: TRACE :: Loader :: Saving Mod Info: JokerOnlyDeck
INFO - [G] 2025-03-30 21:21:14 :: TRACE :: Loader :: Processing Mod file (Legacy header): PauperDeck.lua
INFO - [G] 2025-03-30 21:21:14 :: TRACE :: Loader :: Saving Mod Info: pauperdeck
INFO - [G] 2025-03-30 21:21:14 :: TRACE :: Loader :: Processing Mod file (Legacy header): UltimateRandom.lua
INFO - [G] 2025-03-30 21:21:14 :: TRACE :: Loader :: Saving Mod Info: UltimateRandomDeck
INFO - [G] 2025-03-30 21:21:14 :: INFO  :: DefaultLogger :: Valid JSON file found
INFO - [G] 2025-03-30 21:21:14 :: TRACE :: Loader :: Processing Mod file (Legacy header): steamodded.lua
INFO - [G] 2025-03-30 21:21:14 :: WARN  :: Loader :: Duplicate Mod ID: Handy
INFO - [G] 2025-03-30 21:21:14 :: TRACE :: Loader :: Processing Mod file (Legacy header): BlueStorm.lua
INFO - [G] 2025-03-30 21:21:14 :: TRACE :: Loader :: Saving Mod Info: DereBS
INFO - [G] 2025-03-30 21:21:14 :: TRACE :: Loader :: Processing Mod file (Legacy header): DereJkr.lua
INFO - [G] 2025-03-30 21:21:14 :: TRACE :: Loader :: Saving Mod Info: DereJkr
INFO - [G] 2025-03-30 21:21:14 :: INFO  :: DefaultLogger :: Valid JSON file found
INFO - [G] 2025-03-30 21:21:14 :: ERROR :: Loader :: Found invalid metadata JSON file at C:\users\steamuser\AppData\Roaming\Balatro\Mods/paperback-0.6.4b/.vscode/settings.json, ignoring: [SMODS _ "src/loader.lua"]:226: id
INFO - [G] 2025-03-30 21:21:14 :: INFO  :: DefaultLogger :: Valid JSON file found
INFO - [G] 2025-03-30 21:21:14 :: DEBUG :: MULTIPLAYER :: Resetting game states
INFO - [G] 2025-03-30 21:21:14 :: TRACE :: MULTIPLAYER :: Client sent message: connect
INFO - [G] 2025-03-30 21:21:14 :: INFO  :: TIMER :: [0000] Injected Language in 0.006 ms
INFO - [G] 2025-03-30 21:21:14 :: INFO  :: TIMER :: [0000] Injected [INTERNAL] in 4.392 ms
INFO - [G] 2025-03-30 21:21:15 :: INFO  :: TIMER :: [0063] Injected Atlas in 1216.768 ms
INFO - [G] 2025-03-30 21:21:15 :: INFO  :: TIMER :: [0003] Injected Sound in 3.198 ms
INFO - [G] 2025-03-30 21:21:15 :: INFO  :: TIMER :: [0008] Injected Stake in 0.676 ms
INFO - [G] 2025-03-30 21:21:15 :: INFO  :: TIMER :: [0004] Injected Rarity in 0.042 ms
INFO - [G] 2025-03-30 21:21:15 :: INFO  :: TIMER :: [0006] Injected ObjectType in 0.151 ms
INFO - [G] 2025-03-30 21:21:15 :: INFO  :: TIMER :: [0220] Injected Center in 2.274 ms
INFO - [G] 2025-03-30 21:21:15 :: INFO  :: TIMER :: [0007] Injected Undiscovered Sprite in 0.071 ms
INFO - [G] 2025-03-30 21:21:15 :: INFO  :: TIMER :: [0003] Injected Blind in 0.014 ms
INFO - [G] 2025-03-30 21:21:15 :: INFO  :: TIMER :: [0004] Injected Seal in 0.257 ms
INFO - [G] 2025-03-30 21:21:15 :: INFO  :: TIMER :: [0006] Injected Suit in 0.476 ms
INFO - [G] 2025-03-30 21:21:15 :: INFO  :: TIMER :: [0013] Injected Rank in 0.333 ms
INFO - [G] 2025-03-30 21:21:15 :: INFO  :: TIMER :: [0044] Injected DeckSkin in 0.704 ms
INFO - [G] 2025-03-30 21:21:15 :: INFO  :: TIMER :: [0016] Injected PokerHand in 0.235 ms
INFO - [G] 2025-03-30 21:21:15 :: INFO  :: TIMER :: [0023] Injected Challenge in 0.023 ms
INFO - [G] 2025-03-30 21:21:15 :: INFO  :: TIMER :: [0005] Injected Tag in 0.012 ms
INFO - [G] 2025-03-30 21:21:15 :: INFO  :: TIMER :: [0012] Injected Sticker in 3.152 ms
INFO - [G] 2025-03-30 21:21:15 :: INFO  :: TIMER :: [0001] Injected Shader in 13.458 ms
INFO - [G] 2025-03-30 21:21:15 :: INFO  :: TIMER :: [0002] Injected Keybind in 0.011 ms
INFO - [G] 2025-03-30 21:21:15 :: INFO  :: TIMER :: [0000] Injected Achievement in 0.054 ms
INFO - [G] 2025-03-30 21:21:15 :: INFO  :: TIMER :: [0002] Injected nil in 0.009 ms
INFO - [G] 2025-03-30 21:21:15 :: INFO  :: TIMER :: [0021] Injected Draw Step in 0.110 ms
INFO - [G] 2025-03-30 21:21:15 :: INFO  :: TIMER :: [0000] Injected [INTERNAL] in 4.612 ms
INFO - [G] 2025-03-30 21:21:15 :: INFO  :: TIMER :: [0000] Injected nil in 0.001 ms
INFO - [G] 2025-03-30 21:21:15 :: INFO  :: TIMER :: [0004] Injected nil in 0.013 ms
INFO - [G] 2025-03-30 21:21:15 :: TRACE :: MULTIPLAYER :: Client got connected message:  (action: connected) 
INFO - [G] 2025-03-30 21:21:15 :: TRACE :: MULTIPLAYER :: Client sent message: action:username,username:shira,modHash:
INFO - [G] 2025-03-30 21:21:15 :: TRACE :: MULTIPLAYER :: Client got version message:  (action: version) 
INFO - [G] 2025-03-30 21:21:15 :: TRACE :: MULTIPLAYER :: Client sent message: action:version,version:0.2.1-MULTIPLAYER
INFO - [G] 2025-03-30 21:21:15 :: INFO  :: MULTIPLAYER :: Generated Mod Hash: 8404
INFO - [G] 2025-03-30 21:21:15 :: TRACE :: MULTIPLAYER :: Client sent message: action:username,username:shira,modHash:AbsoluteDeck-0.0.0;Brainstorm-2.0.0-beta;DereBS-0.0.0;DereJkr-0.0.0;FTV-0.0.0;Handy-1.3.2;JokerOnlyDeck-0.0.0;LastStand-0.0.0;Multiplayer-0.2.1;NihilityChallenge-0.0.0;StylishSleeves-0.0.0;UltimateRandomDeck-0.0.0;paperback-0.6.4b;pauperdeck-1.1
INFO - [G] 2025-03-30 21:21:32 :: TRACE :: MULTIPLAYER :: Client sent message: action:createLobby,gameMode:ruleset_mp_standard
INFO - [G] 2025-03-30 21:21:33 :: TRACE :: MULTIPLAYER :: Client got joinedLobby message:  (type: ruleset_mp_standard)  (action: joinedLobby)  (code: SZWER) 
INFO - [G] 2025-03-30 21:21:33 :: TRACE :: MULTIPLAYER :: Client sent message: action:lobbyInfo
INFO - [G] 2025-03-30 21:21:33 :: DEBUG :: MULTIPLAYER :: Resetting game states
INFO - [G] 2025-03-30 21:21:33 :: TRACE :: MULTIPLAYER :: Client got lobbyInfo message:  (host: shira)  (action: lobbyInfo)  (isHost: true)  (hostHash: AbsoluteDeck-0.0.0;Brainstorm-2.0.0-beta;DereBS-0.0.0;DereJkr-0.0.0;FTV-0.0.0;Handy-1.3.2;JokerOnlyDeck-0.0.0;LastStand-0.0.0;Multiplayer-0.2.1;NihilityChallenge-0.0.0;StylishSleeves-0.0.0;UltimateRandomDeck-0.0.0;paperback-0.6.4b;pauperdeck-1.1) 
INFO - [G] 2025-03-30 21:21:33 :: TRACE :: MULTIPLAYER :: Client sent message: action:lobbyOptions,different_decks:false,death_on_round_loss:true,custom_seed:random,stake:1,starting_lives:4,back:Red Deck,sleeve:sleeve_casl_none,different_seeds:false,showdown_starting_antes:3,gold_on_life_loss:true,ruleset:ruleset_mp_standard,no_gold_on_round_loss:false,multiplayer_jokers:true
INFO - [G] 2025-03-30 21:21:55 :: TRACE :: MULTIPLAYER :: Client got lobbyInfo message:  (host: shira)  (guestHash: AbsoluteDeck-0.0.0;Brainstorm-2.0.0-beta;DereBS-0.0.0;DereJkr-0.0.0;FTV-0.0.0;Handy-1.3.2;JokerOnlyDeck-0.0.0;LastStand-0.0.0;Multiplayer-0.2.1;NihilityChallenge-0.0.0;StylishSleeves-0.0.0;UltimateRandomDeck-0.0.0;paperback-0.6.4b;pauperdeck-1.1)  (guest: Guest)  (action: lobbyInfo)  (hostHash: AbsoluteDeck-0.0.0;Brainstorm-2.0.0-beta;DereBS-0.0.0;DereJkr-0.0.0;FTV-0.0.0;Handy-1.3.2;JokerOnlyDeck-0.0.0;LastStand-0.0.0;Multiplayer-0.2.1;NihilityChallenge-0.0.0;StylishSleeves-0.0.0;UltimateRandomDeck-0.0.0;paperback-0.6.4b;pauperdeck-1.1)  (isHost: true) 
INFO - [G] 2025-03-30 21:21:55 :: TRACE :: MULTIPLAYER :: Client sent message: action:lobbyOptions,different_decks:false,death_on_round_loss:true,custom_seed:random,stake:1,starting_lives:4,back:Red Deck,sleeve:sleeve_casl_none,different_seeds:false,showdown_starting_antes:3,gold_on_life_loss:true,ruleset:ruleset_mp_standard,no_gold_on_round_loss:false,multiplayer_jokers:true
INFO - [G] 2025-03-30 21:21:56 :: TRACE :: MULTIPLAYER :: Client got lobbyInfo message:  (host: shira)  (guestHash: AbsoluteDeck-0.0.0;Brainstorm-2.0.0-beta;DereBS-0.0.0;DereJkr-0.0.0;FTV-0.0.0;Handy-1.3.2;JokerOnlyDeck-0.0.0;LastStand-0.0.0;Multiplayer-0.2.1;NihilityChallenge-0.0.0;StylishSleeves-0.0.0;UltimateRandomDeck-0.0.0;paperback-0.6.4b;pauperdeck-1.1)  (guest: Guest)  (action: lobbyInfo)  (hostHash: AbsoluteDeck-0.0.0;Brainstorm-2.0.0-beta;DereBS-0.0.0;DereJkr-0.0.0;FTV-0.0.0;Handy-1.3.2;JokerOnlyDeck-0.0.0;LastStand-0.0.0;Multiplayer-0.2.1;NihilityChallenge-0.0.0;StylishSleeves-0.0.0;UltimateRandomDeck-0.0.0;paperback-0.6.4b;pauperdeck-1.1)  (isHost: true) 
INFO - [G] 2025-03-30 21:21:56 :: TRACE :: MULTIPLAYER :: Client sent message: action:lobbyOptions,different_decks:false,death_on_round_loss:true,custom_seed:random,stake:1,starting_lives:4,back:Red Deck,sleeve:sleeve_casl_none,different_seeds:false,showdown_starting_antes:3,gold_on_life_loss:true,ruleset:ruleset_mp_standard,no_gold_on_round_loss:false,multiplayer_jokers:true
INFO - [G] 2025-03-30 21:22:08 :: TRACE :: MULTIPLAYER :: Client sent message: action:lobbyOptions,different_decks:false,death_on_round_loss:true,custom_seed:random,stake:1,starting_lives:4,back:Yellow Deck,different_seeds:false,showdown_starting_antes:3,gold_on_life_loss:true,ruleset:ruleset_mp_standard,no_gold_on_round_loss:false,multiplayer_jokers:true
INFO - [G] 2025-03-30 21:22:09 :: TRACE :: MULTIPLAYER :: Client sent message: action:startGame
INFO - [G] 2025-03-30 21:22:09 :: TRACE :: MULTIPLAYER :: Client got startGame message:  (deck: c_multiplayer_1)  (action: startGame)  (seed: JPKCK) 
INFO - [G] 2025-03-30 21:22:09 :: DEBUG :: MULTIPLAYER :: Resetting game states
INFO - [G] 2025-03-30 21:22:09 :: TRACE :: MULTIPLAYER :: Client sent message: action:setAnte,ante:0
INFO - [G] 2025-03-30 21:22:09 :: TRACE :: MULTIPLAYER :: Client got playerInfo message:  (lives: 4)  (action: playerInfo) 
INFO - [G] 2025-03-30 21:22:12 :: TRACE :: MULTIPLAYER :: Client sent message: action:playHand,score:0,handsLeft:4
INFO - [G] 2025-03-30 21:22:12 :: TRACE :: MULTIPLAYER :: Client sent message: action:newRound
INFO - [G] 2025-03-30 21:22:12 :: TRACE :: MULTIPLAYER :: Client sent message: action:setLocation,location:loc_playing-bl_small
INFO - [G] 2025-03-30 21:22:22 :: TRACE :: MULTIPLAYER :: Client got enemyInfo message:  (skips: 0)  (lives: 4)  (action: enemyInfo)  (handsLeft: 4)  (score: 0) 
INFO - [G] 2025-03-30 21:22:23 :: TRACE :: MULTIPLAYER :: Client got enemyLocation message:  (location: loc_playing-bl_small)  (action: enemyLocation) 
INFO - [G] 2025-03-30 21:22:24 :: TRACE :: MULTIPLAYER :: Client sent message: action:setLocation,location:loc_shop
INFO - [G] 2025-03-30 21:22:35 :: TRACE :: MULTIPLAYER :: Client got enemyLocation message:  (location: loc_shop)  (action: enemyLocation) 
INFO - [G] 2025-03-30 21:22:44 :: TRACE :: MULTIPLAYER :: Client sent message: action:spentLastShop,amount:0
INFO - [G] 2025-03-30 21:22:44 :: TRACE :: MULTIPLAYER :: Client sent message: action:setLocation,location:loc_selecting
INFO - [G] 2025-03-30 21:22:45 :: TRACE :: MULTIPLAYER :: Client sent message: action:playHand,score:0,handsLeft:4
INFO - [G] 2025-03-30 21:22:45 :: TRACE :: MULTIPLAYER :: Client sent message: action:newRound
INFO - [G] 2025-03-30 21:22:45 :: TRACE :: MULTIPLAYER :: Client sent message: action:setLocation,location:loc_playing-bl_big
INFO - [G] 2025-03-30 21:23:12 :: TRACE :: MULTIPLAYER :: Client got spentLastShop message:  (amount: 0)  (action: spentLastShop) 
INFO - [G] 2025-03-30 21:23:12 :: TRACE :: MULTIPLAYER :: Client got enemyLocation message:  (location: loc_selecting)  (action: enemyLocation) 
INFO - [G] 2025-03-30 21:23:13 :: TRACE :: MULTIPLAYER :: Client got enemyInfo message:  (skips: 0)  (lives: 4)  (action: enemyInfo)  (handsLeft: 4)  (score: 0) 
INFO - [G] 2025-03-30 21:23:13 :: TRACE :: MULTIPLAYER :: Client got enemyLocation message:  (location: loc_playing-bl_big)  (action: enemyLocation) 
INFO - [G] 2025-03-30 21:23:15 :: TRACE :: MULTIPLAYER :: Client sent message: action:setLocation,location:loc_shop
INFO - [G] 2025-03-30 21:23:49 :: TRACE :: MULTIPLAYER :: Client sent message: action:spentLastShop,amount:0
INFO - [G] 2025-03-30 21:23:49 :: TRACE :: MULTIPLAYER :: Client got enemyLocation message:  (location: loc_shop)  (action: enemyLocation) 
INFO - [G] 2025-03-30 21:23:50 :: TRACE :: MULTIPLAYER :: Client sent message: action:setLocation,location:loc_selecting
INFO - [G] 2025-03-30 21:23:50 :: TRACE :: MULTIPLAYER :: Client sent message: action:playHand,score:0,handsLeft:4
INFO - [G] 2025-03-30 21:23:50 :: TRACE :: MULTIPLAYER :: Client sent message: action:newRound
INFO - [G] 2025-03-30 21:23:50 :: TRACE :: MULTIPLAYER :: Client sent message: action:setLocation,location:loc_playing-bl_hook
INFO - [G] 2025-03-30 21:24:05 :: TRACE :: MULTIPLAYER :: Client got spentLastShop message:  (amount: 0)  (action: spentLastShop) 
INFO - [G] 2025-03-30 21:24:05 :: TRACE :: MULTIPLAYER :: Client got enemyLocation message:  (location: loc_selecting)  (action: enemyLocation) 
INFO - [G] 2025-03-30 21:24:05 :: TRACE :: MULTIPLAYER :: Client sent message: action:setAnte,ante:2
INFO - [G] 2025-03-30 21:24:06 :: TRACE :: MULTIPLAYER :: Client got enemyInfo message:  (skips: 0)  (lives: 4)  (action: enemyInfo)  (handsLeft: 4)  (score: 0) 
INFO - [G] 2025-03-30 21:24:07 :: TRACE :: MULTIPLAYER :: Client got enemyLocation message:  (location: loc_playing-bl_hook)  (action: enemyLocation) 
INFO - [G] 2025-03-30 21:24:11 :: TRACE :: MULTIPLAYER :: Client sent message: action:setLocation,location:loc_shop
INFO - [G] 2025-03-30 21:24:28 :: TRACE :: MULTIPLAYER :: Client sent message: action:spentLastShop,amount:0
INFO - [G] 2025-03-30 21:24:28 :: TRACE :: MULTIPLAYER :: Client sent message: action:setLocation,location:loc_selecting
INFO - [G] 2025-03-30 21:24:29 :: TRACE :: MULTIPLAYER :: Client sent message: action:playHand,score:0,handsLeft:4
INFO - [G] 2025-03-30 21:24:29 :: TRACE :: MULTIPLAYER :: Client sent message: action:newRound
INFO - [G] 2025-03-30 21:24:29 :: TRACE :: MULTIPLAYER :: Client sent message: action:setLocation,location:loc_playing-bl_small
INFO - [G] 2025-03-30 21:24:43 :: TRACE :: MULTIPLAYER :: Client sent message: action:setLocation,location:loc_shop
INFO - [G] 2025-03-30 21:24:49 :: TRACE :: MULTIPLAYER :: Client got enemyLocation message:  (location: loc_shop)  (action: enemyLocation) 
INFO - [G] 2025-03-30 21:25:06 :: TRACE :: MULTIPLAYER :: Client got spentLastShop message:  (amount: 0)  (action: spentLastShop) 
INFO - [G] 2025-03-30 21:25:07 :: TRACE :: MULTIPLAYER :: Client got enemyLocation message:  (location: loc_selecting)  (action: enemyLocation) 
INFO - [G] 2025-03-30 21:25:08 :: TRACE :: MULTIPLAYER :: Client got enemyInfo message:  (skips: 0)  (lives: 4)  (action: enemyInfo)  (handsLeft: 4)  (score: 0) 
INFO - [G] 2025-03-30 21:25:08 :: TRACE :: MULTIPLAYER :: Client got enemyLocation message:  (location: loc_playing-bl_small)  (action: enemyLocation) 
INFO - [G] 2025-03-30 21:25:13 :: TRACE :: MULTIPLAYER :: Client sent message: action:spentLastShop,amount:0
INFO - [G] 2025-03-30 21:25:13 :: TRACE :: MULTIPLAYER :: Client sent message: action:setLocation,location:loc_selecting
INFO - [G] 2025-03-30 21:25:14 :: TRACE :: MULTIPLAYER :: Client sent message: action:playHand,score:0,handsLeft:4
INFO - [G] 2025-03-30 21:25:14 :: TRACE :: MULTIPLAYER :: Client sent message: action:newRound
INFO - [G] 2025-03-30 21:25:14 :: TRACE :: MULTIPLAYER :: Client sent message: action:setLocation,location:loc_playing-bl_big
INFO - [G] 2025-03-30 21:25:41 :: TRACE :: MULTIPLAYER :: Client got enemyLocation message:  (location: loc_shop)  (action: enemyLocation) 
INFO - [G] 2025-03-30 21:25:53 :: TRACE :: MULTIPLAYER :: Client got spentLastShop message:  (amount: 0)  (action: spentLastShop) 
INFO - [G] 2025-03-30 21:25:53 :: TRACE :: MULTIPLAYER :: Client got enemyLocation message:  (location: loc_selecting)  (action: enemyLocation) 
INFO - [G] 2025-03-30 21:25:54 :: TRACE :: MULTIPLAYER :: Client sent message: action:setLocation,location:loc_shop
INFO - [G] 2025-03-30 21:25:55 :: TRACE :: MULTIPLAYER :: Client got enemyInfo message:  (skips: 0)  (lives: 4)  (action: enemyInfo)  (handsLeft: 4)  (score: 0) 
INFO - [G] 2025-03-30 21:25:55 :: TRACE :: MULTIPLAYER :: Client got enemyLocation message:  (location: loc_playing-bl_big)  (action: enemyLocation) 
INFO - [G] 2025-03-30 21:26:17 :: TRACE :: MULTIPLAYER :: Client sent message: action:spentLastShop,amount:0
INFO - [G] 2025-03-30 21:26:17 :: TRACE :: MULTIPLAYER :: Client sent message: action:setLocation,location:loc_selecting
INFO - [G] 2025-03-30 21:26:18 :: TRACE :: MULTIPLAYER :: Toggling Ready
INFO - [G] 2025-03-30 21:26:18 :: TRACE :: MULTIPLAYER :: Client sent message: action:setLocation,location:loc_ready
INFO - [G] 2025-03-30 21:26:18 :: TRACE :: MULTIPLAYER :: Client sent message: action:readyBlind
INFO - [G] 2025-03-30 21:26:18 :: TRACE :: MULTIPLAYER :: Client got speedrun message:  (action: speedrun) 
INFO - [G] 2025-03-30 21:26:30 :: TRACE :: MULTIPLAYER :: Client got enemyLocation message:  (location: loc_shop)  (action: enemyLocation) 
INFO - [G] 2025-03-30 21:26:40 :: TRACE :: MULTIPLAYER :: Client got spentLastShop message:  (amount: 0)  (action: spentLastShop) 
INFO - [G] 2025-03-30 21:26:40 :: TRACE :: MULTIPLAYER :: Client got enemyLocation message:  (location: loc_selecting)  (action: enemyLocation) 
INFO - [G] 2025-03-30 21:26:42 :: TRACE :: MULTIPLAYER :: Client got enemyLocation message:  (location: loc_ready)  (action: enemyLocation) 
INFO - [G] 2025-03-30 21:26:42 :: TRACE :: MULTIPLAYER :: Client got startBlind message:  (action: startBlind) 
INFO - [G] 2025-03-30 21:26:42 :: TRACE :: MULTIPLAYER :: Client sent message: action:playHand,score:0,handsLeft:4
INFO - [G] 2025-03-30 21:26:42 :: TRACE :: MULTIPLAYER :: Client sent message: action:newRound
INFO - [G] 2025-03-30 21:26:42 :: TRACE :: MULTIPLAYER :: Client sent message: action:setLocation,location:loc_playing-bl_mp_nemesis
INFO - [G] 2025-03-30 21:26:42 :: TRACE :: MULTIPLAYER :: Client got enemyInfo message:  (skips: 0)  (lives: 4)  (action: enemyInfo)  (handsLeft: 4)  (score: 0) 
INFO - [G] 2025-03-30 21:26:42 :: TRACE :: MULTIPLAYER :: Client got enemyLocation message:  (location: loc_playing-bl_mp_nemesis)  (action: enemyLocation) 
INFO - [G] 2025-03-30 21:26:58 :: TRACE :: MULTIPLAYER :: Client sent message: action:playHand,score:1694,handsLeft:3
INFO - [G] 2025-03-30 21:27:12 :: TRACE :: MULTIPLAYER :: Client got enemyInfo message:  (skips: 0)  (lives: 4)  (action: enemyInfo)  (handsLeft: 3)  (score: 14454) 
INFO - [G] 2025-03-30 21:27:20 :: TRACE :: MULTIPLAYER :: Client sent message: action:playHand,score:3650,handsLeft:2
INFO - [G] 2025-03-30 21:27:21 :: TRACE :: MULTIPLAYER :: Client got enemyInfo message:  (skips: 0)  (lives: 4)  (action: enemyInfo)  (handsLeft: 2)  (score: 16368) 
INFO - [G] 2025-03-30 21:27:28 :: TRACE :: MULTIPLAYER :: Client got enemyInfo message:  (skips: 0)  (lives: 4)  (action: enemyInfo)  (handsLeft: 1)  (score: 17520) 
INFO - [G] 2025-03-30 21:27:33 :: TRACE :: MULTIPLAYER :: Client got enemyInfo message:  (skips: 0)  (lives: 4)  (action: enemyInfo)  (handsLeft: 0)  (score: 18672) 
INFO - [G] 2025-03-30 21:27:40 :: TRACE :: MULTIPLAYER :: Client sent message: action:playHand,score:4860,handsLeft:1
INFO - [G] 2025-03-30 21:27:49 :: TRACE :: MULTIPLAYER :: Client sent message: action:playHand,score:5454,handsLeft:0
INFO - [G] 2025-03-30 21:27:49 :: TRACE :: MULTIPLAYER :: Client got playerInfo message:  (lives: 3)  (action: playerInfo) 
INFO - [G] 2025-03-30 21:27:49 :: TRACE :: MULTIPLAYER :: Client got endPvP message:  (lost: true)  (action: endPvP) 
INFO - [G] 2025-03-30 21:27:50 :: TRACE :: MULTIPLAYER :: Client sent message: action:setAnte,ante:3
INFO - [G] 2025-03-30 21:27:54 :: TRACE :: MULTIPLAYER :: Client sent message: action:setLocation,location:loc_shop
INFO - [G] 2025-03-30 21:27:57 :: TRACE :: MULTIPLAYER :: Client got enemyLocation message:  (location: loc_shop)  (action: enemyLocation) 
INFO - [G] 2025-03-30 21:28:09 :: TRACE :: MULTIPLAYER :: Client got spentLastShop message:  (amount: 0)  (action: spentLastShop) 
INFO - [G] 2025-03-30 21:28:09 :: TRACE :: MULTIPLAYER :: Client got enemyLocation message:  (location: loc_selecting)  (action: enemyLocation) 
INFO - [G] 2025-03-30 21:28:16 :: TRACE :: MULTIPLAYER :: Client got enemyInfo message:  (skips: 0)  (lives: 4)  (action: enemyInfo)  (handsLeft: 4)  (score: 0) 
INFO - [G] 2025-03-30 21:28:16 :: TRACE :: MULTIPLAYER :: Client got enemyLocation message:  (location: loc_playing-bl_small)  (action: enemyLocation) 
INFO - [G] 2025-03-30 21:28:23 :: TRACE :: MULTIPLAYER :: Client sent message: action:soldJoker
INFO - [G] 2025-03-30 21:28:36 :: TRACE :: MULTIPLAYER :: Client got enemyLocation message:  (location: loc_shop)  (action: enemyLocation) 
INFO - [G] 2025-03-30 21:28:41 :: TRACE :: MULTIPLAYER :: Client sent message: action:spentLastShop,amount:0
INFO - [G] 2025-03-30 21:28:41 :: TRACE :: MULTIPLAYER :: Client sent message: action:setLocation,location:loc_selecting
INFO - [G] 2025-03-30 21:28:43 :: TRACE :: MULTIPLAYER :: Client sent message: action:playHand,score:0,handsLeft:4
INFO - [G] 2025-03-30 21:28:43 :: TRACE :: MULTIPLAYER :: Client sent message: action:newRound
INFO - [G] 2025-03-30 21:28:43 :: TRACE :: MULTIPLAYER :: Client sent message: action:setLocation,location:loc_playing-bl_small
INFO - [G] 2025-03-30 21:28:50 :: TRACE :: MULTIPLAYER :: Client got spentLastShop message:  (amount: 0)  (action: spentLastShop) 
INFO - [G] 2025-03-30 21:28:50 :: TRACE :: MULTIPLAYER :: Client got enemyLocation message:  (location: loc_selecting)  (action: enemyLocation) 
INFO - [G] 2025-03-30 21:28:52 :: TRACE :: MULTIPLAYER :: Client got enemyInfo message:  (skips: 0)  (lives: 4)  (action: enemyInfo)  (handsLeft: 4)  (score: 0) 
INFO - [G] 2025-03-30 21:28:52 :: TRACE :: MULTIPLAYER :: Client got enemyLocation message:  (location: loc_playing-bl_big)  (action: enemyLocation) 
INFO - [G] 2025-03-30 21:29:11 :: TRACE :: MULTIPLAYER :: Client sent message: action:setLocation,location:loc_shop
INFO - [G] 2025-03-30 21:29:21 :: TRACE :: MULTIPLAYER :: Client got enemyLocation message:  (location: loc_shop)  (action: enemyLocation) 
INFO - [G] 2025-03-30 21:29:29 :: TRACE :: MULTIPLAYER :: Client got spentLastShop message:  (amount: 0)  (action: spentLastShop) 
INFO - [G] 2025-03-30 21:29:29 :: TRACE :: MULTIPLAYER :: Client got enemyLocation message:  (location: loc_selecting)  (action: enemyLocation) 
INFO - [G] 2025-03-30 21:29:30 :: TRACE :: MULTIPLAYER :: Client sent message: action:soldJoker
INFO - [G] 2025-03-30 21:29:31 :: TRACE :: MULTIPLAYER :: Client got enemyLocation message:  (location: loc_ready)  (action: enemyLocation) 
INFO - [G] 2025-03-30 21:29:34 :: TRACE :: MULTIPLAYER :: Client sent message: action:soldJoker
INFO - [G] 2025-03-30 21:30:08 :: TRACE :: MULTIPLAYER :: Client sent message: action:soldJoker
INFO - [G] 2025-03-30 21:30:09 :: TRACE :: MULTIPLAYER :: Client sent message: action:spentLastShop,amount:0
INFO - [G] 2025-03-30 21:30:10 :: TRACE :: MULTIPLAYER :: Client sent message: action:setLocation,location:loc_selecting
INFO - [G] 2025-03-30 21:30:11 :: TRACE :: MULTIPLAYER :: Client sent message: action:skip,skips:1
INFO - [G] 2025-03-30 21:30:12 :: TRACE :: MULTIPLAYER :: Toggling Ready
INFO - [G] 2025-03-30 21:30:12 :: TRACE :: MULTIPLAYER :: Client sent message: action:setLocation,location:loc_ready
INFO - [G] 2025-03-30 21:30:12 :: TRACE :: MULTIPLAYER :: Client sent message: action:readyBlind
INFO - [G] 2025-03-30 21:30:12 :: TRACE :: MULTIPLAYER :: Client got startBlind message:  (action: startBlind) 
INFO - [G] 2025-03-30 21:30:12 :: TRACE :: MULTIPLAYER :: Client sent message: action:playHand,score:0,handsLeft:4
INFO - [G] 2025-03-30 21:30:12 :: TRACE :: MULTIPLAYER :: Client sent message: action:newRound
INFO - [G] 2025-03-30 21:30:12 :: TRACE :: MULTIPLAYER :: Client sent message: action:setLocation,location:loc_playing-bl_mp_nemesis
INFO - [G] 2025-03-30 21:30:13 :: TRACE :: MULTIPLAYER :: Client sent message: action:playHand,score:0,handsLeft:5
INFO - [G] 2025-03-30 21:30:13 :: TRACE :: MULTIPLAYER :: Client got enemyInfo message:  (skips: 0)  (lives: 4)  (action: enemyInfo)  (handsLeft: 4)  (score: 0) 
INFO - [G] 2025-03-30 21:30:13 :: TRACE :: MULTIPLAYER :: Client got enemyLocation message:  (location: loc_playing-bl_mp_nemesis)  (action: enemyLocation) 
INFO - [G] 2025-03-30 21:30:43 :: TRACE :: MULTIPLAYER :: Client sent message: action:playHand,score:7604,handsLeft:4
INFO - [G] 2025-03-30 21:30:50 :: TRACE :: MULTIPLAYER :: Client got enemyInfo message:  (skips: 0)  (lives: 4)  (action: enemyInfo)  (handsLeft: 3)  (score: 13188) 
INFO - [G] 2025-03-30 21:30:59 :: TRACE :: MULTIPLAYER :: Client got enemyInfo message:  (skips: 0)  (lives: 4)  (action: enemyInfo)  (handsLeft: 2)  (score: 15366) 
INFO - [G] 2025-03-30 21:31:06 :: TRACE :: MULTIPLAYER :: Client got enemyInfo message:  (skips: 0)  (lives: 4)  (action: enemyInfo)  (handsLeft: 1)  (score: 16710) 
INFO - [G] 2025-03-30 21:31:12 :: TRACE :: MULTIPLAYER :: Client got enemyInfo message:  (skips: 0)  (lives: 4)  (action: enemyInfo)  (handsLeft: 0)  (score: 18888) 
INFO - [G] 2025-03-30 21:31:13 :: TRACE :: MULTIPLAYER :: Client sent message: action:playHand,score:15365,handsLeft:3
INFO - [G] 2025-03-30 21:31:23 :: TRACE :: MULTIPLAYER :: Client sent message: action:playHand,score:18907,handsLeft:2
INFO - [G] 2025-03-30 21:31:23 :: TRACE :: MULTIPLAYER :: Client got enemyInfo message:  (skips: 0)  (lives: 3)  (action: enemyInfo)  (handsLeft: 0)  (score: 18888) 
INFO - [G] 2025-03-30 21:31:23 :: TRACE :: MULTIPLAYER :: Client got endPvP message:  (lost: false)  (action: endPvP) 
INFO - [G] 2025-03-30 21:31:23 :: TRACE :: MULTIPLAYER :: Client sent message: action:setAnte,ante:4
INFO - [G] 2025-03-30 21:31:29 :: TRACE :: MULTIPLAYER :: Client got enemyLocation message:  (location: loc_shop)  (action: enemyLocation) 
INFO - [G] 2025-03-30 21:31:29 :: TRACE :: MULTIPLAYER :: Client sent message: action:setLocation,location:loc_shop
INFO - [G] 2025-03-30 21:31:40 :: TRACE :: MULTIPLAYER :: Client got spentLastShop message:  (amount: 0)  (action: spentLastShop) 
INFO - [G] 2025-03-30 21:31:40 :: TRACE :: MULTIPLAYER :: Client got enemyLocation message:  (location: loc_selecting)  (action: enemyLocation) 
INFO - [G] 2025-03-30 21:31:42 :: TRACE :: MULTIPLAYER :: Client got enemyInfo message:  (skips: 0)  (lives: 3)  (action: enemyInfo)  (handsLeft: 4)  (score: 0) 
INFO - [G] 2025-03-30 21:31:43 :: TRACE :: MULTIPLAYER :: Client got enemyLocation message:  (location: loc_playing-bl_small)  (action: enemyLocation) 
INFO - [G] 2025-03-30 21:32:05 :: TRACE :: MULTIPLAYER :: Client got enemyLocation message:  (location: loc_shop)  (action: enemyLocation) 
INFO - [G] 2025-03-30 21:32:35 :: TRACE :: MULTIPLAYER :: Client sent message: action:soldJoker
INFO - [G] 2025-03-30 21:32:38 :: TRACE :: MULTIPLAYER :: Client got spentLastShop message:  (amount: 0)  (action: spentLastShop) 
INFO - [G] 2025-03-30 21:32:38 :: TRACE :: MULTIPLAYER :: Client got enemyLocation message:  (location: loc_selecting)  (action: enemyLocation) 
INFO - [G] 2025-03-30 21:32:39 :: TRACE :: MULTIPLAYER :: Client got enemyInfo message:  (skips: 0)  (lives: 3)  (action: enemyInfo)  (handsLeft: 4)  (score: 0) 
INFO - [G] 2025-03-30 21:32:39 :: TRACE :: MULTIPLAYER :: Client got enemyLocation message:  (location: loc_playing-bl_big)  (action: enemyLocation) 
INFO - [G] 2025-03-30 21:32:41 :: TRACE :: MULTIPLAYER :: Client sent message: action:spentLastShop,amount:0
INFO - [G] 2025-03-30 21:32:41 :: TRACE :: MULTIPLAYER :: Client sent message: action:setLocation,location:loc_selecting
INFO - [G] 2025-03-30 21:32:45 :: TRACE :: MULTIPLAYER :: Client sent message: action:skip,skips:2
INFO - [G] 2025-03-30 21:32:56 :: TRACE :: MULTIPLAYER :: Client sent message: action:playHand,score:0,handsLeft:4
INFO - [G] 2025-03-30 21:32:56 :: TRACE :: MULTIPLAYER :: Client sent message: action:newRound
INFO - [G] 2025-03-30 21:32:56 :: TRACE :: MULTIPLAYER :: Client sent message: action:setLocation,location:loc_playing-bl_big
INFO - [G] 2025-03-30 21:33:06 :: TRACE :: MULTIPLAYER :: Client got enemyLocation message:  (location: loc_shop)  (action: enemyLocation) 
INFO - [G] 2025-03-30 21:33:23 :: TRACE :: MULTIPLAYER :: Client sent message: action:setLocation,location:loc_shop
INFO - [G] 2025-03-30 21:33:31 :: TRACE :: MULTIPLAYER :: Client got spentLastShop message:  (amount: 0)  (action: spentLastShop) 
INFO - [G] 2025-03-30 21:33:31 :: TRACE :: MULTIPLAYER :: Client got enemyLocation message:  (location: loc_selecting)  (action: enemyLocation) 
INFO - [G] 2025-03-30 21:33:32 :: TRACE :: MULTIPLAYER :: Client got enemyLocation message:  (location: loc_ready)  (action: enemyLocation) 
INFO - [G] 2025-03-30 21:33:40 :: TRACE :: MULTIPLAYER :: Client sent message: action:soldJoker
INFO - [G] 2025-03-30 21:33:44 :: TRACE :: MULTIPLAYER :: Client sent message: action:spentLastShop,amount:0
INFO - [G] 2025-03-30 21:33:44 :: TRACE :: MULTIPLAYER :: Client sent message: action:setLocation,location:loc_selecting
INFO - [G] 2025-03-30 21:33:44 :: TRACE :: MULTIPLAYER :: Toggling Ready
INFO - [G] 2025-03-30 21:33:44 :: TRACE :: MULTIPLAYER :: Client sent message: action:setLocation,location:loc_ready
INFO - [G] 2025-03-30 21:33:44 :: TRACE :: MULTIPLAYER :: Client sent message: action:readyBlind
INFO - [G] 2025-03-30 21:33:45 :: TRACE :: MULTIPLAYER :: Client got startBlind message:  (action: startBlind) 
INFO - [G] 2025-03-30 21:33:45 :: TRACE :: MULTIPLAYER :: Client sent message: action:playHand,score:0,handsLeft:4
INFO - [G] 2025-03-30 21:33:45 :: TRACE :: MULTIPLAYER :: Client sent message: action:newRound
INFO - [G] 2025-03-30 21:33:45 :: TRACE :: MULTIPLAYER :: Client sent message: action:setLocation,location:loc_playing-bl_mp_nemesis
INFO - [G] 2025-03-30 21:33:45 :: TRACE :: MULTIPLAYER :: Client sent message: action:playHand,score:0,handsLeft:6
INFO - [G] 2025-03-30 21:33:45 :: TRACE :: MULTIPLAYER :: Client got enemyInfo message:  (skips: 0)  (lives: 3)  (action: enemyInfo)  (handsLeft: 4)  (score: 0) 
INFO - [G] 2025-03-30 21:33:45 :: TRACE :: MULTIPLAYER :: Client got enemyLocation message:  (location: loc_playing-bl_mp_nemesis)  (action: enemyLocation) 
INFO - [G] 2025-03-30 21:34:05 :: TRACE :: MULTIPLAYER :: Client sent message: action:playHand,score:14347,handsLeft:5
INFO - [G] 2025-03-30 21:34:07 :: TRACE :: MULTIPLAYER :: Client got enemyInfo message:  (skips: 0)  (lives: 3)  (action: enemyInfo)  (handsLeft: 3)  (score: 19888) 
INFO - [G] 2025-03-30 21:34:18 :: TRACE :: MULTIPLAYER :: Client got enemyInfo message:  (skips: 0)  (lives: 3)  (action: enemyInfo)  (handsLeft: 2)  (score: 22534) 
INFO - [G] 2025-03-30 21:34:28 :: TRACE :: MULTIPLAYER :: Client got enemyInfo message:  (skips: 0)  (lives: 3)  (action: enemyInfo)  (handsLeft: 1)  (score: 37006) 
INFO - [G] 2025-03-30 21:34:33 :: TRACE :: MULTIPLAYER :: Client sent message: action:playHand,score:53514,handsLeft:4
INFO - [G] 2025-03-30 21:34:37 :: TRACE :: MULTIPLAYER :: Client got enemyInfo message:  (skips: 0)  (lives: 3)  (action: enemyInfo)  (handsLeft: 0)  (score: 39844) 
INFO - [G] 2025-03-30 21:34:37 :: TRACE :: MULTIPLAYER :: Client got enemyInfo message:  (skips: 0)  (lives: 2)  (action: enemyInfo)  (handsLeft: 0)  (score: 39844) 
INFO - [G] 2025-03-30 21:34:37 :: TRACE :: MULTIPLAYER :: Client got endPvP message:  (lost: false)  (action: endPvP) 
INFO - [G] 2025-03-30 21:34:37 :: TRACE :: MULTIPLAYER :: Client sent message: action:setAnte,ante:5
INFO - [G] 2025-03-30 21:34:43 :: TRACE :: MULTIPLAYER :: Client sent message: action:setLocation,location:loc_shop
INFO - [G] 2025-03-30 21:34:43 :: TRACE :: MULTIPLAYER :: Client got enemyLocation message:  (location: loc_shop)  (action: enemyLocation) 
INFO - [G] 2025-03-30 21:34:51 :: TRACE :: MULTIPLAYER :: Client sent message: action:soldJoker
INFO - [G] 2025-03-30 21:35:07 :: TRACE :: MULTIPLAYER :: Client sent message: action:spentLastShop,amount:0
INFO - [G] 2025-03-30 21:35:07 :: TRACE :: MULTIPLAYER :: Client sent message: action:setLocation,location:loc_selecting
INFO - [G] 2025-03-30 21:35:10 :: TRACE :: MULTIPLAYER :: Client sent message: action:skip,skips:3
INFO - [G] 2025-03-30 21:35:23 :: TRACE :: MULTIPLAYER :: Client sent message: action:skip,skips:4
INFO - [G] 2025-03-30 21:35:24 :: TRACE :: MULTIPLAYER :: Client got soldJoker message:  (action: soldJoker) 
INFO - [G] 2025-03-30 21:35:27 :: TRACE :: MULTIPLAYER :: Toggling Ready
INFO - [G] 2025-03-30 21:35:27 :: TRACE :: MULTIPLAYER :: Client sent message: action:setLocation,location:loc_ready
INFO - [G] 2025-03-30 21:35:27 :: TRACE :: MULTIPLAYER :: Client sent message: action:readyBlind
INFO - [G] 2025-03-30 21:35:28 :: TRACE :: MULTIPLAYER :: Client got speedrun message:  (action: speedrun) 
INFO - [G] 2025-03-30 21:35:30 :: TRACE :: MULTIPLAYER :: Client sent message: action:startAnteTimer,time:360
INFO - [G] 2025-03-30 21:35:36 :: TRACE :: MULTIPLAYER :: Client got spentLastShop message:  (amount: 0)  (action: spentLastShop) 
INFO - [G] 2025-03-30 21:35:36 :: TRACE :: MULTIPLAYER :: Client got enemyLocation message:  (location: loc_selecting)  (action: enemyLocation) 
INFO - [G] 2025-03-30 21:35:37 :: TRACE :: MULTIPLAYER :: Client got enemyInfo message:  (skips: 0)  (lives: 2)  (action: enemyInfo)  (handsLeft: 4)  (score: 0) 
INFO - [G] 2025-03-30 21:35:37 :: TRACE :: MULTIPLAYER :: Client got enemyLocation message:  (location: loc_playing-bl_small)  (action: enemyLocation) 
INFO - [G] 2025-03-30 21:36:03 :: TRACE :: MULTIPLAYER :: Client got enemyLocation message:  (location: loc_shop)  (action: enemyLocation) 
INFO - [G] 2025-03-30 21:36:10 :: TRACE :: MULTIPLAYER :: Client got spentLastShop message:  (amount: 0)  (action: spentLastShop) 
INFO - [G] 2025-03-30 21:36:11 :: TRACE :: MULTIPLAYER :: Client got enemyLocation message:  (location: loc_selecting)  (action: enemyLocation) 
INFO - [G] 2025-03-30 21:36:13 :: TRACE :: MULTIPLAYER :: Client got enemyInfo message:  (skips: 0)  (lives: 2)  (action: enemyInfo)  (handsLeft: 4)  (score: 0) 
INFO - [G] 2025-03-30 21:36:13 :: TRACE :: MULTIPLAYER :: Client got enemyLocation message:  (location: loc_playing-bl_big)  (action: enemyLocation) 
INFO - [G] 2025-03-30 21:36:59 :: TRACE :: MULTIPLAYER :: Client got enemyLocation message:  (location: loc_shop)  (action: enemyLocation) 
INFO - [G] 2025-03-30 21:37:40 :: TRACE :: MULTIPLAYER :: Client got soldJoker message:  (action: soldJoker) 
INFO - [G] 2025-03-30 21:37:44 :: TRACE :: MULTIPLAYER :: Client got soldJoker message:  (action: soldJoker) 
INFO - [G] 2025-03-30 21:38:28 :: TRACE :: MULTIPLAYER :: Client got spentLastShop message:  (amount: 0)  (action: spentLastShop) 
INFO - [G] 2025-03-30 21:38:28 :: TRACE :: MULTIPLAYER :: Client got enemyLocation message:  (location: loc_selecting)  (action: enemyLocation) 
INFO - [G] 2025-03-30 21:38:29 :: TRACE :: MULTIPLAYER :: Client got enemyLocation message:  (location: loc_ready)  (action: enemyLocation) 
INFO - [G] 2025-03-30 21:38:29 :: TRACE :: MULTIPLAYER :: Client got startBlind message:  (action: startBlind) 
INFO - [G] 2025-03-30 21:38:29 :: TRACE :: MULTIPLAYER :: Client sent message: action:playHand,score:0,handsLeft:4
INFO - [G] 2025-03-30 21:38:29 :: TRACE :: MULTIPLAYER :: Client sent message: action:newRound
INFO - [G] 2025-03-30 21:38:29 :: TRACE :: MULTIPLAYER :: Client sent message: action:setLocation,location:loc_playing-bl_mp_nemesis
INFO - [G] 2025-03-30 21:38:29 :: TRACE :: MULTIPLAYER :: Client sent message: action:playHand,score:0,handsLeft:8
INFO - [G] 2025-03-30 21:38:30 :: TRACE :: MULTIPLAYER :: Client got enemyInfo message:  (skips: 0)  (lives: 2)  (action: enemyInfo)  (handsLeft: 4)  (score: 0) 
INFO - [G] 2025-03-30 21:38:30 :: TRACE :: MULTIPLAYER :: Client got enemyLocation message:  (location: loc_playing-bl_mp_nemesis)  (action: enemyLocation) 
INFO - [G] 2025-03-30 21:38:47 :: TRACE :: MULTIPLAYER :: Client got enemyInfo message:  (skips: 0)  (lives: 2)  (action: enemyInfo)  (handsLeft: 3)  (score: 14892) 
INFO - [G] 2025-03-30 21:39:01 :: TRACE :: MULTIPLAYER :: Client got enemyInfo message:  (skips: 0)  (lives: 2)  (action: enemyInfo)  (handsLeft: 2)  (score: 29172) 
INFO - [G] 2025-03-30 21:39:12 :: TRACE :: MULTIPLAYER :: Client sent message: action:playHand,score:2926,handsLeft:7
INFO - [G] 2025-03-30 21:39:22 :: TRACE :: MULTIPLAYER :: Client got enemyInfo message:  (skips: 0)  (lives: 2)  (action: enemyInfo)  (handsLeft: 1)  (score: 43928) 
INFO - [G] 2025-03-30 21:39:31 :: TRACE :: MULTIPLAYER :: Client got enemyInfo message:  (skips: 0)  (lives: 2)  (action: enemyInfo)  (handsLeft: 0)  (score: 47309) 
INFO - [G] 2025-03-30 21:39:42 :: TRACE :: MULTIPLAYER :: Client sent message: action:playHand,score:18448,handsLeft:6
INFO - [G] 2025-03-30 21:40:06 :: TRACE :: MULTIPLAYER :: Client sent message: action:playHand,score:22444,handsLeft:5
INFO - [G] 2025-03-30 21:40:15 :: TRACE :: MULTIPLAYER :: Client sent message: action:playHand,score:26314,handsLeft:4
INFO - [G] 2025-03-30 21:40:26 :: TRACE :: MULTIPLAYER :: Client sent message: action:playHand,score:27898,handsLeft:3
INFO - [G] 2025-03-30 21:40:32 :: TRACE :: MULTIPLAYER :: Client sent message: action:playHand,score:29031,handsLeft:2
INFO - [G] 2025-03-30 21:40:36 :: TRACE :: MULTIPLAYER :: Client sent message: action:playHand,score:30164,handsLeft:1
INFO - [G] 2025-03-30 21:40:42 :: TRACE :: MULTIPLAYER :: Client sent message: action:playHand,score:31253,handsLeft:0
INFO - [G] 2025-03-30 21:40:42 :: TRACE :: MULTIPLAYER :: Client got playerInfo message:  (lives: 2)  (action: playerInfo) 
INFO - [G] 2025-03-30 21:40:42 :: TRACE :: MULTIPLAYER :: Client got endPvP message:  (lost: true)  (action: endPvP) 
INFO - [G] 2025-03-30 21:40:42 :: TRACE :: MULTIPLAYER :: Client sent message: action:setAnte,ante:6
INFO - [G] 2025-03-30 21:40:48 :: TRACE :: MULTIPLAYER :: Client sent message: action:setLocation,location:loc_shop
INFO - [G] 2025-03-30 21:40:52 :: TRACE :: MULTIPLAYER :: Client got enemyLocation message:  (location: loc_shop)  (action: enemyLocation) 
INFO - [G] 2025-03-30 21:41:26 :: TRACE :: MULTIPLAYER :: Client sent message: action:soldJoker
INFO - [G] 2025-03-30 21:41:45 :: TRACE :: MULTIPLAYER :: Client got spentLastShop message:  (amount: 0)  (action: spentLastShop) 
INFO - [G] 2025-03-30 21:41:45 :: TRACE :: MULTIPLAYER :: Client got enemyLocation message:  (location: loc_selecting)  (action: enemyLocation) 
INFO - [G] 2025-03-30 21:41:46 :: TRACE :: MULTIPLAYER :: Client got enemyInfo message:  (skips: 0)  (lives: 2)  (action: enemyInfo)  (handsLeft: 4)  (score: 0) 
INFO - [G] 2025-03-30 21:41:47 :: TRACE :: MULTIPLAYER :: Client got enemyLocation message:  (location: loc_playing-bl_small)  (action: enemyLocation) 
INFO - [G] 2025-03-30 21:41:49 :: TRACE :: MULTIPLAYER :: Client sent message: action:spentLastShop,amount:0
INFO - [G] 2025-03-30 21:41:49 :: TRACE :: MULTIPLAYER :: Client sent message: action:setLocation,location:loc_selecting
INFO - [G] 2025-03-30 21:41:50 :: TRACE :: MULTIPLAYER :: Client sent message: action:skip,skips:5
INFO - [G] 2025-03-30 21:41:57 :: TRACE :: MULTIPLAYER :: Client sent message: action:asteroid
INFO - [G] 2025-03-30 21:41:59 :: TRACE :: MULTIPLAYER :: Client sent message: action:playHand,score:0,handsLeft:4
INFO - [G] 2025-03-30 21:41:59 :: TRACE :: MULTIPLAYER :: Client sent message: action:newRound
INFO - [G] 2025-03-30 21:41:59 :: TRACE :: MULTIPLAYER :: Client sent message: action:setLocation,location:loc_playing-bl_big
INFO - [G] 2025-03-30 21:42:21 :: TRACE :: MULTIPLAYER :: Client got enemyLocation message:  (location: loc_shop)  (action: enemyLocation) 
INFO - [G] 2025-03-30 21:42:27 :: TRACE :: MULTIPLAYER :: Client got spentLastShop message:  (amount: 0)  (action: spentLastShop) 
INFO - [G] 2025-03-30 21:42:27 :: TRACE :: MULTIPLAYER :: Client got enemyLocation message:  (location: loc_selecting)  (action: enemyLocation) 
INFO - [G] 2025-03-30 21:42:28 :: TRACE :: MULTIPLAYER :: Client got enemyInfo message:  (skips: 0)  (lives: 2)  (action: enemyInfo)  (handsLeft: 4)  (score: 0) 
INFO - [G] 2025-03-30 21:42:28 :: TRACE :: MULTIPLAYER :: Client got enemyLocation message:  (location: loc_playing-bl_big)  (action: enemyLocation) 
INFO - [G] 2025-03-30 21:43:01 :: TRACE :: MULTIPLAYER :: Client sent message: action:setLocation,location:loc_shop
INFO - [G] 2025-03-30 21:43:01 :: TRACE :: MULTIPLAYER :: Client sent message: action:soldJoker
INFO - [G] 2025-03-30 21:43:04 :: TRACE :: MULTIPLAYER :: Client sent message: action:soldJoker
INFO - [G] 2025-03-30 21:43:04 :: TRACE :: MULTIPLAYER :: Client got enemyLocation message:  (location: loc_shop)  (action: enemyLocation) 
INFO - [G] 2025-03-30 21:43:18 :: TRACE :: MULTIPLAYER :: Client sent message: action:soldJoker
INFO - [G] 2025-03-30 21:43:39 :: TRACE :: MULTIPLAYER :: Client sent message: action:soldJoker
INFO - [G] 2025-03-30 21:44:05 :: TRACE :: MULTIPLAYER :: Client got spentLastShop message:  (amount: 0)  (action: spentLastShop) 
INFO - [G] 2025-03-30 21:44:06 :: TRACE :: MULTIPLAYER :: Client got enemyLocation message:  (location: loc_selecting)  (action: enemyLocation) 
INFO - [G] 2025-03-30 21:44:07 :: TRACE :: MULTIPLAYER :: Client got enemyLocation message:  (location: loc_ready)  (action: enemyLocation) 
INFO - [G] 2025-03-30 21:45:06 :: TRACE :: MULTIPLAYER :: Client sent message: action:soldJoker
INFO - [G] 2025-03-30 21:45:14 :: TRACE :: MULTIPLAYER :: Client sent message: action:spentLastShop,amount:0
INFO - [G] 2025-03-30 21:45:14 :: TRACE :: MULTIPLAYER :: Client sent message: action:setLocation,location:loc_selecting
INFO - [G] 2025-03-30 21:45:15 :: TRACE :: MULTIPLAYER :: Toggling Ready
INFO - [G] 2025-03-30 21:45:15 :: TRACE :: MULTIPLAYER :: Client sent message: action:setLocation,location:loc_ready
INFO - [G] 2025-03-30 21:45:15 :: TRACE :: MULTIPLAYER :: Client sent message: action:readyBlind
INFO - [G] 2025-03-30 21:45:15 :: TRACE :: MULTIPLAYER :: Client got startBlind message:  (action: startBlind) 
INFO - [G] 2025-03-30 21:45:15 :: TRACE :: MULTIPLAYER :: Client sent message: action:playHand,score:0,handsLeft:4
INFO - [G] 2025-03-30 21:45:15 :: TRACE :: MULTIPLAYER :: Client sent message: action:newRound
INFO - [G] 2025-03-30 21:45:15 :: TRACE :: MULTIPLAYER :: Client sent message: action:setLocation,location:loc_playing-bl_mp_nemesis
INFO - [G] 2025-03-30 21:45:16 :: TRACE :: MULTIPLAYER :: Client sent message: action:playHand,score:0,handsLeft:9
INFO - [G] 2025-03-30 21:45:16 :: TRACE :: MULTIPLAYER :: Client got enemyInfo message:  (skips: 0)  (lives: 2)  (action: enemyInfo)  (handsLeft: 4)  (score: 0) 
INFO - [G] 2025-03-30 21:45:16 :: TRACE :: MULTIPLAYER :: Client got enemyLocation message:  (location: loc_playing-bl_mp_nemesis)  (action: enemyLocation) 
INFO - [G] 2025-03-30 21:45:37 :: TRACE :: MULTIPLAYER :: Client sent message: action:playHand,score:29349,handsLeft:8
INFO - [G] 2025-03-30 21:45:42 :: TRACE :: MULTIPLAYER :: Client got enemyInfo message:  (skips: 0)  (lives: 2)  (action: enemyInfo)  (handsLeft: 3)  (score: 27715) 
INFO - [G] 2025-03-30 21:45:57 :: TRACE :: MULTIPLAYER :: Client got enemyInfo message:  (skips: 0)  (lives: 2)  (action: enemyInfo)  (handsLeft: 2)  (score: 58573) 
INFO - [G] 2025-03-30 21:46:02 :: TRACE :: MULTIPLAYER :: Client sent message: action:playHand,score:42196,handsLeft:7
INFO - [G] 2025-03-30 21:46:04 :: TRACE :: MULTIPLAYER :: Client got enemyInfo message:  (skips: 0)  (lives: 2)  (action: enemyInfo)  (handsLeft: 1)  (score: 63719) 
INFO - [G] 2025-03-30 21:46:13 :: TRACE :: MULTIPLAYER :: Client got enemyInfo message:  (skips: 0)  (lives: 2)  (action: enemyInfo)  (handsLeft: 0)  (score: 68834) 
INFO - [G] 2025-03-30 21:46:23 :: TRACE :: MULTIPLAYER :: Client sent message: action:playHand,score:91566,handsLeft:6
INFO - [G] 2025-03-30 21:46:23 :: TRACE :: MULTIPLAYER :: Client got enemyInfo message:  (skips: 0)  (lives: 1)  (action: enemyInfo)  (handsLeft: 0)  (score: 68834) 
INFO - [G] 2025-03-30 21:46:23 :: TRACE :: MULTIPLAYER :: Client got endPvP message:  (lost: false)  (action: endPvP) 
INFO - [G] 2025-03-30 21:46:23 :: TRACE :: MULTIPLAYER :: Client sent message: action:setAnte,ante:7
INFO - [G] 2025-03-30 21:46:29 :: TRACE :: MULTIPLAYER :: Client sent message: action:setLocation,location:loc_shop
INFO - [G] 2025-03-30 21:46:30 :: TRACE :: MULTIPLAYER :: Client got enemyLocation message:  (location: loc_shop)  (action: enemyLocation) 
INFO - [G] 2025-03-30 21:46:38 :: TRACE :: MULTIPLAYER :: Client sent message: action:asteroid
INFO - [G] 2025-03-30 21:46:51 :: TRACE :: MULTIPLAYER :: Client sent message: action:asteroid
INFO - [G] 2025-03-30 21:46:58 :: TRACE :: MULTIPLAYER :: Client sent message: action:spentLastShop,amount:0
INFO - [G] 2025-03-30 21:46:59 :: TRACE :: MULTIPLAYER :: Client sent message: action:setLocation,location:loc_selecting
INFO - [G] 2025-03-30 21:47:04 :: TRACE :: MULTIPLAYER :: Client sent message: action:playHand,score:0,handsLeft:4
INFO - [G] 2025-03-30 21:47:04 :: TRACE :: MULTIPLAYER :: Client sent message: action:newRound
INFO - [G] 2025-03-30 21:47:04 :: TRACE :: MULTIPLAYER :: Client sent message: action:setLocation,location:loc_playing-bl_small
INFO - [G] 2025-03-30 21:47:20 :: TRACE :: MULTIPLAYER :: Client got spentLastShop message:  (amount: 0)  (action: spentLastShop) 
INFO - [G] 2025-03-30 21:47:20 :: TRACE :: MULTIPLAYER :: Client got enemyLocation message:  (location: loc_selecting)  (action: enemyLocation) 
INFO - [G] 2025-03-30 21:47:22 :: TRACE :: MULTIPLAYER :: Client got enemyInfo message:  (skips: 0)  (lives: 1)  (action: enemyInfo)  (handsLeft: 4)  (score: 0) 
INFO - [G] 2025-03-30 21:47:23 :: TRACE :: MULTIPLAYER :: Client got enemyLocation message:  (location: loc_playing-bl_small)  (action: enemyLocation) 
INFO - [G] 2025-03-30 21:47:38 :: TRACE :: MULTIPLAYER :: Client sent message: action:setLocation,location:loc_shop
INFO - [G] 2025-03-30 21:47:55 :: TRACE :: MULTIPLAYER :: Client got enemyLocation message:  (location: loc_shop)  (action: enemyLocation) 
INFO - [G] 2025-03-30 21:48:19 :: TRACE :: MULTIPLAYER :: Client sent message: action:asteroid
INFO - [G] 2025-03-30 21:48:21 :: TRACE :: MULTIPLAYER :: Client sent message: action:spentLastShop,amount:0
INFO - [G] 2025-03-30 21:48:21 :: TRACE :: MULTIPLAYER :: Client sent message: action:setLocation,location:loc_selecting
INFO - [G] 2025-03-30 21:48:21 :: TRACE :: MULTIPLAYER :: Client got spentLastShop message:  (amount: 0)  (action: spentLastShop) 
INFO - [G] 2025-03-30 21:48:22 :: TRACE :: MULTIPLAYER :: Client sent message: action:playHand,score:0,handsLeft:4
INFO - [G] 2025-03-30 21:48:22 :: TRACE :: MULTIPLAYER :: Client sent message: action:newRound
INFO - [G] 2025-03-30 21:48:22 :: TRACE :: MULTIPLAYER :: Client sent message: action:setLocation,location:loc_playing-bl_big
INFO - [G] 2025-03-30 21:48:22 :: TRACE :: MULTIPLAYER :: Client got enemyLocation message:  (location: loc_selecting)  (action: enemyLocation) 
INFO - [G] 2025-03-30 21:48:23 :: TRACE :: MULTIPLAYER :: Client got enemyInfo message:  (skips: 0)  (lives: 1)  (action: enemyInfo)  (handsLeft: 4)  (score: 0) 
INFO - [G] 2025-03-30 21:48:23 :: TRACE :: MULTIPLAYER :: Client got enemyLocation message:  (location: loc_playing-bl_big)  (action: enemyLocation) 
INFO - [G] 2025-03-30 21:48:44 :: TRACE :: MULTIPLAYER :: Client sent message: action:setLocation,location:loc_shop
INFO - [G] 2025-03-30 21:48:58 :: TRACE :: MULTIPLAYER :: Client got enemyLocation message:  (location: loc_shop)  (action: enemyLocation) 
INFO - [G] 2025-03-30 21:49:07 :: TRACE :: MULTIPLAYER :: Client sent message: action:soldJoker
INFO - [G] 2025-03-30 21:49:17 :: TRACE :: MULTIPLAYER :: Client sent message: action:spentLastShop,amount:0
INFO - [G] 2025-03-30 21:49:17 :: TRACE :: MULTIPLAYER :: Client sent message: action:setLocation,location:loc_selecting
INFO - [G] 2025-03-30 21:49:18 :: TRACE :: MULTIPLAYER :: Toggling Ready
INFO - [G] 2025-03-30 21:49:18 :: TRACE :: MULTIPLAYER :: Client sent message: action:setLocation,location:loc_ready
INFO - [G] 2025-03-30 21:49:18 :: TRACE :: MULTIPLAYER :: Client sent message: action:readyBlind
INFO - [G] 2025-03-30 21:49:19 :: TRACE :: MULTIPLAYER :: Client got speedrun message:  (action: speedrun) 
INFO - [G] 2025-03-30 21:49:19 :: TRACE :: MULTIPLAYER :: Client sent message: action:startAnteTimer,time:120
INFO - [G] 2025-03-30 21:49:30 :: TRACE :: MULTIPLAYER :: Client got spentLastShop message:  (amount: 0)  (action: spentLastShop) 
INFO - [G] 2025-03-30 21:49:30 :: TRACE :: MULTIPLAYER :: Client got enemyLocation message:  (location: loc_selecting)  (action: enemyLocation) 
INFO - [G] 2025-03-30 21:49:31 :: TRACE :: MULTIPLAYER :: Client got enemyLocation message:  (location: loc_ready)  (action: enemyLocation) 
INFO - [G] 2025-03-30 21:49:31 :: TRACE :: MULTIPLAYER :: Client got startBlind message:  (action: startBlind) 
INFO - [G] 2025-03-30 21:49:31 :: TRACE :: MULTIPLAYER :: Client sent message: action:playHand,score:0,handsLeft:4
INFO - [G] 2025-03-30 21:49:31 :: TRACE :: MULTIPLAYER :: Client sent message: action:newRound
INFO - [G] 2025-03-30 21:49:31 :: TRACE :: MULTIPLAYER :: Client sent message: action:setLocation,location:loc_playing-bl_mp_nemesis
INFO - [G] 2025-03-30 21:49:31 :: TRACE :: MULTIPLAYER :: Client got enemyInfo message:  (skips: 0)  (lives: 1)  (action: enemyInfo)  (handsLeft: 4)  (score: 0) 
INFO - [G] 2025-03-30 21:49:31 :: TRACE :: MULTIPLAYER :: Client sent message: action:playHand,score:0,handsLeft:9
INFO - [G] 2025-03-30 21:49:32 :: TRACE :: MULTIPLAYER :: Client got enemyLocation message:  (location: loc_playing-bl_mp_nemesis)  (action: enemyLocation) 
INFO - [G] 2025-03-30 21:49:42 :: TRACE :: MULTIPLAYER :: Client got enemyInfo message:  (skips: 0)  (lives: 1)  (action: enemyInfo)  (handsLeft: 3)  (score: 35856) 
INFO - [G] 2025-03-30 21:49:52 :: TRACE :: MULTIPLAYER :: Client sent message: action:playHand,score:56948,handsLeft:8
INFO - [G] 2025-03-30 21:50:05 :: TRACE :: MULTIPLAYER :: Client got enemyInfo message:  (skips: 0)  (lives: 1)  (action: enemyInfo)  (handsLeft: 2)  (score: 55296) 
INFO - [G] 2025-03-30 21:50:22 :: TRACE :: MULTIPLAYER :: Client got enemyInfo message:  (skips: 0)  (lives: 1)  (action: enemyInfo)  (handsLeft: 1)  (score: 73746) 
INFO - [G] 2025-03-30 21:50:23 :: TRACE :: MULTIPLAYER :: Client sent message: action:playHand,score:155115,handsLeft:7
INFO - [G] 2025-03-30 21:50:29 :: TRACE :: MULTIPLAYER :: Client got enemyInfo message:  (skips: 0)  (lives: 1)  (action: enemyInfo)  (handsLeft: 0)  (score: 79140) 
INFO - [G] 2025-03-30 21:50:29 :: TRACE :: MULTIPLAYER :: Client got enemyInfo message:  (skips: 0)  (lives: 0)  (action: enemyInfo)  (handsLeft: 0)  (score: 79140) 
INFO - [G] 2025-03-30 21:50:29 :: TRACE :: MULTIPLAYER :: Client got winGame message:  (action: winGame) 
INFO - [G] 2025-03-30 21:50:29 :: TRACE :: MULTIPLAYER :: Client sent message: action:getEndGameJokers
INFO - [G] 2025-03-30 21:50:29 :: TRACE :: MULTIPLAYER :: Client got getEndGameJokers message:  (action: getEndGameJokers) 
INFO - [G] 2025-03-30 21:50:29 :: TRACE :: MULTIPLAYER :: Client sent message: action:receiveEndGameJokers,keys:j_abstract;j_castle;j_paperback_great_wave;j_mp_skip_off;j_constellation;
INFO - [G] 2025-03-30 21:50:30 :: TRACE :: MULTIPLAYER :: Client got receiveEndGameJokers message:  (keys: j_castle;j_lusty_joker;j_paperback_cakepop;j_paperback_sacrificial_lamb;j_bloodstone;)  (action: receiveEndGameJokers) 
INFO - [G] 2025-03-30 21:50:42 :: TRACE :: MULTIPLAYER :: Client sent message: action:stopGame
INFO - [G] 2025-03-30 21:50:43 :: TRACE :: MULTIPLAYER :: Client got stopGame message:  (action: stopGame) 
INFO - [G] 2025-03-30 21:50:43 :: DEBUG :: MULTIPLAYER :: Resetting game states
INFO - [G] 2025-03-30 21:50:43 :: TRACE :: MULTIPLAYER :: Client got enemyLocation message:  (location: Blind Select)  (action: enemyLocation) 
INFO - [G] 2025-03-30 21:50:47 :: TRACE :: MULTIPLAYER :: Client sent message: action:leaveLobby
INFO - [G] 2025-03-30 21:50:47 :: DEBUG :: MULTIPLAYER :: Resetting game states
INFO - [G] 2025-03-30 21:50:47 :: TRACE :: MULTIPLAYER :: Client got stopGame message:  (action: stopGame) 
INFO - [G] 2025-03-30 21:50:47 :: TRACE :: MULTIPLAYER :: Client got lobbyInfo message:  (host: shira)  (action: lobbyInfo)  (isHost: true)  (hostHash: AbsoluteDeck-0.0.0;Brainstorm-2.0.0-beta;DereBS-0.0.0;DereJkr-0.0.0;FTV-0.0.0;Handy-1.3.2;JokerOnlyDeck-0.0.0;LastStand-0.0.0;Multiplayer-0.2.1;NihilityChallenge-0.0.0;StylishSleeves-0.0.0;UltimateRandomDeck-0.0.0;paperback-0.6.4b;pauperdeck-1.1) 
INFO - [G] 2025-03-30 21:50:47 :: TRACE :: MULTIPLAYER :: Client sent message: action:lobbyOptions,different_decks:false,death_on_round_loss:true,custom_seed:random,stake:1,starting_lives:4,back:Yellow Deck,different_seeds:false,showdown_starting_antes:3,gold_on_life_loss:true,ruleset:ruleset_mp_standard,no_gold_on_round_loss:false,multiplayer_jokers:true
