INFO - [♥] Lovely 0.7.1
INFO - [♥] Game directory is at "E:\\shira\\.local\\share\\Steam\\steamapps\\common\\Balatro"
INFO - [♥] Writing logs to "C:\\users\\steamuser\\AppData\\Roaming\\Balatro\\Mods\\lovely\\log"
INFO - [♥] Using mod directory at "C:\\users\\steamuser\\AppData\\Roaming\\Balatro\\Mods"
WARN - [♥] Unknown key `patches.0.?.match_indent` found in patch file at "C:\\users\\steamuser\\AppData\\Roaming\\Balatro\\Mods\\BalatroMultiplayer-0.1.8.3\\lovely.toml", ignoring it
WARN - [♥] Unknown key `patches.1.?.match_indent` found in patch file at "C:\\users\\steamuser\\AppData\\Roaming\\Balatro\\Mods\\BalatroMultiplayer-0.1.8.3\\lovely.toml", ignoring it
WARN - [♥] Unknown key `patches.9.?.match_indent` found in patch file at "C:\\users\\steamuser\\AppData\\Roaming\\Balatro\\Mods\\BalatroMultiplayer-0.1.8.3\\lovely.toml", ignoring it
WARN - [♥] Unknown key `patches.10.?.match_indent` found in patch file at "C:\\users\\steamuser\\AppData\\Roaming\\Balatro\\Mods\\BalatroMultiplayer-0.1.8.3\\lovely.toml", ignoring it
WARN - [♥] Unknown key `patches.13.?.match_indent` found in patch file at "C:\\users\\steamuser\\AppData\\Roaming\\Balatro\\Mods\\BalatroMultiplayer-0.1.8.3\\lovely.toml", ignoring it
WARN - [♥] Unknown key `patches.15.?.match_indent` found in patch file at "C:\\users\\steamuser\\AppData\\Roaming\\Balatro\\Mods\\HandyBalatro\\lovely.toml", ignoring it
WARN - [♥] Unknown key `patches.15.?.overwrite` found in patch file at "C:\\users\\steamuser\\AppData\\Roaming\\Balatro\\Mods\\HandyBalatro\\lovely.toml", ignoring it
INFO - [♥] Cleaning up dumps directory at "C:\\users\\steamuser\\AppData\\Roaming\\Balatro\\Mods\\lovely\\dump"
INFO - [♥] Initialization complete in 99ms
INFO - [♥] Applied 18 patches to 'main.lua'
INFO - [♥] Applied 6 patches to 'engine/controller.lua'
INFO - [♥] Applied 13 patches to 'back.lua'
INFO - [♥] Applied 6 patches to 'tag.lua'
INFO - [♥] Applied 1 patch to 'engine/moveable.lua'
INFO - [♥] Applied 2 patches to 'engine/sprite.lua'
INFO - [♥] Applied 2 patches to 'engine/animatedsprite.lua'
INFO - [♥] Applied 41 patches to 'functions/misc_functions.lua'
INFO - [♥] Applied 30 patches to 'game.lua'
INFO - [♥] Applied 1 patch to 'globals.lua'
INFO - [♥] Applied 3 patches to 'engine/ui.lua'
INFO - [♥] Applied 81 patches to 'functions/UI_definitions.lua'
INFO - [♥] Applied 43 patches to 'functions/state_events.lua'
INFO - [♥] Applied 91 patches to 'functions/common_events.lua'
INFO - [♥] Applied 45 patches to 'functions/button_callbacks.lua'
INFO - [♥] Applied 149 patches to 'card.lua'
INFO - [♥] Applied 7 patches to 'cardarea.lua'
INFO - [♥] Applied 30 patches to 'blind.lua'
INFO - [♥] Applied 2 patches to 'engine/text.lua'
INFO - [G] Failed to connect to the debug server
INFO - [G] 2025-02-28 22:16:45 :: DEBUG :: DebugConsole :: Steamodded Debug Socket started !
INFO - [♥] Applied 9 patches to 'engine/sound_manager.lua'
INFO - [♥] Applied 1 patch to 'engine/save_manager.lua'
INFO - [G] 2025-02-28 22:16:46 :: INFO  :: DefaultLogger :: Valid JSON file found
INFO - [G] 2025-02-28 22:16:46 :: TRACE :: Loader :: Processing Mod file (Legacy header): MathBlinds.lua
INFO - [G] 2025-02-28 22:16:46 :: TRACE :: Loader :: Saving Mod Info: MathBlinds
INFO - [G] 2025-02-28 22:16:46 :: TRACE :: Loader :: Processing Mod file (Legacy header): AbsoluteDeck.lua
INFO - [G] 2025-02-28 22:16:46 :: TRACE :: Loader :: Saving Mod Info: AbsoluteDeck
INFO - [G] 2025-02-28 22:16:46 :: TRACE :: Loader :: Processing Mod file (Legacy header): JokerOnlyDeck.lua
INFO - [G] 2025-02-28 22:16:46 :: TRACE :: Loader :: Saving Mod Info: JokerOnlyDeck
INFO - [G] 2025-02-28 22:16:46 :: TRACE :: Loader :: Processing Mod file (Legacy header): PauperDeck.lua
INFO - [G] 2025-02-28 22:16:46 :: TRACE :: Loader :: Saving Mod Info: pauperdeck
INFO - [G] 2025-02-28 22:16:46 :: TRACE :: Loader :: Processing Mod file (Legacy header): UltimateRandom.lua
INFO - [G] 2025-02-28 22:16:46 :: TRACE :: Loader :: Saving Mod Info: UltimateRandomDeck
INFO - [G] 2025-02-28 22:16:46 :: INFO  :: DefaultLogger :: Valid JSON file found
INFO - [G] 2025-02-28 22:16:46 :: TRACE :: Loader :: Processing Mod file (Legacy header): steamodded.lua
INFO - [G] 2025-02-28 22:16:46 :: WARN  :: Loader :: Duplicate Mod ID: Handy
INFO - [G] 2025-02-28 22:16:46 :: INFO  :: DefaultLogger :: Valid JSON file found
INFO - [G] 2025-02-28 22:16:46 :: ERROR :: Loader :: Found invalid metadata JSON file at C:\users\steamuser\AppData\Roaming\Balatro\Mods/Jokers/ParrotJoker/manifest.json, ignoring: [SMODS _ "src/loader.lua"]:226: id
INFO - [G] 2025-02-28 22:16:46 :: ERROR :: Loader :: Found invalid metadata JSON file at C:\users\steamuser\AppData\Roaming\Balatro\Mods/Jokers/SnoresvilleTurbulentJokers/SnoresvilleTurbulentJokers.json, ignoring: [SMODS _ "src/loader.lua"]:105: attempt to call method 'gmatch' (a nil value)
INFO - [G] 2025-02-28 22:16:46 :: TRACE :: Loader :: Processing Mod file (Legacy header): ThemedDecks.lua
INFO - [G] 2025-02-28 22:16:46 :: TRACE :: Loader :: Saving Mod Info: ThemedDecks
INFO - [G] 2025-02-28 22:16:46 :: TRACE :: Loader :: Processing Mod file (Legacy header): ThemedJokers.lua
INFO - [G] 2025-02-28 22:16:46 :: TRACE :: Loader :: Saving Mod Info: ThemedJokers
INFO - [G] 2025-02-28 22:16:46 :: TRACE :: Loader :: Processing Mod file (Legacy header): ThemedTarots.lua
INFO - [G] 2025-02-28 22:16:46 :: TRACE :: Loader :: Saving Mod Info: ThemedTarots
INFO - [G] 2025-02-28 22:16:46 :: TRACE :: Loader :: Processing Mod file (Legacy header): MikasModCollection.lua
INFO - [G] 2025-02-28 22:16:46 :: TRACE :: Loader :: Saving Mod Info: MikasMods
INFO - [G] 2025-02-28 22:16:46 :: ERROR :: Loader :: Found invalid metadata JSON file at C:\users\steamuser\AppData\Roaming\Balatro\Mods/Packs_and_Mechanics/MikasBalatro/manifest.json, ignoring: [SMODS _ "src/loader.lua"]:226: id
INFO - [G] 2025-02-28 22:16:46 :: TRACE :: Loader :: Processing Mod file (Legacy header): SylvieSilly.lua
INFO - [G] 2025-02-28 22:16:46 :: TRACE :: Loader :: Saving Mod Info: SylvieSilly
INFO - [G] 2025-02-28 22:16:46 :: TRACE :: Loader :: Processing Mod file (Legacy header): Tetrapak.lua
INFO - [G] 2025-02-28 22:16:46 :: TRACE :: Loader :: Saving Mod Info: tetraminus_tetrapak
INFO - [G] 2025-02-28 22:16:46 :: TRACE :: Loader :: Processing Mod file (Legacy header): TheAutumnCircus.lua
INFO - [G] 2025-02-28 22:16:46 :: TRACE :: Loader :: Saving Mod Info: TheAutumnCircus
INFO - [G] 2025-02-28 22:16:46 :: TRACE :: Loader :: Processing Mod file (Legacy header): FasterStakesUnlock.lua
INFO - [G] 2025-02-28 22:16:46 :: TRACE :: Loader :: Saving Mod Info: FasterStakesUnlock
INFO - [G] 2025-02-28 22:16:46 :: TRACE :: Loader :: Processing Mod file (Legacy header): HoldForFinalHandScore.lua
INFO - [G] 2025-02-28 22:16:46 :: TRACE :: Loader :: Saving Mod Info: HoldForFinalHandScore
INFO - [G] 2025-02-28 22:16:46 :: INFO  :: DefaultLogger :: Valid JSON file found
INFO - [G] 2025-02-28 22:16:46 :: INFO  :: mij :: Registered: grug_economics
INFO - [G] 2025-02-28 22:16:46 :: INFO  :: mij :: Registered: programmer_socks
INFO - [G] 2025-02-28 22:16:46 :: INFO  :: mij :: Registered: glass_house
INFO - [G] 2025-02-28 22:16:46 :: INFO  :: mij :: Registered: introverted_joker
INFO - [G] 2025-02-28 22:16:46 :: INFO  :: mij :: Registered: unloyal_joker
INFO - [G] 2025-02-28 22:16:46 :: INFO  :: mij :: Registered: insurance_joker
INFO - [G] 2025-02-28 22:16:46 :: INFO  :: mij :: Registered: anarchist_joker
INFO - [G] 2025-02-28 22:16:46 :: INFO  :: mij :: Registered: pol_joker
INFO - [G] 2025-02-28 22:16:46 :: INFO  :: mij :: Registered: wally_joker
INFO - [G] 2025-02-28 22:16:46 :: INFO  :: mij :: Registered: succ_joker
INFO - [G] 2025-02-28 22:16:46 :: INFO  :: mij-wally :: mij_laugh2: 
  path: laugh2.ogg
  mod: 
    version: 1.0.0
    id: MIJ
    main_file: maxine.lua
    can_load: true
    badge_colour: 
      1: 1
      2: 0
      3: 0
      4: 1
    badge_text_colour: 
      1: 1
      2: 1
      3: 1
      4: 1
    priority: 0
    author: 
      1: MaxIsJoe
    config: 
    json: true
    config_file: config.lua
    description: Adds a few new jokers to the game.
    path: C:\users\steamuser\AppData\Roaming\Balatro\Mods/Jokers/MaxineJokers/
    prefix: mij
    dependencies: 
    display_name: Maxine's Joker Pack
    name: Maxine's Joker Pack
    optional_dependencies: 
  sound_code: mij_laugh2
  registered: true
  original_key: laugh2
  key: mij_laugh2
  prefix_config: 
xchips: 
  path: xchips.ogg
  prefix_config: 
  sound_code: xchips
  registered: true
  key: xchips
  original_key: xchips
mij_laugh1: 
  path: laugh1.ogg
  mod: 
    version: 1.0.0
    id: MIJ
    main_file: maxine.lua
    can_load: true
    badge_colour: 
      1: 1
      2: 0
      3: 0
      4: 1
    badge_text_colour: 
      1: 1
      2: 1
      3: 1
      4: 1
    priority: 0
    author: 
      1: MaxIsJoe
    config: 
    json: true
    config_file: config.lua
    description: Adds a few new jokers to the game.
    path: C:\users\steamuser\AppData\Roaming\Balatro\Mods/Jokers/MaxineJokers/
    prefix: mij
    dependencies: 
    display_name: Maxine's Joker Pack
    name: Maxine's Joker Pack
    optional_dependencies: 
  sound_code: mij_laugh1
  registered: true
  original_key: laugh1
  key: mij_laugh1
  prefix_config: 
mij_heykiddo: 
  path: heykiddo.ogg
  mod: 
    version: 1.0.0
    id: MIJ
    main_file: maxine.lua
    can_load: true
    badge_colour: 
      1: 1
      2: 0
      3: 0
      4: 1
    badge_text_colour: 
      1: 1
      2: 1
      3: 1
      4: 1
    priority: 0
    author: 
      1: MaxIsJoe
    config: 
    json: true
    config_file: config.lua
    description: Adds a few new jokers to the game.
    path: C:\users\steamuser\AppData\Roaming\Balatro\Mods/Jokers/MaxineJokers/
    prefix: mij
    dependencies: 
    display_name: Maxine's Joker Pack
    name: Maxine's Joker Pack
    optional_dependencies: 
  sound_code: mij_heykiddo
  registered: true
  original_key: heykiddo
  key: mij_heykiddo
  prefix_config: 

INFO - [G] line not found
INFO - [G] file not found: main.lua: No such file or directory
INFO - [G] file not found: main.lua: No such file or directory
INFO - [G] line not found
INFO - [G] line not found
INFO - [G] file not found: main.lua: No such file or directory
INFO - [G] 2025-02-28 22:16:46 :: ERROR :: StackTrace :: Oops! The game crashed
[SMODS _ "src/loader.lua"]:571: [SMODS balatro_plus "src/init.lua"]:150: unexpected symbol near ','
Stack Traceback
===============
(1) Lua local 'handler' at file 'main.lua:612'
	Local variables:
	 msg = string: "[SMODS _ \"src/loader.lua\"]:571: [SMODS balatro_plus \"src/init.lua\"]:150: unexpected symbol near ','"
	 (*temporary) = Lua function '?' (defined at line 31 of chunk [SMODS _ "src/logging.lua"])
	 (*temporary) = string: "Oops! The game crashed\
"
(2) LÖVE function at file 'boot.lua:352' (best guess)
	Local variables:
	 errhand = Lua function '?' (defined at line 598 of chunk main.lua)
	 handler = Lua function '?' (defined at line 598 of chunk main.lua)
(3) global C function 'assert'
(4) Lua global 'loadMods' at Steamodded file 'src/loader.lua:571' 
	Local variables:
	 modsDirectory = string: "C:\\users\\steamuser\\AppData\\Roaming\\Balatro\\Mods"
	 header_components = table: 0x04405d78  {version:table: 0x0440bbc0, id:table: 0x04405e60, conflicts:table: 0x0440ba18 (more...)}
	 json_spec = table: 0x03f7eed8  {version:table: 0x04453ca0, id:table: 0x03f7eff8, main_file:table: 0x044569a8 (more...)}
	 used_prefixes = table: 0x0445ee20  {fast:FasterStakesUnlock, ulti:UltimateRandomDeck, abso:AbsoluteDeck, hold:HoldForFinalHandScore (more...)}
	 lovely_directories = table: 0x0445ee48  {1:C:\users\steamuser\AppData\Roaming\Balatro\Mods/BalatroMultiplayer-0.1.8.3/ (more...)}
	 processDirectory = Lua function '?' (defined at line 185 of chunk [SMODS _ "src/loader.lua"])
	 keyset = table: 0x03e0d250  {1:0, 2:25, 3:9.007199254741e+15}
	 check_dependencies = Lua function '?' (defined at line 419 of chunk [SMODS _ "src/loader.lua"])
	 (for generator) = C function: builtin#6
	 (for state) = table: 0x03e0d250  {1:0, 2:25, 3:9.007199254741e+15}
	 (for control) = number: 1
	 _ = number: 1
	 priority = number: 0
	 (for generator) = C function: builtin#6
	 (for state) = table: 0x04409900  {1:table: 0x04079520, 2:table: 0x09d84d88, 3:table: 0x03ec5b50, 4:table: 0x09d877a8 (more...)}
	 (for control) = number: 14
	 _ = number: 14
	 mod = table: 0x09d89938  {version:1.0.1, id:balatro_plus, main_file:src/init.lua, can_load:true, badge_colour:table: 0x09d8a080 (more...)}
(5) Lua global 'initSteamodded' at Steamodded file 'src/loader.lua:654' 
(6) Lua method 'start_up' at file 'game.lua:211'
	Local variables:
	 self = table: 0x03e139f8  {SPEEDFACTOR:1, F_GUIDE:false, keybind_mapping:table: 0x03e1e9f8, F_CRASH_REPORTS:false (more...)}
	 settings = string: "return {[\"version\"]=\"1.0.1n-FULL\",[\"paused\"]=false,[\"QUEUED_CHANGE\"]={},[\"COMP\"]={[\"prev_name\"]=\"\",[\"name\"]=\"\",[\"score\"]=580150259.137,},[\"colourblind_option\"]=false,[\"play_button_pos\"]=2,[\"CUSTOM_DECK\"]={[\"Collabs\"]={[\"Spades\"]=\"default_Spades\",[\"Hearts\"]=\"default_Hearts\",[\"Diamonds\"]=\"default_Diamonds\",[\"Clubs\"]=\"default_Clubs\",},},[\"colour_palettes\"]={[\"Spades\"]=\"lc\",[\"Hearts\"]=\"lc\",[\"Diamonds\"]=\"lc\",[\"Clubs\"]=\"lc\",},[\"crashreports\"]=false,[\"tutorial_progress\"]={[\"completed_parts\"]={[\"first_hand_3\"]=true,[\"shop_1\"]=true,[\"big_blind\"]=true,[\"first_hand_4\"]=true,[\"small_blind\"]=true,[\"first_hand_section\"]=true,[\"first_hand_2\"]=true,[\"first_hand\"]=true,},[\"section\"]=\"big_blind\",[\"hold_parts\"]={},},[\"language\"]=\"en-us\",[\"run_stake_stickers\"]=false,[\"tutorial_complete\"]=true,[\"WINDOW\"]={[\"vsync\"]=0,[\"display_names\"]={[1]=\"1\",},[\"screenmode\"]=\"Windowed\",[\"DISPLAYS\"]={[2]={[\"DPI_scale\"]=1,[\"screen_resolutions\"]={[\"strings\"]={[1]=\"-\",},[\"values\"]={[1]={[\"h\"]=720,[\"w\"]=1280,},},},[\"MONITOR_DIMS\"]={[\"height\"]=2160,[\"width\"]=3840,},},[1]={[\"DPI_scale\"]=1,[\"screen_res\"]={[\"w\"]=2560,[\"h\"]=1440,},[\"screen_resolutions\"]={[\"strings\"]={[1]=\"-\",},[\"values\"]={[1]={[\"h\"]=720,[\"w\"]=1280,},},},[\"MONITOR_DIMS\"]={[\"height\"]=1080,[\"width\"]=1920,},},},[\"selected_display\"]=1,},[\"screenshake\"]=50,[\"GAMESPEED\"]=4,[\"SOUND\"]={[\"volume\"]=30.213881063598,[\"music_volume\"]=28.36664526879,[\"game_sounds_volume\"]=100,},[\"music_control\"]={[\"current_track\"]=\"\",[\"desired_track\"]=\"\",[\"lerp\"]=1,},[\"ACHIEVEMENTS_EARNED\"]={[\"card_discarder\"]=true,[\"_10k\"]=true,[\"retrograde\"]=true,[\"royale\"]=true,[\"_100000k\"]=true,[\"cartomancy\"]=true,[\"mid_stakes\"]=true,[\"low_stakes\"]=true,[\"ante_upper\"]=true,[\"_1000k\"]=true,[\"you_get_what_you_get\"]=true,[\"legendary\"]=true,[\"speedrunner\"]=true,[\"heads_up\"]=true,[\"rule_bender\"]=true,[\"clairvoyance\"]=true,[\"ante_up\"]=true,[\"card_player\"]=true,},[\"ambient_control\"]={[\"ambientFire3\"]={[\"vol\"]=3.2284226500017e-41,[\"per\"]=1,},[\"ambientFire1\"]={[\"vol\"]=3.5604511498644e-41,[\"per\"]=1.1,},[\"ambientFire2\"]={[\"vol\"]=1.8700825599996e-39,[\"per\"]=1.05,},[\"ambientOrgan1\"]={[\"vol\"]=1.3694879774249e-43,[\"per\"]=0.7,},},[\"current_setup\"]=\"New Run\",[\"profile\"]=1,[\"FASTFORWARD\"]=0,[\"DEMO\"]={[\"win_CTA_shown\"]=true,[\"quit_CTA_shown\"]=true,[\"timed_CTA_shown\"]=true,[\"total_uptime\"]=1435.6545139871,},[\"GRAPHICS\"]={[\"shadows\"]=\"On\",[\"crt\"]=0,[\"bloom\"]=1,[\"texture_scaling\"]=2,},}"
	 settings_ver = nil
	 new_colour_proto = table: 0x03e1bf18  {Spades:table: 0x03e1c1a0, Hearts:table: 0x03e1c010, Diamonds:table: 0x03e1c0c8 (more...)}
	 sound_files = table: 0x04011520  {1:ambientFire1.ogg, 2:ambientFire2.ogg, 3:ambientFire3.ogg, 4:ambientOrgan1.ogg (more...)}
	 shader_files = table: 0x04097680  {1:CRT.fs, 2:background.fs, 3:booster.fs, 4:debuff.fs, 5:dissolve.fs, 6:flame.fs (more...)}
(7) Lua field 'load' at file 'main.lua:945'
(8) Lua function '?' at file 'main.lua:892' (best guess)
(9) global C function 'xpcall'
(10) LÖVE function at file 'boot.lua:368' (best guess)
	Local variables:
	 result = boolean: true
	 main = nil
(11) global C function 'xpcall'
(12) LÖVE function at file 'boot.lua:377' (best guess)
	Local variables:
	 func = Lua function '(LÖVE Function)' (defined at line 355 of chunk [love "boot.lua"])
	 inerror = boolean: true
	 deferErrhand = Lua function '(LÖVE Function)' (defined at line 348 of chunk [love "boot.lua"])
	 earlyinit = Lua function '(LÖVE Function)' (defined at line 355 of chunk [love "boot.lua"])

INFO - [G] line not found
INFO - [G] line not found
INFO - [G] file not found: main.lua: No such file or directory
INFO - [G] 2025-02-28 22:16:46 :: INFO  :: StackTrace :: Additional Context:
Balatro Version: 1.0.1o-FULL
Modded Version: 1.0.0~ALPHA-1421b-STEAMODDED
LÖVE Version: 11.5.0
Lovely Version: 0.7.1
Platform: Windows
Steamodded Mods:
    1: The Autumn Circus by AutumnMood [ID: TheAutumnCircus]
    2: Hold For Final Hand Score by Wiwiweb [ID: HoldForFinalHandScore]
    3: Balatro+ by SomeCoder99 [ID: balatro_plus, Version: 1.0.1]
    4: Themed Tarots by Blizzow [ID: ThemedTarots]
    5: Handy by SleepyG11 [ID: Handy, Version: 1.3.2, Uses Lovely]
    6: Maxine's Joker Pack by MaxIsJoe [ID: MIJ, Version: 1.0.0]
    7: Multiplayer by virtualized, TGMM, CUexter [ID: VirtualizedMultiplayer, Priority: 9.007199254741e+15, Version: 0.1.8.3, Uses Lovely]
    8: Ultimate Random Deck by Steamo [ID: UltimateRandomDeck]
    9: Math Blinds by Bazinga_9000, tauttie [ID: MathBlinds, Version: 1.2.3]
    10: Faster Stakes Unlock by Wiwiweb [ID: FasterStakesUnlock]
    11: Joker Only Deck by Mojimoon [ID: JokerOnlyDeck]
    12: Tetrapak by tetraminus [ID: tetraminus_tetrapak]
    13: Mika's Mod Collection by Mikadoe [ID: MikasMods]
    14: Sylvie's Silliness by NewtTheFish [ID: SylvieSilly, Priority: 25]
    15: Themed Jokers by Blizzow [ID: ThemedJokers]
    16: Absolute Deck by Steamo [ID: AbsoluteDeck]
    17: Themed Decks by Blizzow [ID: ThemedDecks]
    18: PauperDeck by Aiksi [ID: pauperdeck, Version: 1.1]
Lovely Mods:
