INFO - [♥] Lovely 0.7.1
INFO - [♥] Game directory is at "E:\\shira\\.local\\share\\Steam\\steamapps\\common\\Balatro"
INFO - [♥] Writing logs to "C:\\users\\steamuser\\AppData\\Roaming\\Balatro\\Mods\\lovely\\log"
INFO - [♥] Using mod directory at "C:\\users\\steamuser\\AppData\\Roaming\\Balatro\\Mods"
WARN - [♥] Unknown key `patches.15.?.match_indent` found in patch file at "C:\\users\\steamuser\\AppData\\Roaming\\Balatro\\Mods\\HandyBalatro\\lovely.toml", ignoring it
WARN - [♥] Unknown key `patches.15.?.overwrite` found in patch file at "C:\\users\\steamuser\\AppData\\Roaming\\Balatro\\Mods\\HandyBalatro\\lovely.toml", ignoring it
INFO - [♥] Cleaning up dumps directory at "C:\\users\\steamuser\\AppData\\Roaming\\Balatro\\Mods\\lovely\\dump"
INFO - [♥] Initialization complete in 160ms
INFO - [♥] Applied 22 patches to 'main.lua'
INFO - [♥] Applied 6 patches to 'engine/controller.lua'
INFO - [♥] Applied 15 patches to 'back.lua'
INFO - [♥] Applied 7 patches to 'tag.lua'
INFO - [♥] Applied 1 patch to 'engine/moveable.lua'
INFO - [♥] Applied 2 patches to 'engine/sprite.lua'
INFO - [♥] Applied 2 patches to 'engine/animatedsprite.lua'
INFO - [♥] Applied 49 patches to 'functions/misc_functions.lua'
INFO - [♥] Applied 41 patches to 'game.lua'
INFO - [♥] Applied 2 patches to 'globals.lua'
INFO - [♥] Applied 3 patches to 'engine/ui.lua'
INFO - [♥] Applied 88 patches to 'functions/UI_definitions.lua'
INFO - [♥] Applied 48 patches to 'functions/state_events.lua'
INFO - [♥] Applied 111 patches to 'functions/common_events.lua'
INFO - [♥] Applied 51 patches to 'functions/button_callbacks.lua'
WARN - [♥] Pattern 'if G.GAME.blind and G.GAME.blind.in_blind then G.E_MANAGER:add_event(Event({ func = function() G.GAME.blind:set_blind(nil, true, nil); return true end })) end' on target 'card.lua' for pattern patch from smods-1.0.0-beta-0323b\lovely\calculate_card_added.toml resulted in 2 matches, wanted 1
WARN - [♥] Ignoring excess matches
WARN - [♥] Pattern 'if next(find_joker(\'Smeared Joker\')) and (self.base.suit == \'Hearts\' or self.base.suit == \'Diamonds\') == (suit == \'Hearts\' or suit == \'Diamonds\') then' on target 'card.lua' for pattern patch from paperback-0.6.4b\lovely\spectrum.toml resulted in no matches
INFO - [♥] Applied 160 patches to 'card.lua'
INFO - [♥] Applied 9 patches to 'cardarea.lua'
INFO - [♥] Applied 36 patches to 'blind.lua'
INFO - [♥] Applied 2 patches to 'engine/text.lua'
INFO - [♥] Applied 2 patches to '=[SMODS _ "src/utils.lua"]'
INFO - [G] Failed to connect to the debug server
INFO - [G] 2025-03-30 19:54:39 :: DEBUG :: DebugConsole :: Steamodded Debug Socket started !
INFO - [♥] Applied 9 patches to 'engine/sound_manager.lua'
INFO - [♥] Applied 1 patch to 'engine/save_manager.lua'
INFO - [G] 2025-03-30 19:54:40 :: TRACE :: Loader :: Processing Mod file (Legacy header): steamodded_compat.lua
INFO - [G] 2025-03-30 19:54:40 :: TRACE :: Loader :: Saving Mod Info: Brainstorm
INFO - [G] 2025-03-30 19:54:40 :: TRACE :: Loader :: Processing Mod file (Legacy header): nihility.lua
INFO - [G] 2025-03-30 19:54:40 :: TRACE :: Loader :: Saving Mod Info: NihilityChallenge
INFO - [G] 2025-03-30 19:54:40 :: TRACE :: Loader :: Processing Mod file (Legacy header): FeedTheVampire.lua
INFO - [G] 2025-03-30 19:54:40 :: TRACE :: Loader :: Saving Mod Info: FTV
INFO - [G] 2025-03-30 19:54:40 :: TRACE :: Loader :: Processing Mod file (Legacy header): LastStand.lua
INFO - [G] 2025-03-30 19:54:40 :: TRACE :: Loader :: Saving Mod Info: LastStand
INFO - [G] 2025-03-30 19:54:40 :: TRACE :: Loader :: Processing Mod file (Legacy header): Riff-Raffling.lua
INFO - [G] 2025-03-30 19:54:40 :: WARN  :: Loader :: Duplicate Mod ID: FTV
INFO - [G] 2025-03-30 19:54:40 :: TRACE :: Loader :: Processing Mod file (Legacy header): StylishSleeves.lua
INFO - [G] 2025-03-30 19:54:40 :: TRACE :: Loader :: Saving Mod Info: StylishSleeves
INFO - [G] 2025-03-30 19:54:40 :: TRACE :: Loader :: Processing Mod file (Legacy header): AbsoluteDeck.lua
INFO - [G] 2025-03-30 19:54:40 :: TRACE :: Loader :: Saving Mod Info: AbsoluteDeck
INFO - [G] 2025-03-30 19:54:40 :: TRACE :: Loader :: Processing Mod file (Legacy header): JokerOnlyDeck.lua
INFO - [G] 2025-03-30 19:54:40 :: TRACE :: Loader :: Saving Mod Info: JokerOnlyDeck
INFO - [G] 2025-03-30 19:54:40 :: TRACE :: Loader :: Processing Mod file (Legacy header): PauperDeck.lua
INFO - [G] 2025-03-30 19:54:40 :: TRACE :: Loader :: Saving Mod Info: pauperdeck
INFO - [G] 2025-03-30 19:54:40 :: TRACE :: Loader :: Processing Mod file (Legacy header): UltimateRandom.lua
INFO - [G] 2025-03-30 19:54:40 :: TRACE :: Loader :: Saving Mod Info: UltimateRandomDeck
INFO - [G] 2025-03-30 19:54:40 :: INFO  :: DefaultLogger :: Valid JSON file found
INFO - [G] 2025-03-30 19:54:40 :: TRACE :: Loader :: Processing Mod file (Legacy header): steamodded.lua
INFO - [G] 2025-03-30 19:54:40 :: WARN  :: Loader :: Duplicate Mod ID: Handy
INFO - [G] 2025-03-30 19:54:40 :: TRACE :: Loader :: Processing Mod file (Legacy header): BlueStorm.lua
INFO - [G] 2025-03-30 19:54:40 :: TRACE :: Loader :: Saving Mod Info: DereBS
INFO - [G] 2025-03-30 19:54:40 :: TRACE :: Loader :: Processing Mod file (Legacy header): DereJkr.lua
INFO - [G] 2025-03-30 19:54:40 :: TRACE :: Loader :: Saving Mod Info: DereJkr
INFO - [G] 2025-03-30 19:54:40 :: INFO  :: DefaultLogger :: Valid JSON file found
INFO - [G] 2025-03-30 19:54:40 :: ERROR :: Loader :: Found invalid metadata JSON file at C:\users\steamuser\AppData\Roaming\Balatro\Mods/paperback-0.6.4b/.vscode/settings.json, ignoring: [SMODS _ "src/loader.lua"]:226: id
INFO - [G] 2025-03-30 19:54:40 :: INFO  :: DefaultLogger :: Valid JSON file found
INFO - [G] 2025-03-30 19:54:40 :: DEBUG :: MULTIPLAYER :: Resetting game states
INFO - [G] 2025-03-30 19:54:40 :: TRACE :: MULTIPLAYER :: Client sent message: connect
INFO - [G] 2025-03-30 19:54:40 :: INFO  :: TIMER :: [0000] Injected Language in 0.003 ms
INFO - [G] 2025-03-30 19:54:40 :: INFO  :: TIMER :: [0000] Injected [INTERNAL] in 2.090 ms
INFO - [G] 2025-03-30 19:54:42 :: INFO  :: TIMER :: [0063] Injected Atlas in 1281.337 ms
INFO - [G] 2025-03-30 19:54:42 :: INFO  :: TIMER :: [0003] Injected Sound in 4.525 ms
INFO - [G] 2025-03-30 19:54:42 :: INFO  :: TIMER :: [0008] Injected Stake in 0.793 ms
INFO - [G] 2025-03-30 19:54:42 :: INFO  :: TIMER :: [0004] Injected Rarity in 0.041 ms
INFO - [G] 2025-03-30 19:54:42 :: INFO  :: TIMER :: [0006] Injected ObjectType in 0.129 ms
INFO - [G] 2025-03-30 19:54:42 :: INFO  :: TIMER :: [0220] Injected Center in 2.071 ms
INFO - [G] 2025-03-30 19:54:42 :: INFO  :: TIMER :: [0007] Injected Undiscovered Sprite in 0.008 ms
INFO - [G] 2025-03-30 19:54:42 :: INFO  :: TIMER :: [0003] Injected Blind in 0.015 ms
INFO - [G] 2025-03-30 19:54:42 :: INFO  :: TIMER :: [0004] Injected Seal in 0.258 ms
INFO - [G] 2025-03-30 19:54:42 :: INFO  :: TIMER :: [0006] Injected Suit in 0.439 ms
INFO - [G] 2025-03-30 19:54:42 :: INFO  :: TIMER :: [0013] Injected Rank in 0.372 ms
INFO - [G] 2025-03-30 19:54:42 :: INFO  :: TIMER :: [0044] Injected DeckSkin in 1.033 ms
INFO - [G] 2025-03-30 19:54:42 :: INFO  :: TIMER :: [0016] Injected PokerHand in 0.290 ms
INFO - [G] 2025-03-30 19:54:42 :: INFO  :: TIMER :: [0023] Injected Challenge in 0.031 ms
INFO - [G] 2025-03-30 19:54:42 :: INFO  :: TIMER :: [0005] Injected Tag in 0.011 ms
INFO - [G] 2025-03-30 19:54:42 :: INFO  :: TIMER :: [0012] Injected Sticker in 3.048 ms
INFO - [G] 2025-03-30 19:54:42 :: INFO  :: TIMER :: [0001] Injected Shader in 10.331 ms
INFO - [G] 2025-03-30 19:54:42 :: INFO  :: TIMER :: [0002] Injected Keybind in 0.009 ms
INFO - [G] 2025-03-30 19:54:42 :: INFO  :: TIMER :: [0000] Injected Achievement in 0.048 ms
INFO - [G] 2025-03-30 19:54:42 :: INFO  :: TIMER :: [0002] Injected nil in 0.007 ms
INFO - [G] 2025-03-30 19:54:42 :: INFO  :: TIMER :: [0021] Injected Draw Step in 0.056 ms
INFO - [G] 2025-03-30 19:54:42 :: INFO  :: TIMER :: [0000] Injected [INTERNAL] in 4.997 ms
INFO - [G] 2025-03-30 19:54:42 :: INFO  :: TIMER :: [0000] Injected nil in 0.001 ms
INFO - [G] 2025-03-30 19:54:42 :: INFO  :: TIMER :: [0004] Injected nil in 0.013 ms
INFO - [G] 2025-03-30 19:54:42 :: TRACE :: MULTIPLAYER :: Client got connected message:  (action: connected) 
INFO - [G] 2025-03-30 19:54:42 :: TRACE :: MULTIPLAYER :: Client sent message: action:username,username:Guest,modHash:
INFO - [G] 2025-03-30 19:54:42 :: TRACE :: MULTIPLAYER :: Client got version message:  (action: version) 
INFO - [G] 2025-03-30 19:54:42 :: TRACE :: MULTIPLAYER :: Client sent message: action:version,version:0.2.1-MULTIPLAYER
INFO - [G] 2025-03-30 19:54:42 :: INFO  :: MULTIPLAYER :: Generated Mod Hash: 8404
INFO - [G] 2025-03-30 19:54:42 :: TRACE :: MULTIPLAYER :: Client sent message: action:username,username:Guest,modHash:AbsoluteDeck-0.0.0;Brainstorm-2.0.0-beta;DereBS-0.0.0;DereJkr-0.0.0;FTV-0.0.0;Handy-1.3.2;JokerOnlyDeck-0.0.0;LastStand-0.0.0;Multiplayer-0.2.1;NihilityChallenge-0.0.0;StylishSleeves-0.0.0;UltimateRandomDeck-0.0.0;paperback-0.6.4b;pauperdeck-1.1
INFO - [G] 2025-03-30 19:54:51 :: TRACE :: MULTIPLAYER :: Client sent message: action:createLobby,gameMode:ruleset_mp_standard
INFO - [G] 2025-03-30 19:54:51 :: TRACE :: MULTIPLAYER :: Client got joinedLobby message:  (type: ruleset_mp_standard)  (action: joinedLobby)  (code: LEONL) 
INFO - [G] 2025-03-30 19:54:51 :: TRACE :: MULTIPLAYER :: Client sent message: action:lobbyInfo
INFO - [G] 2025-03-30 19:54:51 :: DEBUG :: MULTIPLAYER :: Resetting game states
INFO - [G] 2025-03-30 19:54:52 :: TRACE :: MULTIPLAYER :: Client got lobbyInfo message:  (host: Guest)  (action: lobbyInfo)  (isHost: true)  (hostHash: AbsoluteDeck-0.0.0;Brainstorm-2.0.0-beta;DereBS-0.0.0;DereJkr-0.0.0;FTV-0.0.0;Handy-1.3.2;JokerOnlyDeck-0.0.0;LastStand-0.0.0;Multiplayer-0.2.1;NihilityChallenge-0.0.0;StylishSleeves-0.0.0;UltimateRandomDeck-0.0.0;paperback-0.6.4b;pauperdeck-1.1) 
INFO - [G] 2025-03-30 19:54:52 :: TRACE :: MULTIPLAYER :: Client sent message: action:lobbyOptions,different_decks:false,death_on_round_loss:true,custom_seed:random,stake:1,starting_lives:4,back:Red Deck,sleeve:sleeve_casl_none,different_seeds:false,showdown_starting_antes:3,gold_on_life_loss:true,ruleset:ruleset_mp_standard,no_gold_on_round_loss:false,multiplayer_jokers:true
INFO - [G] 2025-03-30 19:55:00 :: TRACE :: MULTIPLAYER :: Client sent message: action:leaveLobby
INFO - [G] 2025-03-30 19:55:00 :: DEBUG :: MULTIPLAYER :: Resetting game states
INFO - [G] 2025-03-30 19:55:13 :: TRACE :: MULTIPLAYER :: Client sent message: action:username,username:shira,modHash:AbsoluteDeck-0.0.0;Brainstorm-2.0.0-beta;DereBS-0.0.0;DereJkr-0.0.0;FTV-0.0.0;Handy-1.3.2;JokerOnlyDeck-0.0.0;LastStand-0.0.0;Multiplayer-0.2.1;NihilityChallenge-0.0.0;StylishSleeves-0.0.0;UltimateRandomDeck-0.0.0;paperback-0.6.4b;pauperdeck-1.1
INFO - [G] 2025-03-30 19:55:14 :: TRACE :: MULTIPLAYER :: Client sent message: action:username,username:shira,modHash:AbsoluteDeck-0.0.0;Brainstorm-2.0.0-beta;DereBS-0.0.0;DereJkr-0.0.0;FTV-0.0.0;Handy-1.3.2;JokerOnlyDeck-0.0.0;LastStand-0.0.0;Multiplayer-0.2.1;NihilityChallenge-0.0.0;StylishSleeves-0.0.0;UltimateRandomDeck-0.0.0;paperback-0.6.4b;pauperdeck-1.1
INFO - [G] 2025-03-30 19:55:17 :: TRACE :: MULTIPLAYER :: Client sent message: action:createLobby,gameMode:ruleset_mp_standard
INFO - [G] 2025-03-30 19:55:17 :: TRACE :: MULTIPLAYER :: Client got joinedLobby message:  (type: ruleset_mp_standard)  (action: joinedLobby)  (code: ZPGPB) 
INFO - [G] 2025-03-30 19:55:17 :: TRACE :: MULTIPLAYER :: Client sent message: action:lobbyInfo
INFO - [G] 2025-03-30 19:55:17 :: DEBUG :: MULTIPLAYER :: Resetting game states
INFO - [G] 2025-03-30 19:55:17 :: TRACE :: MULTIPLAYER :: Client got lobbyInfo message:  (host: shira)  (action: lobbyInfo)  (isHost: true)  (hostHash: AbsoluteDeck-0.0.0;Brainstorm-2.0.0-beta;DereBS-0.0.0;DereJkr-0.0.0;FTV-0.0.0;Handy-1.3.2;JokerOnlyDeck-0.0.0;LastStand-0.0.0;Multiplayer-0.2.1;NihilityChallenge-0.0.0;StylishSleeves-0.0.0;UltimateRandomDeck-0.0.0;paperback-0.6.4b;pauperdeck-1.1) 
INFO - [G] 2025-03-30 19:55:17 :: TRACE :: MULTIPLAYER :: Client sent message: action:lobbyOptions,different_decks:false,death_on_round_loss:true,custom_seed:random,stake:1,starting_lives:4,back:Red Deck,sleeve:sleeve_casl_none,different_seeds:false,showdown_starting_antes:3,gold_on_life_loss:true,ruleset:ruleset_mp_standard,no_gold_on_round_loss:false,multiplayer_jokers:true
INFO - [G] 2025-03-30 19:55:43 :: TRACE :: MULTIPLAYER :: Client sent message: action:lobbyOptions,different_decks:false,death_on_round_loss:true,custom_seed:random,stake:1,starting_lives:4,back:Yellow Deck,different_seeds:false,showdown_starting_antes:3,gold_on_life_loss:true,ruleset:ruleset_mp_standard,no_gold_on_round_loss:false,multiplayer_jokers:true
INFO - [G] 2025-03-30 19:58:49 :: TRACE :: MULTIPLAYER :: Client got lobbyInfo message:  (host: shira)  (guestHash: AbsoluteDeck-0.0.0;Brainstorm-2.0.0-beta;DereBS-0.0.0;DereJkr-0.0.0;FTV-0.0.0;Handy-1.3.2;JokerOnlyDeck-0.0.0;LastStand-0.0.0;Multiplayer-0.2.1;NihilityChallenge-0.0.0;StylishSleeves-0.0.0;UltimateRandomDeck-0.0.0;paperback-0.6.4b;pauperdeck-1.1)  (guest: Guest)  (action: lobbyInfo)  (hostHash: AbsoluteDeck-0.0.0;Brainstorm-2.0.0-beta;DereBS-0.0.0;DereJkr-0.0.0;FTV-0.0.0;Handy-1.3.2;JokerOnlyDeck-0.0.0;LastStand-0.0.0;Multiplayer-0.2.1;NihilityChallenge-0.0.0;StylishSleeves-0.0.0;UltimateRandomDeck-0.0.0;paperback-0.6.4b;pauperdeck-1.1)  (isHost: true) 
INFO - [G] 2025-03-30 19:58:49 :: TRACE :: MULTIPLAYER :: Client sent message: action:lobbyOptions,different_decks:false,death_on_round_loss:true,custom_seed:random,stake:1,starting_lives:4,back:Yellow Deck,different_seeds:false,showdown_starting_antes:3,gold_on_life_loss:true,ruleset:ruleset_mp_standard,no_gold_on_round_loss:false,multiplayer_jokers:true
INFO - [G] 2025-03-30 19:58:49 :: TRACE :: MULTIPLAYER :: Client got lobbyInfo message:  (host: shira)  (guestHash: AbsoluteDeck-0.0.0;Brainstorm-2.0.0-beta;DereBS-0.0.0;DereJkr-0.0.0;FTV-0.0.0;Handy-1.3.2;JokerOnlyDeck-0.0.0;LastStand-0.0.0;Multiplayer-0.2.1;NihilityChallenge-0.0.0;StylishSleeves-0.0.0;UltimateRandomDeck-0.0.0;paperback-0.6.4b;pauperdeck-1.1)  (guest: Guest)  (action: lobbyInfo)  (hostHash: AbsoluteDeck-0.0.0;Brainstorm-2.0.0-beta;DereBS-0.0.0;DereJkr-0.0.0;FTV-0.0.0;Handy-1.3.2;JokerOnlyDeck-0.0.0;LastStand-0.0.0;Multiplayer-0.2.1;NihilityChallenge-0.0.0;StylishSleeves-0.0.0;UltimateRandomDeck-0.0.0;paperback-0.6.4b;pauperdeck-1.1)  (isHost: true) 
INFO - [G] 2025-03-30 19:58:49 :: TRACE :: MULTIPLAYER :: Client sent message: action:lobbyOptions,different_decks:false,death_on_round_loss:true,custom_seed:random,stake:1,starting_lives:4,back:Yellow Deck,different_seeds:false,showdown_starting_antes:3,gold_on_life_loss:true,ruleset:ruleset_mp_standard,no_gold_on_round_loss:false,multiplayer_jokers:true
INFO - [G] 2025-03-30 19:58:53 :: TRACE :: MULTIPLAYER :: Client sent message: action:startGame
INFO - [G] 2025-03-30 19:58:53 :: TRACE :: MULTIPLAYER :: Client got startGame message:  (deck: c_multiplayer_1)  (action: startGame)  (seed: 6AMXM) 
INFO - [G] 2025-03-30 19:58:53 :: DEBUG :: MULTIPLAYER :: Resetting game states
INFO - [G] 2025-03-30 19:58:53 :: TRACE :: MULTIPLAYER :: Client sent message: action:setAnte,ante:0
INFO - [G] 2025-03-30 19:58:53 :: TRACE :: MULTIPLAYER :: Client got playerInfo message:  (lives: 4)  (action: playerInfo) 
INFO - [G] 2025-03-30 19:58:57 :: TRACE :: MULTIPLAYER :: Client sent message: action:playHand,score:0,handsLeft:4
INFO - [G] 2025-03-30 19:58:57 :: TRACE :: MULTIPLAYER :: Client sent message: action:newRound
INFO - [G] 2025-03-30 19:58:57 :: TRACE :: MULTIPLAYER :: Client sent message: action:setLocation,location:loc_playing-bl_small
INFO - [G] 2025-03-30 19:59:04 :: TRACE :: MULTIPLAYER :: Client got enemyInfo message:  (skips: 0)  (lives: 4)  (action: enemyInfo)  (handsLeft: 4)  (score: 0) 
INFO - [G] 2025-03-30 19:59:04 :: TRACE :: MULTIPLAYER :: Client got enemyLocation message:  (location: loc_playing-bl_small)  (action: enemyLocation) 
INFO - [G] 2025-03-30 19:59:17 :: TRACE :: MULTIPLAYER :: Client sent message: action:setLocation,location:loc_shop
INFO - [G] 2025-03-30 19:59:32 :: TRACE :: MULTIPLAYER :: Client got enemyLocation message:  (location: loc_shop)  (action: enemyLocation) 
INFO - [G] 2025-03-30 19:59:37 :: TRACE :: MULTIPLAYER :: Client sent message: action:spentLastShop,amount:0
INFO - [G] 2025-03-30 19:59:37 :: TRACE :: MULTIPLAYER :: Client sent message: action:setLocation,location:loc_selecting
INFO - [G] 2025-03-30 19:59:38 :: TRACE :: MULTIPLAYER :: Client sent message: action:playHand,score:0,handsLeft:4
INFO - [G] 2025-03-30 19:59:38 :: TRACE :: MULTIPLAYER :: Client sent message: action:newRound
INFO - [G] 2025-03-30 19:59:38 :: TRACE :: MULTIPLAYER :: Client sent message: action:setLocation,location:loc_playing-bl_big
INFO - [G] 2025-03-30 19:59:46 :: TRACE :: MULTIPLAYER :: Client got spentLastShop message:  (amount: 0)  (action: spentLastShop) 
INFO - [G] 2025-03-30 19:59:46 :: TRACE :: MULTIPLAYER :: Client got enemyLocation message:  (location: loc_selecting)  (action: enemyLocation) 
INFO - [G] 2025-03-30 19:59:47 :: TRACE :: MULTIPLAYER :: Client got enemyInfo message:  (skips: 0)  (lives: 4)  (action: enemyInfo)  (handsLeft: 4)  (score: 0) 
INFO - [G] 2025-03-30 19:59:47 :: TRACE :: MULTIPLAYER :: Client got enemyLocation message:  (location: loc_playing-bl_big)  (action: enemyLocation) 
INFO - [G] 2025-03-30 19:59:50 :: TRACE :: MULTIPLAYER :: Client sent message: action:setLocation,location:loc_shop
INFO - [G] 2025-03-30 20:00:17 :: TRACE :: MULTIPLAYER :: Client sent message: action:spentLastShop,amount:0
INFO - [G] 2025-03-30 20:00:17 :: TRACE :: MULTIPLAYER :: Client sent message: action:setLocation,location:loc_selecting
INFO - [G] 2025-03-30 20:00:18 :: TRACE :: MULTIPLAYER :: Client sent message: action:playHand,score:0,handsLeft:5
INFO - [G] 2025-03-30 20:00:18 :: TRACE :: MULTIPLAYER :: Client sent message: action:newRound
INFO - [G] 2025-03-30 20:00:18 :: TRACE :: MULTIPLAYER :: Client sent message: action:setLocation,location:loc_playing-bl_hook
INFO - [G] 2025-03-30 20:00:23 :: TRACE :: MULTIPLAYER :: Client got enemyLocation message:  (location: loc_shop)  (action: enemyLocation) 
INFO - [G] 2025-03-30 20:00:44 :: TRACE :: MULTIPLAYER :: Client got spentLastShop message:  (amount: 0)  (action: spentLastShop) 
INFO - [G] 2025-03-30 20:00:44 :: TRACE :: MULTIPLAYER :: Client got enemyLocation message:  (location: loc_selecting)  (action: enemyLocation) 
INFO - [G] 2025-03-30 20:00:45 :: TRACE :: MULTIPLAYER :: Client got enemyInfo message:  (skips: 0)  (lives: 4)  (action: enemyInfo)  (handsLeft: 5)  (score: 0) 
INFO - [G] 2025-03-30 20:00:45 :: TRACE :: MULTIPLAYER :: Client got enemyLocation message:  (location: loc_playing-bl_hook)  (action: enemyLocation) 
INFO - [G] 2025-03-30 20:00:47 :: TRACE :: MULTIPLAYER :: Client sent message: action:setAnte,ante:2
INFO - [G] 2025-03-30 20:00:53 :: TRACE :: MULTIPLAYER :: Client sent message: action:setLocation,location:loc_shop
INFO - [G] 2025-03-30 20:01:13 :: TRACE :: MULTIPLAYER :: Client sent message: action:spentLastShop,amount:0
INFO - [G] 2025-03-30 20:01:13 :: TRACE :: MULTIPLAYER :: Client sent message: action:setLocation,location:loc_selecting
INFO - [G] 2025-03-30 20:01:14 :: TRACE :: MULTIPLAYER :: Client sent message: action:playHand,score:0,handsLeft:5
INFO - [G] 2025-03-30 20:01:14 :: TRACE :: MULTIPLAYER :: Client sent message: action:newRound
INFO - [G] 2025-03-30 20:01:14 :: TRACE :: MULTIPLAYER :: Client sent message: action:setLocation,location:loc_playing-bl_small
INFO - [G] 2025-03-30 20:01:46 :: TRACE :: MULTIPLAYER :: Client sent message: action:setLocation,location:loc_shop
INFO - [G] 2025-03-30 20:01:56 :: TRACE :: MULTIPLAYER :: Client got enemyLocation message:  (location: loc_shop)  (action: enemyLocation) 
INFO - [G] 2025-03-30 20:01:59 :: TRACE :: MULTIPLAYER :: Client sent message: action:soldJoker
INFO - [G] 2025-03-30 20:02:02 :: TRACE :: MULTIPLAYER :: Client sent message: action:spentLastShop,amount:0
INFO - [G] 2025-03-30 20:02:02 :: TRACE :: MULTIPLAYER :: Client sent message: action:setLocation,location:loc_selecting
INFO - [G] 2025-03-30 20:02:03 :: TRACE :: MULTIPLAYER :: Client sent message: action:playHand,score:0,handsLeft:5
INFO - [G] 2025-03-30 20:02:03 :: TRACE :: MULTIPLAYER :: Client sent message: action:newRound
INFO - [G] 2025-03-30 20:02:03 :: TRACE :: MULTIPLAYER :: Client sent message: action:setLocation,location:loc_playing-bl_big
INFO - [G] 2025-03-30 20:02:08 :: TRACE :: MULTIPLAYER :: Client got spentLastShop message:  (amount: 0)  (action: spentLastShop) 
INFO - [G] 2025-03-30 20:02:08 :: TRACE :: MULTIPLAYER :: Client got enemyLocation message:  (location: loc_selecting)  (action: enemyLocation) 
INFO - [G] 2025-03-30 20:02:10 :: TRACE :: MULTIPLAYER :: Client got enemyInfo message:  (skips: 0)  (lives: 4)  (action: enemyInfo)  (handsLeft: 5)  (score: 0) 
INFO - [G] 2025-03-30 20:02:11 :: TRACE :: MULTIPLAYER :: Client got enemyLocation message:  (location: loc_playing-bl_small)  (action: enemyLocation) 
INFO - [G] 2025-03-30 20:02:31 :: TRACE :: MULTIPLAYER :: Client got enemyLocation message:  (location: loc_shop)  (action: enemyLocation) 
INFO - [G] 2025-03-30 20:02:34 :: TRACE :: MULTIPLAYER :: Client sent message: action:setLocation,location:loc_shop
INFO - [G] 2025-03-30 20:02:37 :: TRACE :: MULTIPLAYER :: Client got spentLastShop message:  (amount: 0)  (action: spentLastShop) 
INFO - [G] 2025-03-30 20:02:37 :: TRACE :: MULTIPLAYER :: Client got enemyLocation message:  (location: loc_selecting)  (action: enemyLocation) 
INFO - [G] 2025-03-30 20:02:38 :: TRACE :: MULTIPLAYER :: Client got enemyInfo message:  (skips: 0)  (lives: 4)  (action: enemyInfo)  (handsLeft: 5)  (score: 0) 
INFO - [G] 2025-03-30 20:02:38 :: TRACE :: MULTIPLAYER :: Client got enemyLocation message:  (location: loc_playing-bl_big)  (action: enemyLocation) 
INFO - [G] 2025-03-30 20:03:26 :: TRACE :: MULTIPLAYER :: Client sent message: action:soldJoker
INFO - [G] 2025-03-30 20:03:57 :: TRACE :: MULTIPLAYER :: Client sent message: action:spentLastShop,amount:0
INFO - [G] 2025-03-30 20:03:57 :: TRACE :: MULTIPLAYER :: Client sent message: action:setLocation,location:loc_selecting
INFO - [G] 2025-03-30 20:03:59 :: TRACE :: MULTIPLAYER :: Toggling Ready
INFO - [G] 2025-03-30 20:03:59 :: TRACE :: MULTIPLAYER :: Client sent message: action:setLocation,location:loc_ready
INFO - [G] 2025-03-30 20:03:59 :: TRACE :: MULTIPLAYER :: Client sent message: action:readyBlind
INFO - [G] 2025-03-30 20:03:59 :: TRACE :: MULTIPLAYER :: Client got speedrun message:  (action: speedrun) 
INFO - [G] 2025-03-30 20:04:00 :: TRACE :: MULTIPLAYER :: Client got enemyLocation message:  (location: loc_shop)  (action: enemyLocation) 
INFO - [G] 2025-03-30 20:04:04 :: TRACE :: MULTIPLAYER :: Client sent message: action:startAnteTimer,time:120
INFO - [G] 2025-03-30 20:05:44 :: TRACE :: MULTIPLAYER :: Client got spentLastShop message:  (amount: 0)  (action: spentLastShop) 
INFO - [G] 2025-03-30 20:05:44 :: TRACE :: MULTIPLAYER :: Client got enemyLocation message:  (location: loc_selecting)  (action: enemyLocation) 
INFO - [G] 2025-03-30 20:05:44 :: TRACE :: MULTIPLAYER :: Client got enemyLocation message:  (location: loc_ready)  (action: enemyLocation) 
INFO - [G] 2025-03-30 20:05:45 :: TRACE :: MULTIPLAYER :: Client got startBlind message:  (action: startBlind) 
INFO - [G] 2025-03-30 20:05:45 :: TRACE :: MULTIPLAYER :: Client sent message: action:playHand,score:0,handsLeft:5
INFO - [G] 2025-03-30 20:05:45 :: TRACE :: MULTIPLAYER :: Client sent message: action:newRound
INFO - [G] 2025-03-30 20:05:45 :: TRACE :: MULTIPLAYER :: Client sent message: action:setLocation,location:loc_playing-bl_mp_nemesis
INFO - [G] 2025-03-30 20:05:45 :: TRACE :: MULTIPLAYER :: Client got enemyInfo message:  (skips: 0)  (lives: 4)  (action: enemyInfo)  (handsLeft: 5)  (score: 0) 
INFO - [G] 2025-03-30 20:05:45 :: TRACE :: MULTIPLAYER :: Client got enemyLocation message:  (location: loc_playing-bl_mp_nemesis)  (action: enemyLocation) 
INFO - [G] 2025-03-30 20:06:06 :: TRACE :: MULTIPLAYER :: Client sent message: action:playHand,score:592,handsLeft:4
INFO - [G] 2025-03-30 20:06:32 :: TRACE :: MULTIPLAYER :: Client sent message: action:playHand,score:2496,handsLeft:3
INFO - [G] 2025-03-30 20:06:36 :: TRACE :: MULTIPLAYER :: Client got enemyInfo message:  (skips: 0)  (lives: 4)  (action: enemyInfo)  (handsLeft: 4)  (score: 20) 
INFO - [G] 2025-03-30 20:06:41 :: TRACE :: MULTIPLAYER :: Client got enemyInfo message:  (skips: 0)  (lives: 4)  (action: enemyInfo)  (handsLeft: 3)  (score: 34) 
INFO - [G] 2025-03-30 20:06:52 :: TRACE :: MULTIPLAYER :: Client got enemyInfo message:  (skips: 0)  (lives: 4)  (action: enemyInfo)  (handsLeft: 2)  (score: 58) 
INFO - [G] 2025-03-30 20:06:55 :: TRACE :: MULTIPLAYER :: Client sent message: action:playHand,score:3108,handsLeft:2
INFO - [G] 2025-03-30 20:07:00 :: TRACE :: MULTIPLAYER :: Client got enemyInfo message:  (skips: 0)  (lives: 4)  (action: enemyInfo)  (handsLeft: 1)  (score: 2519) 
INFO - [G] 2025-03-30 20:07:06 :: TRACE :: MULTIPLAYER :: Client sent message: action:playHand,score:5268,handsLeft:1
INFO - [G] 2025-03-30 20:07:16 :: TRACE :: MULTIPLAYER :: Client sent message: action:playHand,score:6288,handsLeft:0
INFO - [G] 2025-03-30 20:07:24 :: TRACE :: MULTIPLAYER :: Client got enemyInfo message:  (skips: 0)  (lives: 4)  (action: enemyInfo)  (handsLeft: 0)  (score: 2545) 
INFO - [G] 2025-03-30 20:07:24 :: TRACE :: MULTIPLAYER :: Client got enemyInfo message:  (skips: 0)  (lives: 3)  (action: enemyInfo)  (handsLeft: 0)  (score: 2545) 
INFO - [G] 2025-03-30 20:07:24 :: TRACE :: MULTIPLAYER :: Client got endPvP message:  (lost: false)  (action: endPvP) 
INFO - [G] 2025-03-30 20:07:24 :: TRACE :: MULTIPLAYER :: Client sent message: action:setAnte,ante:3
INFO - [G] 2025-03-30 20:07:29 :: TRACE :: MULTIPLAYER :: Client got enemyLocation message:  (location: loc_shop)  (action: enemyLocation) 
INFO - [G] 2025-03-30 20:07:29 :: TRACE :: MULTIPLAYER :: Client sent message: action:setLocation,location:loc_shop
INFO - [G] 2025-03-30 20:07:43 :: TRACE :: MULTIPLAYER :: Client got spentLastShop message:  (amount: 0)  (action: spentLastShop) 
INFO - [G] 2025-03-30 20:07:43 :: TRACE :: MULTIPLAYER :: Client got enemyLocation message:  (location: loc_selecting)  (action: enemyLocation) 
INFO - [G] 2025-03-30 20:07:45 :: TRACE :: MULTIPLAYER :: Client got enemyInfo message:  (skips: 0)  (lives: 3)  (action: enemyInfo)  (handsLeft: 5)  (score: 0) 
INFO - [G] 2025-03-30 20:07:46 :: TRACE :: MULTIPLAYER :: Client got enemyLocation message:  (location: loc_playing-bl_small)  (action: enemyLocation) 
INFO - [G] 2025-03-30 20:07:52 :: TRACE :: MULTIPLAYER :: Client sent message: action:soldJoker
INFO - [G] 2025-03-30 20:08:22 :: TRACE :: MULTIPLAYER :: Client sent message: action:soldJoker
INFO - [G] 2025-03-30 20:08:31 :: TRACE :: MULTIPLAYER :: Client got enemyLocation message:  (location: loc_shop)  (action: enemyLocation) 
INFO - [G] 2025-03-30 20:08:41 :: TRACE :: MULTIPLAYER :: Client sent message: action:spentLastShop,amount:0
INFO - [G] 2025-03-30 20:08:42 :: TRACE :: MULTIPLAYER :: Client sent message: action:setLocation,location:loc_selecting
INFO - [G] 2025-03-30 20:08:43 :: TRACE :: MULTIPLAYER :: Client sent message: action:playHand,score:0,handsLeft:5
INFO - [G] 2025-03-30 20:08:43 :: TRACE :: MULTIPLAYER :: Client sent message: action:newRound
INFO - [G] 2025-03-30 20:08:43 :: TRACE :: MULTIPLAYER :: Client sent message: action:setLocation,location:loc_playing-bl_small
INFO - [G] 2025-03-30 20:09:05 :: TRACE :: MULTIPLAYER :: Client got spentLastShop message:  (amount: 0)  (action: spentLastShop) 
INFO - [G] 2025-03-30 20:09:05 :: TRACE :: MULTIPLAYER :: Client got enemyLocation message:  (location: loc_selecting)  (action: enemyLocation) 
INFO - [G] 2025-03-30 20:09:06 :: TRACE :: MULTIPLAYER :: Client got enemyInfo message:  (skips: 0)  (lives: 3)  (action: enemyInfo)  (handsLeft: 5)  (score: 0) 
INFO - [G] 2025-03-30 20:09:06 :: TRACE :: MULTIPLAYER :: Client got enemyLocation message:  (location: loc_playing-bl_big)  (action: enemyLocation) 
INFO - [G] 2025-03-30 20:09:27 :: TRACE :: MULTIPLAYER :: Client sent message: action:setLocation,location:loc_shop
INFO - [G] 2025-03-30 20:09:48 :: TRACE :: MULTIPLAYER :: Client sent message: action:soldJoker
INFO - [G] 2025-03-30 20:10:22 :: TRACE :: MULTIPLAYER :: Client got enemyLocation message:  (location: loc_shop)  (action: enemyLocation) 
INFO - [G] 2025-03-30 20:10:34 :: TRACE :: MULTIPLAYER :: Client sent message: action:spentLastShop,amount:0
INFO - [G] 2025-03-30 20:10:34 :: TRACE :: MULTIPLAYER :: Client sent message: action:setLocation,location:loc_selecting
INFO - [G] 2025-03-30 20:10:35 :: TRACE :: MULTIPLAYER :: Client sent message: action:playHand,score:0,handsLeft:5
INFO - [G] 2025-03-30 20:10:35 :: TRACE :: MULTIPLAYER :: Client sent message: action:newRound
INFO - [G] 2025-03-30 20:10:35 :: TRACE :: MULTIPLAYER :: Client sent message: action:setLocation,location:loc_playing-bl_big
INFO - [G] 2025-03-30 20:10:54 :: TRACE :: MULTIPLAYER :: Client sent message: action:setLocation,location:loc_shop
INFO - [G] 2025-03-30 20:11:01 :: TRACE :: MULTIPLAYER :: Client got spentLastShop message:  (amount: 0)  (action: spentLastShop) 
INFO - [G] 2025-03-30 20:11:01 :: TRACE :: MULTIPLAYER :: Client got enemyLocation message:  (location: loc_selecting)  (action: enemyLocation) 
INFO - [G] 2025-03-30 20:11:02 :: TRACE :: MULTIPLAYER :: Client got enemyLocation message:  (location: loc_ready)  (action: enemyLocation) 
INFO - [G] 2025-03-30 20:11:02 :: TRACE :: MULTIPLAYER :: Client got enemyLocation message:  (location: loc_selecting)  (action: enemyLocation) 
INFO - [G] 2025-03-30 20:11:03 :: TRACE :: MULTIPLAYER :: Client got enemyLocation message:  (location: loc_ready)  (action: enemyLocation) 
INFO - [G] 2025-03-30 20:11:06 :: TRACE :: MULTIPLAYER :: Client got startAnteTimer message:  (time: 120)  (action: startAnteTimer) 
INFO - [G] 2025-03-30 20:11:41 :: TRACE :: MULTIPLAYER :: Client sent message: action:spentLastShop,amount:0
INFO - [G] 2025-03-30 20:11:41 :: TRACE :: MULTIPLAYER :: Client sent message: action:setLocation,location:loc_selecting
INFO - [G] 2025-03-30 20:11:42 :: TRACE :: MULTIPLAYER :: Toggling Ready
INFO - [G] 2025-03-30 20:11:42 :: TRACE :: MULTIPLAYER :: Client sent message: action:setLocation,location:loc_ready
INFO - [G] 2025-03-30 20:11:42 :: TRACE :: MULTIPLAYER :: Client sent message: action:readyBlind
INFO - [G] 2025-03-30 20:11:43 :: TRACE :: MULTIPLAYER :: Client got startBlind message:  (action: startBlind) 
INFO - [G] 2025-03-30 20:11:43 :: TRACE :: MULTIPLAYER :: Client sent message: action:playHand,score:0,handsLeft:5
INFO - [G] 2025-03-30 20:11:43 :: TRACE :: MULTIPLAYER :: Client sent message: action:newRound
INFO - [G] 2025-03-30 20:11:43 :: TRACE :: MULTIPLAYER :: Client sent message: action:setLocation,location:loc_playing-bl_mp_nemesis
INFO - [G] 2025-03-30 20:11:43 :: TRACE :: MULTIPLAYER :: Client got enemyInfo message:  (skips: 0)  (lives: 3)  (action: enemyInfo)  (handsLeft: 5)  (score: 0) 
INFO - [G] 2025-03-30 20:11:44 :: TRACE :: MULTIPLAYER :: Client got enemyLocation message:  (location: loc_playing-bl_mp_nemesis)  (action: enemyLocation) 
INFO - [G] 2025-03-30 20:12:05 :: TRACE :: MULTIPLAYER :: Client got enemyInfo message:  (skips: 0)  (lives: 3)  (action: enemyInfo)  (handsLeft: 4)  (score: 2063) 
INFO - [G] 2025-03-30 20:12:11 :: TRACE :: MULTIPLAYER :: Client sent message: action:playHand,score:2340,handsLeft:4
INFO - [G] 2025-03-30 20:12:15 :: TRACE :: MULTIPLAYER :: Client got enemyInfo message:  (skips: 0)  (lives: 3)  (action: enemyInfo)  (handsLeft: 3)  (score: 4162) 
INFO - [G] 2025-03-30 20:12:20 :: TRACE :: MULTIPLAYER :: Client sent message: action:playHand,score:3909,handsLeft:3
INFO - [G] 2025-03-30 20:12:27 :: TRACE :: MULTIPLAYER :: Client sent message: action:playHand,score:4632,handsLeft:2
INFO - [G] 2025-03-30 20:12:50 :: TRACE :: MULTIPLAYER :: Client got enemyInfo message:  (skips: 0)  (lives: 3)  (action: enemyInfo)  (handsLeft: 2)  (score: 4245) 
INFO - [G] 2025-03-30 20:12:53 :: TRACE :: MULTIPLAYER :: Client sent message: action:playHand,score:61962,handsLeft:1
INFO - [G] 2025-03-30 20:13:00 :: TRACE :: MULTIPLAYER :: Client sent message: action:playHand,score:62982,handsLeft:0
INFO - [G] 2025-03-30 20:13:01 :: TRACE :: MULTIPLAYER :: Client got enemyInfo message:  (skips: 0)  (lives: 3)  (action: enemyInfo)  (handsLeft: 1)  (score: 4323) 
INFO - [G] 2025-03-30 20:13:14 :: TRACE :: MULTIPLAYER :: Client got enemyInfo message:  (skips: 0)  (lives: 3)  (action: enemyInfo)  (handsLeft: 0)  (score: 9525) 
INFO - [G] 2025-03-30 20:13:14 :: TRACE :: MULTIPLAYER :: Client got enemyInfo message:  (skips: 0)  (lives: 2)  (action: enemyInfo)  (handsLeft: 0)  (score: 9525) 
INFO - [G] 2025-03-30 20:13:14 :: TRACE :: MULTIPLAYER :: Client got endPvP message:  (lost: false)  (action: endPvP) 
INFO - [G] 2025-03-30 20:13:14 :: TRACE :: MULTIPLAYER :: Client sent message: action:setAnte,ante:4
INFO - [G] 2025-03-30 20:13:19 :: TRACE :: MULTIPLAYER :: Client sent message: action:setLocation,location:loc_shop
INFO - [G] 2025-03-30 20:13:19 :: TRACE :: MULTIPLAYER :: Client got enemyLocation message:  (location: loc_shop)  (action: enemyLocation) 
INFO - [G] 2025-03-30 20:14:02 :: TRACE :: MULTIPLAYER :: Client got spentLastShop message:  (amount: 0)  (action: spentLastShop) 
INFO - [G] 2025-03-30 20:14:02 :: TRACE :: MULTIPLAYER :: Client got enemyLocation message:  (location: loc_selecting)  (action: enemyLocation) 
INFO - [G] 2025-03-30 20:14:03 :: TRACE :: MULTIPLAYER :: Client got enemyInfo message:  (skips: 0)  (lives: 2)  (action: enemyInfo)  (handsLeft: 5)  (score: 0) 
INFO - [G] 2025-03-30 20:14:03 :: TRACE :: MULTIPLAYER :: Client got enemyLocation message:  (location: loc_playing-bl_small)  (action: enemyLocation) 
INFO - [G] 2025-03-30 20:15:10 :: TRACE :: MULTIPLAYER :: Client sent message: action:spentLastShop,amount:0
INFO - [G] 2025-03-30 20:15:10 :: TRACE :: MULTIPLAYER :: Client sent message: action:setLocation,location:loc_selecting
INFO - [G] 2025-03-30 20:15:12 :: TRACE :: MULTIPLAYER :: Client sent message: action:playHand,score:0,handsLeft:5
INFO - [G] 2025-03-30 20:15:12 :: TRACE :: MULTIPLAYER :: Client sent message: action:newRound
INFO - [G] 2025-03-30 20:15:12 :: TRACE :: MULTIPLAYER :: Client sent message: action:setLocation,location:loc_playing-bl_small
INFO - [G] 2025-03-30 20:15:28 :: TRACE :: MULTIPLAYER :: Client got enemyLocation message:  (location: loc_shop)  (action: enemyLocation) 
INFO - [G] 2025-03-30 20:15:44 :: TRACE :: MULTIPLAYER :: Client sent message: action:setLocation,location:loc_shop
INFO - [G] 2025-03-30 20:16:07 :: TRACE :: MULTIPLAYER :: Client sent message: action:soldJoker
INFO - [G] 2025-03-30 20:16:44 :: TRACE :: MULTIPLAYER :: Client got spentLastShop message:  (amount: 0)  (action: spentLastShop) 
INFO - [G] 2025-03-30 20:16:44 :: TRACE :: MULTIPLAYER :: Client got enemyLocation message:  (location: loc_selecting)  (action: enemyLocation) 
INFO - [G] 2025-03-30 20:16:45 :: TRACE :: MULTIPLAYER :: Client got enemyInfo message:  (skips: 0)  (lives: 2)  (action: enemyInfo)  (handsLeft: 5)  (score: 0) 
INFO - [G] 2025-03-30 20:16:45 :: TRACE :: MULTIPLAYER :: Client sent message: action:spentLastShop,amount:0
INFO - [G] 2025-03-30 20:16:45 :: TRACE :: MULTIPLAYER :: Client got enemyLocation message:  (location: loc_playing-bl_big)  (action: enemyLocation) 
INFO - [G] 2025-03-30 20:16:45 :: TRACE :: MULTIPLAYER :: Client sent message: action:setLocation,location:loc_selecting
INFO - [G] 2025-03-30 20:16:46 :: TRACE :: MULTIPLAYER :: Client sent message: action:playHand,score:0,handsLeft:5
INFO - [G] 2025-03-30 20:16:46 :: TRACE :: MULTIPLAYER :: Client sent message: action:newRound
INFO - [G] 2025-03-30 20:16:46 :: TRACE :: MULTIPLAYER :: Client sent message: action:setLocation,location:loc_playing-bl_big
INFO - [G] 2025-03-30 20:17:08 :: TRACE :: MULTIPLAYER :: Client got enemyLocation message:  (location: loc_shop)  (action: enemyLocation) 
INFO - [G] 2025-03-30 20:17:22 :: TRACE :: MULTIPLAYER :: Client got spentLastShop message:  (amount: 0)  (action: spentLastShop) 
INFO - [G] 2025-03-30 20:17:22 :: TRACE :: MULTIPLAYER :: Client got enemyLocation message:  (location: loc_selecting)  (action: enemyLocation) 
INFO - [G] 2025-03-30 20:17:23 :: TRACE :: MULTIPLAYER :: Client got enemyLocation message:  (location: loc_ready)  (action: enemyLocation) 
INFO - [G] 2025-03-30 20:17:44 :: TRACE :: MULTIPLAYER :: Client got startAnteTimer message:  (time: 120)  (action: startAnteTimer) 
INFO - [G] 2025-03-30 20:17:59 :: TRACE :: MULTIPLAYER :: Client sent message: action:setLocation,location:loc_shop
INFO - [G] 2025-03-30 20:18:46 :: TRACE :: MULTIPLAYER :: Client sent message: action:soldJoker
INFO - [G] 2025-03-30 20:18:55 :: TRACE :: MULTIPLAYER :: Client sent message: action:spentLastShop,amount:0
INFO - [G] 2025-03-30 20:18:55 :: TRACE :: MULTIPLAYER :: Client sent message: action:setLocation,location:loc_selecting
INFO - [G] 2025-03-30 20:18:55 :: TRACE :: MULTIPLAYER :: Toggling Ready
INFO - [G] 2025-03-30 20:18:55 :: TRACE :: MULTIPLAYER :: Client sent message: action:setLocation,location:loc_ready
INFO - [G] 2025-03-30 20:18:55 :: TRACE :: MULTIPLAYER :: Client sent message: action:readyBlind
INFO - [G] 2025-03-30 20:18:56 :: TRACE :: MULTIPLAYER :: Client got startBlind message:  (action: startBlind) 
INFO - [G] 2025-03-30 20:18:56 :: TRACE :: MULTIPLAYER :: Client sent message: action:playHand,score:0,handsLeft:5
INFO - [G] 2025-03-30 20:18:56 :: TRACE :: MULTIPLAYER :: Client sent message: action:newRound
INFO - [G] 2025-03-30 20:18:56 :: TRACE :: MULTIPLAYER :: Client sent message: action:setLocation,location:loc_playing-bl_mp_nemesis
INFO - [G] 2025-03-30 20:18:57 :: TRACE :: MULTIPLAYER :: Client got enemyInfo message:  (skips: 0)  (lives: 2)  (action: enemyInfo)  (handsLeft: 5)  (score: 0) 
INFO - [G] 2025-03-30 20:18:57 :: TRACE :: MULTIPLAYER :: Client got enemyLocation message:  (location: loc_playing-bl_mp_nemesis)  (action: enemyLocation) 
INFO - [G] 2025-03-30 20:19:08 :: TRACE :: MULTIPLAYER :: Client sent message: action:playHand,score:2698,handsLeft:4
INFO - [G] 2025-03-30 20:19:23 :: TRACE :: MULTIPLAYER :: Client sent message: action:playHand,score:5517,handsLeft:3
INFO - [G] 2025-03-30 20:19:24 :: TRACE :: MULTIPLAYER :: Client got enemyInfo message:  (skips: 0)  (lives: 2)  (action: enemyInfo)  (handsLeft: 4)  (score: 7241) 
INFO - [G] 2025-03-30 20:19:32 :: TRACE :: MULTIPLAYER :: Client sent message: action:playHand,score:7932,handsLeft:2
INFO - [G] 2025-03-30 20:20:03 :: TRACE :: MULTIPLAYER :: Client sent message: action:playHand,score:9126,handsLeft:1
INFO - [G] 2025-03-30 20:20:11 :: TRACE :: MULTIPLAYER :: Client sent message: action:playHand,score:17754,handsLeft:0
INFO - [G] 2025-03-30 20:20:17 :: TRACE :: MULTIPLAYER :: Client got enemyInfo message:  (skips: 0)  (lives: 2)  (action: enemyInfo)  (handsLeft: 3)  (score: 7447) 
INFO - [G] 2025-03-30 20:20:28 :: TRACE :: MULTIPLAYER :: Client got enemyInfo message:  (skips: 0)  (lives: 2)  (action: enemyInfo)  (handsLeft: 2)  (score: 7686) 
INFO - [G] 2025-03-30 20:20:44 :: TRACE :: MULTIPLAYER :: Client got enemyInfo message:  (skips: 0)  (lives: 2)  (action: enemyInfo)  (handsLeft: 1)  (score: 13376) 
INFO - [G] 2025-03-30 20:20:55 :: TRACE :: MULTIPLAYER :: Client got enemyInfo message:  (skips: 0)  (lives: 2)  (action: enemyInfo)  (handsLeft: 0)  (score: 17538) 
INFO - [G] 2025-03-30 20:20:55 :: TRACE :: MULTIPLAYER :: Client got enemyInfo message:  (skips: 0)  (lives: 1)  (action: enemyInfo)  (handsLeft: 0)  (score: 17538) 
INFO - [G] 2025-03-30 20:20:55 :: TRACE :: MULTIPLAYER :: Client got endPvP message:  (lost: false)  (action: endPvP) 
INFO - [G] 2025-03-30 20:20:55 :: TRACE :: MULTIPLAYER :: Client sent message: action:setAnte,ante:5
INFO - [G] 2025-03-30 20:21:00 :: TRACE :: MULTIPLAYER :: Client sent message: action:setLocation,location:loc_shop
INFO - [G] 2025-03-30 20:21:01 :: TRACE :: MULTIPLAYER :: Client got enemyLocation message:  (location: loc_shop)  (action: enemyLocation) 
INFO - [G] 2025-03-30 20:21:17 :: TRACE :: MULTIPLAYER :: Client got spentLastShop message:  (amount: 0)  (action: spentLastShop) 
INFO - [G] 2025-03-30 20:21:18 :: TRACE :: MULTIPLAYER :: Client got enemyLocation message:  (location: loc_selecting)  (action: enemyLocation) 
INFO - [G] 2025-03-30 20:21:19 :: TRACE :: MULTIPLAYER :: Client got enemyInfo message:  (skips: 0)  (lives: 1)  (action: enemyInfo)  (handsLeft: 5)  (score: 0) 
INFO - [G] 2025-03-30 20:21:19 :: TRACE :: MULTIPLAYER :: Client got enemyLocation message:  (location: loc_playing-bl_small)  (action: enemyLocation) 
INFO - [G] 2025-03-30 20:21:45 :: TRACE :: MULTIPLAYER :: Client sent message: action:soldJoker
INFO - [G] 2025-03-30 20:21:57 :: TRACE :: MULTIPLAYER :: Client sent message: action:spentLastShop,amount:0
INFO - [G] 2025-03-30 20:21:57 :: TRACE :: MULTIPLAYER :: Client sent message: action:setLocation,location:loc_selecting
INFO - [G] 2025-03-30 20:21:59 :: TRACE :: MULTIPLAYER :: Client sent message: action:playHand,score:0,handsLeft:5
INFO - [G] 2025-03-30 20:21:59 :: TRACE :: MULTIPLAYER :: Client sent message: action:newRound
INFO - [G] 2025-03-30 20:21:59 :: TRACE :: MULTIPLAYER :: Client sent message: action:setLocation,location:loc_playing-bl_small
INFO - [G] 2025-03-30 20:22:16 :: TRACE :: MULTIPLAYER :: Client sent message: action:setLocation,location:loc_shop
INFO - [G] 2025-03-30 20:22:32 :: TRACE :: MULTIPLAYER :: Client sent message: action:soldJoker
INFO - [G] 2025-03-30 20:22:34 :: TRACE :: MULTIPLAYER :: Client got enemyLocation message:  (location: loc_shop)  (action: enemyLocation) 
INFO - [G] 2025-03-30 20:22:39 :: TRACE :: MULTIPLAYER :: Client sent message: action:soldJoker
INFO - [G] 2025-03-30 20:22:41 :: TRACE :: MULTIPLAYER :: Client got soldJoker message:  (action: soldJoker) 
INFO - [G] 2025-03-30 20:22:55 :: TRACE :: MULTIPLAYER :: Client got spentLastShop message:  (amount: 0)  (action: spentLastShop) 
INFO - [G] 2025-03-30 20:22:55 :: TRACE :: MULTIPLAYER :: Client got enemyLocation message:  (location: loc_selecting)  (action: enemyLocation) 
INFO - [G] 2025-03-30 20:22:56 :: TRACE :: MULTIPLAYER :: Client got enemyInfo message:  (skips: 0)  (lives: 1)  (action: enemyInfo)  (handsLeft: 5)  (score: 0) 
INFO - [G] 2025-03-30 20:22:56 :: TRACE :: MULTIPLAYER :: Client got enemyLocation message:  (location: loc_playing-bl_big)  (action: enemyLocation) 
INFO - [G] 2025-03-30 20:22:57 :: TRACE :: MULTIPLAYER :: Client sent message: action:spentLastShop,amount:0
INFO - [G] 2025-03-30 20:22:57 :: TRACE :: MULTIPLAYER :: Client sent message: action:setLocation,location:loc_selecting
INFO - [G] 2025-03-30 20:22:59 :: TRACE :: MULTIPLAYER :: Client sent message: action:playHand,score:0,handsLeft:5
INFO - [G] 2025-03-30 20:22:59 :: TRACE :: MULTIPLAYER :: Client sent message: action:newRound
INFO - [G] 2025-03-30 20:22:59 :: TRACE :: MULTIPLAYER :: Client sent message: action:setLocation,location:loc_playing-bl_big
INFO - [G] 2025-03-30 20:23:31 :: TRACE :: MULTIPLAYER :: Client sent message: action:setLocation,location:loc_shop
INFO - [G] 2025-03-30 20:23:45 :: TRACE :: MULTIPLAYER :: Client sent message: action:soldJoker
INFO - [G] 2025-03-30 20:23:47 :: TRACE :: MULTIPLAYER :: Client got enemyLocation message:  (location: loc_shop)  (action: enemyLocation) 
INFO - [G] 2025-03-30 20:24:11 :: TRACE :: MULTIPLAYER :: Client got spentLastShop message:  (amount: 0)  (action: spentLastShop) 
INFO - [G] 2025-03-30 20:24:12 :: TRACE :: MULTIPLAYER :: Client got enemyLocation message:  (location: loc_selecting)  (action: enemyLocation) 
INFO - [G] 2025-03-30 20:24:13 :: TRACE :: MULTIPLAYER :: Client got enemyLocation message:  (location: loc_ready)  (action: enemyLocation) 
INFO - [G] 2025-03-30 20:24:17 :: TRACE :: MULTIPLAYER :: Client got startAnteTimer message:  (time: 120)  (action: startAnteTimer) 
INFO - [G] 2025-03-30 20:24:41 :: TRACE :: MULTIPLAYER :: Client sent message: action:spentLastShop,amount:0
INFO - [G] 2025-03-30 20:24:41 :: TRACE :: MULTIPLAYER :: Client sent message: action:setLocation,location:loc_selecting
INFO - [G] 2025-03-30 20:24:42 :: TRACE :: MULTIPLAYER :: Toggling Ready
INFO - [G] 2025-03-30 20:24:42 :: TRACE :: MULTIPLAYER :: Client sent message: action:setLocation,location:loc_ready
INFO - [G] 2025-03-30 20:24:42 :: TRACE :: MULTIPLAYER :: Client sent message: action:readyBlind
INFO - [G] 2025-03-30 20:24:42 :: TRACE :: MULTIPLAYER :: Client got startBlind message:  (action: startBlind) 
INFO - [G] 2025-03-30 20:24:42 :: TRACE :: MULTIPLAYER :: Client sent message: action:playHand,score:0,handsLeft:5
INFO - [G] 2025-03-30 20:24:42 :: TRACE :: MULTIPLAYER :: Client sent message: action:newRound
INFO - [G] 2025-03-30 20:24:42 :: TRACE :: MULTIPLAYER :: Client sent message: action:setLocation,location:loc_playing-bl_mp_nemesis
INFO - [G] 2025-03-30 20:24:43 :: TRACE :: MULTIPLAYER :: Client got enemyInfo message:  (skips: 0)  (lives: 1)  (action: enemyInfo)  (handsLeft: 5)  (score: 0) 
INFO - [G] 2025-03-30 20:24:43 :: TRACE :: MULTIPLAYER :: Client got enemyLocation message:  (location: loc_playing-bl_mp_nemesis)  (action: enemyLocation) 
INFO - [G] 2025-03-30 20:24:59 :: TRACE :: MULTIPLAYER :: Client sent message: action:playHand,score:5330,handsLeft:4
INFO - [G] 2025-03-30 20:25:07 :: TRACE :: MULTIPLAYER :: Client got enemyInfo message:  (skips: 0)  (lives: 1)  (action: enemyInfo)  (handsLeft: 4)  (score: 17613) 
INFO - [G] 2025-03-30 20:25:23 :: TRACE :: MULTIPLAYER :: Client sent message: action:playHand,score:18708,handsLeft:3
INFO - [G] 2025-03-30 20:25:26 :: TRACE :: MULTIPLAYER :: Client got enemyInfo message:  (skips: 0)  (lives: 1)  (action: enemyInfo)  (handsLeft: 3)  (score: 42862) 
INFO - [G] 2025-03-30 20:25:33 :: TRACE :: MULTIPLAYER :: Client sent message: action:playHand,score:31009,handsLeft:2
INFO - [G] 2025-03-30 20:25:42 :: TRACE :: MULTIPLAYER :: Client sent message: action:playHand,score:36083,handsLeft:1
INFO - [G] 2025-03-30 20:25:54 :: TRACE :: MULTIPLAYER :: Client got enemyInfo message:  (skips: 0)  (lives: 1)  (action: enemyInfo)  (handsLeft: 2)  (score: 52626) 
INFO - [G] 2025-03-30 20:26:10 :: TRACE :: MULTIPLAYER :: Client got enemyInfo message:  (skips: 0)  (lives: 1)  (action: enemyInfo)  (handsLeft: 1)  (score: 71998) 
INFO - [G] 2025-03-30 20:26:24 :: TRACE :: MULTIPLAYER :: Client sent message: action:playHand,score:126296,handsLeft:0
INFO - [G] 2025-03-30 20:27:49 :: TRACE :: MULTIPLAYER :: Client got enemyInfo message:  (skips: 0)  (lives: 1)  (action: enemyInfo)  (handsLeft: 0)  (score: 73636) 
INFO - [G] 2025-03-30 20:27:49 :: TRACE :: MULTIPLAYER :: Client got enemyInfo message:  (skips: 0)  (lives: 0)  (action: enemyInfo)  (handsLeft: 0)  (score: 73636) 
INFO - [G] 2025-03-30 20:27:49 :: TRACE :: MULTIPLAYER :: Client got winGame message:  (action: winGame) 
INFO - [G] 2025-03-30 20:27:49 :: TRACE :: MULTIPLAYER :: Client sent message: action:getEndGameJokers
INFO - [G] 2025-03-30 20:27:50 :: TRACE :: MULTIPLAYER :: Client got getEndGameJokers message:  (action: getEndGameJokers) 
INFO - [G] 2025-03-30 20:27:50 :: TRACE :: MULTIPLAYER :: Client sent message: action:receiveEndGameJokers,keys:j_mime;j_paperback_triple_moon_goddess_minor_arcana;j_to_the_moon;j_paperback_grand_strategy;j_cavendish;
INFO - [G] 2025-03-30 20:27:50 :: TRACE :: MULTIPLAYER :: Client got receiveEndGameJokers message:  (keys: j_devious;j_faceless;j_paperback_wish_you_were_here;j_paperback_mismatched_sock;j_wrathful_joker;)  (action: receiveEndGameJokers) 
INFO - [G] 2025-03-30 20:28:06 :: TRACE :: MULTIPLAYER :: Client got stopGame message:  (action: stopGame) 
INFO - [G] 2025-03-30 20:28:06 :: DEBUG :: MULTIPLAYER :: Resetting game states
INFO - [G] 2025-03-30 20:28:06 :: TRACE :: MULTIPLAYER :: Client got enemyLocation message:  (location: Blind Select)  (action: enemyLocation) 
INFO - [G] 2025-03-30 20:28:12 :: TRACE :: MULTIPLAYER :: Client sent message: action:startGame
INFO - [G] 2025-03-30 20:28:12 :: TRACE :: MULTIPLAYER :: Client got startGame message:  (deck: c_multiplayer_1)  (action: startGame)  (seed: Z55F5) 
INFO - [G] 2025-03-30 20:28:12 :: DEBUG :: MULTIPLAYER :: Resetting game states
INFO - [G] 2025-03-30 20:28:12 :: TRACE :: MULTIPLAYER :: Client sent message: action:setAnte,ante:0
INFO - [G] 2025-03-30 20:28:12 :: TRACE :: MULTIPLAYER :: Client got playerInfo message:  (lives: 4)  (action: playerInfo) 
INFO - [G] 2025-03-30 20:28:16 :: TRACE :: MULTIPLAYER :: Client sent message: action:playHand,score:0,handsLeft:4
INFO - [G] 2025-03-30 20:28:16 :: TRACE :: MULTIPLAYER :: Client sent message: action:newRound
INFO - [G] 2025-03-30 20:28:16 :: TRACE :: MULTIPLAYER :: Client sent message: action:setLocation,location:loc_playing-bl_small
INFO - [G] 2025-03-30 20:28:17 :: TRACE :: MULTIPLAYER :: Client got enemyInfo message:  (skips: 0)  (lives: 4)  (action: enemyInfo)  (handsLeft: 4)  (score: 0) 
INFO - [G] 2025-03-30 20:28:17 :: TRACE :: MULTIPLAYER :: Client got enemyLocation message:  (location: loc_playing-bl_small)  (action: enemyLocation) 
INFO - [G] 2025-03-30 20:28:32 :: TRACE :: MULTIPLAYER :: Client sent message: action:setLocation,location:loc_shop
INFO - [G] 2025-03-30 20:28:41 :: TRACE :: MULTIPLAYER :: Client got enemyLocation message:  (location: loc_shop)  (action: enemyLocation) 
INFO - [G] 2025-03-30 20:28:51 :: TRACE :: MULTIPLAYER :: Client sent message: action:spentLastShop,amount:0
INFO - [G] 2025-03-30 20:28:52 :: TRACE :: MULTIPLAYER :: Client sent message: action:setLocation,location:loc_selecting
INFO - [G] 2025-03-30 20:28:53 :: TRACE :: MULTIPLAYER :: Client sent message: action:playHand,score:0,handsLeft:4
INFO - [G] 2025-03-30 20:28:53 :: TRACE :: MULTIPLAYER :: Client sent message: action:newRound
INFO - [G] 2025-03-30 20:28:53 :: TRACE :: MULTIPLAYER :: Client sent message: action:setLocation,location:loc_playing-bl_big
INFO - [G] 2025-03-30 20:29:12 :: TRACE :: MULTIPLAYER :: Client got spentLastShop message:  (amount: 0)  (action: spentLastShop) 
INFO - [G] 2025-03-30 20:29:12 :: TRACE :: MULTIPLAYER :: Client got enemyLocation message:  (location: loc_selecting)  (action: enemyLocation) 
INFO - [G] 2025-03-30 20:29:14 :: TRACE :: MULTIPLAYER :: Client got enemyInfo message:  (skips: 0)  (lives: 4)  (action: enemyInfo)  (handsLeft: 4)  (score: 0) 
INFO - [G] 2025-03-30 20:29:14 :: TRACE :: MULTIPLAYER :: Client got enemyLocation message:  (location: loc_playing-bl_big)  (action: enemyLocation) 
INFO - [G] 2025-03-30 20:29:20 :: TRACE :: MULTIPLAYER :: Client sent message: action:setLocation,location:loc_shop
INFO - [G] 2025-03-30 20:29:28 :: TRACE :: MULTIPLAYER :: Client sent message: action:spentLastShop,amount:0
INFO - [G] 2025-03-30 20:29:28 :: TRACE :: MULTIPLAYER :: Client sent message: action:setLocation,location:loc_selecting
INFO - [G] 2025-03-30 20:29:29 :: TRACE :: MULTIPLAYER :: Client sent message: action:playHand,score:0,handsLeft:4
INFO - [G] 2025-03-30 20:29:29 :: TRACE :: MULTIPLAYER :: Client sent message: action:newRound
INFO - [G] 2025-03-30 20:29:29 :: TRACE :: MULTIPLAYER :: Client sent message: action:setLocation,location:loc_playing-bl_goad
INFO - [G] 2025-03-30 20:29:35 :: TRACE :: MULTIPLAYER :: Client got enemyLocation message:  (location: loc_shop)  (action: enemyLocation) 
INFO - [G] 2025-03-30 20:29:38 :: TRACE :: MULTIPLAYER :: Client got spentLastShop message:  (amount: 0)  (action: spentLastShop) 
INFO - [G] 2025-03-30 20:29:38 :: TRACE :: MULTIPLAYER :: Client got enemyLocation message:  (location: loc_selecting)  (action: enemyLocation) 
INFO - [G] 2025-03-30 20:29:41 :: TRACE :: MULTIPLAYER :: Client got enemyInfo message:  (skips: 0)  (lives: 4)  (action: enemyInfo)  (handsLeft: 4)  (score: 0) 
INFO - [G] 2025-03-30 20:29:41 :: TRACE :: MULTIPLAYER :: Client got enemyLocation message:  (location: loc_playing-bl_goad)  (action: enemyLocation) 
INFO - [G] 2025-03-30 20:30:12 :: TRACE :: MULTIPLAYER :: Client sent message: action:setAnte,ante:2
INFO - [G] 2025-03-30 20:30:17 :: TRACE :: MULTIPLAYER :: Client sent message: action:setLocation,location:loc_shop
INFO - [G] 2025-03-30 20:30:35 :: TRACE :: MULTIPLAYER :: Client sent message: action:spentLastShop,amount:0
INFO - [G] 2025-03-30 20:30:35 :: TRACE :: MULTIPLAYER :: Client sent message: action:setLocation,location:loc_selecting
INFO - [G] 2025-03-30 20:30:37 :: TRACE :: MULTIPLAYER :: Client sent message: action:playHand,score:0,handsLeft:4
INFO - [G] 2025-03-30 20:30:37 :: TRACE :: MULTIPLAYER :: Client sent message: action:newRound
INFO - [G] 2025-03-30 20:30:37 :: TRACE :: MULTIPLAYER :: Client sent message: action:setLocation,location:loc_playing-bl_small
INFO - [G] 2025-03-30 20:30:41 :: TRACE :: MULTIPLAYER :: Client got enemyInfo message:  (skips: 0)  (lives: 3)  (action: enemyInfo)  (handsLeft: 4)  (score: 0) 
INFO - [G] 2025-03-30 20:30:47 :: TRACE :: MULTIPLAYER :: Client got enemyLocation message:  (location: loc_shop)  (action: enemyLocation) 
INFO - [G] 2025-03-30 20:31:04 :: TRACE :: MULTIPLAYER :: Client got spentLastShop message:  (amount: 0)  (action: spentLastShop) 
INFO - [G] 2025-03-30 20:31:04 :: TRACE :: MULTIPLAYER :: Client got enemyLocation message:  (location: loc_selecting)  (action: enemyLocation) 
INFO - [G] 2025-03-30 20:31:04 :: TRACE :: MULTIPLAYER :: Client got enemyInfo message:  (skips: 0)  (lives: 3)  (action: enemyInfo)  (handsLeft: 4)  (score: 0) 
INFO - [G] 2025-03-30 20:31:04 :: TRACE :: MULTIPLAYER :: Client got enemyLocation message:  (location: loc_playing-bl_small)  (action: enemyLocation) 
INFO - [G] 2025-03-30 20:31:34 :: TRACE :: MULTIPLAYER :: Client sent message: action:setLocation,location:loc_shop
INFO - [G] 2025-03-30 20:31:38 :: TRACE :: MULTIPLAYER :: Client got enemyLocation message:  (location: loc_shop)  (action: enemyLocation) 
INFO - [G] 2025-03-30 20:32:02 :: TRACE :: MULTIPLAYER :: Client got spentLastShop message:  (amount: 0)  (action: spentLastShop) 
INFO - [G] 2025-03-30 20:32:02 :: TRACE :: MULTIPLAYER :: Client got enemyLocation message:  (location: loc_selecting)  (action: enemyLocation) 
INFO - [G] 2025-03-30 20:32:03 :: TRACE :: MULTIPLAYER :: Client got enemyInfo message:  (skips: 0)  (lives: 3)  (action: enemyInfo)  (handsLeft: 4)  (score: 0) 
INFO - [G] 2025-03-30 20:32:03 :: TRACE :: MULTIPLAYER :: Client got enemyLocation message:  (location: loc_playing-bl_big)  (action: enemyLocation) 
INFO - [G] 2025-03-30 20:32:21 :: TRACE :: MULTIPLAYER :: Client sent message: action:spentLastShop,amount:0
INFO - [G] 2025-03-30 20:32:21 :: TRACE :: MULTIPLAYER :: Client sent message: action:setLocation,location:loc_selecting
INFO - [G] 2025-03-30 20:32:22 :: TRACE :: MULTIPLAYER :: Client got enemyLocation message:  (location: loc_shop)  (action: enemyLocation) 
INFO - [G] 2025-03-30 20:32:22 :: TRACE :: MULTIPLAYER :: Client sent message: action:playHand,score:0,handsLeft:4
INFO - [G] 2025-03-30 20:32:22 :: TRACE :: MULTIPLAYER :: Client sent message: action:newRound
INFO - [G] 2025-03-30 20:32:22 :: TRACE :: MULTIPLAYER :: Client sent message: action:setLocation,location:loc_playing-bl_big
INFO - [G] 2025-03-30 20:32:26 :: TRACE :: MULTIPLAYER :: Client got spentLastShop message:  (amount: 0)  (action: spentLastShop) 
INFO - [G] 2025-03-30 20:32:26 :: TRACE :: MULTIPLAYER :: Client got enemyLocation message:  (location: loc_selecting)  (action: enemyLocation) 
INFO - [G] 2025-03-30 20:32:27 :: TRACE :: MULTIPLAYER :: Client got enemyLocation message:  (location: loc_ready)  (action: enemyLocation) 
INFO - [G] 2025-03-30 20:32:28 :: TRACE :: MULTIPLAYER :: Client got startAnteTimer message:  (time: 120)  (action: startAnteTimer) 
INFO - [G] 2025-03-30 20:33:03 :: TRACE :: MULTIPLAYER :: Client sent message: action:setLocation,location:loc_shop
INFO - [G] 2025-03-30 20:33:36 :: TRACE :: MULTIPLAYER :: Client sent message: action:spentLastShop,amount:0
INFO - [G] 2025-03-30 20:33:36 :: TRACE :: MULTIPLAYER :: Client sent message: action:setLocation,location:loc_selecting
INFO - [G] 2025-03-30 20:33:38 :: TRACE :: MULTIPLAYER :: Toggling Ready
INFO - [G] 2025-03-30 20:33:38 :: TRACE :: MULTIPLAYER :: Client sent message: action:setLocation,location:loc_ready
INFO - [G] 2025-03-30 20:33:38 :: TRACE :: MULTIPLAYER :: Client sent message: action:readyBlind
INFO - [G] 2025-03-30 20:33:38 :: TRACE :: MULTIPLAYER :: Client got startBlind message:  (action: startBlind) 
INFO - [G] 2025-03-30 20:33:38 :: TRACE :: MULTIPLAYER :: Client sent message: action:playHand,score:0,handsLeft:4
INFO - [G] 2025-03-30 20:33:38 :: TRACE :: MULTIPLAYER :: Client sent message: action:newRound
INFO - [G] 2025-03-30 20:33:38 :: TRACE :: MULTIPLAYER :: Client sent message: action:setLocation,location:loc_playing-bl_mp_nemesis
INFO - [G] 2025-03-30 20:33:39 :: TRACE :: MULTIPLAYER :: Client got enemyInfo message:  (skips: 0)  (lives: 3)  (action: enemyInfo)  (handsLeft: 4)  (score: 0) 
INFO - [G] 2025-03-30 20:33:39 :: TRACE :: MULTIPLAYER :: Client got enemyLocation message:  (location: loc_playing-bl_mp_nemesis)  (action: enemyLocation) 
INFO - [G] 2025-03-30 20:34:13 :: TRACE :: MULTIPLAYER :: Client sent message: action:playHand,score:49,handsLeft:3
INFO - [G] 2025-03-30 20:34:16 :: TRACE :: MULTIPLAYER :: Client got enemyInfo message:  (skips: 0)  (lives: 3)  (action: enemyInfo)  (handsLeft: 3)  (score: 484) 
INFO - [G] 2025-03-30 20:34:18 :: TRACE :: MULTIPLAYER :: Client sent message: action:playHand,score:199,handsLeft:2
INFO - [G] 2025-03-30 20:34:26 :: TRACE :: MULTIPLAYER :: Client sent message: action:playHand,score:1621,handsLeft:1
INFO - [G] 2025-03-30 20:34:34 :: TRACE :: MULTIPLAYER :: Client got enemyInfo message:  (skips: 0)  (lives: 3)  (action: enemyInfo)  (handsLeft: 2)  (score: 538) 
INFO - [G] 2025-03-30 20:34:39 :: TRACE :: MULTIPLAYER :: Client sent message: action:playHand,score:1688,handsLeft:0
INFO - [G] 2025-03-30 20:34:45 :: TRACE :: MULTIPLAYER :: Client got enemyInfo message:  (skips: 0)  (lives: 3)  (action: enemyInfo)  (handsLeft: 1)  (score: 1474) 
INFO - [G] 2025-03-30 20:35:03 :: TRACE :: MULTIPLAYER :: Client got enemyInfo message:  (skips: 0)  (lives: 3)  (action: enemyInfo)  (handsLeft: 0)  (score: 1708) 
INFO - [G] 2025-03-30 20:35:03 :: TRACE :: MULTIPLAYER :: Client got playerInfo message:  (lives: 3)  (action: playerInfo) 
INFO - [G] 2025-03-30 20:35:03 :: TRACE :: MULTIPLAYER :: Client got endPvP message:  (lost: true)  (action: endPvP) 
INFO - [G] 2025-03-30 20:35:03 :: TRACE :: MULTIPLAYER :: Client sent message: action:setAnte,ante:3
INFO - [G] 2025-03-30 20:35:08 :: TRACE :: MULTIPLAYER :: Client sent message: action:setLocation,location:loc_shop
INFO - [G] 2025-03-30 20:35:08 :: TRACE :: MULTIPLAYER :: Client got enemyLocation message:  (location: loc_shop)  (action: enemyLocation) 
INFO - [G] 2025-03-30 20:35:43 :: TRACE :: MULTIPLAYER :: Client sent message: action:spentLastShop,amount:0
INFO - [G] 2025-03-30 20:35:43 :: TRACE :: MULTIPLAYER :: Client sent message: action:setLocation,location:loc_selecting
INFO - [G] 2025-03-30 20:35:43 :: TRACE :: MULTIPLAYER :: Client got spentLastShop message:  (amount: 0)  (action: spentLastShop) 
INFO - [G] 2025-03-30 20:35:43 :: TRACE :: MULTIPLAYER :: Client got enemyLocation message:  (location: loc_selecting)  (action: enemyLocation) 
INFO - [G] 2025-03-30 20:35:44 :: TRACE :: MULTIPLAYER :: Client sent message: action:playHand,score:0,handsLeft:5
INFO - [G] 2025-03-30 20:35:44 :: TRACE :: MULTIPLAYER :: Client sent message: action:newRound
INFO - [G] 2025-03-30 20:35:44 :: TRACE :: MULTIPLAYER :: Client sent message: action:setLocation,location:loc_playing-bl_small
INFO - [G] 2025-03-30 20:35:45 :: TRACE :: MULTIPLAYER :: Client got enemyInfo message:  (skips: 0)  (lives: 3)  (action: enemyInfo)  (handsLeft: 5)  (score: 0) 
INFO - [G] 2025-03-30 20:35:45 :: TRACE :: MULTIPLAYER :: Client got enemyLocation message:  (location: loc_playing-bl_small)  (action: enemyLocation) 
INFO - [G] 2025-03-30 20:36:17 :: TRACE :: MULTIPLAYER :: Client sent message: action:setLocation,location:loc_shop
INFO - [G] 2025-03-30 20:36:35 :: TRACE :: MULTIPLAYER :: Client got enemyInfo message:  (skips: 0)  (lives: 2)  (action: enemyInfo)  (handsLeft: 5)  (score: 0) 
INFO - [G] 2025-03-30 20:36:40 :: TRACE :: MULTIPLAYER :: Client got enemyLocation message:  (location: loc_shop)  (action: enemyLocation) 
INFO - [G] 2025-03-30 20:36:52 :: TRACE :: MULTIPLAYER :: Client sent message: action:spentLastShop,amount:0
INFO - [G] 2025-03-30 20:36:52 :: TRACE :: MULTIPLAYER :: Client sent message: action:setLocation,location:loc_selecting
INFO - [G] 2025-03-30 20:36:53 :: TRACE :: MULTIPLAYER :: Client sent message: action:playHand,score:0,handsLeft:5
INFO - [G] 2025-03-30 20:36:53 :: TRACE :: MULTIPLAYER :: Client sent message: action:newRound
INFO - [G] 2025-03-30 20:36:53 :: TRACE :: MULTIPLAYER :: Client sent message: action:setLocation,location:loc_playing-bl_big
INFO - [G] 2025-03-30 20:37:18 :: TRACE :: MULTIPLAYER :: Client got spentLastShop message:  (amount: 0)  (action: spentLastShop) 
INFO - [G] 2025-03-30 20:37:19 :: TRACE :: MULTIPLAYER :: Client got enemyLocation message:  (location: loc_selecting)  (action: enemyLocation) 
INFO - [G] 2025-03-30 20:37:20 :: TRACE :: MULTIPLAYER :: Client got enemyInfo message:  (skips: 0)  (lives: 2)  (action: enemyInfo)  (handsLeft: 5)  (score: 0) 
INFO - [G] 2025-03-30 20:37:20 :: TRACE :: MULTIPLAYER :: Client got enemyLocation message:  (location: loc_playing-bl_big)  (action: enemyLocation) 
INFO - [G] 2025-03-30 20:37:46 :: TRACE :: MULTIPLAYER :: Client sent message: action:setLocation,location:loc_shop
INFO - [G] 2025-03-30 20:37:47 :: TRACE :: MULTIPLAYER :: Client got enemyLocation message:  (location: loc_shop)  (action: enemyLocation) 
INFO - [G] 2025-03-30 20:37:50 :: TRACE :: MULTIPLAYER :: Client got spentLastShop message:  (amount: 0)  (action: spentLastShop) 
INFO - [G] 2025-03-30 20:37:51 :: TRACE :: MULTIPLAYER :: Client got enemyLocation message:  (location: loc_selecting)  (action: enemyLocation) 
INFO - [G] 2025-03-30 20:37:51 :: TRACE :: MULTIPLAYER :: Client got enemyLocation message:  (location: loc_ready)  (action: enemyLocation) 
INFO - [G] 2025-03-30 20:37:53 :: TRACE :: MULTIPLAYER :: Client got startAnteTimer message:  (time: 120)  (action: startAnteTimer) 
INFO - [G] 2025-03-30 20:38:41 :: TRACE :: MULTIPLAYER :: Client sent message: action:spentLastShop,amount:0
INFO - [G] 2025-03-30 20:38:41 :: TRACE :: MULTIPLAYER :: Client sent message: action:setLocation,location:loc_selecting
INFO - [G] 2025-03-30 20:38:42 :: TRACE :: MULTIPLAYER :: Toggling Ready
INFO - [G] 2025-03-30 20:38:42 :: TRACE :: MULTIPLAYER :: Client sent message: action:setLocation,location:loc_ready
INFO - [G] 2025-03-30 20:38:42 :: TRACE :: MULTIPLAYER :: Client sent message: action:readyBlind
INFO - [G] 2025-03-30 20:38:43 :: TRACE :: MULTIPLAYER :: Client got startBlind message:  (action: startBlind) 
INFO - [G] 2025-03-30 20:38:43 :: TRACE :: MULTIPLAYER :: Client sent message: action:playHand,score:0,handsLeft:5
INFO - [G] 2025-03-30 20:38:43 :: TRACE :: MULTIPLAYER :: Client sent message: action:newRound
INFO - [G] 2025-03-30 20:38:43 :: TRACE :: MULTIPLAYER :: Client sent message: action:setLocation,location:loc_playing-bl_mp_nemesis
INFO - [G] 2025-03-30 20:38:43 :: TRACE :: MULTIPLAYER :: Client got enemyInfo message:  (skips: 0)  (lives: 2)  (action: enemyInfo)  (handsLeft: 5)  (score: 0) 
INFO - [G] 2025-03-30 20:38:44 :: TRACE :: MULTIPLAYER :: Client got enemyLocation message:  (location: loc_playing-bl_mp_nemesis)  (action: enemyLocation) 
INFO - [G] 2025-03-30 20:39:05 :: TRACE :: MULTIPLAYER :: Client got enemyInfo message:  (skips: 0)  (lives: 2)  (action: enemyInfo)  (handsLeft: 4)  (score: 2256) 
INFO - [G] 2025-03-30 20:39:09 :: TRACE :: MULTIPLAYER :: Client sent message: action:playHand,score:9882,handsLeft:4
INFO - [G] 2025-03-30 20:39:15 :: TRACE :: MULTIPLAYER :: Client got enemyInfo message:  (skips: 0)  (lives: 2)  (action: enemyInfo)  (handsLeft: 3)  (score: 2341) 
INFO - [G] 2025-03-30 20:39:17 :: TRACE :: MULTIPLAYER :: Client sent message: action:playHand,score:11614,handsLeft:3
INFO - [G] 2025-03-30 20:39:22 :: TRACE :: MULTIPLAYER :: Client got enemyInfo message:  (skips: 0)  (lives: 2)  (action: enemyInfo)  (handsLeft: 2)  (score: 2425) 
INFO - [G] 2025-03-30 20:39:26 :: TRACE :: MULTIPLAYER :: Client sent message: action:playHand,score:16822,handsLeft:2
INFO - [G] 2025-03-30 20:39:30 :: TRACE :: MULTIPLAYER :: Client got enemyInfo message:  (skips: 0)  (lives: 2)  (action: enemyInfo)  (handsLeft: 1)  (score: 4783) 
INFO - [G] 2025-03-30 20:39:36 :: TRACE :: MULTIPLAYER :: Client got enemyInfo message:  (skips: 0)  (lives: 2)  (action: enemyInfo)  (handsLeft: 0)  (score: 5179) 
INFO - [G] 2025-03-30 20:39:36 :: TRACE :: MULTIPLAYER :: Client got enemyInfo message:  (skips: 0)  (lives: 1)  (action: enemyInfo)  (handsLeft: 0)  (score: 5179) 
INFO - [G] 2025-03-30 20:39:36 :: TRACE :: MULTIPLAYER :: Client got endPvP message:  (lost: false)  (action: endPvP) 
INFO - [G] 2025-03-30 20:39:36 :: TRACE :: MULTIPLAYER :: Client sent message: action:setAnte,ante:4
INFO - [G] 2025-03-30 20:39:41 :: TRACE :: MULTIPLAYER :: Client sent message: action:setLocation,location:loc_shop
INFO - [G] 2025-03-30 20:39:43 :: TRACE :: MULTIPLAYER :: Client got enemyLocation message:  (location: loc_shop)  (action: enemyLocation) 
INFO - [G] 2025-03-30 20:40:06 :: TRACE :: MULTIPLAYER :: Client got spentLastShop message:  (amount: 0)  (action: spentLastShop) 
INFO - [G] 2025-03-30 20:40:06 :: TRACE :: MULTIPLAYER :: Client got enemyLocation message:  (location: loc_selecting)  (action: enemyLocation) 
INFO - [G] 2025-03-30 20:40:08 :: TRACE :: MULTIPLAYER :: Client got enemyInfo message:  (skips: 0)  (lives: 1)  (action: enemyInfo)  (handsLeft: 5)  (score: 0) 
INFO - [G] 2025-03-30 20:40:08 :: TRACE :: MULTIPLAYER :: Client got enemyLocation message:  (location: loc_playing-bl_small)  (action: enemyLocation) 
INFO - [G] 2025-03-30 20:40:16 :: TRACE :: MULTIPLAYER :: Client sent message: action:soldJoker
INFO - [G] 2025-03-30 20:40:23 :: TRACE :: MULTIPLAYER :: Client sent message: action:spentLastShop,amount:0
INFO - [G] 2025-03-30 20:40:24 :: TRACE :: MULTIPLAYER :: Client sent message: action:setLocation,location:loc_selecting
INFO - [G] 2025-03-30 20:40:25 :: TRACE :: MULTIPLAYER :: Client sent message: action:playHand,score:0,handsLeft:5
INFO - [G] 2025-03-30 20:40:25 :: TRACE :: MULTIPLAYER :: Client sent message: action:newRound
INFO - [G] 2025-03-30 20:40:25 :: TRACE :: MULTIPLAYER :: Client sent message: action:setLocation,location:loc_playing-bl_small
INFO - [G] 2025-03-30 20:40:39 :: TRACE :: MULTIPLAYER :: Client sent message: action:setLocation,location:loc_shop
INFO - [G] 2025-03-30 20:40:44 :: TRACE :: MULTIPLAYER :: Client sent message: action:soldJoker
INFO - [G] 2025-03-30 20:40:52 :: TRACE :: MULTIPLAYER :: Client got enemyLocation message:  (location: loc_shop)  (action: enemyLocation) 
INFO - [G] 2025-03-30 20:40:58 :: TRACE :: MULTIPLAYER :: Client got soldJoker message:  (action: soldJoker) 
INFO - [G] 2025-03-30 20:41:01 :: TRACE :: MULTIPLAYER :: Client sent message: action:soldJoker
INFO - [G] 2025-03-30 20:41:04 :: TRACE :: MULTIPLAYER :: Client sent message: action:spentLastShop,amount:0
INFO - [G] 2025-03-30 20:41:05 :: TRACE :: MULTIPLAYER :: Client sent message: action:setLocation,location:loc_selecting
INFO - [G] 2025-03-30 20:41:05 :: TRACE :: MULTIPLAYER :: Client sent message: action:playHand,score:0,handsLeft:5
INFO - [G] 2025-03-30 20:41:05 :: TRACE :: MULTIPLAYER :: Client sent message: action:newRound
INFO - [G] 2025-03-30 20:41:05 :: TRACE :: MULTIPLAYER :: Client sent message: action:setLocation,location:loc_playing-bl_big
INFO - [G] 2025-03-30 20:41:10 :: TRACE :: MULTIPLAYER :: Client got spentLastShop message:  (amount: 0)  (action: spentLastShop) 
INFO - [G] 2025-03-30 20:41:10 :: TRACE :: MULTIPLAYER :: Client got enemyLocation message:  (location: loc_selecting)  (action: enemyLocation) 
INFO - [G] 2025-03-30 20:41:11 :: TRACE :: MULTIPLAYER :: Client got enemyInfo message:  (skips: 0)  (lives: 1)  (action: enemyInfo)  (handsLeft: 5)  (score: 0) 
INFO - [G] 2025-03-30 20:41:11 :: TRACE :: MULTIPLAYER :: Client got enemyLocation message:  (location: loc_playing-bl_big)  (action: enemyLocation) 
INFO - [G] 2025-03-30 20:41:29 :: TRACE :: MULTIPLAYER :: Client got enemyLocation message:  (location: loc_shop)  (action: enemyLocation) 
INFO - [G] 2025-03-30 20:41:42 :: TRACE :: MULTIPLAYER :: Client sent message: action:setLocation,location:loc_shop
INFO - [G] 2025-03-30 20:41:45 :: TRACE :: MULTIPLAYER :: Client got soldJoker message:  (action: soldJoker) 
INFO - [G] 2025-03-30 20:42:02 :: TRACE :: MULTIPLAYER :: Client sent message: action:soldJoker
INFO - [G] 2025-03-30 20:42:08 :: TRACE :: MULTIPLAYER :: Client got spentLastShop message:  (amount: 0)  (action: spentLastShop) 
INFO - [G] 2025-03-30 20:42:08 :: TRACE :: MULTIPLAYER :: Client got enemyLocation message:  (location: loc_selecting)  (action: enemyLocation) 
INFO - [G] 2025-03-30 20:42:08 :: TRACE :: MULTIPLAYER :: Client got enemyLocation message:  (location: loc_ready)  (action: enemyLocation) 
INFO - [G] 2025-03-30 20:42:11 :: TRACE :: MULTIPLAYER :: Client sent message: action:spentLastShop,amount:0
INFO - [G] 2025-03-30 20:42:11 :: TRACE :: MULTIPLAYER :: Client sent message: action:setLocation,location:loc_selecting
INFO - [G] 2025-03-30 20:42:12 :: TRACE :: MULTIPLAYER :: Toggling Ready
INFO - [G] 2025-03-30 20:42:12 :: TRACE :: MULTIPLAYER :: Client sent message: action:setLocation,location:loc_ready
INFO - [G] 2025-03-30 20:42:12 :: TRACE :: MULTIPLAYER :: Client sent message: action:readyBlind
INFO - [G] 2025-03-30 20:42:12 :: TRACE :: MULTIPLAYER :: Client got startBlind message:  (action: startBlind) 
INFO - [G] 2025-03-30 20:42:12 :: TRACE :: MULTIPLAYER :: Client sent message: action:playHand,score:0,handsLeft:5
INFO - [G] 2025-03-30 20:42:12 :: TRACE :: MULTIPLAYER :: Client sent message: action:newRound
INFO - [G] 2025-03-30 20:42:12 :: TRACE :: MULTIPLAYER :: Client sent message: action:setLocation,location:loc_playing-bl_mp_nemesis
INFO - [G] 2025-03-30 20:42:13 :: TRACE :: MULTIPLAYER :: Client got enemyInfo message:  (skips: 0)  (lives: 1)  (action: enemyInfo)  (handsLeft: 5)  (score: 0) 
INFO - [G] 2025-03-30 20:42:13 :: TRACE :: MULTIPLAYER :: Client got enemyLocation message:  (location: loc_playing-bl_mp_nemesis)  (action: enemyLocation) 
INFO - [G] 2025-03-30 20:42:19 :: TRACE :: MULTIPLAYER :: Client sent message: action:playHand,score:3113,handsLeft:4
INFO - [G] 2025-03-30 20:42:37 :: TRACE :: MULTIPLAYER :: Client got enemyInfo message:  (skips: 0)  (lives: 1)  (action: enemyInfo)  (handsLeft: 4)  (score: 10982) 
INFO - [G] 2025-03-30 20:42:41 :: TRACE :: MULTIPLAYER :: Client sent message: action:playHand,score:8153,handsLeft:3
INFO - [G] 2025-03-30 20:42:46 :: TRACE :: MULTIPLAYER :: Client sent message: action:playHand,score:11558,handsLeft:2
INFO - [G] 2025-03-30 20:42:49 :: TRACE :: MULTIPLAYER :: Client got enemyInfo message:  (skips: 0)  (lives: 1)  (action: enemyInfo)  (handsLeft: 3)  (score: 18899) 
INFO - [G] 2025-03-30 20:42:57 :: TRACE :: MULTIPLAYER :: Client got enemyInfo message:  (skips: 0)  (lives: 1)  (action: enemyInfo)  (handsLeft: 2)  (score: 19145) 
INFO - [G] 2025-03-30 20:43:02 :: TRACE :: MULTIPLAYER :: Client got enemyInfo message:  (skips: 0)  (lives: 1)  (action: enemyInfo)  (handsLeft: 1)  (score: 19245) 
INFO - [G] 2025-03-30 20:43:09 :: TRACE :: MULTIPLAYER :: Client sent message: action:playHand,score:120372,handsLeft:1
INFO - [G] 2025-03-30 20:43:10 :: TRACE :: MULTIPLAYER :: Client got enemyInfo message:  (skips: 0)  (lives: 1)  (action: enemyInfo)  (handsLeft: 0)  (score: 19441) 
INFO - [G] 2025-03-30 20:43:10 :: TRACE :: MULTIPLAYER :: Client got enemyInfo message:  (skips: 0)  (lives: 0)  (action: enemyInfo)  (handsLeft: 0)  (score: 19441) 
INFO - [G] 2025-03-30 20:43:10 :: TRACE :: MULTIPLAYER :: Client got winGame message:  (action: winGame) 
INFO - [G] 2025-03-30 20:43:10 :: TRACE :: MULTIPLAYER :: Client sent message: action:getEndGameJokers
INFO - [G] 2025-03-30 20:43:10 :: TRACE :: MULTIPLAYER :: Client got getEndGameJokers message:  (action: getEndGameJokers) 
INFO - [G] 2025-03-30 20:43:10 :: TRACE :: MULTIPLAYER :: Client sent message: action:receiveEndGameJokers,keys:j_dna;j_gros_michel;j_paperback_surfer;j_paperback_derecho;j_ancient;
INFO - [G] 2025-03-30 20:43:11 :: TRACE :: MULTIPLAYER :: Client got receiveEndGameJokers message:  (keys: j_paperback_surfer;j_paperback_cakepop;j_paperback_cherry_blossoms;j_mp_pacifist;)  (action: receiveEndGameJokers) 
INFO - [G] 2025-03-30 20:43:16 :: TRACE :: MULTIPLAYER :: Client got stopGame message:  (action: stopGame) 
INFO - [G] 2025-03-30 20:43:16 :: DEBUG :: MULTIPLAYER :: Resetting game states
INFO - [G] 2025-03-30 20:43:16 :: TRACE :: MULTIPLAYER :: Client got lobbyInfo message:  (host: shira)  (action: lobbyInfo)  (isHost: true)  (hostHash: AbsoluteDeck-0.0.0;Brainstorm-2.0.0-beta;DereBS-0.0.0;DereJkr-0.0.0;FTV-0.0.0;Handy-1.3.2;JokerOnlyDeck-0.0.0;LastStand-0.0.0;Multiplayer-0.2.1;NihilityChallenge-0.0.0;StylishSleeves-0.0.0;UltimateRandomDeck-0.0.0;paperback-0.6.4b;pauperdeck-1.1) 
INFO - [G] 2025-03-30 20:43:16 :: TRACE :: MULTIPLAYER :: Client sent message: action:lobbyOptions,different_decks:false,death_on_round_loss:true,custom_seed:random,stake:1,starting_lives:4,back:Yellow Deck,different_seeds:false,showdown_starting_antes:3,gold_on_life_loss:true,ruleset:ruleset_mp_standard,no_gold_on_round_loss:false,multiplayer_jokers:true
INFO - [G] 2025-03-30 20:43:26 :: TRACE :: MULTIPLAYER :: Client sent message: action:leaveLobby
INFO - [G] 2025-03-30 20:43:26 :: DEBUG :: MULTIPLAYER :: Resetting game states
INFO - [G] line not found
INFO - [G] file not found: main.lua: No such file or directory
INFO - [G] file not found: main.lua: No such file or directory
INFO - [G] file not found: main.lua: No such file or directory
INFO - [G] file not found: main.lua: No such file or directory
INFO - [G] 2025-03-30 20:43:40 :: ERROR :: StackTrace :: Oops! The game crashed
[SMODS _ "src/utils.lua"]:349: bad argument #1 to 'pairs' (table expected, got nil)
Stack Traceback
===============
(1) Lua local 'handler' at file 'main.lua:612'
	Local variables:
	 msg = string: "[SMODS _ \"src/utils.lua\"]:349: bad argument #1 to 'pairs' (table expected, got nil)"
	 (*temporary) = Lua function '?' (defined at line 31 of chunk [SMODS _ "src/logging.lua"])
	 (*temporary) = string: "Oops! The game crashed\
"
(2) LÖVE function at file 'boot.lua:352' (best guess)
	Local variables:
	 errhand = Lua function '?' (defined at line 598 of chunk main.lua)
	 handler = Lua function '?' (defined at line 598 of chunk main.lua)
(3) global C function 'pairs'
(4) Lua field 'find_card' at Steamodded file 'src/utils.lua:349' 
	Local variables:
	 key = string: "c_base"
	 count_debuffed = boolean: true
	 results = table: 0x03e419f8  {}
	 (for generator) = C function: builtin#6
	 (for state) = table: 0x063fc250  {1:table: 0x03e7a998, 2:table: 0x062d8ec8, 3:table: 0x03f94858, 4:table: 0x049562e8}
	 (for control) = number: 4
	 _ = number: 4
	 area = table: 0x049562e8  {click_offset:table: 0x03ef2bc8, shuffle_amt:0, T:table: 0x03ef2ba0, offset:table: 0x04fae868, role:table: 0x04f375f8, last_aligned:-1, highlighted:table: 0x042cdb28 (more...)}
(5) Lua method 'set_ability' at file 'card.lua:247'
	Local variables:
	 self = table: 0x04955088  {click_offset:table: 0x04954720, children:table: 0x03ef1f20, ambient_tilt:0.2, T:table: 0x049546f8, offset:table: 0x0cbc2218, tilt_var:table: 0x03ef1ef8 (more...)}
	 center = table: 0x03cd6528  {max:500, key:c_base, set:Default, config:table: 0x03cd65b0, _saved_d_u:true, effect:Base, discovered:true, line:base, pos:table: 0x03cd6550, label:Base Card (more...)}
	 initial = boolean: true
	 delay_sprites = nil
	 X = number: 17.2463
	 Y = number: 8.88634
	 W = number: 2.04878
	 H = number: 2.75122
	 old_center = table: 0x03cd6528  {max:500, key:c_base, set:Default, config:table: 0x03cd65b0, _saved_d_u:true, effect:Base, discovered:true, line:base, pos:table: 0x03cd6550, label:Base Card (more...)}
	 (*temporary) = C function: next
(6) Lua upvalue 'card_init' at file 'card.lua:45'
	Local variables:
	 self = table: 0x04955088  {click_offset:table: 0x04954720, children:table: 0x03ef1f20, ambient_tilt:0.2, T:table: 0x049546f8, offset:table: 0x0cbc2218, tilt_var:table: 0x03ef1ef8 (more...)}
	 X = number: 17.2463
	 Y = number: 8.88634
	 W = number: 2.04878
	 H = number: 2.75122
	 card = table: 0x0af271b8  {lc_atlas:cards_1, pos:table: 0x0af272a8, value:2, hc_atlas:cards_2, name:2 of Clubs, suit:Clubs}
	 center = table: 0x03cd6528  {max:500, key:c_base, set:Default, config:table: 0x03cd65b0, _saved_d_u:true, effect:Base, discovered:true, line:base, pos:table: 0x03cd6550, label:Base Card (more...)}
	 params = table: 0x04955060  {playing_card:109}
(7) Lua upvalue 'card_init_ref' at Steamodded file 'src/overrides.lua:1348' 
	Local variables:
	 self = table: 0x04955088  {click_offset:table: 0x04954720, children:table: 0x03ef1f20, ambient_tilt:0.2, T:table: 0x049546f8, offset:table: 0x0cbc2218, tilt_var:table: 0x03ef1ef8 (more...)}
	 X = number: 17.2463
	 Y = number: 8.88634
	 W = number: 2.04878
	 H = number: 2.75122
	 card = table: 0x0af271b8  {lc_atlas:cards_1, pos:table: 0x0af272a8, value:2, hc_atlas:cards_2, name:2 of Clubs, suit:Clubs}
	 center = table: 0x03cd6528  {max:500, key:c_base, set:Default, config:table: 0x03cd65b0, _saved_d_u:true, effect:Base, discovered:true, line:base, pos:table: 0x03cd6550, label:Base Card (more...)}
	 params = table: 0x04955060  {playing_card:109}
(8) Lua method 'init' at file 'compatibility/_compatibility.lua:56' (from mod with id Multiplayer)
	Local variables:
	 self = table: 0x04955088  {click_offset:table: 0x04954720, children:table: 0x03ef1f20, ambient_tilt:0.2, T:table: 0x049546f8, offset:table: 0x0cbc2218, tilt_var:table: 0x03ef1ef8 (more...)}
	 X = number: 17.2463
	 Y = number: 8.88634
	 W = number: 2.04878
	 H = number: 2.75122
	 card = table: 0x0af271b8  {lc_atlas:cards_1, pos:table: 0x0af272a8, value:2, hc_atlas:cards_2, name:2 of Clubs, suit:Clubs}
	 center = table: 0x03cd6528  {max:500, key:c_base, set:Default, config:table: 0x03cd65b0, _saved_d_u:true, effect:Base, discovered:true, line:base, pos:table: 0x03cd6550, label:Base Card (more...)}
	 params = table: 0x04955060  {playing_card:109}
(9) Lua global 'Card' at file 'engine/object.lua:35'
	Local variables:
	 self = table: 0x03bc52d0  {get_chip_x_bonus:function: 0x03e47208, set_base:function: 0x03bc5338, set_card_area:function: 0x03bc4e18, generate_UIBox_unlock_table:function: 0x03e40f80 (more...)}
	 obj = table: 0x04955088  {click_offset:table: 0x04954720, children:table: 0x03ef1f20, ambient_tilt:0.2, T:table: 0x049546f8, offset:table: 0x0cbc2218, tilt_var:table: 0x03ef1ef8 (more...)}
(10) Lua global 'card_from_control' at file 'functions/misc_functions.lua:1769'
	Local variables:
	 control = table: 0x0cb8dd88  {s:C, r:2}
(11) Lua method 'start_run_ref' at file 'game.lua:2409'
	Local variables:
	 self = table: 0x03c099e8  {F_GUIDE:false, F_CRASH_REPORTS:false, F_QUIT_BUTTON:true, F_ENGLISH_ONLY:false, viewed_stake:1, sort_id:733, F_DISCORD:true, STAGE:2, F_MOBILE_UI:false (more...)}
	 args = table: 0x07b42ac0  {stake:1}
	 saveTable = nil
	 selected_back = table: 0x03bfaa88  {order:3, set:Back, key:b_yellow, stake:1, alerted:true, discovered:true, _discovered_unlocked_overwritten:true, pos:table: 0x03bfab78, unlocked:true (more...)}
	 CAI = table: 0x047ff958  {hand_W:12.292682926829, joker_H:2.6136585365854, joker_W:10.039024390244, consumeable_H:2.6136585365854, deck_W:2.2536585365854, discard_H:2.7512195121951 (more...)}
	 card_protos = table: 0x04276f40  {1:table: 0x0cb8dd88, 2:table: 0x0aefaf58, 3:table: 0x04f364a8, 4:table: 0x03f8bbb0, 5:table: 0x0c067d98, 6:table: 0x093e89c8, 7:table: 0x07b7cfb0 (more...)}
	 _de = nil
	 (for generator) = C function: builtin#6
	 (for state) = table: 0x04276f40  {1:table: 0x0cb8dd88, 2:table: 0x0aefaf58, 3:table: 0x04f364a8, 4:table: 0x03f8bbb0, 5:table: 0x0c067d98, 6:table: 0x093e89c8, 7:table: 0x07b7cfb0 (more...)}
	 (for control) = number: 1
	 k = number: 1
	 v = table: 0x0cb8dd88  {s:C, r:2}
(12) Lua upvalue 'start_run_ref' at file 'StylishSleeves.lua:47' (from mod with id StylishSleeves)
	Local variables:
	 self = table: 0x03c099e8  {F_GUIDE:false, F_CRASH_REPORTS:false, F_QUIT_BUTTON:true, F_ENGLISH_ONLY:false, viewed_stake:1, sort_id:733, F_DISCORD:true, STAGE:2, F_MOBILE_UI:false (more...)}
	 args = table: 0x07b42ac0  {stake:1}
(13) Lua method 'start_run' at file 'ui/game.lua:1016' (from mod with id Multiplayer)
	Local variables:
	 self = table: 0x03c099e8  {F_GUIDE:false, F_CRASH_REPORTS:false, F_QUIT_BUTTON:true, F_ENGLISH_ONLY:false, viewed_stake:1, sort_id:733, F_DISCORD:true, STAGE:2, F_MOBILE_UI:false (more...)}
	 args = table: 0x07b42ac0  {stake:1}
(14) Lua field 'func' at file 'functions/button_callbacks.lua:3033'
(15) Lua method 'handle' at file 'engine/event.lua:99'
	Local variables:
	 self = table: 0x03d8e9c0  {start_timer:true, timer:REAL, func:function: 0x047e3cb8, blockable:true, trigger:immediate, created_on_pause:true, delay:0, complete:false, time:25.616059983142 (more...)}
	 _results = table: 0x049a8fc8  {blocking:true, pause_skip:false, time_done:false, completed:false}
(16) Lua method 'update' at file 'engine/event.lua:182'
	Local variables:
	 self = table: 0x032f2490  {queue_last_processed:2938.5833333431, queues:table: 0x032f24b8, queue_dt:0.016666666666667, queue_timer:2938.5836995632}
	 dt = number: 0.00204958
	 forced = nil
	 (for generator) = C function: next
	 (for state) = table: 0x032f24b8  {unlock:table: 0x03d42b90, other:table: 0x03d42c30, tutorial:table: 0x03d42be0, base:table: 0x03d42bb8, achievement:table: 0x03d42c08}
	 (for control) = number: nan
	 k = string: "base"
	 v = table: 0x03d42bb8  {1:table: 0x03d8e9c0, 2:table: 0x04f15d80, 3:table: 0x0d72dff0, 4:table: 0x04289330, 5:table: 0x04255198, 6:table: 0x0464cf38, 7:table: 0x03becb10 (more...)}
	 blocked = boolean: false
	 i = number: 1
	 results = table: 0x049a8fc8  {blocking:true, pause_skip:false, time_done:false, completed:false}
(17) Lua upvalue 'gameUpdateRef' at file 'game.lua:2560'
	Local variables:
	 self = table: 0x03c099e8  {F_GUIDE:false, F_CRASH_REPORTS:false, F_QUIT_BUTTON:true, F_ENGLISH_ONLY:false, viewed_stake:1, sort_id:733, F_DISCORD:true, STAGE:2, F_MOBILE_UI:false (more...)}
	 dt = number: 0
	 http_resp = nil
(18) Lua upvalue 'update_ref' at Steamodded file 'src/ui.lua:84' 
	Local variables:
	 self = table: 0x03c099e8  {F_GUIDE:false, F_CRASH_REPORTS:false, F_QUIT_BUTTON:true, F_ENGLISH_ONLY:false, viewed_stake:1, sort_id:733, F_DISCORD:true, STAGE:2, F_MOBILE_UI:false (more...)}
	 dt = number: 0.00204958
(19) Lua upvalue 'game_update_ref' at file 'main.lua:1461'
	Local variables:
	 self = table: 0x03c099e8  {F_GUIDE:false, F_CRASH_REPORTS:false, F_QUIT_BUTTON:true, F_ENGLISH_ONLY:false, viewed_stake:1, sort_id:733, F_DISCORD:true, STAGE:2, F_MOBILE_UI:false (more...)}
	 dt = number: 0.00204958
(20) Lua upvalue 'game_update_ref' at file 'compatibility/_compatibility.lua:85' (from mod with id Multiplayer)
	Local variables:
	 self = table: 0x03c099e8  {F_GUIDE:false, F_CRASH_REPORTS:false, F_QUIT_BUTTON:true, F_ENGLISH_ONLY:false, viewed_stake:1, sort_id:733, F_DISCORD:true, STAGE:2, F_MOBILE_UI:false (more...)}
	 dt = number: 0.00204958
(21) Lua upvalue 'gameUpdateRef' at file 'networking/action_handlers.lua:603' (from mod with id Multiplayer)
	Local variables:
	 self = table: 0x03c099e8  {F_GUIDE:false, F_CRASH_REPORTS:false, F_QUIT_BUTTON:true, F_ENGLISH_ONLY:false, viewed_stake:1, sort_id:733, F_DISCORD:true, STAGE:2, F_MOBILE_UI:false (more...)}
	 dt = number: 0.00204958
(22) Lua upvalue 'game_update_ref' at file 'ui/lobby.lua:978' (from mod with id Multiplayer)
	Local variables:
	 self = table: 0x03c099e8  {F_GUIDE:false, F_CRASH_REPORTS:false, F_QUIT_BUTTON:true, F_ENGLISH_ONLY:false, viewed_stake:1, sort_id:733, F_DISCORD:true, STAGE:2, F_MOBILE_UI:false (more...)}
	 dt = number: 0.00204958
(23) Lua method 'update' at file 'misc/mod_hash.lua:39' (from mod with id Multiplayer)
	Local variables:
	 self = table: 0x03c099e8  {F_GUIDE:false, F_CRASH_REPORTS:false, F_QUIT_BUTTON:true, F_ENGLISH_ONLY:false, viewed_stake:1, sort_id:733, F_DISCORD:true, STAGE:2, F_MOBILE_UI:false (more...)}
	 dt = number: 0.00204958
(24) Lua upvalue 'love_update_ref' at file 'main.lua:995'
	Local variables:
	 dt = number: 0.00204958
(25) Lua field 'update' at file 'main.lua:3514'
	Local variables:
	 dt = number: 0.00204958
(26) Lua function '?' at file 'main.lua:934' (best guess)
(27) global C function 'xpcall'
(28) LÖVE function at file 'boot.lua:377' (best guess)
	Local variables:
	 func = Lua function '?' (defined at line 905 of chunk main.lua)
	 inerror = boolean: true
	 deferErrhand = Lua function '(LÖVE Function)' (defined at line 348 of chunk [love "boot.lua"])
	 earlyinit = Lua function '(LÖVE Function)' (defined at line 355 of chunk [love "boot.lua"])

INFO - [G] file not found: main.lua: No such file or directory
INFO - [G] file not found: main.lua: No such file or directory
INFO - [G] 2025-03-30 20:43:40 :: INFO  :: StackTrace :: Additional Context:
Balatro Version: 1.0.1o-FULL
Modded Version: 1.0.0~BETA-0323b-STEAMODDED
LÖVE Version: 11.5.0
Lovely Version: 0.7.1
Platform: Windows
Steamodded Mods:
    1: Brainstorm by OceanRamen [ID: Brainstorm, Version: 2.0.0-beta, Uses Lovely]
    2: Feed the Vampire by Morpline [ID: FTV]
    3: Stylish Sleeves Challenge by Aure [ID: StylishSleeves]
    4: Handy by SleepyG11 [ID: Handy, Version: 1.3.2, Uses Lovely]
    5: Nihility Challenge by ascriptmaster [ID: NihilityChallenge]
    6: Multiplayer by virtualized, TGMM, CUexter [ID: Multiplayer, Priority: 9.007199254741e+15, Version: 0.2.1, Uses Lovely]
    7: Joker Only Deck by Mojimoon [ID: JokerOnlyDeck]
    8: Paperback by PaperMoon, OppositeWolf770, srockw, Nether, B [ID: paperback, Version: 0.6.4b, Uses Lovely]
    9: Absolute Deck by Steamo [ID: AbsoluteDeck]
    10: Yuri Blueprint Brainstorm  by eaze [ID: DereBS]
    11: Legendere Jokers by eaze [ID: DereJkr]
    12: Last Stand Challenge by Tucaonormal [ID: LastStand]
    13: Ultimate Random Deck by Steamo [ID: UltimateRandomDeck]
    14: PauperDeck by Aiksi [ID: pauperdeck, Version: 1.1]
Lovely Mods:
