INFO - [♥] Lovely 0.7.1
INFO - [♥] Game directory is at "E:\\shira\\.local\\share\\Steam\\steamapps\\common\\Balatro"
INFO - [♥] Writing logs to "C:\\users\\steamuser\\AppData\\Roaming\\Balatro\\Mods\\lovely\\log"
INFO - [♥] Using mod directory at "C:\\users\\steamuser\\AppData\\Roaming\\Balatro\\Mods"
WARN - [♥] Unknown key `patches.0.?.match_indent` found in patch file at "C:\\users\\steamuser\\AppData\\Roaming\\Balatro\\Mods\\BalatroMultiplayer-0.1.8.3\\lovely.toml", ignoring it
WARN - [♥] Unknown key `patches.1.?.match_indent` found in patch file at "C:\\users\\steamuser\\AppData\\Roaming\\Balatro\\Mods\\BalatroMultiplayer-0.1.8.3\\lovely.toml", ignoring it
WARN - [♥] Unknown key `patches.9.?.match_indent` found in patch file at "C:\\users\\steamuser\\AppData\\Roaming\\Balatro\\Mods\\BalatroMultiplayer-0.1.8.3\\lovely.toml", ignoring it
WARN - [♥] Unknown key `patches.10.?.match_indent` found in patch file at "C:\\users\\steamuser\\AppData\\Roaming\\Balatro\\Mods\\BalatroMultiplayer-0.1.8.3\\lovely.toml", ignoring it
WARN - [♥] Unknown key `patches.13.?.match_indent` found in patch file at "C:\\users\\steamuser\\AppData\\Roaming\\Balatro\\Mods\\BalatroMultiplayer-0.1.8.3\\lovely.toml", ignoring it
WARN - [♥] Unknown key `patches.21.?.match_indent` found in patch file at "C:\\users\\steamuser\\AppData\\Roaming\\Balatro\\Mods\\Cryptid\\lovely\\code.toml", ignoring it
WARN - [♥] Unknown key `patches.15.?.match_indent` found in patch file at "C:\\users\\steamuser\\AppData\\Roaming\\Balatro\\Mods\\HandyBalatro\\lovely.toml", ignoring it
WARN - [♥] Unknown key `patches.15.?.overwrite` found in patch file at "C:\\users\\steamuser\\AppData\\Roaming\\Balatro\\Mods\\HandyBalatro\\lovely.toml", ignoring it
WARN - [♥] Unknown key `patches.49.?.match_indent` found in patch file at "C:\\users\\steamuser\\AppData\\Roaming\\Balatro\\Mods\\Talisman\\lovely.toml", ignoring it
WARN - [♥] Unknown key `patches.52.?.match_indent` found in patch file at "C:\\users\\steamuser\\AppData\\Roaming\\Balatro\\Mods\\Talisman\\lovely.toml", ignoring it
INFO - [♥] Cleaning up dumps directory at "C:\\users\\steamuser\\AppData\\Roaming\\Balatro\\Mods\\lovely\\dump"
INFO - [♥] Initialization complete in 288ms
WARN - [♥] Pattern 'G.ARGS.score_intensity.organ = G.video_organ or G.ARGS.score_intensity.required_score > 0 and math.max(math.min(0.4, 0.1*math.log(G.ARGS.score_intensity.earned_score/(G.ARGS.score_intensity.required_score+1), 5)),0.) or 0' on target 'main.lua' for pattern patch from Talisman\lovely.toml resulted in no matches
WARN - [♥] Pattern 'if type(G.GAME.current_round.current_hand.chips) ~= \'number\' or type(G.GAME.current_round.current_hand.mult) ~= \'number\' then' on target 'main.lua' for pattern patch from Talisman\lovely.toml resulted in no matches
INFO - [♥] Applied 25 patches to 'main.lua'
INFO - [♥] Applied 2 patches to 'engine/string_packer.lua'
INFO - [♥] Applied 8 patches to 'engine/controller.lua'
INFO - [♥] Applied 15 patches to 'back.lua'
INFO - [♥] Applied 18 patches to 'tag.lua'
INFO - [♥] Applied 1 patch to 'engine/node.lua'
INFO - [♥] Applied 2 patches to 'engine/moveable.lua'
INFO - [♥] Applied 2 patches to 'engine/sprite.lua'
INFO - [♥] Applied 2 patches to 'engine/animatedsprite.lua'
WARN - [♥] Pattern 'assembled_string = assembled_string..(type(subpart) == \'string\' and subpart or args.vars[tonumber(subpart[1])] or \'ERROR\')' on target 'functions/misc_functions.lua' for pattern patch from Talisman\lovely.toml resulted in no matches
INFO - [♥] Applied 58 patches to 'functions/misc_functions.lua'
WARN - [♥] Pattern 'for i = 1, 2 do' on target 'game.lua' for pattern patch from Cryptid\lovely\stake.toml resulted in no matches
WARN - [♥] Pattern 'create_shop_card_ui(card, \'Voucher\', G.shop_vouchers)' on target 'game.lua' for pattern patch from Cryptid\lovely\stake.toml resulted in no matches
WARN - [♥] Pattern 'self.GAME.current_round.voucher = G.SETTINGS.tutorial_progress and G.SETTINGS.tutorial_progress.forced_voucher or SMODS.get_next_vouchers()' on target 'game.lua' for pattern patch from Cryptid\lovely\very_fair.toml resulted in no matches
WARN - [♥] Pattern 'self.GAME.current_round.voucher = G.SETTINGS.tutorial_progress and G.SETTINGS.tutorial_progress.forced_voucher or get_next_voucher_key()' on target 'game.lua' for pattern patch from Cryptid\lovely\Voucher.toml resulted in no matches
WARN - [♥] Regex 'card\\:start_materialize\\(\\)\\n\\s+G\\.shop_vouchers\\:emplace\\(card\\)\\n\\s+end' on target 'game.lua' for regex patch from Cryptid\lovely\Voucher.toml resulted in no matches
INFO - [♥] Applied 89 patches to 'game.lua'
INFO - [♥] Applied 1 patch to 'globals.lua'
INFO - [♥] Applied 6 patches to 'engine/ui.lua'
WARN - [♥] Pattern 'G.GAME.shop.joker_max*1.02*G.CARD_W,' on target 'functions/UI_definitions.lua' for pattern patch from Cryptid\lovely\equilibrium.toml resulted in no matches
WARN - [♥] Pattern '{n=G.UIT.T, config={text = G.GAME.hands[handname].chips, scale = 0.45, colour = G.C.UI.TEXT_LIGHT}},' on target 'functions/UI_definitions.lua' for pattern patch from Talisman\lovely.toml resulted in no matches
WARN - [♥] Pattern '{n=G.UIT.T, config={text = G.GAME.hands[handname].mult, scale = 0.45, colour = G.C.UI.TEXT_LIGHT}}' on target 'functions/UI_definitions.lua' for pattern patch from Talisman\lovely.toml resulted in no matches
INFO - [♥] Applied 113 patches to 'functions/UI_definitions.lua'
WARN - [♥] Pattern 'ease_to = G.GAME.chips + math.floor(hand_chips * mult) * (e and e.antiscore and -1 or 1),' on target 'functions/state_events.lua' for pattern patch from Cryptid\lovely\blind.toml resulted in no matches
WARN - [♥] Pattern 'for i = 1, #G.jokers.cards do' on target 'functions/state_events.lua' for pattern patch from Cryptid\lovely\lib_modifiers.toml resulted in no matches
WARN - [♥] Pattern 'if reps[j] ~= 1 then' on target 'functions/state_events.lua' for pattern patch from Cryptid\lovely\misc.toml resulted in no matches
WARN - [♥] Pattern 'for i=1, #G.jokers.cards + #G.consumeables.cards do' on target 'functions/state_events.lua' for pattern patch from Cryptid\lovely\misc.toml resulted in no matches
WARN - [♥] Pattern 'local effects = {[1] = {playing_card = G.hand.cards[i]:get_end_of_round_effect()}}' on target 'functions/state_events.lua' for pattern patch from Cryptid\lovely\stake.toml resulted in no matches
WARN - [♥] Pattern 'G.GAME.current_round.voucher = get_next_voucher_key()' on target 'functions/state_events.lua' for pattern patch from Cryptid\lovely\sticker.toml resulted in no matches
WARN - [♥] Pattern 'G.GAME.current_round.voucher = get_next_voucher_key()' on target 'functions/state_events.lua' for pattern patch from Cryptid\lovely\Voucher.toml resulted in no matches
WARN - [♥] Pattern 'if effects[ii].card then' on target 'functions/state_events.lua' for pattern patch from Talisman\lovely.toml resulted in no matches
WARN - [♥] Pattern 'if effects.jokers.Xmult_mod then mult = mod_mult(mult*effects.jokers.Xmult_mod);extras.mult = true  end' on target 'functions/state_events.lua' for pattern patch from Talisman\lovely.toml resulted in no matches
WARN - [♥] Pattern 'if effect.Xmult_mod then mult = mod_mult(mult*effect.Xmult_mod);extras.mult = true  end' on target 'functions/state_events.lua' for pattern patch from Talisman\lovely.toml resulted in no matches
WARN - [♥] Pattern 'if effects[ii].message then' on target 'functions/state_events.lua' for pattern patch from Talisman\lovely.toml resulted in no matches
WARN - [♥] Pattern '--calculate the card edition effects' on target 'functions/state_events.lua' for pattern patch from Talisman\lovely.toml resulted in no matches
WARN - [♥] Pattern 'if effects[ii].edition.p_dollars_mod then' on target 'functions/state_events.lua' for pattern patch from Talisman\lovely.toml resulted in no matches
WARN - [♥] Pattern 'if edition_effects.jokers.x_mult_mod then' on target 'functions/state_events.lua' for pattern patch from Talisman\lovely.toml resulted in no matches
WARN - [♥] Pattern 'if SMODS.has_enhancement(scoring_hand[i], \'m_glass\') and not scoring_hand[i].debuff and pseudorandom(\'glass\') < G.GAME.probabilities.normal/(scoring_hand[i].ability.name == \'Glass Card\' and scoring_hand[i].ability.extra or G.P_CENTERS.m_glass.config.extra) then' on target 'functions/state_events.lua' for pattern patch from Cryptid\lovely\Probability.toml resulted in no matches
WARN - [♥] Regex '(?<indent>[\\t ]*)if destroyed then \\n' on target 'functions/state_events.lua' for regex patch from Cryptid\lovely\seal.toml resulted in no matches
INFO - [♥] Applied 76 patches to 'functions/state_events.lua'
WARN - [♥] Pattern '{n=G.UIT.T, config={text = localize(\'$\')..config.dollars, scale = 1.2*scale, colour = G.C.WHITE, shadow = true, juice = true}}' on target 'functions/common_events.lua' for pattern patch from Cryptid\lovely\code.toml resulted in no matches
WARN - [♥] Pattern 'G.shop_jokers.T.w = G.GAME.shop.joker_max*1.01*G.CARD_W' on target 'functions/common_events.lua' for pattern patch from Cryptid\lovely\equilibrium.toml resulted in no matches
WARN - [♥] Pattern 'function generate_card_ui(_c, full_UI_table, specific_vars, card_type, badges, hide_desc, main_start, main_end)' on target 'functions/common_events.lua' for pattern patch from Cryptid\lovely\lib_misc.toml resulted in no matches
WARN - [♥] Pattern 'elseif v.boss.showdown and (G.GAME.round_resets.ante)%G.GAME.win_ante == 0 and G.GAME.round_resets.ante >= 2 then' on target 'functions/common_events.lua' for pattern patch from Cryptid\lovely\stake.toml resulted in no matches
WARN - [♥] Pattern 'if num_dollars > 60 then' on target 'functions/common_events.lua' for pattern patch from Talisman\lovely.toml resulted in no matches
WARN - [♥] Pattern 'func = (function() if eval_func(card) then if not first or first then card:juice_up(0.1, 0.1) end;juice_card_until(card, eval_func, nil, 0.8) end return true end)' on target 'functions/common_events.lua' for pattern patch from Talisman\lovely.toml resulted in no matches
INFO - [♥] Applied 173 patches to 'functions/common_events.lua'
WARN - [♥] Pattern 'if ((G.GAME.dollars-G.GAME.bankrupt_at) - 10 >= 0) and' on target 'functions/button_callbacks.lua' for pattern patch from Talisman\lovely.toml resulted in no matches
INFO - [♥] Applied 72 patches to 'functions/button_callbacks.lua'
WARN - [♥] Pattern 'function Card:calculate_seal(context)\n    if self.debuff then return nil end' on target 'card.lua' for pattern patch from SMODS\lovely\can_calculate.toml resulted in no matches
WARN - [♥] Pattern 'function Card:calculate_joker(context)\n    if self.debuff then return nil end\n    if self.ability.set == \"Planet\" and not self.debuff then' on target 'card.lua' for pattern patch from SMODS\lovely\can_calculate.toml resulted in no matches
WARN - [♥] Pattern 'if self.ability.name == \'Campfire\' and G.GAME.blind.boss and not (G.GAME.blind.config and G.GAME.blind.config.bonus) and self.ability.x_mult > 1 then' on target 'card.lua' for pattern patch from Cryptid\lovely\misc.toml resulted in no matches
WARN - [♥] Pattern 'if self.ability.name:find(\'Arcana\') then' on target 'card.lua' for pattern patch from Cryptid\lovely\misprint.toml resulted in no matches
WARN - [♥] Pattern 'if self.ability.name == \'The Hermit\' or self.ability.consumeable.hand_type or self.ability.name == \'Temperance\' or self.ability.name == \'Black Hole\' then' on target 'card.lua' for pattern patch from Cryptid\lovely\stake.toml resulted in no matches
WARN - [♥] Pattern 'if self.ability.queue_negative_removal then' on target 'card.lua' for pattern patch from Cryptid\lovely\sticker.toml resulted in no matches
WARN - [♥] Pattern 'G.GAME.current_round.voucher = nil' on target 'card.lua' for pattern patch from Cryptid\lovely\Voucher.toml resulted in no matches
WARN - [♥] Pattern 'if G.GAME.blind then G.E_MANAGER:add_event(Event({ func = function() G.GAME.blind:set_blind(nil, true, nil); return true end })) end' on target 'card.lua' for pattern patch from Talisman\lovely.toml resulted in no matches
WARN - [♥] Pattern 'x_mult = center.config.Xmult or 1,' on target 'card.lua' for pattern patch from Talisman\lovely.toml resulted in no matches
WARN - [♥] Pattern 'elseif self.ability.name == \'Business Card\' then loc_vars = {\'\'..(G.GAME and G.GAME.probabilities.normal or 1), self.ability.extra}' on target 'card.lua' for pattern patch from Cryptid\lovely\Probability.toml resulted in no matches
WARN - [♥] Pattern 'pseudorandom(\'business\') < G.GAME.probabilities.normal/self.ability.extra then' on target 'card.lua' for pattern patch from Cryptid\lovely\Probability.toml resulted in no matches
INFO - [♥] Applied 243 patches to 'card.lua'
INFO - [♥] Applied 17 patches to 'cardarea.lua'
INFO - [♥] Applied 38 patches to 'blind.lua'
INFO - [♥] Applied 2 patches to 'card_character.lua'
INFO - [♥] Applied 5 patches to 'engine/text.lua'
INFO - [♥] Applied 1 patch to '=[SMODS _ "src/utils.lua"]'
INFO - [♥] Applied 4 patches to '=[SMODS _ "src/overrides.lua"]'
INFO - [♥] Applied 1 patch to '=[SMODS _ "src/game_object.lua"]'
INFO - [G] Failed to connect to the debug server
INFO - [G] 2025-03-19 19:43:27 :: DEBUG :: DebugConsole :: Steamodded Debug Socket started !
INFO - [♥] Applied 9 patches to 'engine/sound_manager.lua'
INFO - [♥] Applied 3 patches to 'engine/save_manager.lua'
INFO - [♥] Applied 2 patches to 'engine/string_packer.lua'
INFO - [♥] Applied 4 patches to '=[SMODS _ "src/card_draw.lua"]'
INFO - [G] 2025-03-19 19:43:29 :: INFO  :: DefaultLogger :: Valid JSON file found
INFO - [G] 2025-03-19 19:43:29 :: TRACE :: Loader :: Processing Mod file (Legacy header): steamodded_compat.lua
INFO - [G] 2025-03-19 19:43:29 :: TRACE :: Loader :: Saving Mod Info: Brainstorm
INFO - [G] 2025-03-19 19:43:29 :: INFO  :: DefaultLogger :: Valid JSON file found
INFO - [G] 2025-03-19 19:43:29 :: TRACE :: Loader :: Processing Mod file (Legacy header): AbsoluteDeck.lua
INFO - [G] 2025-03-19 19:43:29 :: TRACE :: Loader :: Saving Mod Info: AbsoluteDeck
INFO - [G] 2025-03-19 19:43:29 :: TRACE :: Loader :: Processing Mod file (Legacy header): JokerOnlyDeck.lua
INFO - [G] 2025-03-19 19:43:29 :: TRACE :: Loader :: Saving Mod Info: JokerOnlyDeck
INFO - [G] 2025-03-19 19:43:29 :: TRACE :: Loader :: Processing Mod file (Legacy header): PactDeck.lua
INFO - [G] 2025-03-19 19:43:29 :: TRACE :: Loader :: Saving Mod Info: PactDeck
INFO - [G] 2025-03-19 19:43:29 :: TRACE :: Loader :: Processing Mod file (Legacy header): PauperDeck.lua
INFO - [G] 2025-03-19 19:43:29 :: TRACE :: Loader :: Saving Mod Info: pauperdeck
INFO - [G] 2025-03-19 19:43:29 :: TRACE :: Loader :: Processing Mod file (Legacy header): UltimateRandom.lua
INFO - [G] 2025-03-19 19:43:29 :: TRACE :: Loader :: Saving Mod Info: UltimateRandomDeck
INFO - [G] 2025-03-19 19:43:29 :: INFO  :: DefaultLogger :: Valid JSON file found
INFO - [G] 2025-03-19 19:43:29 :: TRACE :: Loader :: Processing Mod file (Legacy header): steamodded.lua
INFO - [G] 2025-03-19 19:43:29 :: WARN  :: Loader :: Duplicate Mod ID: Handy
INFO - [G] 2025-03-19 19:43:29 :: TRACE :: Loader :: Processing Mod file (Legacy header): AntonosStake.lua
INFO - [G] 2025-03-19 19:43:29 :: TRACE :: Loader :: Saving Mod Info: AntonosStake
INFO - [G] 2025-03-19 19:43:29 :: TRACE :: Loader :: Processing Mod file (Legacy header): steamodded_metadata.lua
INFO - [G] 2025-03-19 19:43:29 :: TRACE :: Loader :: Saving Mod Info: Talisman
INFO - [G] 2025-03-19 19:43:29 :: WARN  :: Atlas :: Detected duplicate register call on object pactdeck_deck
INFO - [G] [CRYPTID] Loading library file ascended.lua
INFO - [G] [CRYPTID] Loading library file calculate.lua
INFO - [G] [CRYPTID] Loading library file content.lua
INFO - [G] [CRYPTID] Loading library file cross-mod.lua
INFO - [G] [CRYPTID] Loading library file d20.lua
INFO - [G] [CRYPTID] Loading library file event.lua
INFO - [G] [CRYPTID] Loading library file gameset.lua
INFO - [G] [CRYPTID] Loading library file https.lua
INFO - [G] 2025-03-19 19:43:29 :: DEBUG :: SMODS.https :: Using https module backend
INFO - [G] [CRYPTID] Loading library file misc.lua
INFO - [G] [CRYPTID] Loading library file misprintize.lua
INFO - [G] [CRYPTID] Loading library file modifiers.lua
INFO - [G] 2025-03-19 19:43:29 :: WARN  :: Sticker :: Detected duplicate register call on object perishable
INFO - [G] 2025-03-19 19:43:29 :: WARN  :: Sticker :: Detected duplicate register call on object pinned
INFO - [G] 2025-03-19 19:43:29 :: WARN  :: Sticker :: Detected duplicate register call on object eternal
INFO - [G] 2025-03-19 19:43:29 :: WARN  :: Sticker :: Detected duplicate register call on object rental
INFO - [G] [CRYPTID] Loading library file notifications.lua
INFO - [G] [CRYPTID] Loading library file overrides.lua
INFO - [G] [CRYPTID] Loading library file ui.lua
INFO - [G] [CRYPTID] Loading file achievement.lua
INFO - [G] [CRYPTID] Loading file blind.lua
INFO - [G] [CRYPTID] Loading file challenge.lua
INFO - [G] [CRYPTID] Loading file code.lua
INFO - [G] [CRYPTID] Loading file deck.lua
INFO - [G] [CRYPTID] Loading file enhanced.lua
INFO - [G] [CRYPTID] Loading file epic.lua
INFO - [G] [CRYPTID] Loading file exotic.lua
INFO - [G] [CRYPTID] Loading file joker_display.lua
INFO - [G] [CRYPTID] Loading file m.lua
INFO - [G] [CRYPTID] Loading file misc.lua
INFO - [G] [CRYPTID] Loading file misc_joker.lua
INFO - [G] [CRYPTID] Loading file planet.lua
INFO - [G] [CRYPTID] Loading file sleeve.lua
INFO - [G] [CRYPTID] Loading file spectral.lua
INFO - [G] [CRYPTID] Loading file spooky.lua
INFO - [G] [CRYPTID] Loading file stake.lua
INFO - [G] [CRYPTID] Loading file tag.lua
INFO - [G] [CRYPTID] Loading file test.lua
INFO - [G] [CRYPTID] Loading file voucher.lua
INFO - [G] 2025-03-19 19:43:29 :: WARN  :: Atlas :: Object cry_effarcire has the same key as an existing object, not registering.
INFO - [G] 2025-03-19 19:43:29 :: WARN  :: Atlas :: If you want to modify an existing object, use take_ownership()
INFO - [G] 2025-03-19 19:43:29 :: DEBUG :: MULTIPLAYER :: Cryptid compatibility detected
INFO - [G] 2025-03-19 19:43:29 :: TRACE :: MULTIPLAYER :: Client sent message: connect
INFO - [G] 2025-03-19 19:43:29 :: INFO  :: TIMER :: [0000] Injected Language in 0.001 ms
INFO - [G] 2025-03-19 19:43:29 :: INFO  :: TIMER :: [0000] Injected [INTERNAL] in 0.910 ms
INFO - [G] 2025-03-19 19:43:30 :: INFO  :: TIMER :: [0049] Injected Atlas in 907.265 ms
INFO - [G] 2025-03-19 19:43:30 :: INFO  :: TIMER :: [0029] Injected Sound in 17.540 ms
INFO - [G] 2025-03-19 19:43:30 :: INFO  :: TIMER :: [0050] Injected Stake in 1.338 ms
INFO - [G] 2025-03-19 19:43:30 :: INFO  :: TIMER :: [0008] Injected Rarity in 0.021 ms
INFO - [G] 2025-03-19 19:43:30 :: INFO  :: TIMER :: [0010] Injected ObjectType in 0.170 ms
INFO - [G] 2025-03-19 19:43:30 :: INFO  :: TIMER :: [0401] Injected Center in 1.994 ms
INFO - [G] 2025-03-19 19:43:30 :: INFO  :: TIMER :: [0009] Injected Undiscovered Sprite in 0.007 ms
INFO - [G] 2025-03-19 19:43:30 :: INFO  :: TIMER :: [0029] Injected Blind in 0.039 ms
INFO - [G] 2025-03-19 19:43:30 :: INFO  :: TIMER :: [0006] Injected Seal in 0.115 ms
INFO - [G] 2025-03-19 19:43:30 :: INFO  :: TIMER :: [0004] Injected Suit in 0.068 ms
INFO - [G] 2025-03-19 19:43:30 :: INFO  :: TIMER :: [0013] Injected Rank in 0.076 ms
INFO - [G] 2025-03-19 19:43:30 :: INFO  :: TIMER :: [0028] Injected DeckSkin in 0.258 ms
INFO - [G] 2025-03-19 19:43:30 :: INFO  :: TIMER :: [0016] Injected PokerHand in 0.074 ms
INFO - [G] 2025-03-19 19:43:30 :: INFO  :: TIMER :: [0032] Injected Challenge in 0.140 ms
INFO - [G] 2025-03-19 19:43:30 :: INFO  :: TIMER :: [0028] Injected Tag in 0.144 ms
INFO - [G] 2025-03-19 19:43:30 :: INFO  :: TIMER :: [0011] Injected Sticker in 0.984 ms
INFO - [G] 2025-03-19 19:43:30 :: INFO  :: TIMER :: [0009] Injected Shader in 137.334 ms
INFO - [G] 2025-03-19 19:43:30 :: INFO  :: TIMER :: [0001] Injected Keybind in 0.029 ms
INFO - [G] 2025-03-19 19:43:30 :: INFO  :: TIMER :: [0020] Injected Achievement in 0.464 ms
INFO - [G] 2025-03-19 19:43:30 :: INFO  :: TIMER :: [0002] Injected nil in 0.035 ms
INFO - [G] 2025-03-19 19:43:30 :: INFO  :: TIMER :: [0023] Injected Draw Step in 0.266 ms
INFO - [G] 2025-03-19 19:43:30 :: INFO  :: TIMER :: [0000] Injected [INTERNAL] in 58.207 ms
INFO - [G] 2025-03-19 19:43:30 :: INFO  :: TIMER :: [0011] Injected Other in 0.096 ms
INFO - [G] 2025-03-19 19:43:30 :: TRACE :: MULTIPLAYER :: Setting max stake to 41
INFO - [G] 2025-03-19 19:43:30 :: TRACE :: MULTIPLAYER :: Client got connected message:  (action: connected) 
INFO - [G] 2025-03-19 19:43:30 :: TRACE :: MULTIPLAYER :: Client sent message: action:username,username:Shira,modHash:
INFO - [G] 2025-03-19 19:43:30 :: TRACE :: MULTIPLAYER :: Client got version message:  (action: version) 
INFO - [G] 2025-03-19 19:43:30 :: TRACE :: MULTIPLAYER :: Client sent message: action:version,version:0.1.8.3-MULTIPLAYER
INFO - [G] 2025-03-19 19:43:30 :: INFO  :: MULTIPLAYER :: Generated Mod Hash: 4304
INFO - [G] 2025-03-19 19:43:30 :: TRACE :: MULTIPLAYER :: Client sent message: action:username,username:Shira,modHash:VirtualizedMultiplayer-0.1.8.3;UltimateRandomDeck-0.0.0;JokerOnlyDeck-0.0.0;Cryptid-0.5.5~dev_JSON_arc;Handy-1.3.2;AntonosStake-1.0-beta;Talisman-2.1.0;PactDeck-0.0.0;Brainstorm-2.0.0-beta;AbsoluteDeck-0.0.0;pauperdeck-1.1;
INFO - [G] 2025-03-19 19:43:42 :: TRACE :: MULTIPLAYER :: Client sent message: action:username,username:Shira,modHash:VirtualizedMultiplayer-0.1.8.3;UltimateRandomDeck-0.0.0;JokerOnlyDeck-0.0.0;Cryptid-0.5.5~dev_JSON_arc;Handy-1.3.2;AntonosStake-1.0-beta;Talisman-2.1.0;PactDeck-0.0.0;Brainstorm-2.0.0-beta;AbsoluteDeck-0.0.0;pauperdeck-1.1;
INFO - [G] 2025-03-19 19:43:46 :: TRACE :: MULTIPLAYER :: Client sent message: action:username,username:Shira,modHash:VirtualizedMultiplayer-0.1.8.3;UltimateRandomDeck-0.0.0;JokerOnlyDeck-0.0.0;Cryptid-0.5.5~dev_JSON_arc;Handy-1.3.2;AntonosStake-1.0-beta;Talisman-2.1.0;PactDeck-0.0.0;Brainstorm-2.0.0-beta;AbsoluteDeck-0.0.0;pauperdeck-1.1;
INFO - [♥] Applied 1 patch to '=[SMODS _ "smods-https-thread.lua"]'
INFO - [G] 2025-03-19 19:43:49 :: DEBUG :: SMODS.https(1) :: Using https module backend
INFO - [G] 2025-03-19 19:44:10 :: TRACE :: MULTIPLAYER :: Client sent message: action:joinLobby,code:TEST
INFO - [G] 2025-03-19 19:44:10 :: TRACE :: MULTIPLAYER :: Client got error message:  (message: Lobby does not exist.)  (action: error) 
INFO - [G] 2025-03-19 19:44:10 :: WARN  :: MULTIPLAYER :: Lobby does not exist.
INFO - [G] 2025-03-19 19:44:21 :: TRACE :: MULTIPLAYER :: Client sent message: action:joinLobby,code:TESTS
INFO - [G] 2025-03-19 19:44:21 :: TRACE :: MULTIPLAYER :: Client got error message:  (message: Lobby does not exist.)  (action: error) 
INFO - [G] 2025-03-19 19:44:21 :: WARN  :: MULTIPLAYER :: Lobby does not exist.
INFO - [G] 2025-03-19 19:44:36 :: TRACE :: MULTIPLAYER :: Client sent message: action:joinLobby,code:LGVVT
INFO - [G] 2025-03-19 19:44:37 :: TRACE :: MULTIPLAYER :: Client got joinedLobby message:  (type: attrition)  (action: joinedLobby)  (code: LGVVT) 
INFO - [G] 2025-03-19 19:44:37 :: TRACE :: MULTIPLAYER :: Client sent message: action:lobbyInfo
INFO - [G] 2025-03-19 19:44:37 :: TRACE :: MULTIPLAYER :: Client got lobbyOptions message:  (different_decks: false)  (death_on_round_loss: true)  (custom_seed: random)  (stake: 12)  (no_gold_on_round_loss: false)  (back: cry-Wormhole)  (gamemode: attrition)  (sleeve: sleeve_casl_none)  (different_seeds: false)  (showdown_starting_antes: 3)  (gold_on_life_loss: true)  (action: lobbyOptions)  (starting_lives: 4)  (multiplayer_jokers: true) 
INFO - [G] 2025-03-19 19:44:37 :: TRACE :: MULTIPLAYER :: Client got lobbyInfo message:  (host: Ashly)  (guestHash: VirtualizedMultiplayer-0.1.8.3;UltimateRandomDeck-0.0.0;JokerOnlyDeck-0.0.0;Cryptid-0.5.5~dev_JSON_arc;Handy-1.3.2;AntonosStake-1.0-beta;Talisman-2.1.0;PactDeck-0.0.0;Brainstorm-2.0.0-beta;AbsoluteDeck-0.0.0;pauperdeck-1.1;)  (guest: Shira)  (action: lobbyInfo)  (hostHash: VirtualizedMultiplayer-0.1.8.3;UltimateRandomDeck-0.0.0;JokerOnlyDeck-0.0.0;Cryptid-0.5.5~dev_JSON_arc;AntonosStake-1.0-beta;Talisman-2.1.0;PactDeck-0.0.0;Handy-1.3.2;AbsoluteDeck-0.0.0;pauperdeck-1.1;)  (isHost: false) 
INFO - [G] 2025-03-19 19:44:37 :: DEBUG :: MULTIPLAYER :: Resetting game states
INFO - [G] 2025-03-19 19:44:37 :: TRACE :: MULTIPLAYER :: Client got lobbyOptions message:  (different_decks: false)  (death_on_round_loss: true)  (custom_seed: random)  (stake: 12)  (no_gold_on_round_loss: false)  (back: cry-Wormhole)  (gamemode: attrition)  (sleeve: sleeve_casl_none)  (different_seeds: false)  (showdown_starting_antes: 3)  (gold_on_life_loss: true)  (action: lobbyOptions)  (starting_lives: 4)  (multiplayer_jokers: true) 
INFO - [G] 2025-03-19 19:44:37 :: TRACE :: MULTIPLAYER :: Client got lobbyInfo message:  (host: Ashly)  (guestHash: VirtualizedMultiplayer-0.1.8.3;UltimateRandomDeck-0.0.0;JokerOnlyDeck-0.0.0;Cryptid-0.5.5~dev_JSON_arc;Handy-1.3.2;AntonosStake-1.0-beta;Talisman-2.1.0;PactDeck-0.0.0;Brainstorm-2.0.0-beta;AbsoluteDeck-0.0.0;pauperdeck-1.1;)  (guest: Shira)  (action: lobbyInfo)  (hostHash: VirtualizedMultiplayer-0.1.8.3;UltimateRandomDeck-0.0.0;JokerOnlyDeck-0.0.0;Cryptid-0.5.5~dev_JSON_arc;AntonosStake-1.0-beta;Talisman-2.1.0;PactDeck-0.0.0;Handy-1.3.2;AbsoluteDeck-0.0.0;pauperdeck-1.1;)  (isHost: false) 
INFO - [G] 2025-03-19 19:44:38 :: TRACE :: MULTIPLAYER :: Client got lobbyOptions message:  (different_decks: false)  (death_on_round_loss: true)  (custom_seed: random)  (stake: 12)  (no_gold_on_round_loss: false)  (back: cry-Wormhole)  (gamemode: attrition)  (sleeve: sleeve_casl_none)  (different_seeds: false)  (showdown_starting_antes: 3)  (gold_on_life_loss: true)  (action: lobbyOptions)  (starting_lives: 4)  (multiplayer_jokers: true) 
INFO - [G] 2025-03-19 19:44:44 :: TRACE :: MULTIPLAYER :: Client got startGame message:  (deck: c_multiplayer_1)  (action: startGame)  (seed: G7DSH) 
INFO - [G] 2025-03-19 19:44:44 :: DEBUG :: MULTIPLAYER :: Resetting game states
INFO - [G] 2025-03-19 19:44:44 :: TRACE :: MULTIPLAYER :: Client sent message: action:setAnte,ante:0
INFO - [G] 2025-03-19 19:44:44 :: TRACE :: MULTIPLAYER :: Client got playerInfo message:  (lives: 4)  (action: playerInfo) 
INFO - [G] 2025-03-19 19:44:51 :: TRACE :: MULTIPLAYER :: Client sent message: action:playHand,score:0,handsLeft:4,hasSpeedrun:false
INFO - [G] 2025-03-19 19:44:51 :: TRACE :: MULTIPLAYER :: Client sent message: action:newRound
INFO - [G] 2025-03-19 19:44:51 :: TRACE :: MULTIPLAYER :: Client sent message: action:setLocation,location:loc_playing-bl_small
INFO - [♥] Applied 1 patch to '=[SMODS _ "smods-https-thread.lua"]'
INFO - [G] 2025-03-19 19:44:53 :: DEBUG :: SMODS.https(2) :: Using https module backend
INFO - [G] 2025-03-19 19:44:57 :: TRACE :: MULTIPLAYER :: Client got enemyInfo message:  (skips: 0)  (action: enemyInfo)  (handsLeft: 4)  (score: 0) 
INFO - [G] 2025-03-19 19:44:57 :: TRACE :: MULTIPLAYER :: Client got enemyLocation message:  (location: loc_playing-bl_small)  (action: enemyLocation) 
INFO - [G] 2025-03-19 19:45:20 :: DEBUG :: DefaultLogger :: calculate_context
INFO - [G] 2025-03-19 19:45:23 :: TRACE :: MULTIPLAYER :: Client sent message: action:setLocation,location:loc_shop
INFO - [G] 2025-03-19 19:45:34 :: TRACE :: MULTIPLAYER :: Client got enemyLocation message:  (location: loc_shop)  (action: enemyLocation) 
INFO - [G] 2025-03-19 19:45:45 :: TRACE :: MULTIPLAYER :: Client sent message: action:setLocation,location:loc_selecting
INFO - [G] 2025-03-19 19:45:48 :: TRACE :: MULTIPLAYER :: Client sent message: action:playHand,score:0,handsLeft:4,hasSpeedrun:false
INFO - [G] 2025-03-19 19:45:48 :: TRACE :: MULTIPLAYER :: Client sent message: action:newRound
INFO - [G] 2025-03-19 19:45:48 :: TRACE :: MULTIPLAYER :: Client sent message: action:setLocation,location:loc_playing-bl_big
INFO - [♥] Applied 1 patch to '=[SMODS _ "smods-https-thread.lua"]'
INFO - [G] 2025-03-19 19:45:53 :: DEBUG :: SMODS.https(3) :: Using https module backend
INFO - [G] 2025-03-19 19:46:07 :: TRACE :: MULTIPLAYER :: Client got enemyLocation message:  (location: loc_selecting)  (action: enemyLocation) 
INFO - [G] 2025-03-19 19:46:12 :: TRACE :: MULTIPLAYER :: Client got enemyInfo message:  (skips: 1)  (action: enemyInfo)  (handsLeft: 4)  (score: 0) 
INFO - [G] 2025-03-19 19:46:13 :: TRACE :: MULTIPLAYER :: Client got enemyInfo message:  (skips: 1)  (action: enemyInfo)  (handsLeft: 4)  (score: 0) 
INFO - [G] 2025-03-19 19:46:13 :: TRACE :: MULTIPLAYER :: Client got enemyLocation message:  (location: loc_playing-bl_manacle)  (action: enemyLocation) 
INFO - [G] 2025-03-19 19:46:15 :: DEBUG :: DefaultLogger :: calculate_context
INFO - [G] 2025-03-19 19:46:18 :: TRACE :: MULTIPLAYER :: Client sent message: action:setLocation,location:loc_shop
INFO - [G] 2025-03-19 19:46:27 :: TRACE :: MULTIPLAYER :: Client sent message: action:setLocation,location:loc_selecting
INFO - [G] 2025-03-19 19:46:28 :: TRACE :: MULTIPLAYER :: Client sent message: action:playHand,score:0,handsLeft:4,hasSpeedrun:false
INFO - [G] 2025-03-19 19:46:28 :: TRACE :: MULTIPLAYER :: Client sent message: action:newRound
INFO - [G] 2025-03-19 19:46:28 :: TRACE :: MULTIPLAYER :: Client sent message: action:setLocation,location:loc_playing-bl_manacle
INFO - [G] 2025-03-19 19:46:44 :: DEBUG :: DefaultLogger :: calculate_context
INFO - [G] 2025-03-19 19:46:44 :: TRACE :: MULTIPLAYER :: Client sent message: action:setAnte,ante:2
INFO - [G] 2025-03-19 19:46:47 :: TRACE :: MULTIPLAYER :: Client sent message: action:setLocation,location:loc_shop
INFO - [G] line not found
INFO - [G] file not found: main.lua: No such file or directory
INFO - [G] file not found: main.lua: No such file or directory
INFO - [G] file not found: main.lua: No such file or directory
INFO - [G] file not found: main.lua: No such file or directory
INFO - [G] 2025-03-19 19:46:48 :: ERROR :: StackTrace :: Oops! The game crashed
game.lua:3332: bad argument #1 to 'pairs' (table expected, got nil)
Stack Traceback
===============
(1) Lua local 'handler' at file 'main.lua:612'
	Local variables:
	 msg = string: "game.lua:3332: bad argument #1 to 'pairs' (table expected, got nil)"
	 (*temporary) = Lua function '?' (defined at line 31 of chunk [SMODS _ "src/logging.lua"])
	 (*temporary) = string: "Oops! The game crashed\
"
(2) LÖVE function at file 'boot.lua:352' (best guess)
	Local variables:
	 errhand = Lua function '?' (defined at line 598 of chunk main.lua)
	 handler = Lua function '?' (defined at line 598 of chunk main.lua)
(3) global C function 'pairs'
(4) Lua field 'func' at file 'game.lua:3332'
	Local variables:
	 nosave_shop = nil
	 vouchers_to_spawn = number: 0
(5) Lua method 'handle' at file 'engine/event.lua:55'
	Local variables:
	 self = table: 0x062bdbd8  {start_timer:true, timer:TOTAL, blockable:false, trigger:after, func:function: 0x04c19398, delay:0.2, complete:false, time:504.54961818001, blocking:true (more...)}
	 _results = table: 0x1383e290  {blocking:true, pause_skip:false, time_done:true, completed:false}
(6) Lua method 'update' at file 'engine/event.lua:182'
	Local variables:
	 self = table: 0x05093028  {queue_last_processed:197.33333333338, queues:table: 0x05093050, queue_dt:0.016666666666667, queue_timer:197.33683015202}
	 dt = number: 0.00355566
	 forced = nil
	 (for generator) = C function: next
	 (for state) = table: 0x05093050  {unlock:table: 0x05093078, other:table: 0x050934f0, tutorial:table: 0x050930c8, base:table: 0x050930a0, achievement:table: 0x050934c8}
	 (for control) = number: nan
	 k = string: "base"
	 v = table: 0x050930a0  {1:table: 0x1364f3d8, 2:table: 0x062bdbd8, 3:table: 0x09499760, 4:table: 0x062cba58, 5:table: 0x04b8eea8, 6:table: 0x04b8f210, 7:table: 0x06373f18 (more...)}
	 blocked = boolean: false
	 i = number: 2
	 results = table: 0x1383e290  {blocking:true, pause_skip:false, time_done:true, completed:false}
(7) Lua upvalue 'gameUpdateRef' at file 'game.lua:2678'
	Local variables:
	 self = table: 0x03d04700  {F_GUIDE:false, F_CRASH_REPORTS:false, F_QUIT_BUTTON:true, HUD_tags:table: 0x04ded948, F_ENGLISH_ONLY:false, HUD:table: 0x13644020, sort_id:79 (more...)}
	 dt = number: 0.00355566
	 http_resp = nil
(8) Lua upvalue 'update_ref' at Steamodded file 'src/ui.lua:84' 
	Local variables:
	 self = table: 0x03d04700  {F_GUIDE:false, F_CRASH_REPORTS:false, F_QUIT_BUTTON:true, HUD_tags:table: 0x04ded948, F_ENGLISH_ONLY:false, HUD:table: 0x13644020, sort_id:79 (more...)}
	 dt = number: 0.00355566
(9) Lua upvalue 'upd' at file 'main.lua:1472'
	Local variables:
	 self = table: 0x03d04700  {F_GUIDE:false, F_CRASH_REPORTS:false, F_QUIT_BUTTON:true, HUD_tags:table: 0x04ded948, F_ENGLISH_ONLY:false, HUD:table: 0x13644020, sort_id:79 (more...)}
	 dt = number: 0.00355566
(10) Lua upvalue 'gu' at file 'main.lua:4816'
	Local variables:
	 self = table: 0x03d04700  {F_GUIDE:false, F_CRASH_REPORTS:false, F_QUIT_BUTTON:true, HUD_tags:table: 0x04ded948, F_ENGLISH_ONLY:false, HUD:table: 0x13644020, sort_id:79 (more...)}
	 dt = number: 0.00355566
(11) Lua upvalue 'upd' at file 'lib/gameset.lua:28' (from mod with id Cryptid)
	Local variables:
	 self = table: 0x03d04700  {F_GUIDE:false, F_CRASH_REPORTS:false, F_QUIT_BUTTON:true, HUD_tags:table: 0x04ded948, F_ENGLISH_ONLY:false, HUD:table: 0x13644020, sort_id:79 (more...)}
	 dt = number: 0.00355566
(12) Lua upvalue 'game_update_ref' at file 'lib/overrides.lua:258' (from mod with id Cryptid)
	Local variables:
	 self = table: 0x03d04700  {F_GUIDE:false, F_CRASH_REPORTS:false, F_QUIT_BUTTON:true, HUD_tags:table: 0x04ded948, F_ENGLISH_ONLY:false, HUD:table: 0x13644020, sort_id:79 (more...)}
	 dt = number: 0.00355566
(13) Lua upvalue 'game_update_ref' at file 'Compatibility/CompatibilityUtils.lua:79' (from mod with id VirtualizedMultiplayer)
	Local variables:
	 self = table: 0x03d04700  {F_GUIDE:false, F_CRASH_REPORTS:false, F_QUIT_BUTTON:true, HUD_tags:table: 0x04ded948, F_ENGLISH_ONLY:false, HUD:table: 0x13644020, sort_id:79 (more...)}
	 dt = number: 0.00355566
(14) Lua upvalue 'gameUpdateRef' at file 'Networking/Action_Handlers.lua:405' (from mod with id VirtualizedMultiplayer)
	Local variables:
	 self = table: 0x03d04700  {F_GUIDE:false, F_CRASH_REPORTS:false, F_QUIT_BUTTON:true, HUD_tags:table: 0x04ded948, F_ENGLISH_ONLY:false, HUD:table: 0x13644020, sort_id:79 (more...)}
	 dt = number: 0.00355566
(15) Lua upvalue 'game_update_ref' at file 'UI/Lobby_UI.lua:1009' (from mod with id VirtualizedMultiplayer)
	Local variables:
	 self = table: 0x03d04700  {F_GUIDE:false, F_CRASH_REPORTS:false, F_QUIT_BUTTON:true, HUD_tags:table: 0x04ded948, F_ENGLISH_ONLY:false, HUD:table: 0x13644020, sort_id:79 (more...)}
	 dt = number: 0.00355566
(16) Lua method 'update' at file 'Misc/Mod_Hash.lua:36' (from mod with id VirtualizedMultiplayer)
	Local variables:
	 self = table: 0x03d04700  {F_GUIDE:false, F_CRASH_REPORTS:false, F_QUIT_BUTTON:true, HUD_tags:table: 0x04ded948, F_ENGLISH_ONLY:false, HUD:table: 0x13644020, sort_id:79 (more...)}
	 dt = number: 0.00355566
(17) Lua upvalue 'love_update_ref' at file 'main.lua:1006'
	Local variables:
	 dt = number: 0.00355566
(18) Lua upvalue 'oldupd' at file 'main.lua:3525'
	Local variables:
	 dt = number: 0.00355566
(19) Lua field 'update' at file 'main.lua:4845'
	Local variables:
	 dt = number: 0.00355566
(20) Lua function '?' at file 'main.lua:934' (best guess)
(21) global C function 'xpcall'
(22) LÖVE function at file 'boot.lua:377' (best guess)
	Local variables:
	 func = Lua function '?' (defined at line 905 of chunk main.lua)
	 inerror = boolean: true
	 deferErrhand = Lua function '(LÖVE Function)' (defined at line 348 of chunk [love "boot.lua"])
	 earlyinit = Lua function '(LÖVE Function)' (defined at line 355 of chunk [love "boot.lua"])

INFO - [G] file not found: main.lua: No such file or directory
INFO - [G] file not found: main.lua: No such file or directory
INFO - [G] 2025-03-19 19:46:48 :: INFO  :: StackTrace :: Additional Context:
Balatro Version: 1.0.1o-FULL
Modded Version: 1.0.0~BETA-0305c-STEAMODDED
LÖVE Version: 11.5.0
Lovely Version: 0.7.1
Platform: Windows
Steamodded Mods:
    1: Multiplayer by virtualized, TGMM, CUexter [ID: VirtualizedMultiplayer, Priority: 9.007199254741e+15, Version: 0.1.8.3, Uses Lovely]
    2: Ultimate Random Deck by Steamo [ID: UltimateRandomDeck]
    3: Joker Only Deck by Mojimoon [ID: JokerOnlyDeck]
    4: Cryptid by MathIsFun_, Cryptid and Balatro Discords [ID: Cryptid, Priority: 114, Version: 0.5.5~dev_JSON_arc, Uses Lovely]
    5: Handy by SleepyG11 [ID: Handy, Version: 1.3.2, Uses Lovely]
    6: Antonos Stakes by Antonos [ID: AntonosStake, Priority: -1, Version: 1.0-beta]
    7: Talisman by MathIsFun_, Mathguy24, jenwalter666, cg-223 [ID: Talisman, Version: 2.1.0, Uses Lovely]
        Break Infinity: omeganum
    8: Pact Deck by Blackbando [ID: PactDeck]
    9: Brainstorm by OceanRamen [ID: Brainstorm, Version: 2.0.0-beta, Uses Lovely]
    10: Absolute Deck by Steamo [ID: AbsoluteDeck]
    11: PauperDeck by Aiksi [ID: pauperdeck, Version: 1.1]
Lovely Mods:
