INFO - [♥] Lovely 0.7.1
INFO - [♥] Game directory is at "E:\\shira\\.local\\share\\Steam\\steamapps\\common\\Balatro"
INFO - [♥] Writing logs to "C:\\users\\steamuser\\AppData\\Roaming\\Balatro\\Mods\\lovely\\log"
INFO - [♥] Using mod directory at "C:\\users\\steamuser\\AppData\\Roaming\\Balatro\\Mods"
WARN - [♥] Unknown key `patches.15.?.match_indent` found in patch file at "C:\\users\\steamuser\\AppData\\Roaming\\Balatro\\Mods\\HandyBalatro\\lovely.toml", ignoring it
WARN - [♥] Unknown key `patches.15.?.overwrite` found in patch file at "C:\\users\\steamuser\\AppData\\Roaming\\Balatro\\Mods\\HandyBalatro\\lovely.toml", ignoring it
INFO - [♥] Cleaning up dumps directory at "C:\\users\\steamuser\\AppData\\Roaming\\Balatro\\Mods\\lovely\\dump"
INFO - [♥] Initialization complete in 87ms
INFO - [♥] Applied 22 patches to 'main.lua'
INFO - [♥] Applied 6 patches to 'engine/controller.lua'
INFO - [♥] Applied 15 patches to 'back.lua'
INFO - [♥] Applied 7 patches to 'tag.lua'
INFO - [♥] Applied 1 patch to 'engine/moveable.lua'
INFO - [♥] Applied 2 patches to 'engine/sprite.lua'
INFO - [♥] Applied 2 patches to 'engine/animatedsprite.lua'
INFO - [♥] Applied 49 patches to 'functions/misc_functions.lua'
INFO - [♥] Applied 41 patches to 'game.lua'
INFO - [♥] Applied 2 patches to 'globals.lua'
INFO - [♥] Applied 3 patches to 'engine/ui.lua'
INFO - [♥] Applied 88 patches to 'functions/UI_definitions.lua'
INFO - [♥] Applied 48 patches to 'functions/state_events.lua'
INFO - [♥] Applied 111 patches to 'functions/common_events.lua'
INFO - [♥] Applied 51 patches to 'functions/button_callbacks.lua'
WARN - [♥] Pattern 'if G.GAME.blind and G.GAME.blind.in_blind then G.E_MANAGER:add_event(Event({ func = function() G.GAME.blind:set_blind(nil, true, nil); return true end })) end' on target 'card.lua' for pattern patch from smods-1.0.0-beta-0323b\lovely\calculate_card_added.toml resulted in 2 matches, wanted 1
WARN - [♥] Ignoring excess matches
WARN - [♥] Pattern 'if next(find_joker(\'Smeared Joker\')) and (self.base.suit == \'Hearts\' or self.base.suit == \'Diamonds\') == (suit == \'Hearts\' or suit == \'Diamonds\') then' on target 'card.lua' for pattern patch from paperback-0.6.4b\lovely\spectrum.toml resulted in no matches
INFO - [♥] Applied 160 patches to 'card.lua'
INFO - [♥] Applied 9 patches to 'cardarea.lua'
INFO - [♥] Applied 36 patches to 'blind.lua'
INFO - [♥] Applied 2 patches to 'engine/text.lua'
INFO - [♥] Applied 2 patches to '=[SMODS _ "src/utils.lua"]'
INFO - [G] Failed to connect to the debug server
INFO - [G] 2025-03-30 20:43:47 :: DEBUG :: DebugConsole :: Steamodded Debug Socket started !
INFO - [♥] Applied 9 patches to 'engine/sound_manager.lua'
INFO - [♥] Applied 1 patch to 'engine/save_manager.lua'
INFO - [G] 2025-03-30 20:43:48 :: TRACE :: Loader :: Processing Mod file (Legacy header): steamodded_compat.lua
INFO - [G] 2025-03-30 20:43:48 :: TRACE :: Loader :: Saving Mod Info: Brainstorm
INFO - [G] 2025-03-30 20:43:48 :: TRACE :: Loader :: Processing Mod file (Legacy header): nihility.lua
INFO - [G] 2025-03-30 20:43:48 :: TRACE :: Loader :: Saving Mod Info: NihilityChallenge
INFO - [G] 2025-03-30 20:43:48 :: TRACE :: Loader :: Processing Mod file (Legacy header): FeedTheVampire.lua
INFO - [G] 2025-03-30 20:43:48 :: TRACE :: Loader :: Saving Mod Info: FTV
INFO - [G] 2025-03-30 20:43:48 :: TRACE :: Loader :: Processing Mod file (Legacy header): LastStand.lua
INFO - [G] 2025-03-30 20:43:48 :: TRACE :: Loader :: Saving Mod Info: LastStand
INFO - [G] 2025-03-30 20:43:48 :: TRACE :: Loader :: Processing Mod file (Legacy header): Riff-Raffling.lua
INFO - [G] 2025-03-30 20:43:48 :: WARN  :: Loader :: Duplicate Mod ID: FTV
INFO - [G] 2025-03-30 20:43:48 :: TRACE :: Loader :: Processing Mod file (Legacy header): StylishSleeves.lua
INFO - [G] 2025-03-30 20:43:48 :: TRACE :: Loader :: Saving Mod Info: StylishSleeves
INFO - [G] 2025-03-30 20:43:48 :: TRACE :: Loader :: Processing Mod file (Legacy header): AbsoluteDeck.lua
INFO - [G] 2025-03-30 20:43:48 :: TRACE :: Loader :: Saving Mod Info: AbsoluteDeck
INFO - [G] 2025-03-30 20:43:48 :: TRACE :: Loader :: Processing Mod file (Legacy header): JokerOnlyDeck.lua
INFO - [G] 2025-03-30 20:43:48 :: TRACE :: Loader :: Saving Mod Info: JokerOnlyDeck
INFO - [G] 2025-03-30 20:43:48 :: TRACE :: Loader :: Processing Mod file (Legacy header): PauperDeck.lua
INFO - [G] 2025-03-30 20:43:48 :: TRACE :: Loader :: Saving Mod Info: pauperdeck
INFO - [G] 2025-03-30 20:43:48 :: TRACE :: Loader :: Processing Mod file (Legacy header): UltimateRandom.lua
INFO - [G] 2025-03-30 20:43:48 :: TRACE :: Loader :: Saving Mod Info: UltimateRandomDeck
INFO - [G] 2025-03-30 20:43:48 :: INFO  :: DefaultLogger :: Valid JSON file found
INFO - [G] 2025-03-30 20:43:48 :: TRACE :: Loader :: Processing Mod file (Legacy header): steamodded.lua
INFO - [G] 2025-03-30 20:43:48 :: WARN  :: Loader :: Duplicate Mod ID: Handy
INFO - [G] 2025-03-30 20:43:48 :: TRACE :: Loader :: Processing Mod file (Legacy header): BlueStorm.lua
INFO - [G] 2025-03-30 20:43:48 :: TRACE :: Loader :: Saving Mod Info: DereBS
INFO - [G] 2025-03-30 20:43:48 :: TRACE :: Loader :: Processing Mod file (Legacy header): DereJkr.lua
INFO - [G] 2025-03-30 20:43:48 :: TRACE :: Loader :: Saving Mod Info: DereJkr
INFO - [G] 2025-03-30 20:43:48 :: INFO  :: DefaultLogger :: Valid JSON file found
INFO - [G] 2025-03-30 20:43:48 :: ERROR :: Loader :: Found invalid metadata JSON file at C:\users\steamuser\AppData\Roaming\Balatro\Mods/paperback-0.6.4b/.vscode/settings.json, ignoring: [SMODS _ "src/loader.lua"]:226: id
INFO - [G] 2025-03-30 20:43:48 :: INFO  :: DefaultLogger :: Valid JSON file found
INFO - [G] 2025-03-30 20:43:48 :: DEBUG :: MULTIPLAYER :: Resetting game states
INFO - [G] 2025-03-30 20:43:48 :: TRACE :: MULTIPLAYER :: Client sent message: connect
INFO - [G] 2025-03-30 20:43:48 :: INFO  :: TIMER :: [0000] Injected Language in 0.001 ms
INFO - [G] 2025-03-30 20:43:48 :: INFO  :: TIMER :: [0000] Injected [INTERNAL] in 0.917 ms
INFO - [G] 2025-03-30 20:43:49 :: INFO  :: TIMER :: [0063] Injected Atlas in 886.495 ms
INFO - [G] 2025-03-30 20:43:49 :: INFO  :: TIMER :: [0003] Injected Sound in 4.445 ms
INFO - [G] 2025-03-30 20:43:49 :: INFO  :: TIMER :: [0008] Injected Stake in 0.616 ms
INFO - [G] 2025-03-30 20:43:49 :: INFO  :: TIMER :: [0004] Injected Rarity in 0.053 ms
INFO - [G] 2025-03-30 20:43:49 :: INFO  :: TIMER :: [0006] Injected ObjectType in 0.172 ms
INFO - [G] 2025-03-30 20:43:49 :: INFO  :: TIMER :: [0220] Injected Center in 3.131 ms
INFO - [G] 2025-03-30 20:43:49 :: INFO  :: TIMER :: [0007] Injected Undiscovered Sprite in 0.016 ms
INFO - [G] 2025-03-30 20:43:49 :: INFO  :: TIMER :: [0003] Injected Blind in 0.028 ms
INFO - [G] 2025-03-30 20:43:49 :: INFO  :: TIMER :: [0004] Injected Seal in 1.741 ms
INFO - [G] 2025-03-30 20:43:49 :: INFO  :: TIMER :: [0006] Injected Suit in 0.878 ms
INFO - [G] 2025-03-30 20:43:49 :: INFO  :: TIMER :: [0013] Injected Rank in 0.705 ms
INFO - [G] 2025-03-30 20:43:49 :: INFO  :: TIMER :: [0044] Injected DeckSkin in 1.666 ms
INFO - [G] 2025-03-30 20:43:49 :: INFO  :: TIMER :: [0016] Injected PokerHand in 0.280 ms
INFO - [G] 2025-03-30 20:43:49 :: INFO  :: TIMER :: [0023] Injected Challenge in 0.031 ms
INFO - [G] 2025-03-30 20:43:49 :: INFO  :: TIMER :: [0005] Injected Tag in 0.014 ms
INFO - [G] 2025-03-30 20:43:49 :: INFO  :: TIMER :: [0012] Injected Sticker in 4.247 ms
INFO - [G] 2025-03-30 20:43:49 :: INFO  :: TIMER :: [0001] Injected Shader in 19.272 ms
INFO - [G] 2025-03-30 20:43:49 :: INFO  :: TIMER :: [0002] Injected Keybind in 0.014 ms
INFO - [G] 2025-03-30 20:43:49 :: INFO  :: TIMER :: [0000] Injected Achievement in 0.066 ms
INFO - [G] 2025-03-30 20:43:49 :: INFO  :: TIMER :: [0002] Injected nil in 0.015 ms
INFO - [G] 2025-03-30 20:43:49 :: INFO  :: TIMER :: [0021] Injected Draw Step in 0.043 ms
INFO - [G] 2025-03-30 20:43:49 :: INFO  :: TIMER :: [0000] Injected [INTERNAL] in 6.414 ms
INFO - [G] 2025-03-30 20:43:49 :: INFO  :: TIMER :: [0000] Injected nil in 0.002 ms
INFO - [G] 2025-03-30 20:43:49 :: INFO  :: TIMER :: [0004] Injected nil in 0.020 ms
INFO - [G] 2025-03-30 20:43:49 :: TRACE :: MULTIPLAYER :: Client got connected message:  (action: connected) 
INFO - [G] 2025-03-30 20:43:49 :: TRACE :: MULTIPLAYER :: Client sent message: action:username,username:shira,modHash:
INFO - [G] 2025-03-30 20:43:49 :: TRACE :: MULTIPLAYER :: Client got version message:  (action: version) 
INFO - [G] 2025-03-30 20:43:49 :: TRACE :: MULTIPLAYER :: Client sent message: action:version,version:0.2.1-MULTIPLAYER
INFO - [G] 2025-03-30 20:43:49 :: INFO  :: MULTIPLAYER :: Generated Mod Hash: 8404
INFO - [G] 2025-03-30 20:43:49 :: TRACE :: MULTIPLAYER :: Client sent message: action:username,username:shira,modHash:AbsoluteDeck-0.0.0;Brainstorm-2.0.0-beta;DereBS-0.0.0;DereJkr-0.0.0;FTV-0.0.0;Handy-1.3.2;JokerOnlyDeck-0.0.0;LastStand-0.0.0;Multiplayer-0.2.1;NihilityChallenge-0.0.0;StylishSleeves-0.0.0;UltimateRandomDeck-0.0.0;paperback-0.6.4b;pauperdeck-1.1
INFO - [G] LONG DT @ 99: 0.050332213331841
