INFO - [♥] Lovely 0.7.1
INFO - [♥] Game directory is at "E:\\shira\\.local\\share\\Steam\\steamapps\\common\\Balatro"
INFO - [♥] Writing logs to "C:\\users\\steamuser\\AppData\\Roaming\\Balatro\\Mods\\lovely\\log"
INFO - [♥] Using mod directory at "C:\\users\\steamuser\\AppData\\Roaming\\Balatro\\Mods"
WARN - [♥] Unknown key `patches.0.?.match_indent` found in patch file at "C:\\users\\steamuser\\AppData\\Roaming\\Balatro\\Mods\\BalatroMultiplayer-0.1.8.3\\lovely.toml", ignoring it
WARN - [♥] Unknown key `patches.1.?.match_indent` found in patch file at "C:\\users\\steamuser\\AppData\\Roaming\\Balatro\\Mods\\BalatroMultiplayer-0.1.8.3\\lovely.toml", ignoring it
WARN - [♥] Unknown key `patches.9.?.match_indent` found in patch file at "C:\\users\\steamuser\\AppData\\Roaming\\Balatro\\Mods\\BalatroMultiplayer-0.1.8.3\\lovely.toml", ignoring it
WARN - [♥] Unknown key `patches.10.?.match_indent` found in patch file at "C:\\users\\steamuser\\AppData\\Roaming\\Balatro\\Mods\\BalatroMultiplayer-0.1.8.3\\lovely.toml", ignoring it
WARN - [♥] Unknown key `patches.13.?.match_indent` found in patch file at "C:\\users\\steamuser\\AppData\\Roaming\\Balatro\\Mods\\BalatroMultiplayer-0.1.8.3\\lovely.toml", ignoring it
WARN - [♥] Unknown key `patches.15.?.match_indent` found in patch file at "C:\\users\\steamuser\\AppData\\Roaming\\Balatro\\Mods\\HandyBalatro\\lovely.toml", ignoring it
WARN - [♥] Unknown key `patches.15.?.overwrite` found in patch file at "C:\\users\\steamuser\\AppData\\Roaming\\Balatro\\Mods\\HandyBalatro\\lovely.toml", ignoring it
WARN - [♥] Unknown key `patches.49.?.match_indent` found in patch file at "C:\\users\\steamuser\\AppData\\Roaming\\Balatro\\Mods\\Talisman\\lovely.toml", ignoring it
WARN - [♥] Unknown key `patches.52.?.match_indent` found in patch file at "C:\\users\\steamuser\\AppData\\Roaming\\Balatro\\Mods\\Talisman\\lovely.toml", ignoring it
INFO - [♥] Cleaning up dumps directory at "C:\\users\\steamuser\\AppData\\Roaming\\Balatro\\Mods\\lovely\\dump"
INFO - [♥] Initialization complete in 277ms
WARN - [♥] Pattern 'G.ARGS.score_intensity.organ = G.video_organ or G.ARGS.score_intensity.required_score > 0 and math.max(math.min(0.4, 0.1*math.log(G.ARGS.score_intensity.earned_score/(G.ARGS.score_intensity.required_score+1), 5)),0.) or 0' on target 'main.lua' for pattern patch from Talisman\lovely.toml resulted in no matches
WARN - [♥] Pattern 'if type(G.GAME.current_round.current_hand.chips) ~= \'number\' or type(G.GAME.current_round.current_hand.mult) ~= \'number\' then' on target 'main.lua' for pattern patch from Talisman\lovely.toml resulted in no matches
INFO - [♥] Applied 24 patches to 'main.lua'
INFO - [♥] Applied 2 patches to 'engine/string_packer.lua'
INFO - [♥] Applied 6 patches to 'engine/controller.lua'
INFO - [♥] Applied 15 patches to 'back.lua'
INFO - [♥] Applied 7 patches to 'tag.lua'
INFO - [♥] Applied 2 patches to 'engine/moveable.lua'
INFO - [♥] Applied 2 patches to 'engine/sprite.lua'
INFO - [♥] Applied 2 patches to 'engine/animatedsprite.lua'
WARN - [♥] Pattern 'assembled_string = assembled_string..(type(subpart) == \'string\' and subpart or args.vars[tonumber(subpart[1])] or \'ERROR\')' on target 'functions/misc_functions.lua' for pattern patch from Talisman\lovely.toml resulted in no matches
INFO - [♥] Applied 51 patches to 'functions/misc_functions.lua'
INFO - [♥] Applied 45 patches to 'game.lua'
INFO - [♥] Applied 1 patch to 'globals.lua'
INFO - [♥] Applied 6 patches to 'engine/ui.lua'
WARN - [♥] Pattern '{n=G.UIT.T, config={text = G.GAME.hands[handname].chips, scale = 0.45, colour = G.C.UI.TEXT_LIGHT}},' on target 'functions/UI_definitions.lua' for pattern patch from Talisman\lovely.toml resulted in no matches
WARN - [♥] Pattern '{n=G.UIT.T, config={text = G.GAME.hands[handname].mult, scale = 0.45, colour = G.C.UI.TEXT_LIGHT}}' on target 'functions/UI_definitions.lua' for pattern patch from Talisman\lovely.toml resulted in no matches
INFO - [♥] Applied 85 patches to 'functions/UI_definitions.lua'
WARN - [♥] Pattern 'if effects[ii].card then' on target 'functions/state_events.lua' for pattern patch from Talisman\lovely.toml resulted in no matches
WARN - [♥] Pattern 'if effects.jokers.Xmult_mod then mult = mod_mult(mult*effects.jokers.Xmult_mod);extras.mult = true  end' on target 'functions/state_events.lua' for pattern patch from Talisman\lovely.toml resulted in no matches
WARN - [♥] Pattern 'if effect.Xmult_mod then mult = mod_mult(mult*effect.Xmult_mod);extras.mult = true  end' on target 'functions/state_events.lua' for pattern patch from Talisman\lovely.toml resulted in no matches
WARN - [♥] Pattern 'if effects[ii].message then' on target 'functions/state_events.lua' for pattern patch from Talisman\lovely.toml resulted in no matches
WARN - [♥] Pattern '--calculate the card edition effects' on target 'functions/state_events.lua' for pattern patch from Talisman\lovely.toml resulted in no matches
WARN - [♥] Pattern 'if effects[ii].edition.p_dollars_mod then' on target 'functions/state_events.lua' for pattern patch from Talisman\lovely.toml resulted in no matches
WARN - [♥] Pattern 'if edition_effects.jokers.x_mult_mod then' on target 'functions/state_events.lua' for pattern patch from Talisman\lovely.toml resulted in no matches
INFO - [♥] Applied 50 patches to 'functions/state_events.lua'
WARN - [♥] Pattern 'if num_dollars > 60 then' on target 'functions/common_events.lua' for pattern patch from Talisman\lovely.toml resulted in no matches
WARN - [♥] Pattern 'func = (function() if eval_func(card) then if not first or first then card:juice_up(0.1, 0.1) end;juice_card_until(card, eval_func, nil, 0.8) end return true end)' on target 'functions/common_events.lua' for pattern patch from Talisman\lovely.toml resulted in no matches
INFO - [♥] Applied 130 patches to 'functions/common_events.lua'
INFO - [♥] Applied 56 patches to 'functions/button_callbacks.lua'
WARN - [♥] Pattern 'function Card:calculate_seal(context)\n    if self.debuff then return nil end' on target 'card.lua' for pattern patch from SMODS\lovely\can_calculate.toml resulted in no matches
WARN - [♥] Pattern 'function Card:calculate_joker(context)\n    if self.debuff then return nil end\n    if self.ability.set == \"Planet\" and not self.debuff then' on target 'card.lua' for pattern patch from SMODS\lovely\can_calculate.toml resulted in no matches
WARN - [♥] Pattern 'if G.GAME.blind then G.E_MANAGER:add_event(Event({ func = function() G.GAME.blind:set_blind(nil, true, nil); return true end })) end' on target 'card.lua' for pattern patch from Talisman\lovely.toml resulted in no matches
WARN - [♥] Pattern 'x_mult = center.config.Xmult or 1,' on target 'card.lua' for pattern patch from Talisman\lovely.toml resulted in no matches
INFO - [♥] Applied 152 patches to 'card.lua'
INFO - [♥] Applied 8 patches to 'cardarea.lua'
INFO - [♥] Applied 36 patches to 'blind.lua'
INFO - [♥] Applied 5 patches to 'engine/text.lua'
INFO - [G] Failed to connect to the debug server
INFO - [G] 2025-03-23 14:46:00 :: DEBUG :: DebugConsole :: Steamodded Debug Socket started !
INFO - [♥] Applied 9 patches to 'engine/sound_manager.lua'
INFO - [♥] Applied 3 patches to 'engine/save_manager.lua'
INFO - [♥] Applied 2 patches to 'engine/string_packer.lua'
INFO - [G] 2025-03-23 14:46:02 :: INFO  :: DefaultLogger :: Valid JSON file found
INFO - [G] 2025-03-23 14:46:02 :: TRACE :: Loader :: Processing Mod file (Legacy header): steamodded_compat.lua
INFO - [G] 2025-03-23 14:46:02 :: TRACE :: Loader :: Saving Mod Info: Brainstorm
INFO - [G] 2025-03-23 14:46:02 :: TRACE :: Loader :: Processing Mod file (Legacy header): AbsoluteDeck.lua
INFO - [G] 2025-03-23 14:46:02 :: TRACE :: Loader :: Saving Mod Info: AbsoluteDeck
INFO - [G] 2025-03-23 14:46:02 :: TRACE :: Loader :: Processing Mod file (Legacy header): JokerOnlyDeck.lua
INFO - [G] 2025-03-23 14:46:02 :: TRACE :: Loader :: Saving Mod Info: JokerOnlyDeck
INFO - [G] 2025-03-23 14:46:02 :: TRACE :: Loader :: Processing Mod file (Legacy header): PactDeck.lua
INFO - [G] 2025-03-23 14:46:02 :: TRACE :: Loader :: Saving Mod Info: PactDeck
INFO - [G] 2025-03-23 14:46:02 :: TRACE :: Loader :: Processing Mod file (Legacy header): PauperDeck.lua
INFO - [G] 2025-03-23 14:46:02 :: TRACE :: Loader :: Saving Mod Info: pauperdeck
INFO - [G] 2025-03-23 14:46:02 :: TRACE :: Loader :: Processing Mod file (Legacy header): UltimateRandom.lua
INFO - [G] 2025-03-23 14:46:02 :: TRACE :: Loader :: Saving Mod Info: UltimateRandomDeck
INFO - [G] 2025-03-23 14:46:02 :: INFO  :: DefaultLogger :: Valid JSON file found
INFO - [G] 2025-03-23 14:46:02 :: TRACE :: Loader :: Processing Mod file (Legacy header): steamodded.lua
INFO - [G] 2025-03-23 14:46:02 :: WARN  :: Loader :: Duplicate Mod ID: Handy
INFO - [G] 2025-03-23 14:46:02 :: TRACE :: Loader :: Processing Mod file (Legacy header): AntonosStake.lua
INFO - [G] 2025-03-23 14:46:02 :: TRACE :: Loader :: Saving Mod Info: AntonosStake
INFO - [G] 2025-03-23 14:46:02 :: TRACE :: Loader :: Processing Mod file (Legacy header): steamodded_metadata.lua
INFO - [G] 2025-03-23 14:46:02 :: TRACE :: Loader :: Saving Mod Info: Talisman
INFO - [G] 2025-03-23 14:46:02 :: INFO  :: DefaultLogger :: Valid JSON file found
INFO - [G] 2025-03-23 14:46:02 :: WARN  :: Atlas :: Detected duplicate register call on object pactdeck_deck
INFO - [G] 2025-03-23 14:46:02 :: TRACE :: MULTIPLAYER :: Client sent message: connect
INFO - [G] 2025-03-23 14:46:02 :: INFO  :: TIMER :: [0000] Injected Language in 0.005 ms
INFO - [G] 2025-03-23 14:46:02 :: INFO  :: TIMER :: [0000] Injected [INTERNAL] in 8.278 ms
INFO - [G] 2025-03-23 14:46:03 :: INFO  :: TIMER :: [0029] Injected Atlas in 682.576 ms
INFO - [G] 2025-03-23 14:46:03 :: INFO  :: TIMER :: [0008] Injected Sound in 18.792 ms
INFO - [G] 2025-03-23 14:46:03 :: INFO  :: TIMER :: [0026] Injected Stake in 0.539 ms
INFO - [G] 2025-03-23 14:46:03 :: INFO  :: TIMER :: [0004] Injected Rarity in 0.011 ms
INFO - [G] 2025-03-23 14:46:03 :: INFO  :: TIMER :: [0007] Injected ObjectType in 0.032 ms
INFO - [G] 2025-03-23 14:46:03 :: INFO  :: TIMER :: [0102] Injected Center in 0.875 ms
INFO - [G] 2025-03-23 14:46:03 :: INFO  :: TIMER :: [0009] Injected Undiscovered Sprite in 0.008 ms
INFO - [G] 2025-03-23 14:46:03 :: INFO  :: TIMER :: [0005] Injected Blind in 0.017 ms
INFO - [G] 2025-03-23 14:46:03 :: INFO  :: TIMER :: [0004] Injected Seal in 0.070 ms
INFO - [G] 2025-03-23 14:46:03 :: INFO  :: TIMER :: [0004] Injected Suit in 0.070 ms
INFO - [G] 2025-03-23 14:46:03 :: INFO  :: TIMER :: [0013] Injected Rank in 0.052 ms
INFO - [G] 2025-03-23 14:46:03 :: INFO  :: TIMER :: [0028] Injected DeckSkin in 0.278 ms
INFO - [G] 2025-03-23 14:46:03 :: INFO  :: TIMER :: [0012] Injected PokerHand in 0.058 ms
INFO - [G] 2025-03-23 14:46:03 :: INFO  :: TIMER :: [0021] Injected Challenge in 0.018 ms
INFO - [G] 2025-03-23 14:46:03 :: INFO  :: TIMER :: [0000] Injected Tag in 0.001 ms
INFO - [G] 2025-03-23 14:46:03 :: INFO  :: TIMER :: [0006] Injected Sticker in 0.068 ms
INFO - [G] 2025-03-23 14:46:03 :: INFO  :: TIMER :: [0000] Injected Shader in 0.001 ms
INFO - [G] 2025-03-23 14:46:03 :: INFO  :: TIMER :: [0004] Injected Keybind in 0.047 ms
INFO - [G] 2025-03-23 14:46:03 :: INFO  :: TIMER :: [0000] Injected Achievement in 0.033 ms
INFO - [G] 2025-03-23 14:46:03 :: INFO  :: TIMER :: [0002] Injected nil in 0.072 ms
INFO - [G] 2025-03-23 14:46:03 :: INFO  :: TIMER :: [0021] Injected Draw Step in 0.549 ms
INFO - [G] 2025-03-23 14:46:03 :: INFO  :: TIMER :: [0000] Injected [INTERNAL] in 3.503 ms
INFO - [G] 2025-03-23 14:46:03 :: INFO  :: MULTIPLAYER :: Generated Mod Hash: 9420
INFO - [G] 2025-03-23 14:46:03 :: TRACE :: MULTIPLAYER :: Client got connected message:  (action: connected) 
INFO - [G] 2025-03-23 14:46:03 :: TRACE :: MULTIPLAYER :: Client sent message: action:username,username:Shira,modHash:VirtualizedMultiplayer-0.1.8.3;UltimateRandomDeck-0.0.0;JokerOnlyDeck-0.0.0;AbsoluteDeck-0.0.0;Handy-1.3.2;AntonosStake-1.0-beta;Talisman-2.1.0;PactDeck-0.0.0;BALATROSTARRAIL-1.0.0;Brainstorm-2.0.0-beta;pauperdeck-1.1;
INFO - [G] 2025-03-23 14:46:03 :: TRACE :: MULTIPLAYER :: Client got version message:  (action: version) 
INFO - [G] 2025-03-23 14:46:03 :: TRACE :: MULTIPLAYER :: Client sent message: action:version,version:0.1.8.3-MULTIPLAYER
INFO - [G] 2025-03-23 14:46:04 :: TRACE :: MULTIPLAYER :: Client got error message:  (message: [WARN] Server expecting version 0.2.0-MULTIPLAYER)  (action: error) 
INFO - [G] 2025-03-23 14:46:04 :: WARN  :: MULTIPLAYER :: [WARN] Server expecting version 0.2.0-MULTIPLAYER
