INFO - [♥] Lovely 0.7.1
INFO - [♥] Game directory is at "E:\\shira\\.local\\share\\Steam\\steamapps\\common\\Balatro"
INFO - [♥] Writing logs to "C:\\users\\steamuser\\AppData\\Roaming\\Balatro\\Mods\\lovely\\log"
INFO - [♥] Using mod directory at "C:\\users\\steamuser\\AppData\\Roaming\\Balatro\\Mods"
WARN - [♥] Unknown key `patches.15.?.match_indent` found in patch file at "C:\\users\\steamuser\\AppData\\Roaming\\Balatro\\Mods\\HandyBalatro\\lovely.toml", ignoring it
WARN - [♥] Unknown key `patches.15.?.overwrite` found in patch file at "C:\\users\\steamuser\\AppData\\Roaming\\Balatro\\Mods\\HandyBalatro\\lovely.toml", ignoring it
INFO - [♥] Cleaning up dumps directory at "C:\\users\\steamuser\\AppData\\Roaming\\Balatro\\Mods\\lovely\\dump"
INFO - [♥] Initialization complete in 45ms
WARN - [♥] Pattern 'G.ARGS.score_intensity.organ = G.video_organ or G.ARGS.score_intensity.required_score > 0 and math.max(math.min(0.4, 0.1*math.log(G.ARGS.score_intensity.earned_score/(G.ARGS.score_intensity.required_score+1), 5)),0.) or 0' on target 'main.lua' for pattern patch from Talisman\lovely.toml resulted in no matches
WARN - [♥] Pattern 'if type(G.GAME.current_round.current_hand.chips) ~= \'number\' or type(G.GAME.current_round.current_hand.mult) ~= \'number\' then' on target 'main.lua' for pattern patch from Talisman\lovely.toml resulted in no matches
INFO - [♥] Applied 24 patches to 'main.lua'
INFO - [♥] Applied 2 patches to 'engine/string_packer.lua'
INFO - [♥] Applied 6 patches to 'engine/controller.lua'
INFO - [♥] Applied 15 patches to 'back.lua'
INFO - [♥] Applied 7 patches to 'tag.lua'
INFO - [♥] Applied 2 patches to 'engine/moveable.lua'
INFO - [♥] Applied 2 patches to 'engine/sprite.lua'
INFO - [♥] Applied 2 patches to 'engine/animatedsprite.lua'
WARN - [♥] Pattern 'assembled_string = assembled_string..(type(subpart) == \'string\' and subpart or args.vars[tonumber(subpart[1])] or \'ERROR\')' on target 'functions/misc_functions.lua' for pattern patch from Talisman\lovely.toml resulted in no matches
INFO - [♥] Applied 53 patches to 'functions/misc_functions.lua'
INFO - [♥] Applied 49 patches to 'game.lua'
INFO - [♥] Applied 2 patches to 'globals.lua'
INFO - [♥] Applied 6 patches to 'engine/ui.lua'
WARN - [♥] Pattern '{n=G.UIT.T, config={text = G.GAME.hands[handname].chips, scale = 0.45, colour = G.C.UI.TEXT_LIGHT}},' on target 'functions/UI_definitions.lua' for pattern patch from Talisman\lovely.toml resulted in no matches
WARN - [♥] Pattern '{n=G.UIT.T, config={text = G.GAME.hands[handname].mult, scale = 0.45, colour = G.C.UI.TEXT_LIGHT}}' on target 'functions/UI_definitions.lua' for pattern patch from Talisman\lovely.toml resulted in no matches
INFO - [♥] Applied 89 patches to 'functions/UI_definitions.lua'
WARN - [♥] Pattern 'if effects[ii].card then' on target 'functions/state_events.lua' for pattern patch from Talisman\lovely.toml resulted in no matches
WARN - [♥] Pattern 'if effects.jokers.Xmult_mod then mult = mod_mult(mult*effects.jokers.Xmult_mod);extras.mult = true  end' on target 'functions/state_events.lua' for pattern patch from Talisman\lovely.toml resulted in no matches
WARN - [♥] Pattern 'if effect.Xmult_mod then mult = mod_mult(mult*effect.Xmult_mod);extras.mult = true  end' on target 'functions/state_events.lua' for pattern patch from Talisman\lovely.toml resulted in no matches
WARN - [♥] Pattern 'if effects[ii].message then' on target 'functions/state_events.lua' for pattern patch from Talisman\lovely.toml resulted in no matches
WARN - [♥] Pattern '--calculate the card edition effects' on target 'functions/state_events.lua' for pattern patch from Talisman\lovely.toml resulted in no matches
WARN - [♥] Pattern 'if effects[ii].edition.p_dollars_mod then' on target 'functions/state_events.lua' for pattern patch from Talisman\lovely.toml resulted in no matches
WARN - [♥] Pattern 'if edition_effects.jokers.x_mult_mod then' on target 'functions/state_events.lua' for pattern patch from Talisman\lovely.toml resulted in no matches
INFO - [♥] Applied 53 patches to 'functions/state_events.lua'
WARN - [♥] Pattern 'func = (function() if eval_func(card) then if not first or first then card:juice_up(0.1, 0.1) end;juice_card_until(card, eval_func, nil, 0.8) end return true end)' on target 'functions/common_events.lua' for pattern patch from Talisman\lovely.toml resulted in no matches
INFO - [♥] Applied 128 patches to 'functions/common_events.lua'
INFO - [♥] Applied 57 patches to 'functions/button_callbacks.lua'
WARN - [♥] Pattern 'if G.GAME.blind and G.GAME.blind.in_blind then G.E_MANAGER:add_event(Event({ func = function() G.GAME.blind:set_blind(nil, true, nil); return true end })) end' on target 'card.lua' for pattern patch from smods-1.0.0-beta-0323b\lovely\calculate_card_added.toml resulted in 2 matches, wanted 1
WARN - [♥] Ignoring excess matches
WARN - [♥] Pattern 'if next(find_joker(\'Smeared Joker\')) and (self.base.suit == \'Hearts\' or self.base.suit == \'Diamonds\') == (suit == \'Hearts\' or suit == \'Diamonds\') then' on target 'card.lua' for pattern patch from paperback-0.6.4b\lovely\spectrum.toml resulted in no matches
WARN - [♥] Pattern 'if G.GAME.blind then G.E_MANAGER:add_event(Event({ func = function() G.GAME.blind:set_blind(nil, true, nil); return true end })) end' on target 'card.lua' for pattern patch from Talisman\lovely.toml resulted in no matches
WARN - [♥] Pattern 'x_mult = center.config.Xmult or 1,' on target 'card.lua' for pattern patch from Talisman\lovely.toml resulted in no matches
INFO - [♥] Applied 163 patches to 'card.lua'
INFO - [♥] Applied 9 patches to 'cardarea.lua'
INFO - [♥] Applied 37 patches to 'blind.lua'
INFO - [♥] Applied 5 patches to 'engine/text.lua'
INFO - [♥] Applied 2 patches to '=[SMODS _ "src/utils.lua"]'
INFO - [G] Failed to connect to the debug server
INFO - [G] 2025-03-30 19:53:32 :: DEBUG :: DebugConsole :: Steamodded Debug Socket started !
INFO - [♥] Applied 9 patches to 'engine/sound_manager.lua'
INFO - [♥] Applied 2 patches to 'engine/string_packer.lua'
INFO - [G] 2025-03-30 19:53:34 :: TRACE :: Loader :: Processing Mod file (Legacy header): steamodded_compat.lua
INFO - [G] 2025-03-30 19:53:34 :: TRACE :: Loader :: Saving Mod Info: Brainstorm
INFO - [G] 2025-03-30 19:53:34 :: TRACE :: Loader :: Processing Mod file (Legacy header): nihility.lua
INFO - [G] 2025-03-30 19:53:34 :: TRACE :: Loader :: Saving Mod Info: NihilityChallenge
INFO - [G] 2025-03-30 19:53:34 :: TRACE :: Loader :: Processing Mod file (Legacy header): FeedTheVampire.lua
INFO - [G] 2025-03-30 19:53:34 :: TRACE :: Loader :: Saving Mod Info: FTV
INFO - [G] 2025-03-30 19:53:34 :: TRACE :: Loader :: Processing Mod file (Legacy header): LastStand.lua
INFO - [G] 2025-03-30 19:53:34 :: TRACE :: Loader :: Saving Mod Info: LastStand
INFO - [G] 2025-03-30 19:53:34 :: TRACE :: Loader :: Processing Mod file (Legacy header): Riff-Raffling.lua
INFO - [G] 2025-03-30 19:53:34 :: WARN  :: Loader :: Duplicate Mod ID: FTV
INFO - [G] 2025-03-30 19:53:34 :: TRACE :: Loader :: Processing Mod file (Legacy header): StylishSleeves.lua
INFO - [G] 2025-03-30 19:53:34 :: TRACE :: Loader :: Saving Mod Info: StylishSleeves
INFO - [G] 2025-03-30 19:53:34 :: TRACE :: Loader :: Processing Mod file (Legacy header): AbsoluteDeck.lua
INFO - [G] 2025-03-30 19:53:34 :: TRACE :: Loader :: Saving Mod Info: AbsoluteDeck
INFO - [G] 2025-03-30 19:53:34 :: TRACE :: Loader :: Processing Mod file (Legacy header): JokerOnlyDeck.lua
INFO - [G] 2025-03-30 19:53:34 :: TRACE :: Loader :: Saving Mod Info: JokerOnlyDeck
INFO - [G] 2025-03-30 19:53:34 :: TRACE :: Loader :: Processing Mod file (Legacy header): PauperDeck.lua
INFO - [G] 2025-03-30 19:53:34 :: TRACE :: Loader :: Saving Mod Info: pauperdeck
INFO - [G] 2025-03-30 19:53:34 :: TRACE :: Loader :: Processing Mod file (Legacy header): UltimateRandom.lua
INFO - [G] 2025-03-30 19:53:34 :: TRACE :: Loader :: Saving Mod Info: UltimateRandomDeck
INFO - [G] 2025-03-30 19:53:34 :: INFO  :: DefaultLogger :: Valid JSON file found
INFO - [G] 2025-03-30 19:53:34 :: TRACE :: Loader :: Processing Mod file (Legacy header): steamodded.lua
INFO - [G] 2025-03-30 19:53:34 :: WARN  :: Loader :: Duplicate Mod ID: Handy
INFO - [G] 2025-03-30 19:53:34 :: TRACE :: Loader :: Processing Mod file (Legacy header): steamodded_metadata.lua
INFO - [G] 2025-03-30 19:53:34 :: TRACE :: Loader :: Saving Mod Info: Talisman
INFO - [G] 2025-03-30 19:53:34 :: TRACE :: Loader :: Processing Mod file (Legacy header): BlueStorm.lua
INFO - [G] 2025-03-30 19:53:34 :: TRACE :: Loader :: Saving Mod Info: DereBS
INFO - [G] 2025-03-30 19:53:34 :: TRACE :: Loader :: Processing Mod file (Legacy header): DereJkr.lua
INFO - [G] 2025-03-30 19:53:34 :: TRACE :: Loader :: Saving Mod Info: DereJkr
INFO - [G] 2025-03-30 19:53:34 :: INFO  :: DefaultLogger :: Valid JSON file found
INFO - [G] 2025-03-30 19:53:34 :: ERROR :: Loader :: Found invalid metadata JSON file at C:\users\steamuser\AppData\Roaming\Balatro\Mods/paperback-0.6.4b/.vscode/settings.json, ignoring: [SMODS _ "src/loader.lua"]:226: id
INFO - [G] 2025-03-30 19:53:34 :: INFO  :: DefaultLogger :: Valid JSON file found
INFO - [G] 2025-03-30 19:53:34 :: TRACE :: Loader :: Mod Multiplayer was unable to load: Unresolved Conflicts: 1: Talisman(<=2.0.2)


INFO - [G] 2025-03-30 19:53:34 :: INFO  :: TIMER :: [0000] Injected Language in 0.001 ms
INFO - [G] 2025-03-30 19:53:34 :: INFO  :: TIMER :: [0000] Injected [INTERNAL] in 0.864 ms
INFO - [G] 2025-03-30 19:53:35 :: INFO  :: TIMER :: [0049] Injected Atlas in 890.242 ms
INFO - [G] 2025-03-30 19:53:35 :: INFO  :: TIMER :: [0010] Injected Sound in 9.695 ms
INFO - [G] 2025-03-30 19:53:35 :: INFO  :: TIMER :: [0008] Injected Stake in 0.162 ms
INFO - [G] 2025-03-30 19:53:35 :: INFO  :: TIMER :: [0004] Injected Rarity in 0.067 ms
INFO - [G] 2025-03-30 19:53:35 :: INFO  :: TIMER :: [0006] Injected ObjectType in 0.038 ms
INFO - [G] 2025-03-30 19:53:35 :: INFO  :: TIMER :: [0206] Injected Center in 1.868 ms
INFO - [G] 2025-03-30 19:53:35 :: INFO  :: TIMER :: [0007] Injected Undiscovered Sprite in 0.006 ms
INFO - [G] 2025-03-30 19:53:35 :: INFO  :: TIMER :: [0002] Injected Blind in 0.022 ms
INFO - [G] 2025-03-30 19:53:35 :: INFO  :: TIMER :: [0004] Injected Seal in 0.112 ms
INFO - [G] 2025-03-30 19:53:35 :: INFO  :: TIMER :: [0006] Injected Suit in 0.079 ms
INFO - [G] 2025-03-30 19:53:35 :: INFO  :: TIMER :: [0013] Injected Rank in 0.138 ms
INFO - [G] 2025-03-30 19:53:35 :: INFO  :: TIMER :: [0044] Injected DeckSkin in 0.559 ms
INFO - [G] 2025-03-30 19:53:35 :: INFO  :: TIMER :: [0016] Injected PokerHand in 0.049 ms
INFO - [G] 2025-03-30 19:53:35 :: INFO  :: TIMER :: [0020] Injected Challenge in 0.031 ms
INFO - [G] 2025-03-30 19:53:35 :: INFO  :: TIMER :: [0005] Injected Tag in 0.013 ms
INFO - [G] 2025-03-30 19:53:35 :: INFO  :: TIMER :: [0010] Injected Sticker in 0.085 ms
INFO - [G] 2025-03-30 19:53:35 :: INFO  :: TIMER :: [0001] Injected Shader in 10.399 ms
INFO - [G] 2025-03-30 19:53:35 :: INFO  :: TIMER :: [0002] Injected Keybind in 0.014 ms
INFO - [G] 2025-03-30 19:53:35 :: INFO  :: TIMER :: [0000] Injected Achievement in 0.053 ms
INFO - [G] 2025-03-30 19:53:35 :: INFO  :: TIMER :: [0002] Injected nil in 0.012 ms
INFO - [G] 2025-03-30 19:53:35 :: INFO  :: TIMER :: [0021] Injected Draw Step in 0.100 ms
INFO - [G] 2025-03-30 19:53:35 :: INFO  :: TIMER :: [0000] Injected [INTERNAL] in 4.266 ms
