INFO - [♥] Lovely 0.8.0
INFO - [♥] Game directory is at "E:\\shira\\.local\\share\\Steam\\steamapps\\common\\Balatro"
INFO - [♥] Writing logs to "C:\\users\\steamuser\\AppData\\Roaming\\Balatro\\Mods\\lovely\\log"
INFO - [♥] Using mod directory at "C:\\users\\steamuser\\AppData\\Roaming\\Balatro\\Mods"
WARN - [♥] Unknown key `patches.18.?.overwrite` found in patch file at "C:\\users\\steamuser\\AppData\\Roaming\\Balatro\\Mods\\HandyBalatro-1.4.2b\\lovely.toml", ignoring it
INFO - [♥] Cleaning up dumps directory at "C:\\users\\steamuser\\AppData\\Roaming\\Balatro\\Mods\\lovely\\dump"
INFO - [♥] Initialization complete in 48ms
INFO - [♥] Applied 16 patches to 'main.lua'
INFO - [♥] Applied 6 patches to 'engine/controller.lua'
INFO - [♥] Applied 15 patches to 'back.lua'
INFO - [♥] Applied 7 patches to 'tag.lua'
INFO - [♥] Applied 3 patches to 'engine/moveable.lua'
INFO - [♥] Applied 2 patches to 'engine/sprite.lua'
INFO - [♥] Applied 2 patches to 'engine/animatedsprite.lua'
INFO - [♥] Applied 53 patches to 'functions/misc_functions.lua'
WARN - [♥] Pattern 'self.GAME.pseudorandom.seed = hash_seed(self.GAME.pseudorandom.seed)' on target 'game.lua' for pattern patch from BalatroMultiplayer-0.2.13\lovely\TheOrder.toml resulted in no matches
INFO - [♥] Applied 46 patches to 'game.lua'
INFO - [♥] Applied 3 patches to 'globals.lua'
INFO - [♥] Applied 3 patches to 'engine/ui.lua'
INFO - [♥] Applied 95 patches to 'functions/UI_definitions.lua'
WARN - [♥] Pattern 'local flags = SMODS.calculate_context({drawing_cards = true, amount = hand_space})' on target 'functions/state_events.lua' for pattern patch from paperback-0.7.1a\lovely\drawing_cards.toml resulted in no matches
INFO - [♥] Applied 60 patches to 'functions/state_events.lua'
WARN - [♥] Pattern 'local _, boss = pseudorandom_element(eligible_bosses, pseudoseed(\'boss\'))' on target 'functions/common_events.lua' for pattern patch from paperback-0.7.1a\lovely\more_showdowns.toml resulted in no matches
INFO - [♥] Applied 126 patches to 'functions/common_events.lua'
INFO - [♥] Applied 55 patches to 'functions/button_callbacks.lua'
WARN - [♥] Pattern '*then G.E_MANAGER:add_event(Event({ func = function() G.GAME.blind:set_blind(nil, true, nil); return true end })) end' on target 'card.lua' for pattern patch from smods-1.0.0-beta-0506a\lovely\calculate_card_added.toml resulted in 2 matches, wanted 1
WARN - [♥] Ignoring excess matches
WARN - [♥] Pattern 'if SMODS.smeared_check(self, suit) then' on target 'card.lua' for pattern patch from paperback-0.7.1a\lovely\is_suit.toml resulted in no matches
INFO - [♥] Applied 182 patches to 'card.lua'
INFO - [♥] Applied 9 patches to 'cardarea.lua'
INFO - [♥] Applied 36 patches to 'blind.lua'
INFO - [♥] Applied 2 patches to 'engine/text.lua'
INFO - [♥] Applied 2 patches to '=[SMODS _ "src/utils.lua"]'
INFO - [♥] Applied 2 patches to '=[SMODS _ "src/overrides.lua"]'
INFO - [♥] Applied 1 patch to '=[SMODS _ "src/game_object.lua"]'
INFO - [G] Failed to connect to the debug server
INFO - [G] 2025-08-11 18:56:11 :: DEBUG :: DebugConsole :: Steamodded Debug Socket started !
INFO - [G] 2025-08-11 18:56:11 :: INFO  :: SMODS :: Steamodded v1.0.0~BETA-0506a
INFO - [♥] Applied 9 patches to 'engine/sound_manager.lua'
INFO - [♥] Applied 1 patch to 'engine/save_manager.lua'
INFO - [G] 2025-08-11 18:56:12 :: INFO  :: Loader :: Valid JSON file found
INFO - [G] 2025-08-11 18:56:12 :: INFO  :: Loader :: Valid JSON file found
INFO - [G] 2025-08-11 18:56:12 :: INFO  :: Loader :: Valid JSON file found
INFO - [G] 2025-08-11 18:56:12 :: TRACE :: Loader :: Processing Mod file (Legacy header): steamodded.lua
INFO - [G] 2025-08-11 18:56:12 :: WARN  :: Loader :: Duplicate Mod ID: Handy
INFO - [G] 2025-08-11 18:56:12 :: INFO  :: Loader :: Valid JSON file found
INFO - [G] 2025-08-11 18:56:12 :: ERROR :: Loader :: Found invalid metadata JSON file at C:\users\steamuser\AppData\Roaming\Balatro\Mods/paperback-0.7.1a/.vscode/settings.json, ignoring: [SMODS _ "src/loader.lua"]:226: id
INFO - [G] 2025-08-11 18:56:12 :: INFO  :: Loader :: Valid JSON file found
INFO - [G] 2025-08-11 18:56:12 :: INFO  :: Loader :: Valid JSON file found
INFO - [G] 2025-08-11 18:56:12 :: TRACE :: Loader :: Mod paperback was unable to load: Missing Dependencies: 1: Steamodded (>=1.0.0~BETA-0711a)


INFO - [G] 2025-08-11 18:56:12 :: DEBUG :: MULTIPLAYER :: Resetting lobby options
INFO - [G] 2025-08-11 18:56:12 :: DEBUG :: MULTIPLAYER :: Resetting game states
INFO - [G] 2025-08-11 18:56:12 :: TRACE :: MULTIPLAYER :: Client sent message: connect
INFO - [G] 2025-08-11 18:56:12 :: INFO  :: TIMER :: [0000] Injected Language in 0.001 ms
INFO - [G] 2025-08-11 18:56:12 :: INFO  :: TIMER :: [0000] Injected [INTERNAL] in 2.037 ms
INFO - [G] 2025-08-11 18:56:13 :: INFO  :: TIMER :: [0024] Injected Atlas in 501.249 ms
INFO - [G] 2025-08-11 18:56:13 :: INFO  :: TIMER :: [0001] Injected Sound in 0.152 ms
INFO - [G] 2025-08-11 18:56:13 :: INFO  :: TIMER :: [0008] Injected Stake in 0.304 ms
INFO - [G] 2025-08-11 18:56:13 :: INFO  :: TIMER :: [0004] Injected Rarity in 0.016 ms
INFO - [G] 2025-08-11 18:56:13 :: INFO  :: TIMER :: [0004] Injected ObjectType in 0.026 ms
INFO - [G] 2025-08-11 18:56:13 :: INFO  :: TIMER :: [0072] Injected Center in 0.690 ms
INFO - [G] 2025-08-11 18:56:13 :: INFO  :: TIMER :: [0007] Injected Undiscovered Sprite in 0.011 ms
INFO - [G] 2025-08-11 18:56:13 :: INFO  :: TIMER :: [0003] Injected Blind in 0.010 ms
INFO - [G] 2025-08-11 18:56:13 :: INFO  :: TIMER :: [0004] Injected Seal in 0.137 ms
INFO - [G] 2025-08-11 18:56:13 :: INFO  :: TIMER :: [0004] Injected Suit in 0.135 ms
INFO - [G] 2025-08-11 18:56:13 :: INFO  :: TIMER :: [0013] Injected Rank in 0.143 ms
INFO - [G] 2025-08-11 18:56:13 :: INFO  :: TIMER :: [0028] Injected DeckSkin in 0.158 ms
INFO - [G] 2025-08-11 18:56:13 :: INFO  :: TIMER :: [0012] Injected PokerHand in 0.100 ms
INFO - [G] 2025-08-11 18:56:13 :: INFO  :: TIMER :: [0033] Injected Challenge in 0.060 ms
INFO - [G] 2025-08-11 18:56:13 :: INFO  :: TIMER :: [0001] Injected Tag in 0.012 ms
INFO - [G] 2025-08-11 18:56:13 :: INFO  :: TIMER :: [0006] Injected Sticker in 0.201 ms
INFO - [G] 2025-08-11 18:56:13 :: INFO  :: TIMER :: [0000] Injected Shader in 0.001 ms
INFO - [G] 2025-08-11 18:56:13 :: INFO  :: TIMER :: [0002] Injected Keybind in 0.009 ms
INFO - [G] 2025-08-11 18:56:13 :: INFO  :: TIMER :: [0000] Injected Achievement in 0.076 ms
INFO - [G] 2025-08-11 18:56:13 :: INFO  :: TIMER :: [0002] Injected nil in 0.008 ms
INFO - [G] 2025-08-11 18:56:13 :: INFO  :: TIMER :: [0021] Injected Draw Step in 0.083 ms
INFO - [G] 2025-08-11 18:56:13 :: INFO  :: TIMER :: [0000] Injected [INTERNAL] in 3.712 ms
INFO - [G] 2025-08-11 18:56:13 :: INFO  :: TIMER :: [0008] Injected nil in 0.026 ms
INFO - [G] 2025-08-11 18:56:13 :: INFO  :: TIMER :: [0003] Injected nil in 0.012 ms
INFO - [G] 2025-08-11 18:56:13 :: TRACE :: MULTIPLAYER :: Client got connected message:  (action: connected) 
INFO - [G] 2025-08-11 18:56:13 :: TRACE :: MULTIPLAYER :: Client sent message: action:username,username:shira~18,modHash:
INFO - [G] 2025-08-11 18:56:13 :: TRACE :: MULTIPLAYER :: Client got version message:  (action: version) 
INFO - [G] 2025-08-11 18:56:13 :: TRACE :: MULTIPLAYER :: Client sent message: action:version,version:0.2.13-MULTIPLAYER
INFO - [G] 2025-08-11 18:56:13 :: TRACE :: MULTIPLAYER :: Client sent message: action:username,username:shira~18,modHash:theOrder=true;unlocked=true;encryptID=1857022464.071;serversideConnectionID=a69f5988;FantomsPreview-2.3.0;Handy-1.4.2b;JokerDisplay-1.8.4.1;Lovely-0.8.0;Multiplayer-0.2.13;Steamodded-1.0.0~BETA-0506a;SuitOrder-1.0.2;TheOrder-MultiplayerIntegration;paperback-0.7.1a
