INFO - [♥] Lovely 0.7.1
INFO - [♥] Game directory is at "E:\\shira\\.local\\share\\Steam\\steamapps\\common\\Balatro"
INFO - [♥] Writing logs to "C:\\users\\steamuser\\AppData\\Roaming\\Balatro\\Mods\\lovely\\log"
INFO - [♥] Using mod directory at "C:\\users\\steamuser\\AppData\\Roaming\\Balatro\\Mods"
WARN - [♥] Unknown key `patches.15.?.match_indent` found in patch file at "C:\\users\\steamuser\\AppData\\Roaming\\Balatro\\Mods\\HandyBalatro\\lovely.toml", ignoring it
WARN - [♥] Unknown key `patches.15.?.overwrite` found in patch file at "C:\\users\\steamuser\\AppData\\Roaming\\Balatro\\Mods\\HandyBalatro\\lovely.toml", ignoring it
WARN - [♥] Unknown key `patches.49.?.match_indent` found in patch file at "C:\\users\\steamuser\\AppData\\Roaming\\Balatro\\Mods\\Talisman\\lovely.toml", ignoring it
WARN - [♥] Unknown key `patches.52.?.match_indent` found in patch file at "C:\\users\\steamuser\\AppData\\Roaming\\Balatro\\Mods\\Talisman\\lovely.toml", ignoring it
INFO - [♥] Cleaning up dumps directory at "C:\\users\\steamuser\\AppData\\Roaming\\Balatro\\Mods\\lovely\\dump"
INFO - [♥] Initialization complete in 333ms
WARN - [♥] Pattern 'G.ARGS.score_intensity.organ = G.video_organ or G.ARGS.score_intensity.required_score > 0 and math.max(math.min(0.4, 0.1*math.log(G.ARGS.score_intensity.earned_score/(G.ARGS.score_intensity.required_score+1), 5)),0.) or 0' on target 'main.lua' for pattern patch from Talisman\lovely.toml resulted in no matches
WARN - [♥] Pattern 'if type(G.GAME.current_round.current_hand.chips) ~= \'number\' or type(G.GAME.current_round.current_hand.mult) ~= \'number\' then' on target 'main.lua' for pattern patch from Talisman\lovely.toml resulted in no matches
INFO - [♥] Applied 24 patches to 'main.lua'
INFO - [♥] Applied 2 patches to 'engine/string_packer.lua'
INFO - [♥] Applied 6 patches to 'engine/controller.lua'
INFO - [♥] Applied 15 patches to 'back.lua'
INFO - [♥] Applied 7 patches to 'tag.lua'
INFO - [♥] Applied 2 patches to 'engine/moveable.lua'
INFO - [♥] Applied 2 patches to 'engine/sprite.lua'
INFO - [♥] Applied 2 patches to 'engine/animatedsprite.lua'
WARN - [♥] Pattern 'assembled_string = assembled_string..(type(subpart) == \'string\' and subpart or args.vars[tonumber(subpart[1])] or \'ERROR\')' on target 'functions/misc_functions.lua' for pattern patch from Talisman\lovely.toml resulted in no matches
INFO - [♥] Applied 52 patches to 'functions/misc_functions.lua'
INFO - [♥] Applied 51 patches to 'game.lua'
INFO - [♥] Applied 2 patches to 'globals.lua'
INFO - [♥] Applied 6 patches to 'engine/ui.lua'
WARN - [♥] Pattern '{n=G.UIT.T, config={text = G.GAME.hands[handname].chips, scale = 0.45, colour = G.C.UI.TEXT_LIGHT}},' on target 'functions/UI_definitions.lua' for pattern patch from Talisman\lovely.toml resulted in no matches
WARN - [♥] Pattern '{n=G.UIT.T, config={text = G.GAME.hands[handname].mult, scale = 0.45, colour = G.C.UI.TEXT_LIGHT}}' on target 'functions/UI_definitions.lua' for pattern patch from Talisman\lovely.toml resulted in no matches
INFO - [♥] Applied 91 patches to 'functions/UI_definitions.lua'
WARN - [♥] Pattern 'if effects[ii].card then' on target 'functions/state_events.lua' for pattern patch from Talisman\lovely.toml resulted in no matches
WARN - [♥] Pattern 'if effects.jokers.Xmult_mod then mult = mod_mult(mult*effects.jokers.Xmult_mod);extras.mult = true  end' on target 'functions/state_events.lua' for pattern patch from Talisman\lovely.toml resulted in no matches
WARN - [♥] Pattern 'if effect.Xmult_mod then mult = mod_mult(mult*effect.Xmult_mod);extras.mult = true  end' on target 'functions/state_events.lua' for pattern patch from Talisman\lovely.toml resulted in no matches
WARN - [♥] Pattern 'if effects[ii].message then' on target 'functions/state_events.lua' for pattern patch from Talisman\lovely.toml resulted in no matches
WARN - [♥] Pattern '--calculate the card edition effects' on target 'functions/state_events.lua' for pattern patch from Talisman\lovely.toml resulted in no matches
WARN - [♥] Pattern 'if effects[ii].edition.p_dollars_mod then' on target 'functions/state_events.lua' for pattern patch from Talisman\lovely.toml resulted in no matches
WARN - [♥] Pattern 'if edition_effects.jokers.x_mult_mod then' on target 'functions/state_events.lua' for pattern patch from Talisman\lovely.toml resulted in no matches
INFO - [♥] Applied 54 patches to 'functions/state_events.lua'
WARN - [♥] Pattern 'if num_dollars > 60 then' on target 'functions/common_events.lua' for pattern patch from Talisman\lovely.toml resulted in no matches
WARN - [♥] Pattern 'func = (function() if eval_func(card) then if not first or first then card:juice_up(0.1, 0.1) end;juice_card_until(card, eval_func, nil, 0.8) end return true end)' on target 'functions/common_events.lua' for pattern patch from Talisman\lovely.toml resulted in no matches
INFO - [♥] Applied 140 patches to 'functions/common_events.lua'
INFO - [♥] Applied 60 patches to 'functions/button_callbacks.lua'
WARN - [♥] Pattern 'if G.GAME.blind and G.GAME.blind.in_blind then G.E_MANAGER:add_event(Event({ func = function() G.GAME.blind:set_blind(nil, true, nil); return true end })) end' on target 'card.lua' for pattern patch from SMODS\lovely\calculate_card_added.toml resulted in 2 matches, wanted 1
WARN - [♥] Ignoring excess matches
WARN - [♥] Pattern 'if next(find_joker(\'Smeared Joker\')) and (self.base.suit == \'Hearts\' or self.base.suit == \'Diamonds\') == (suit == \'Hearts\' or suit == \'Diamonds\') then' on target 'card.lua' for pattern patch from paperback-0.6.3a\lovely\spectrum.toml resulted in no matches
WARN - [♥] Pattern 'if G.GAME.blind then G.E_MANAGER:add_event(Event({ func = function() G.GAME.blind:set_blind(nil, true, nil); return true end })) end' on target 'card.lua' for pattern patch from Talisman\lovely.toml resulted in no matches
WARN - [♥] Pattern 'x_mult = center.config.Xmult or 1,' on target 'card.lua' for pattern patch from Talisman\lovely.toml resulted in no matches
INFO - [♥] Applied 165 patches to 'card.lua'
INFO - [♥] Applied 9 patches to 'cardarea.lua'
INFO - [♥] Applied 38 patches to 'blind.lua'
INFO - [♥] Applied 5 patches to 'engine/text.lua'
INFO - [♥] Applied 2 patches to '=[SMODS _ "src/utils.lua"]'
INFO - [G] Failed to connect to the debug server
INFO - [G] 2025-03-23 15:43:22 :: DEBUG :: DebugConsole :: Steamodded Debug Socket started !
INFO - [♥] Applied 9 patches to 'engine/sound_manager.lua'
INFO - [♥] Applied 3 patches to 'engine/save_manager.lua'
INFO - [♥] Applied 2 patches to 'engine/string_packer.lua'
INFO - [G] 2025-03-23 15:43:24 :: INFO  :: DefaultLogger :: Valid JSON file found
INFO - [G] 2025-03-23 15:43:24 :: TRACE :: Loader :: Processing Mod file (Legacy header): steamodded_compat.lua
INFO - [G] 2025-03-23 15:43:24 :: TRACE :: Loader :: Saving Mod Info: Brainstorm
INFO - [G] 2025-03-23 15:43:24 :: TRACE :: Loader :: Processing Mod file (Legacy header): AbsoluteDeck.lua
INFO - [G] 2025-03-23 15:43:24 :: TRACE :: Loader :: Saving Mod Info: AbsoluteDeck
INFO - [G] 2025-03-23 15:43:24 :: TRACE :: Loader :: Processing Mod file (Legacy header): JokerOnlyDeck.lua
INFO - [G] 2025-03-23 15:43:24 :: TRACE :: Loader :: Saving Mod Info: JokerOnlyDeck
INFO - [G] 2025-03-23 15:43:24 :: TRACE :: Loader :: Processing Mod file (Legacy header): PactDeck.lua
INFO - [G] 2025-03-23 15:43:24 :: TRACE :: Loader :: Saving Mod Info: PactDeck
INFO - [G] 2025-03-23 15:43:24 :: TRACE :: Loader :: Processing Mod file (Legacy header): PauperDeck.lua
INFO - [G] 2025-03-23 15:43:24 :: TRACE :: Loader :: Saving Mod Info: pauperdeck
INFO - [G] 2025-03-23 15:43:24 :: TRACE :: Loader :: Processing Mod file (Legacy header): UltimateRandom.lua
INFO - [G] 2025-03-23 15:43:24 :: TRACE :: Loader :: Saving Mod Info: UltimateRandomDeck
INFO - [G] 2025-03-23 15:43:24 :: INFO  :: DefaultLogger :: Valid JSON file found
INFO - [G] 2025-03-23 15:43:24 :: TRACE :: Loader :: Processing Mod file (Legacy header): steamodded.lua
INFO - [G] 2025-03-23 15:43:24 :: WARN  :: Loader :: Duplicate Mod ID: Handy
INFO - [G] 2025-03-23 15:43:24 :: TRACE :: Loader :: Processing Mod file (Legacy header): AntonosStake.lua
INFO - [G] 2025-03-23 15:43:24 :: TRACE :: Loader :: Saving Mod Info: AntonosStake
INFO - [G] 2025-03-23 15:43:24 :: TRACE :: Loader :: Processing Mod file (Legacy header): steamodded_metadata.lua
INFO - [G] 2025-03-23 15:43:24 :: TRACE :: Loader :: Saving Mod Info: Talisman
INFO - [G] 2025-03-23 15:43:24 :: ERROR :: Loader :: Found invalid metadata JSON file at C:\users\steamuser\AppData\Roaming\Balatro\Mods/paperback-0.6.3a/.vscode/settings.json, ignoring: [SMODS _ "src/loader.lua"]:226: id
INFO - [G] 2025-03-23 15:43:24 :: INFO  :: DefaultLogger :: Valid JSON file found
INFO - [G] 2025-03-23 15:43:24 :: WARN  :: Atlas :: Detected duplicate register call on object pactdeck_deck
INFO - [G] 2025-03-23 15:43:24 :: DEBUG :: MULTIPLAYER :: Resetting game states
INFO - [G] 2025-03-23 15:43:24 :: TRACE :: MULTIPLAYER :: Client sent message: connect
INFO - [G] 2025-03-23 15:43:24 :: INFO  :: TIMER :: [0000] Injected Language in 0.001 ms
INFO - [G] 2025-03-23 15:43:24 :: INFO  :: TIMER :: [0000] Injected [INTERNAL] in 0.735 ms
INFO - [G] 2025-03-23 15:43:24 :: INFO  :: TIMER :: [0069] Injected Atlas in 835.415 ms
INFO - [G] 2025-03-23 15:43:24 :: INFO  :: TIMER :: [0010] Injected Sound in 8.028 ms
INFO - [G] 2025-03-23 15:43:24 :: INFO  :: TIMER :: [0026] Injected Stake in 0.457 ms
INFO - [G] 2025-03-23 15:43:24 :: INFO  :: TIMER :: [0004] Injected Rarity in 0.011 ms
INFO - [G] 2025-03-23 15:43:24 :: INFO  :: TIMER :: [0006] Injected ObjectType in 0.032 ms
INFO - [G] 2025-03-23 15:43:24 :: INFO  :: TIMER :: [0214] Injected Center in 1.430 ms
INFO - [G] 2025-03-23 15:43:24 :: INFO  :: TIMER :: [0007] Injected Undiscovered Sprite in 0.006 ms
INFO - [G] 2025-03-23 15:43:24 :: INFO  :: TIMER :: [0003] Injected Blind in 0.010 ms
INFO - [G] 2025-03-23 15:43:24 :: INFO  :: TIMER :: [0004] Injected Seal in 0.193 ms
INFO - [G] 2025-03-23 15:43:24 :: INFO  :: TIMER :: [0006] Injected Suit in 0.063 ms
INFO - [G] 2025-03-23 15:43:24 :: INFO  :: TIMER :: [0013] Injected Rank in 0.062 ms
INFO - [G] 2025-03-23 15:43:24 :: INFO  :: TIMER :: [0044] Injected DeckSkin in 0.199 ms
INFO - [G] 2025-03-23 15:43:24 :: INFO  :: TIMER :: [0016] Injected PokerHand in 0.058 ms
INFO - [G] 2025-03-23 15:43:24 :: INFO  :: TIMER :: [0023] Injected Challenge in 0.034 ms
INFO - [G] 2025-03-23 15:43:25 :: INFO  :: TIMER :: [0005] Injected Tag in 0.011 ms
INFO - [G] 2025-03-23 15:43:25 :: INFO  :: TIMER :: [0012] Injected Sticker in 0.954 ms
INFO - [G] 2025-03-23 15:43:25 :: INFO  :: TIMER :: [0001] Injected Shader in 14.887 ms
INFO - [G] 2025-03-23 15:43:25 :: INFO  :: TIMER :: [0002] Injected Keybind in 0.028 ms
INFO - [G] 2025-03-23 15:43:25 :: INFO  :: TIMER :: [0000] Injected Achievement in 0.051 ms
INFO - [G] 2025-03-23 15:43:25 :: INFO  :: TIMER :: [0002] Injected nil in 0.008 ms
INFO - [G] 2025-03-23 15:43:25 :: INFO  :: TIMER :: [0021] Injected Draw Step in 0.036 ms
INFO - [G] 2025-03-23 15:43:25 :: INFO  :: TIMER :: [0000] Injected [INTERNAL] in 4.227 ms
INFO - [G] 2025-03-23 15:43:25 :: INFO  :: TIMER :: [0000] Injected nil in 0.001 ms
INFO - [G] 2025-03-23 15:43:25 :: INFO  :: TIMER :: [0004] Injected nil in 0.012 ms
INFO - [G] 2025-03-23 15:43:25 :: TRACE :: MULTIPLAYER :: Client got connected message:  (action: connected) 
INFO - [G] 2025-03-23 15:43:25 :: TRACE :: MULTIPLAYER :: Client sent message: action:username,username:Guest,modHash:
INFO - [G] 2025-03-23 15:43:25 :: TRACE :: MULTIPLAYER :: Client got version message:  (action: version) 
INFO - [G] 2025-03-23 15:43:25 :: TRACE :: MULTIPLAYER :: Client sent message: action:version,version:0.2.1-MULTIPLAYER
INFO - [G] 2025-03-23 15:43:25 :: INFO  :: MULTIPLAYER :: Generated Mod Hash: 8431
INFO - [G] 2025-03-23 15:43:25 :: TRACE :: MULTIPLAYER :: Client sent message: action:username,username:Guest,modHash:AbsoluteDeck-0.0.0;AntonosStake-1.0-beta;Brainstorm-2.0.0-beta;Handy-1.3.2;JokerOnlyDeck-0.0.0;Multiplayer-0.2.1;PactDeck-0.0.0;Talisman-2.1.0;UltimateRandomDeck-0.0.0;paperback-0.6.3a;pauperdeck-1.1
INFO - [G] LONG DT @ 3711: 0.053620170581519
INFO - [G] LONG DT @ 3711: 0.051002916465286
INFO - [G] LONG DT @ 5216: 0.051013300799723
INFO - [G] LONG DT @ 5216: 0.055084820639626
INFO - [G] LONG DT @ 5216: 0.05449075651175
